timestamp: 2021-04-28T14:10:35.731883
CREATE TABLE "auth_user"(
    "id" INTEGER PRIMARY KEY AUTOINCREMENT,
    "username" CHAR(512) UNIQUE,
    "email" CHAR(512) UNIQUE,
    "password" CHAR(512),
    "first_name" CHAR(512),
    "last_name" CHAR(512),
    "sso_id" CHAR(512),
    "action_token" CHAR(512),
    "last_password_change" TIMESTAMP,
    "past_passwords_hash" TEXT
);
success!
timestamp: 2021-04-28T14:10:35.742398
CREATE TABLE "auth_user_tag_groups"(
    "id" INTEGER PRIMARY KEY AUTOINCREMENT,
    "path" CHAR(512),
    "record_id" INTEGER REFERENCES "auth_user" ("id") ON DELETE CASCADE  
);
success!
timestamp: 2021-04-28T14:10:36.171802
CREATE TABLE "test_table"(
    "id" INTEGER PRIMARY KEY AUTOINCREMENT,
    "f0" CHAR(512),
    "f1" CHAR(512),
    "f2" CHAR(512)
);
success!
timestamp: 2021-04-28T14:10:36.206326
CREATE TABLE "uploaded_files"(
    "id" INTEGER PRIMARY KEY AUTOINCREMENT,
    "orig_file_name" CHAR(512),
    "remark" TEXT,
    "uniq_file_name" CHAR(512),
    "time" TIMESTAMP
);
success!
timestamp: 2021-04-28T14:10:36.215405
CREATE TABLE "app_images"(
    "id" INTEGER PRIMARY KEY AUTOINCREMENT,
    "f0" CHAR(512)
);
success!
timestamp: 2021-04-28T14:10:36.234797
CREATE TABLE "css_js_files"(
    "id" INTEGER PRIMARY KEY AUTOINCREMENT,
    "orig_file_path" CHAR(512),
    "found_in_file" CHAR(512),
    "app_name" CHAR(512)
);
success!
timestamp: 2021-04-28T14:10:36.243893
CREATE TABLE "dfindex0"(
    "id" INTEGER PRIMARY KEY AUTOINCREMENT,
    "f0" CHAR(1024)
);
success!
timestamp: 2021-04-28T14:10:36.252933
CREATE TABLE "dfdashboard0"(
    "id" INTEGER PRIMARY KEY AUTOINCREMENT,
    "f0" CHAR(1024)
);
success!
timestamp: 2021-04-28T14:10:36.261997
CREATE TABLE "dfsignXin0"(
    "id" INTEGER PRIMARY KEY AUTOINCREMENT,
    "f0" CHAR(1024),
    "f1" CHAR(1024),
    "f2" CHAR(1)
);
success!
timestamp: 2021-04-28T14:10:36.271574
CREATE TABLE "dfsignXup0"(
    "id" INTEGER PRIMARY KEY AUTOINCREMENT,
    "f0" CHAR(1024),
    "f1" CHAR(1024),
    "f2" CHAR(1024),
    "f3" CHAR(1)
);
success!
timestamp: 2021-04-28T14:10:36.280799
CREATE TABLE "dflock0"(
    "id" INTEGER PRIMARY KEY AUTOINCREMENT,
    "f0" CHAR(1024)
);
success!
timestamp: 2021-04-28T14:10:36.289883
CREATE TABLE "dftransactions0"(
    "id" INTEGER PRIMARY KEY AUTOINCREMENT,
    "f0" CHAR(1024)
);
success!
timestamp: 2021-04-28T14:10:36.300554
CREATE TABLE "dfsettings0"(
    "id" INTEGER PRIMARY KEY AUTOINCREMENT,
    "f0" CHAR(1024)
);
success!
timestamp: 2021-04-28T14:10:36.311591
CREATE TABLE "dfsettings1"(
    "id" INTEGER PRIMARY KEY AUTOINCREMENT,
    "f0" CHAR(1024),
    "f1" CHAR(1024),
    "f2" CHAR(1024),
    "f3" CHAR(1024),
    "f4" CHAR(1024),
    "f5" CHAR(1024),
    "f6" CHAR(1024),
    "f7" CHAR(1024),
    "f8" CHAR(1024),
    "f9" CHAR(1024)
);
success!
timestamp: 2021-04-28T14:10:36.322198
CREATE TABLE "dfforgotXpassword0"(
    "id" INTEGER PRIMARY KEY AUTOINCREMENT,
    "f0" CHAR(1024)
);
success!
timestamp: 2021-04-28T14:10:36.333369
CREATE TABLE "dfresetXpassword0"(
    "id" INTEGER PRIMARY KEY AUTOINCREMENT,
    "f0" CHAR(1024),
    "f1" CHAR(1024),
    "f2" CHAR(1024)
);
success!
timestamp: 2021-04-28T14:10:36.343546
CREATE TABLE "dfbootstrapXtables0"(
    "id" INTEGER PRIMARY KEY AUTOINCREMENT,
    "f0" CHAR(1024)
);
success!
timestamp: 2021-04-28T14:10:36.353700
CREATE TABLE "dfbuttons0"(
    "id" INTEGER PRIMARY KEY AUTOINCREMENT,
    "f0" CHAR(1024)
);
success!
timestamp: 2021-04-28T14:10:36.364155
CREATE TABLE "dfnotifications0"(
    "id" INTEGER PRIMARY KEY AUTOINCREMENT,
    "f0" CHAR(1024)
);
success!
timestamp: 2021-04-28T14:10:36.374691
CREATE TABLE "dfforms0"(
    "id" INTEGER PRIMARY KEY AUTOINCREMENT,
    "f0" CHAR(1024)
);
success!
timestamp: 2021-04-28T14:10:36.385467
CREATE TABLE "dfmodals0"(
    "id" INTEGER PRIMARY KEY AUTOINCREMENT,
    "f0" CHAR(1024)
);
success!
timestamp: 2021-04-28T14:10:36.396094
CREATE TABLE "dfmodals1"(
    "id" INTEGER PRIMARY KEY AUTOINCREMENT,
    "f0" CHAR(1024),
    "f1" CHAR(1024),
    "f2" CHAR(1)
);
success!
timestamp: 2021-04-28T14:10:36.406759
CREATE TABLE "dfmodals2"(
    "id" INTEGER PRIMARY KEY AUTOINCREMENT,
    "f0" CHAR(1024),
    "f1" CHAR(1024),
    "f2" CHAR(1024),
    "f3" CHAR(1)
);
success!
timestamp: 2021-04-28T14:10:36.418229
CREATE TABLE "dftypography0"(
    "id" INTEGER PRIMARY KEY AUTOINCREMENT,
    "f0" CHAR(1024)
);
success!
timestamp: 2021-04-28T14:10:36.429799
CREATE TABLE "tdashboard0"(
    "id" INTEGER PRIMARY KEY AUTOINCREMENT,
    "f0" CHAR(1024),
    "f1" CHAR(1024),
    "f2" CHAR(1024),
    "f3" CHAR(1024)
);
success!
timestamp: 2021-04-28T14:10:36.441389
CREATE TABLE "ttransactions0"(
    "id" INTEGER PRIMARY KEY AUTOINCREMENT,
    "f0" CHAR(1024),
    "f1" CHAR(1024),
    "f2" CHAR(1024),
    "f3" CHAR(1024),
    "f4" CHAR(1024),
    "f5" CHAR(1024),
    "f6" CHAR(1024)
);
success!
timestamp: 2021-04-28T14:10:36.452517
CREATE TABLE "tbootstrapXtables0"(
    "id" INTEGER PRIMARY KEY AUTOINCREMENT,
    "f0" CHAR(1024),
    "f1" CHAR(1024),
    "f2" CHAR(1024),
    "f3" CHAR(1024),
    "f4" CHAR(1024),
    "f5" CHAR(1024),
    "f6" CHAR(1024)
);
success!
timestamp: 2021-04-28T14:10:36.464247
CREATE TABLE "tbootstrapXtables1"(
    "id" INTEGER PRIMARY KEY AUTOINCREMENT,
    "f0" CHAR(1024),
    "f1" CHAR(1024),
    "f2" CHAR(1024),
    "f3" CHAR(1024),
    "f4" CHAR(1024),
    "f5" CHAR(1024),
    "f6" CHAR(1024)
);
success!
timestamp: 2021-04-28T14:10:36.476592
CREATE TABLE "tupgradeXtoXpro0"(
    "id" INTEGER PRIMARY KEY AUTOINCREMENT,
    "f0" CHAR(1024),
    "f1" CHAR(1024),
    "f2" CHAR(1024)
);
success!
