"http://raphaeljs.com/"
"http://www.w3.org/TR/SVG11/feature#BasicStructure"
"http://www.w3.org/TR/SVG/paths.html#PathData"
"http://en.wikipedia.org/wiki/Catmull–Rom_spline#Catmull.E2.80.93Rom_spline"
"http://raphaeljs.com/easing.html"
"http://wiki.github.com/sorccu/cufon/about"
"http://www.w3.org/1999/xlink"
"http://www.w3.org/2000/svg"
"http://www.w3.org/TR/SVG/"
"http://en.wikipedia.org/wiki/HSL_and_HSV"
'http://www.w3.org/XML/1998/namespace'
'http://www.w3.org/2000/xmlns/'
"http://foo"
"http://www.w3.org/2000/svg\"
"http://www.w3.org/1999/xlink\"
'http://www.w3.org/2000/svg'
'http://www.w3.org/1999/xlink'
"http://www.w3.org/XML/1998/namespace"
"http://www.w3.org/2000/xmlns/"
'https://instagram.com/p/'
"http://summernote.org/"
"https://github.com/summernote/summernote"
"https://github.com/summernote/summernote/issues"
'http://momentjs.com/guides/#/warnings/js-date/ for more info.'
'https://sweetalert2.github.io/#ajax-request'
"https://www.w3schools.com/cssref/css3_pr_transition-timing-function.asp"
'https://github.com/dangrossman/daterangepicker'
'http://raphaeljs.com'
"https://instagram.com/p/"
'http://datatables.net/tn/'
"http://www.sprymedia.co.uk/dataTables/lang.txt"
"https://code.jquery.com/jquery-1.11.3.min"
"http://www.w3.org/1999/xhtml"
"http://schemas.openxmlformats.org/package/2006/relationships"
"http://schemas.openxmlformats.org/officeDocument/2006/relationships/officeDocument"
"http://schemas.openxmlformats.org/officeDocument/2006/relationships/worksheet"
"http://schemas.openxmlformats.org/officeDocument/2006/relationships/styles"
"http://schemas.openxmlformats.org/package/2006/content-types"
"http://schemas.openxmlformats.org/spreadsheetml/2006/main"
"http://schemas.openxmlformats.org/officeDocument/2006/relationships"
"http://schemas.openxmlformats.org/markup-compatibility/2006"
"http://schemas.microsoft.com/office/spreadsheetml/2009/9/ac"
"http://www.macromedia.com/go/getflashplayer"
