timestamp: 2021-06-25T21:12:34.126724
CREATE TABLE "auth_user"(
    "id" INTEGER PRIMARY KEY AUTOINCREMENT,
    "username" CHAR(512) UNIQUE,
    "email" CHAR(512) UNIQUE,
    "password" CHAR(512),
    "first_name" CHAR(512),
    "last_name" CHAR(512),
    "sso_id" CHAR(512),
    "action_token" CHAR(512),
    "last_password_change" TIMESTAMP
);
success!
timestamp: 2021-06-25T21:12:34.145238
CREATE TABLE "auth_user_tag_groups"(
    "id" INTEGER PRIMARY KEY AUTOINCREMENT,
    "path" CHAR(512),
    "record_id" INTEGER REFERENCES "auth_user" ("id") ON DELETE CASCADE  
);
success!
timestamp: 2021-06-25T21:12:34.184151
CREATE TABLE "test_table"(
    "id" INTEGER PRIMARY KEY AUTOINCREMENT,
    "f0" CHAR(512),
    "f1" CHAR(512),
    "f2" CHAR(512)
);
success!
timestamp: 2021-06-25T21:12:34.235273
CREATE TABLE "uploaded_files"(
    "id" INTEGER PRIMARY KEY AUTOINCREMENT,
    "orig_file_name" CHAR(512),
    "remark" TEXT,
    "uniq_file_name" CHAR(512),
    "time" TIMESTAMP
);
success!
timestamp: 2021-06-25T21:12:34.246335
CREATE TABLE "app_images"(
    "id" INTEGER PRIMARY KEY AUTOINCREMENT,
    "f0" CHAR(512)
);
success!
timestamp: 2021-06-25T21:12:34.264759
CREATE TABLE "app_css_js"(
    "id" INTEGER PRIMARY KEY AUTOINCREMENT,
    "f0" CHAR(512)
);
success!
timestamp: 2021-06-25T21:12:34.274725
CREATE TABLE "app_js_script"(
    "id" INTEGER PRIMARY KEY AUTOINCREMENT,
    "f0" CHAR(512),
    "in_html" CHAR(512)
);
success!
timestamp: 2021-06-25T21:12:34.285162
CREATE TABLE "dfindex0"(
    "id" INTEGER PRIMARY KEY AUTOINCREMENT,
    "f0" CHAR(1024)
);
success!
timestamp: 2021-06-25T21:12:34.295047
CREATE TABLE "dfpagesXprofile0"(
    "id" INTEGER PRIMARY KEY AUTOINCREMENT,
    "f0" CHAR(1024)
);
success!
timestamp: 2021-06-25T21:12:34.304824
CREATE TABLE "dfpagesXsettings0"(
    "id" INTEGER PRIMARY KEY AUTOINCREMENT,
    "f0" CHAR(1024)
);
success!
timestamp: 2021-06-25T21:12:34.316227
CREATE TABLE "dfpagesXsettings1"(
    "id" INTEGER PRIMARY KEY AUTOINCREMENT,
    "f0" CHAR(1024),
    "f1" TEXT
);
success!
timestamp: 2021-06-25T21:12:34.326869
CREATE TABLE "dfpagesXsettings2"(
    "id" INTEGER PRIMARY KEY AUTOINCREMENT,
    "f0" CHAR(1024),
    "f1" CHAR(1024),
    "f2" CHAR(1024),
    "f3" CHAR(1024),
    "f4" CHAR(1024),
    "f5" CHAR(1024),
    "f6" CHAR(1024),
    "f7" CHAR(1024)
);
success!
timestamp: 2021-06-25T21:12:34.338087
CREATE TABLE "dfpagesXsettings3"(
    "id" INTEGER PRIMARY KEY AUTOINCREMENT,
    "f0" CHAR(1024),
    "f1" CHAR(1024),
    "f2" CHAR(1024)
);
success!
timestamp: 2021-06-25T21:12:34.348514
CREATE TABLE "dfpagesXinvoice0"(
    "id" INTEGER PRIMARY KEY AUTOINCREMENT,
    "f0" CHAR(1024)
);
success!
timestamp: 2021-06-25T21:12:34.358463
CREATE TABLE "dfpagesXblank0"(
    "id" INTEGER PRIMARY KEY AUTOINCREMENT,
    "f0" CHAR(1024)
);
success!
timestamp: 2021-06-25T21:12:34.368690
CREATE TABLE "dfpagesXsignXin0"(
    "id" INTEGER PRIMARY KEY AUTOINCREMENT,
    "f0" CHAR(1024),
    "f1" CHAR(1024),
    "f2" CHAR(1)
);
success!
timestamp: 2021-06-25T21:12:34.379367
CREATE TABLE "dfpagesXsignXup0"(
    "id" INTEGER PRIMARY KEY AUTOINCREMENT,
    "f0" CHAR(1024),
    "f1" CHAR(1024),
    "f2" CHAR(1024),
    "f3" CHAR(1024)
);
success!
timestamp: 2021-06-25T21:12:34.389794
CREATE TABLE "dfuiXalerts0"(
    "id" INTEGER PRIMARY KEY AUTOINCREMENT,
    "f0" CHAR(1024)
);
success!
timestamp: 2021-06-25T21:12:34.400450
CREATE TABLE "dfuiXbuttons0"(
    "id" INTEGER PRIMARY KEY AUTOINCREMENT,
    "f0" CHAR(1024)
);
success!
timestamp: 2021-06-25T21:12:34.410663
CREATE TABLE "dfuiXcards0"(
    "id" INTEGER PRIMARY KEY AUTOINCREMENT,
    "f0" CHAR(1024)
);
success!
timestamp: 2021-06-25T21:12:34.420724
CREATE TABLE "dfuiXgeneral0"(
    "id" INTEGER PRIMARY KEY AUTOINCREMENT,
    "f0" CHAR(1024)
);
success!
timestamp: 2021-06-25T21:12:34.431601
CREATE TABLE "dfuiXgrid0"(
    "id" INTEGER PRIMARY KEY AUTOINCREMENT,
    "f0" CHAR(1024)
);
success!
timestamp: 2021-06-25T21:12:34.446260
CREATE TABLE "dfuiXmodals0"(
    "id" INTEGER PRIMARY KEY AUTOINCREMENT,
    "f0" CHAR(1024)
);
success!
timestamp: 2021-06-25T21:12:34.456603
CREATE TABLE "dfuiXtypography0"(
    "id" INTEGER PRIMARY KEY AUTOINCREMENT,
    "f0" CHAR(1024)
);
success!
timestamp: 2021-06-25T21:12:34.467308
CREATE TABLE "dficonsXfeather0"(
    "id" INTEGER PRIMARY KEY AUTOINCREMENT,
    "f0" CHAR(1024)
);
success!
timestamp: 2021-06-25T21:12:34.477725
CREATE TABLE "dfformsXlayouts0"(
    "id" INTEGER PRIMARY KEY AUTOINCREMENT,
    "f0" CHAR(1024)
);
success!
timestamp: 2021-06-25T21:12:34.488513
CREATE TABLE "dfformsXlayouts1"(
    "id" INTEGER PRIMARY KEY AUTOINCREMENT,
    "f0" CHAR(1024),
    "f1" CHAR(1024),
    "f2" TEXT
);
success!
timestamp: 2021-06-25T21:12:34.499243
CREATE TABLE "dfformsXlayouts2"(
    "id" INTEGER PRIMARY KEY AUTOINCREMENT,
    "f0" CHAR(1024),
    "f1" CHAR(1024),
    "f2" TEXT
);
success!
timestamp: 2021-06-25T21:12:34.510564
CREATE TABLE "dfformsXlayouts3"(
    "id" INTEGER PRIMARY KEY AUTOINCREMENT,
    "f0" CHAR(1024),
    "f1" CHAR(1024),
    "f2" CHAR(1024),
    "f3" CHAR(1024),
    "f4" CHAR(1024),
    "f5" CHAR(1024),
    "f6" CHAR(1024),
    "f7" CHAR(1)
);
success!
timestamp: 2021-06-25T21:12:34.521295
CREATE TABLE "dfformsXlayouts4"(
    "id" INTEGER PRIMARY KEY AUTOINCREMENT,
    "f0" CHAR(1024),
    "f1" CHAR(1024),
    "f2" CHAR(1)
);
success!
timestamp: 2021-06-25T21:12:34.532296
CREATE TABLE "dfformsXbasicXinputs0"(
    "id" INTEGER PRIMARY KEY AUTOINCREMENT,
    "f0" CHAR(1024)
);
success!
timestamp: 2021-06-25T21:12:34.542783
CREATE TABLE "dftablesXbootstrap0"(
    "id" INTEGER PRIMARY KEY AUTOINCREMENT,
    "f0" CHAR(1024)
);
success!
timestamp: 2021-06-25T21:12:34.553216
CREATE TABLE "dfchartsXchartjs0"(
    "id" INTEGER PRIMARY KEY AUTOINCREMENT,
    "f0" CHAR(1024)
);
success!
timestamp: 2021-06-25T21:12:34.564273
CREATE TABLE "dfmapsXgoogle0"(
    "id" INTEGER PRIMARY KEY AUTOINCREMENT,
    "f0" CHAR(1024)
);
success!
timestamp: 2021-06-25T21:12:34.574878
CREATE TABLE "tindex0"(
    "id" INTEGER PRIMARY KEY AUTOINCREMENT,
    "f0" CHAR(1024),
    "f1" CHAR(1024)
);
success!
timestamp: 2021-06-25T21:12:34.585926
CREATE TABLE "tindex1"(
    "id" INTEGER PRIMARY KEY AUTOINCREMENT,
    "f0" CHAR(1024),
    "f1" CHAR(1024),
    "f2" CHAR(1024),
    "f3" CHAR(1024),
    "f4" CHAR(1024)
);
success!
timestamp: 2021-06-25T21:12:34.597025
CREATE TABLE "tpagesXinvoice0"(
    "id" INTEGER PRIMARY KEY AUTOINCREMENT,
    "f0" CHAR(1024),
    "f1" CHAR(1024),
    "f2" CHAR(1024)
);
success!
timestamp: 2021-06-25T21:12:34.607759
CREATE TABLE "ttablesXbootstrap0"(
    "id" INTEGER PRIMARY KEY AUTOINCREMENT,
    "f0" CHAR(1024),
    "f1" CHAR(1024),
    "f2" CHAR(1024),
    "f3" CHAR(1024)
);
success!
timestamp: 2021-06-25T21:12:34.618462
CREATE TABLE "ttablesXbootstrap1"(
    "id" INTEGER PRIMARY KEY AUTOINCREMENT,
    "f0" CHAR(1024),
    "f1" CHAR(1024),
    "f2" CHAR(1024),
    "f3" CHAR(1024)
);
success!
timestamp: 2021-06-25T21:12:34.628930
CREATE TABLE "ttablesXbootstrap2"(
    "id" INTEGER PRIMARY KEY AUTOINCREMENT,
    "f0" CHAR(1024),
    "f1" CHAR(1024),
    "f2" CHAR(1024)
);
success!
timestamp: 2021-06-25T21:12:34.639261
CREATE TABLE "ttablesXbootstrap3"(
    "id" INTEGER PRIMARY KEY AUTOINCREMENT,
    "f0" CHAR(1024),
    "f1" CHAR(1024),
    "f2" CHAR(1024)
);
success!
timestamp: 2021-06-25T21:12:34.649806
CREATE TABLE "ttablesXbootstrap4"(
    "id" INTEGER PRIMARY KEY AUTOINCREMENT,
    "f0" CHAR(1024),
    "f1" CHAR(1024),
    "f2" CHAR(1024),
    "f3" CHAR(1024)
);
success!
timestamp: 2021-06-25T21:12:34.661171
CREATE TABLE "ttablesXbootstrap5"(
    "id" INTEGER PRIMARY KEY AUTOINCREMENT,
    "f0" CHAR(1024),
    "f1" CHAR(1024),
    "f2" CHAR(1024),
    "f3" CHAR(1024)
);
success!
timestamp: 2021-06-25T21:12:34.672535
CREATE TABLE "ttablesXbootstrap6"(
    "id" INTEGER PRIMARY KEY AUTOINCREMENT,
    "f0" CHAR(1024),
    "f1" CHAR(1024),
    "f2" CHAR(1024),
    "f3" CHAR(1024),
    "f4" CHAR(1024),
    "f5" CHAR(1024),
    "f6" CHAR(1024),
    "f7" CHAR(1024),
    "f8" CHAR(1024),
    "f9" CHAR(1024)
);
success!
