templates/tabs.html
templates/hero.html
templates/blog.html
templates/band.html
templates/login.html
templates/inbox.html
templates/forum.html
templates/index.html
templates/cover.html
templates/admin.html
templates/aside.html
templates/cards.html
templates/kanban.html
templates/search.html
templates/absurd.html
templates/landing.html
templates/contact.html
templates/skeleton.html
templates/showcase.html
templates/register.html
templates/personal.html
templates/cheatsheet.html
templates/instaAlbum.html
templates/ghost-blog.html
templates/modal-cards.html
templates/blog-tailsaw.html
templates/kanban-switch.html
templates/kanban[search].html
templates/hello-parallax.html
templates/neumorphic-login.html
LICENSE
.git/HEAD
index.css
README.md
.git/index
.gitignore
favicon.ico
.git/config
css/aside.css
sr_in_html.yml
.git/logs/HEAD
.gitattributes
.git/packed-refs
.git/description
.git/info/exclude
CODE_OF_CONDUCT.md
js/kanban-switch.js
.git/refs/heads/master
.git/hooks/update.sample
.git/hooks/pre-push.sample
.git/logs/refs/heads/master
.git/hooks/pre-rebase.sample
.git/hooks/pre-commit.sample
.git/hooks/commit-msg.sample
.git/refs/remotes/origin/HEAD
.git/hooks/post-update.sample
.git/hooks/applypatch-msg.sample
.git/hooks/pre-applypatch.sample
.git/logs/refs/remotes/origin/HEAD
.git/hooks/prepare-commit-msg.sample
.git/objects/pack/pack-6b85dc789cd41c6df574d920936cb3a08d8c54c9.idx
.git/objects/pack/pack-6b85dc789cd41c6df574d920936cb3a08d8c54c9.pack
