{'absurd.html': ['templates/absurd.html',
                 'bulma-templates/templates/absurd.html'],
 'admin.html': ['templates/admin.html', 'bulma-templates/templates/admin.html'],
 'band.html': ['templates/band.html', 'bulma-templates/templates/band.html'],
 'blog-tailsaw.html': ['templates/blog-tailsaw.html',
                       'bulma-templates/templates/blog-tailsaw.html'],
 'blog.html': ['templates/blog.html', 'bulma-templates/templates/blog.html'],
 'cards.html': ['templates/cards.html', 'bulma-templates/templates/cards.html'],
 'cheatsheet.html': ['templates/cheatsheet.html',
                     'bulma-templates/templates/cheatsheet.html'],
 'contact.html': ['templates/contact.html',
                  'bulma-templates/templates/contact.html'],
 'cover.html': ['templates/cover.html', 'bulma-templates/templates/cover.html'],
 'documentation.html': ['templates/documentation.html',
                        'bulma-templates/templates/documentation.html'],
 'forum.html': ['templates/forum.html', 'bulma-templates/templates/forum.html'],
 'ghost-blog.html': ['templates/ghost-blog.html',
                     'bulma-templates/templates/ghost-blog.html'],
 'hello-parallax.html': ['templates/hello-parallax.html',
                         'bulma-templates/templates/hello-parallax.html'],
 'hero.html': ['templates/hero.html', 'bulma-templates/templates/hero.html'],
 'inbox.html': ['templates/inbox.html', 'bulma-templates/templates/inbox.html'],
 'index.html': ['templates/index.html',
                'bulma-templates/index.html',
                'bulma-templates/templates/index.html'],
 'instaAlbum.html': ['templates/instaAlbum.html',
                     'bulma-templates/templates/instaAlbum.html'],
 'kanban.html': ['templates/kanban.html',
                 'bulma-templates/templates/kanban.html'],
 'kanban[search].html': ['templates/kanban[search].html',
                         'bulma-templates/templates/kanban[search].html'],
 'landing.html': ['templates/landing.html',
                  'bulma-templates/templates/landing.html'],
 'login.html': ['templates/login.html', 'bulma-templates/templates/login.html'],
 'modal-cards.html': ['templates/modal-cards.html',
                      'bulma-templates/templates/modal-cards.html'],
 'neumorphic-login.html': ['templates/neumorphic-login.html',
                           'bulma-templates/templates/neumorphic-login.html'],
 'personal.html': ['templates/personal.html',
                   'bulma-templates/templates/personal.html'],
 'register.html': ['templates/register.html',
                   'bulma-templates/templates/register.html'],
 'search.html': ['templates/search.html',
                 'bulma-templates/templates/search.html'],
 'showcase.html': ['templates/showcase.html',
                   'bulma-templates/templates/showcase.html'],
 'tabs.html': ['templates/tabs.html', 'bulma-templates/templates/tabs.html']}
