{'index.html': ['gentelella/vendors/jszip/index.html',
                'gentelella/vendors/starrr/index.html',
                'gentelella/vendors/skycons/index.html',
                'gentelella/vendors/gauge.js/index.html',
                'gentelella/vendors/validator/index.html',
                'gentelella/vendors/nprogress/index.html',
                'gentelella/vendors/jquery-knob/index.html',
                'gentelella/vendors/Flot/examples/index.html',
                'gentelella/vendors/bootstrap/site/index.html',
                'gentelella/vendors/autosize/example/index.html',
                'gentelella/vendors/Flot/examples/ajax/index.html',
                'gentelella/vendors/bootstrap/js/tests/index.html',
                'gentelella/vendors/Flot/examples/image/index.html',
                'gentelella/vendors/Flot/examples/resize/index.html',
                'gentelella/vendors/Flot/examples/canvas/index.html',
                'gentelella/vendors/Flot/examples/zooming/index.html',
                'gentelella/vendors/Flot/examples/symbols/index.html',
                'gentelella/vendors/Flot/examples/tracking/index.html',
                'gentelella/vendors/Flot/examples/visitors/index.html',
                'gentelella/vendors/Flot/examples/stacking/index.html',
                'gentelella/vendors/Flot/examples/realtime/index.html',
                'gentelella/vendors/Flot/examples/navigate/index.html',
                'gentelella/vendors/Flot/examples/threshold/index.html',
                'gentelella/vendors/Flot/examples/selection/index.html',
                'gentelella/vendors/Flot/examples/axes-time/index.html',
                'gentelella/vendors/flot/examples/log-scale/index.html',
                'gentelella/vendors/flot.orderbars/examples/index.html',
                'gentelella/vendors/Flot/examples/series-pie/index.html',
                'gentelella/vendors/Flot/examples/categories/index.html',
                'gentelella/vendors/Flot/examples/annotating/index.html',
                'gentelella/vendors/flot/examples/fill-types/index.html',
                'gentelella/vendors/Flot/examples/interacting/index.html',
                'gentelella/vendors/Flot/examples/percentiles/index.html',
                'gentelella/vendors/Flot/examples/basic-usage/index.html',
                'gentelella/vendors/flot/examples/plot-legend/index.html',
                'gentelella/vendors/flot/examples/axes-labels/index.html',
                'gentelella/vendors/Flot/examples/series-types/index.html',
                'gentelella/vendors/DateJS/reports/lcov-report/index.html',
                'gentelella/vendors/Flot/examples/series-toggle/index.html',
                'gentelella/vendors/Flot/examples/basic-options/index.html',
                'gentelella/vendors/Flot/examples/axes-multiple/index.html',
                'gentelella/vendors/google-code-prettify/styles/index.html',
                'gentelella/vendors/flot/examples/navigateTouch/index.html',
                'gentelella/vendors/Flot/examples/axes-time-zones/index.html',
                'gentelella/vendors/flot/examples/axes-tickLabels/index.html',
                'gentelella/vendors/Flot/examples/series-errorbars/index.html',
                'gentelella/vendors/Flot/examples/axes-interacting/index.html',
                'gentelella/vendors/flot/examples/axes-autoscaling/index.html',
                'gentelella/vendors/bootstrap/js/tests/integration/index.html',
                'gentelella/vendors/DateJS/reports/lcov-report/core/index.html',
                'gentelella/vendors/bootstrap-daterangepicker/website/index.html',
                'gentelella/vendors/bootstrap-daterangepicker/example/amd/index.html',
                'gentelella/vendors/bootstrap-daterangepicker/example/browserify/index.html']}
