index.html
ui-cards.html
ui-forms.html
ui-buttons.html
pages-blank.html
maps-google.html
ui-typography.html
pages-sign-in.html
pages-sign-up.html
pages-profile.html
icons-feather.html
upgrade-to-pro.html
charts-chartjs.html
js/app.js
css/app.css
img/avatars/avatar.jpg
img/avatars/avatar-2.jpg
img/avatars/avatar-4.jpg
img/avatars/avatar-5.jpg
img/avatars/avatar-3.jpg
img/icons/icon-48x48.png
img/photos/unsplash-1.jpg
img/photos/unsplash-2.jpg
js/app.js.un
css/app.css.un
adminkit/dist/js/app.js.un
adminkit/dist/css/app.css.un
adminkit/static/js/app.js.un
adminkit/static/css/app.css.un
