adminkit/static/index.html
adminkit/static/ui-cards.html
adminkit/static/ui-forms.html
adminkit/static/ui-buttons.html
adminkit/static/pages-blank.html
adminkit/static/maps-google.html
adminkit/static/ui-typography.html
adminkit/static/pages-sign-in.html
adminkit/static/pages-sign-up.html
adminkit/static/pages-profile.html
adminkit/static/icons-feather.html
adminkit/static/upgrade-to-pro.html
adminkit/static/charts-chartjs.html
sr_in_js.yml
js/app.js.map
css/app.css.map
adminkit/.nvmrc
adminkit/LICENSE
adminkit/.babelrc
adminkit/README.md
adminkit/.eslintrc
js/app.js.LICENSE.txt
adminkit/CHANGELOG.md
adminkit/package.json
adminkit/src/js/app.js
adminkit/dist/js/app.js
img/photos/unsplash-3.jpg
adminkit/dist/css/app.css
adminkit/static/js/app.js
adminkit/package-lock.json
adminkit/webpack.config.js
adminkit/src/scss/app.scss
adminkit/postcss.config.js
adminkit/dist/js/app.js.map
adminkit/static/css/app.css
adminkit/dist/css/app.css.map
adminkit/static/js/app.js.map
adminkit/static/css/app.css.map
adminkit/src/js/modules/theme.js
adminkit/src/js/modules/chartjs.js
adminkit/src/js/modules/feather.js
adminkit/src/js/modules/sidebar.js
adminkit/dist/js/app.js.LICENSE.txt
adminkit/src/img/avatars/avatar.jpg
adminkit/dist/img/avatars/avatar.jpg
adminkit/src/js/modules/bootstrap.js
adminkit/src/js/modules/flatpickr.js
adminkit/static/js/app.js.LICENSE.txt
adminkit/src/img/icons/icon-48x48.png
adminkit/src/img/avatars/avatar-4.jpg
adminkit/src/img/avatars/avatar-5.jpg
adminkit/src/img/avatars/avatar-2.jpg
adminkit/src/img/avatars/avatar-3.jpg
adminkit/dist/img/avatars/avatar-2.jpg
adminkit/dist/img/avatars/avatar-4.jpg
adminkit/dist/img/avatars/avatar-5.jpg
adminkit/dist/img/avatars/avatar-3.jpg
adminkit/dist/img/icons/icon-48x48.png
adminkit/static/img/avatars/avatar.jpg
adminkit/src/js/modules/vector-maps.js
adminkit/src/img/photos/unsplash-3.jpg
adminkit/src/img/photos/unsplash-1.jpg
adminkit/src/img/photos/unsplash-2.jpg
adminkit/dist/img/photos/unsplash-1.jpg
adminkit/dist/img/photos/unsplash-3.jpg
adminkit/dist/img/photos/unsplash-2.jpg
adminkit/src/scss/1-variables/_app.scss
adminkit/src/scss/2-mixins/_button.scss
adminkit/static/img/avatars/avatar-2.jpg
adminkit/static/img/avatars/avatar-4.jpg
adminkit/static/img/avatars/avatar-5.jpg
adminkit/static/img/avatars/avatar-3.jpg
adminkit/static/img/icons/icon-48x48.png
adminkit/static/img/photos/unsplash-1.jpg
adminkit/static/img/photos/unsplash-3.jpg
adminkit/static/img/photos/unsplash-2.jpg
adminkit/src/scss/3-components/_type.scss
adminkit/src/scss/3-components/_stat.scss
adminkit/src/scss/3-components/_main.scss
adminkit/src/scss/3-components/_card.scss
adminkit/src/scss/5-vendor/_flatpickr.scss
adminkit/src/scss/5-vendor/_simplebar.scss
adminkit/src/scss/3-components/_chart.scss
adminkit/src/scss/4-utilities/_cursors.scss
adminkit/src/scss/3-components/_sizing.scss
adminkit/src/scss/3-components/_tables.scss
adminkit/src/scss/3-components/_reboot.scss
adminkit/src/scss/3-components/_navbar.scss
adminkit/src/scss/3-components/_footer.scss
adminkit/src/scss/3-components/_avatar.scss
adminkit/src/scss/3-components/_wrapper.scss
adminkit/src/scss/3-components/_sidebar.scss
adminkit/src/scss/3-components/_feather.scss
adminkit/src/scss/3-components/_buttons.scss
adminkit/src/scss/3-components/_content.scss
adminkit/src/scss/3-components/_dropdown.scss
adminkit/src/scss/3-components/_hamburger.scss
adminkit/src/scss/3-components/_list-group.scss
