timestamp: 2020-08-03T11:38:32.103015
CREATE TABLE "auth_user"(
    "id" INTEGER PRIMARY KEY AUTOINCREMENT,
    "username" CHAR(512) UNIQUE,
    "email" CHAR(512) UNIQUE,
    "password" CHAR(512),
    "first_name" CHAR(512),
    "last_name" CHAR(512),
    "sso_id" CHAR(512),
    "action_token" CHAR(512),
    "last_password_change" TIMESTAMP,
    "past_passwords_hash" TEXT
);
success!
timestamp: 2020-08-03T11:38:32.119243
CREATE TABLE "auth_user_tag_groups"(
    "id" INTEGER PRIMARY KEY AUTOINCREMENT,
    "path" CHAR(512),
    "record_id" INTEGER REFERENCES "auth_user" ("id") ON DELETE CASCADE  
);
success!
timestamp: 2020-10-14T15:17:09.114279
CREATE TABLE "test_table"(
    "id" INTEGER PRIMARY KEY AUTOINCREMENT,
    "f0" CHAR(512),
    "f1" CHAR(512),
    "f2" CHAR(512)
);
success!
timestamp: 2020-10-14T15:17:09.149709
CREATE TABLE "dfforms0"(
    "id" INTEGER PRIMARY KEY AUTOINCREMENT,
    "f0" CHAR(512)
);
success!
timestamp: 2020-10-14T15:17:09.166727
CREATE TABLE "dfforms1"(
    "id" INTEGER PRIMARY KEY AUTOINCREMENT,
    "f0" CHAR(512)
);
success!
timestamp: 2020-10-14T15:17:09.205365
CREATE TABLE "dfforms2"(
    "id" INTEGER PRIMARY KEY AUTOINCREMENT,
    "f0" CHAR(512)
);
success!
timestamp: 2020-10-14T15:17:09.255137
CREATE TABLE "dfforms3"(
    "id" INTEGER PRIMARY KEY AUTOINCREMENT,
    "f0" TEXT
);
success!
timestamp: 2020-10-14T15:17:09.274822
CREATE TABLE "dfforms4"(
    "id" INTEGER PRIMARY KEY AUTOINCREMENT,
    "f0" CHAR(1)
);
success!
timestamp: 2020-10-14T15:17:09.294376
CREATE TABLE "dfforms5"(
    "id" INTEGER PRIMARY KEY AUTOINCREMENT,
    "f0" CHAR(512)
);
success!
timestamp: 2020-10-14T15:17:09.312833
CREATE TABLE "dfforms6"(
    "id" INTEGER PRIMARY KEY AUTOINCREMENT,
    "f0" CHAR(512)
);
success!
timestamp: 2020-10-14T15:17:09.333411
CREATE TABLE "dfforms7"(
    "id" INTEGER PRIMARY KEY AUTOINCREMENT,
    "f0" CHAR(512)
);
success!
timestamp: 2020-10-14T15:17:09.351156
CREATE TABLE "dfforms8"(
    "id" INTEGER PRIMARY KEY AUTOINCREMENT,
    "f0" CHAR(512)
);
success!
timestamp: 2020-10-14T15:17:09.371322
CREATE TABLE "dfforms9"(
    "id" INTEGER PRIMARY KEY AUTOINCREMENT,
    "f0" CHAR(512)
);
success!
timestamp: 2020-10-14T15:17:09.387779
CREATE TABLE "dfforms10"(
    "id" INTEGER PRIMARY KEY AUTOINCREMENT,
    "f0" CHAR(512)
);
success!
timestamp: 2020-10-14T15:17:09.402410
CREATE TABLE "dfforms11"(
    "id" INTEGER PRIMARY KEY AUTOINCREMENT,
    "f0" CHAR(1)
);
success!
timestamp: 2020-10-14T15:17:09.419005
CREATE TABLE "dfforms12"(
    "id" INTEGER PRIMARY KEY AUTOINCREMENT,
    "f0" CHAR(512)
);
success!
timestamp: 2020-10-14T15:17:09.437071
CREATE TABLE "dfforms13"(
    "id" INTEGER PRIMARY KEY AUTOINCREMENT,
    "f0" CHAR(512)
);
success!
timestamp: 2020-10-14T15:17:09.454808
CREATE TABLE "dfforms14"(
    "id" INTEGER PRIMARY KEY AUTOINCREMENT,
    "f0" CHAR(512)
);
success!
timestamp: 2020-10-14T15:17:09.471463
CREATE TABLE "dfforms15"(
    "id" INTEGER PRIMARY KEY AUTOINCREMENT,
    "f0" CHAR(512)
);
success!
timestamp: 2020-10-14T15:17:09.486905
CREATE TABLE "dfforms16"(
    "id" INTEGER PRIMARY KEY AUTOINCREMENT,
    "f0" CHAR(512)
);
success!
timestamp: 2020-10-14T15:17:09.502993
CREATE TABLE "dfforms17"(
    "id" INTEGER PRIMARY KEY AUTOINCREMENT,
    "f0" CHAR(512)
);
success!
timestamp: 2020-10-14T15:17:09.520375
CREATE TABLE "dfforms18"(
    "id" INTEGER PRIMARY KEY AUTOINCREMENT,
    "f0" CHAR(512)
);
success!
timestamp: 2020-10-14T15:17:09.536531
CREATE TABLE "dfforms19"(
    "id" INTEGER PRIMARY KEY AUTOINCREMENT,
    "f0" CHAR(512)
);
success!
timestamp: 2020-10-14T15:17:09.553332
CREATE TABLE "dfforms20"(
    "id" INTEGER PRIMARY KEY AUTOINCREMENT,
    "f0" CHAR(512)
);
success!
timestamp: 2020-10-14T15:17:09.571230
CREATE TABLE "dfforms21"(
    "id" INTEGER PRIMARY KEY AUTOINCREMENT,
    "f0" CHAR(512)
);
success!
timestamp: 2020-10-14T15:17:09.586386
CREATE TABLE "dfforms22"(
    "id" INTEGER PRIMARY KEY AUTOINCREMENT,
    "f0" CHAR(512)
);
success!
timestamp: 2020-10-14T15:17:09.610625
CREATE TABLE "dfforms23"(
    "id" INTEGER PRIMARY KEY AUTOINCREMENT,
    "f0" CHAR(512)
);
success!
timestamp: 2020-10-14T15:17:09.628445
CREATE TABLE "dfforms24"(
    "id" INTEGER PRIMARY KEY AUTOINCREMENT,
    "f0" CHAR(512)
);
success!
timestamp: 2020-10-14T15:17:09.645133
CREATE TABLE "dfforms25"(
    "id" INTEGER PRIMARY KEY AUTOINCREMENT,
    "f0" CHAR(512)
);
success!
timestamp: 2020-10-14T15:17:09.660328
CREATE TABLE "dfforms26"(
    "id" INTEGER PRIMARY KEY AUTOINCREMENT,
    "f0" CHAR(512)
);
success!
timestamp: 2020-10-14T15:17:09.678406
CREATE TABLE "dfforms27"(
    "id" INTEGER PRIMARY KEY AUTOINCREMENT,
    "f0" CHAR(512)
);
success!
timestamp: 2020-10-14T15:17:09.699270
CREATE TABLE "dfdatatables0"(
    "id" INTEGER PRIMARY KEY AUTOINCREMENT,
    "f0" CHAR(512)
);
success!
timestamp: 2020-10-14T15:17:09.718711
CREATE TABLE "tindex0"(
    "id" INTEGER PRIMARY KEY AUTOINCREMENT,
    "f0" CHAR(512)
);
success!
timestamp: 2020-10-14T15:17:09.736695
CREATE TABLE "tindex1"(
    "id" INTEGER PRIMARY KEY AUTOINCREMENT,
    "f0" CHAR(512)
);
success!
timestamp: 2020-10-14T15:17:09.757503
CREATE TABLE "telements0"(
    "id" INTEGER PRIMARY KEY AUTOINCREMENT,
    "f0" CHAR(512),
    "f1" CHAR(512),
    "f2" CHAR(512),
    "f3" CHAR(512),
    "f4" CHAR(512),
    "f5" CHAR(512),
    "f6" CHAR(512),
    "f7" CHAR(512),
    "f8" CHAR(512),
    "f9" CHAR(512),
    "f10" CHAR(512)
);
success!
timestamp: 2020-10-14T15:17:09.779660
CREATE TABLE "tdatatables0"(
    "id" INTEGER PRIMARY KEY AUTOINCREMENT,
    "f0" CHAR(512),
    "f1" CHAR(512),
    "f2" CHAR(512)
);
success!
