timestamp: 2020-08-03T11:38:32.103015
CREATE TABLE "auth_user"(
    "id" INTEGER PRIMARY KEY AUTOINCREMENT,
    "username" CHAR(512) UNIQUE,
    "email" CHAR(512) UNIQUE,
    "password" CHAR(512),
    "first_name" CHAR(512),
    "last_name" CHAR(512),
    "sso_id" CHAR(512),
    "action_token" CHAR(512),
    "last_password_change" TIMESTAMP,
    "past_passwords_hash" TEXT
);
success!
timestamp: 2020-08-03T11:38:32.119243
CREATE TABLE "auth_user_tag_groups"(
    "id" INTEGER PRIMARY KEY AUTOINCREMENT,
    "path" CHAR(512),
    "record_id" INTEGER REFERENCES "auth_user" ("id") ON DELETE CASCADE  
);
success!
timestamp: 2020-08-11T11:56:06.575977
CREATE TABLE "dfindex0"(
    "id" INTEGER PRIMARY KEY AUTOINCREMENT,
    "f0" CHAR(512)
);
success!
timestamp: 2020-08-11T11:56:06.593018
CREATE TABLE "dfindex1"(
    "id" INTEGER PRIMARY KEY AUTOINCREMENT,
    "f0" CHAR(512),
    "f1" CHAR(512),
    "f2" TEXT
);
success!
timestamp: 2020-08-11T11:56:06.612207
CREATE TABLE "dfindex2"(
    "id" INTEGER PRIMARY KEY AUTOINCREMENT,
    "f0" CHAR(1),
    "f1" CHAR(1),
    "f2" CHAR(1),
    "f3" CHAR(1),
    "f4" CHAR(1)
);
success!
timestamp: 2020-08-11T11:56:06.630075
CREATE TABLE "dfindex20"(
    "id" INTEGER PRIMARY KEY AUTOINCREMENT,
    "f0" CHAR(512)
);
success!
timestamp: 2020-08-11T11:56:06.654877
CREATE TABLE "dfindex21"(
    "id" INTEGER PRIMARY KEY AUTOINCREMENT,
    "f0" CHAR(512)
);
success!
timestamp: 2020-08-11T11:56:06.678534
CREATE TABLE "dfindex22"(
    "id" INTEGER PRIMARY KEY AUTOINCREMENT,
    "f0" CHAR(1),
    "f1" CHAR(1),
    "f2" CHAR(1),
    "f3" CHAR(1),
    "f4" CHAR(1)
);
success!
timestamp: 2020-08-11T11:56:06.703110
CREATE TABLE "dftopXnav0"(
    "id" INTEGER PRIMARY KEY AUTOINCREMENT,
    "f0" CHAR(512)
);
success!
timestamp: 2020-08-11T11:56:06.726066
CREATE TABLE "dfboxed0"(
    "id" INTEGER PRIMARY KEY AUTOINCREMENT,
    "f0" CHAR(512)
);
success!
timestamp: 2020-08-11T11:56:06.750898
CREATE TABLE "dfboxed1"(
    "id" INTEGER PRIMARY KEY AUTOINCREMENT,
    "f0" CHAR(1),
    "f1" CHAR(1),
    "f2" CHAR(1),
    "f3" CHAR(1),
    "f4" CHAR(1)
);
success!
timestamp: 2020-08-11T11:56:06.768612
CREATE TABLE "dffixed0"(
    "id" INTEGER PRIMARY KEY AUTOINCREMENT,
    "f0" CHAR(512)
);
success!
timestamp: 2020-08-11T11:56:06.787305
CREATE TABLE "dffixed1"(
    "id" INTEGER PRIMARY KEY AUTOINCREMENT,
    "f0" CHAR(1),
    "f1" CHAR(1),
    "f2" CHAR(1),
    "f3" CHAR(1),
    "f4" CHAR(1)
);
success!
timestamp: 2020-08-11T11:56:06.805814
CREATE TABLE "dfcollapsedXsidebar0"(
    "id" INTEGER PRIMARY KEY AUTOINCREMENT,
    "f0" CHAR(512)
);
success!
timestamp: 2020-08-11T11:56:06.825050
CREATE TABLE "dfcollapsedXsidebar1"(
    "id" INTEGER PRIMARY KEY AUTOINCREMENT,
    "f0" CHAR(1),
    "f1" CHAR(1),
    "f2" CHAR(1),
    "f3" CHAR(1),
    "f4" CHAR(1)
);
success!
timestamp: 2020-08-11T11:56:06.848804
CREATE TABLE "dfwidgets0"(
    "id" INTEGER PRIMARY KEY AUTOINCREMENT,
    "f0" CHAR(512)
);
success!
timestamp: 2020-08-11T11:56:06.869115
CREATE TABLE "dfwidgets1"(
    "id" INTEGER PRIMARY KEY AUTOINCREMENT,
    "f0" CHAR(512)
);
success!
timestamp: 2020-08-11T11:56:06.887450
CREATE TABLE "dfwidgets2"(
    "id" INTEGER PRIMARY KEY AUTOINCREMENT,
    "f0" CHAR(512)
);
success!
timestamp: 2020-08-11T11:56:06.909304
CREATE TABLE "dfwidgets3"(
    "id" INTEGER PRIMARY KEY AUTOINCREMENT,
    "f0" CHAR(512)
);
success!
timestamp: 2020-08-11T11:56:06.934053
CREATE TABLE "dfwidgets4"(
    "id" INTEGER PRIMARY KEY AUTOINCREMENT,
    "f0" CHAR(512)
);
success!
timestamp: 2020-08-11T11:56:06.958184
CREATE TABLE "dfwidgets5"(
    "id" INTEGER PRIMARY KEY AUTOINCREMENT,
    "f0" CHAR(512)
);
success!
timestamp: 2020-08-11T11:56:06.981303
CREATE TABLE "dfwidgets6"(
    "id" INTEGER PRIMARY KEY AUTOINCREMENT,
    "f0" CHAR(512)
);
success!
timestamp: 2020-08-11T11:56:06.998796
CREATE TABLE "dfwidgets7"(
    "id" INTEGER PRIMARY KEY AUTOINCREMENT,
    "f0" CHAR(1),
    "f1" CHAR(1),
    "f2" CHAR(1),
    "f3" CHAR(1),
    "f4" CHAR(1)
);
success!
timestamp: 2020-08-11T11:56:07.017024
CREATE TABLE "dfchartjs0"(
    "id" INTEGER PRIMARY KEY AUTOINCREMENT,
    "f0" CHAR(512)
);
success!
timestamp: 2020-08-11T11:56:07.033523
CREATE TABLE "dfchartjs1"(
    "id" INTEGER PRIMARY KEY AUTOINCREMENT,
    "f0" CHAR(1),
    "f1" CHAR(1),
    "f2" CHAR(1),
    "f3" CHAR(1),
    "f4" CHAR(1)
);
success!
timestamp: 2020-08-11T11:56:07.050957
CREATE TABLE "dfmorris0"(
    "id" INTEGER PRIMARY KEY AUTOINCREMENT,
    "f0" CHAR(512)
);
success!
timestamp: 2020-08-11T11:56:07.077267
CREATE TABLE "dfmorris1"(
    "id" INTEGER PRIMARY KEY AUTOINCREMENT,
    "f0" CHAR(1),
    "f1" CHAR(1),
    "f2" CHAR(1),
    "f3" CHAR(1),
    "f4" CHAR(1)
);
success!
timestamp: 2020-08-11T11:56:07.100589
CREATE TABLE "dfflot0"(
    "id" INTEGER PRIMARY KEY AUTOINCREMENT,
    "f0" CHAR(512)
);
success!
timestamp: 2020-08-11T11:56:07.122056
CREATE TABLE "dfflot1"(
    "id" INTEGER PRIMARY KEY AUTOINCREMENT,
    "f0" CHAR(1),
    "f1" CHAR(1),
    "f2" CHAR(1),
    "f3" CHAR(1),
    "f4" CHAR(1)
);
success!
timestamp: 2020-08-11T11:56:07.140995
CREATE TABLE "dfinline0"(
    "id" INTEGER PRIMARY KEY AUTOINCREMENT,
    "f0" CHAR(512)
);
success!
timestamp: 2020-08-11T11:56:07.167237
CREATE TABLE "dfinline1"(
    "id" INTEGER PRIMARY KEY AUTOINCREMENT,
    "f0" CHAR(1),
    "f1" CHAR(1),
    "f2" CHAR(1),
    "f3" CHAR(1),
    "f4" CHAR(1)
);
success!
timestamp: 2020-08-11T11:56:07.209528
CREATE TABLE "dfgeneral0"(
    "id" INTEGER PRIMARY KEY AUTOINCREMENT,
    "f0" CHAR(512)
);
success!
timestamp: 2020-08-11T11:56:07.227898
CREATE TABLE "dfgeneral1"(
    "id" INTEGER PRIMARY KEY AUTOINCREMENT,
    "f0" CHAR(1),
    "f1" CHAR(1),
    "f2" CHAR(1),
    "f3" CHAR(1),
    "f4" CHAR(1)
);
success!
timestamp: 2020-08-11T11:56:07.247212
CREATE TABLE "dficons0"(
    "id" INTEGER PRIMARY KEY AUTOINCREMENT,
    "f0" CHAR(512)
);
success!
timestamp: 2020-08-11T11:56:07.270437
CREATE TABLE "dficons1"(
    "id" INTEGER PRIMARY KEY AUTOINCREMENT,
    "f0" CHAR(1),
    "f1" CHAR(1),
    "f2" CHAR(1),
    "f3" CHAR(1),
    "f4" CHAR(1)
);
success!
timestamp: 2020-08-11T11:56:07.292409
CREATE TABLE "dfbuttons0"(
    "id" INTEGER PRIMARY KEY AUTOINCREMENT,
    "f0" CHAR(512)
);
success!
timestamp: 2020-08-11T11:56:07.314921
CREATE TABLE "dfbuttons1"(
    "id" INTEGER PRIMARY KEY AUTOINCREMENT,
    "f0" CHAR(1),
    "f1" CHAR(1),
    "f2" CHAR(1),
    "f3" CHAR(1),
    "f4" CHAR(1)
);
success!
timestamp: 2020-08-11T11:56:07.336880
CREATE TABLE "dfsliders0"(
    "id" INTEGER PRIMARY KEY AUTOINCREMENT,
    "f0" CHAR(512)
);
success!
timestamp: 2020-08-11T11:56:07.358968
CREATE TABLE "dfsliders1"(
    "id" INTEGER PRIMARY KEY AUTOINCREMENT,
    "f0" CHAR(1),
    "f1" CHAR(1),
    "f2" CHAR(1),
    "f3" CHAR(1),
    "f4" CHAR(1)
);
success!
timestamp: 2020-08-11T11:56:07.378419
CREATE TABLE "dftimeline0"(
    "id" INTEGER PRIMARY KEY AUTOINCREMENT,
    "f0" CHAR(512)
);
success!
timestamp: 2020-08-11T11:56:07.399050
CREATE TABLE "dftimeline1"(
    "id" INTEGER PRIMARY KEY AUTOINCREMENT,
    "f0" CHAR(1),
    "f1" CHAR(1),
    "f2" CHAR(1),
    "f3" CHAR(1),
    "f4" CHAR(1)
);
success!
timestamp: 2020-08-11T11:56:07.418668
CREATE TABLE "dfmodals0"(
    "id" INTEGER PRIMARY KEY AUTOINCREMENT,
    "f0" CHAR(512)
);
success!
timestamp: 2020-08-11T11:56:07.444157
CREATE TABLE "dfmodals1"(
    "id" INTEGER PRIMARY KEY AUTOINCREMENT,
    "f0" CHAR(1),
    "f1" CHAR(1),
    "f2" CHAR(1),
    "f3" CHAR(1),
    "f4" CHAR(1)
);
success!
timestamp: 2020-08-11T11:56:07.469579
CREATE TABLE "dfadvanced0"(
    "id" INTEGER PRIMARY KEY AUTOINCREMENT,
    "f0" CHAR(512)
);
success!
timestamp: 2020-08-11T11:56:07.496600
CREATE TABLE "dfadvanced1"(
    "id" INTEGER PRIMARY KEY AUTOINCREMENT,
    "f0" CHAR(1),
    "f1" CHAR(1),
    "f2" CHAR(1),
    "f3" CHAR(1),
    "f4" CHAR(1)
);
success!
timestamp: 2020-08-11T11:56:07.535782
CREATE TABLE "dfeditors0"(
    "id" INTEGER PRIMARY KEY AUTOINCREMENT,
    "f0" CHAR(512)
);
success!
timestamp: 2020-08-11T11:56:07.564684
CREATE TABLE "dfeditors1"(
    "id" INTEGER PRIMARY KEY AUTOINCREMENT,
    "f0" TEXT
);
success!
timestamp: 2020-08-11T11:56:07.602503
CREATE TABLE "dfeditors2"(
    "id" INTEGER PRIMARY KEY AUTOINCREMENT,
    "f0" TEXT
);
success!
timestamp: 2020-08-11T11:56:07.630766
CREATE TABLE "dfeditors3"(
    "id" INTEGER PRIMARY KEY AUTOINCREMENT,
    "f0" CHAR(1),
    "f1" CHAR(1),
    "f2" CHAR(1),
    "f3" CHAR(1),
    "f4" CHAR(1)
);
success!
timestamp: 2020-08-11T11:56:07.652081
CREATE TABLE "dfsimple0"(
    "id" INTEGER PRIMARY KEY AUTOINCREMENT,
    "f0" CHAR(512)
);
success!
timestamp: 2020-08-11T11:56:07.674480
CREATE TABLE "dfsimple1"(
    "id" INTEGER PRIMARY KEY AUTOINCREMENT,
    "f0" CHAR(1),
    "f1" CHAR(1),
    "f2" CHAR(1),
    "f3" CHAR(1),
    "f4" CHAR(1)
);
success!
timestamp: 2020-08-11T11:56:07.694230
CREATE TABLE "dfdata0"(
    "id" INTEGER PRIMARY KEY AUTOINCREMENT,
    "f0" CHAR(512)
);
success!
timestamp: 2020-08-11T11:56:07.724383
CREATE TABLE "dfdata1"(
    "id" INTEGER PRIMARY KEY AUTOINCREMENT,
    "f0" CHAR(1),
    "f1" CHAR(1),
    "f2" CHAR(1),
    "f3" CHAR(1),
    "f4" CHAR(1)
);
success!
timestamp: 2020-08-11T11:56:07.744096
CREATE TABLE "dfcalendar0"(
    "id" INTEGER PRIMARY KEY AUTOINCREMENT,
    "f0" CHAR(512)
);
success!
timestamp: 2020-08-11T11:56:07.767346
CREATE TABLE "dfcalendar1"(
    "id" INTEGER PRIMARY KEY AUTOINCREMENT,
    "f0" CHAR(1),
    "f1" CHAR(1),
    "f2" CHAR(1),
    "f3" CHAR(1),
    "f4" CHAR(1)
);
success!
timestamp: 2020-08-11T11:56:07.790244
CREATE TABLE "dfmailbox0"(
    "id" INTEGER PRIMARY KEY AUTOINCREMENT,
    "f0" CHAR(512)
);
success!
timestamp: 2020-08-11T11:56:07.817068
CREATE TABLE "dfmailbox1"(
    "id" INTEGER PRIMARY KEY AUTOINCREMENT,
    "f0" CHAR(1),
    "f1" CHAR(1),
    "f2" CHAR(1),
    "f3" CHAR(1),
    "f4" CHAR(1)
);
success!
timestamp: 2020-08-11T11:56:07.843469
CREATE TABLE "dfinvoice0"(
    "id" INTEGER PRIMARY KEY AUTOINCREMENT,
    "f0" CHAR(512)
);
success!
timestamp: 2020-08-11T11:56:07.870762
CREATE TABLE "dfinvoice1"(
    "id" INTEGER PRIMARY KEY AUTOINCREMENT,
    "f0" CHAR(1),
    "f1" CHAR(1),
    "f2" CHAR(1),
    "f3" CHAR(1),
    "f4" CHAR(1)
);
success!
timestamp: 2020-08-11T11:56:07.896111
CREATE TABLE "dfprofile0"(
    "id" INTEGER PRIMARY KEY AUTOINCREMENT,
    "f0" CHAR(512)
);
success!
timestamp: 2020-08-11T11:56:07.918336
CREATE TABLE "dfprofile1"(
    "id" INTEGER PRIMARY KEY AUTOINCREMENT,
    "f0" CHAR(512)
);
success!
timestamp: 2020-08-11T11:56:07.936898
CREATE TABLE "dfprofile2"(
    "id" INTEGER PRIMARY KEY AUTOINCREMENT,
    "f0" CHAR(512),
    "f1" CHAR(512),
    "f2" CHAR(512),
    "f3" TEXT
);
success!
timestamp: 2020-08-11T11:56:07.957788
CREATE TABLE "dfprofile3"(
    "id" INTEGER PRIMARY KEY AUTOINCREMENT,
    "f0" CHAR(1),
    "f1" CHAR(1),
    "f2" CHAR(1),
    "f3" CHAR(1),
    "f4" CHAR(1)
);
success!
timestamp: 2020-08-11T11:56:07.979406
CREATE TABLE "dflogin0"(
    "id" INTEGER PRIMARY KEY AUTOINCREMENT,
    "f0" CHAR(512),
    "f1" CHAR(512),
    "f2" CHAR(1)
);
success!
timestamp: 2020-08-11T11:56:07.998295
CREATE TABLE "dfregister0"(
    "id" INTEGER PRIMARY KEY AUTOINCREMENT,
    "f0" CHAR(512),
    "f1" CHAR(512),
    "f2" CHAR(512),
    "f3" CHAR(512),
    "f4" CHAR(1)
);
success!
timestamp: 2020-08-11T11:56:08.018557
CREATE TABLE "dflockscreen0"(
    "id" INTEGER PRIMARY KEY AUTOINCREMENT,
    "f0" CHAR(512)
);
success!
timestamp: 2020-08-11T11:56:08.041037
CREATE TABLE "dfX4040"(
    "id" INTEGER PRIMARY KEY AUTOINCREMENT,
    "f0" CHAR(512)
);
success!
timestamp: 2020-08-11T11:56:08.062531
CREATE TABLE "dfX4041"(
    "id" INTEGER PRIMARY KEY AUTOINCREMENT,
    "f0" CHAR(512)
);
success!
timestamp: 2020-08-11T11:56:08.086780
CREATE TABLE "dfX4042"(
    "id" INTEGER PRIMARY KEY AUTOINCREMENT,
    "f0" CHAR(1),
    "f1" CHAR(1),
    "f2" CHAR(1),
    "f3" CHAR(1),
    "f4" CHAR(1)
);
success!
timestamp: 2020-08-11T11:56:08.114257
CREATE TABLE "dfX5000"(
    "id" INTEGER PRIMARY KEY AUTOINCREMENT,
    "f0" CHAR(512)
);
success!
timestamp: 2020-08-11T11:56:08.139745
CREATE TABLE "dfX5001"(
    "id" INTEGER PRIMARY KEY AUTOINCREMENT,
    "f0" CHAR(512)
);
success!
timestamp: 2020-08-11T11:56:08.170079
CREATE TABLE "dfX5002"(
    "id" INTEGER PRIMARY KEY AUTOINCREMENT,
    "f0" CHAR(1),
    "f1" CHAR(1),
    "f2" CHAR(1),
    "f3" CHAR(1),
    "f4" CHAR(1)
);
success!
timestamp: 2020-08-11T11:56:08.188751
CREATE TABLE "dfblank0"(
    "id" INTEGER PRIMARY KEY AUTOINCREMENT,
    "f0" CHAR(512)
);
success!
timestamp: 2020-08-11T11:56:08.206491
CREATE TABLE "dfblank1"(
    "id" INTEGER PRIMARY KEY AUTOINCREMENT,
    "f0" CHAR(1),
    "f1" CHAR(1),
    "f2" CHAR(1),
    "f3" CHAR(1),
    "f4" CHAR(1)
);
success!
timestamp: 2020-08-11T11:56:08.227228
CREATE TABLE "dfpace0"(
    "id" INTEGER PRIMARY KEY AUTOINCREMENT,
    "f0" CHAR(512)
);
success!
timestamp: 2020-08-11T11:56:08.247793
CREATE TABLE "dfpace1"(
    "id" INTEGER PRIMARY KEY AUTOINCREMENT,
    "f0" CHAR(1),
    "f1" CHAR(1),
    "f2" CHAR(1),
    "f3" CHAR(1),
    "f4" CHAR(1)
);
success!
timestamp: 2020-08-11T11:56:08.270337
CREATE TABLE "dfcompose0"(
    "id" INTEGER PRIMARY KEY AUTOINCREMENT,
    "f0" CHAR(512)
);
success!
timestamp: 2020-08-11T11:56:08.287487
CREATE TABLE "dfcompose1"(
    "id" INTEGER PRIMARY KEY AUTOINCREMENT,
    "f0" CHAR(1),
    "f1" CHAR(1),
    "f2" CHAR(1),
    "f3" CHAR(1),
    "f4" CHAR(1)
);
success!
timestamp: 2020-08-11T11:56:08.306335
CREATE TABLE "dfreadXmail0"(
    "id" INTEGER PRIMARY KEY AUTOINCREMENT,
    "f0" CHAR(512)
);
success!
timestamp: 2020-08-11T11:56:08.330393
CREATE TABLE "dfreadXmail1"(
    "id" INTEGER PRIMARY KEY AUTOINCREMENT,
    "f0" CHAR(1),
    "f1" CHAR(1),
    "f2" CHAR(1),
    "f3" CHAR(1),
    "f4" CHAR(1)
);
success!
timestamp: 2020-08-11T11:56:08.349757
CREATE TABLE "tindex20"(
    "id" INTEGER PRIMARY KEY AUTOINCREMENT,
    "f0" CHAR(512),
    "f1" CHAR(512),
    "f2" CHAR(512),
    "f3" CHAR(512)
);
success!
timestamp: 2020-08-11T11:56:08.369193
CREATE TABLE "tbuttons0"(
    "id" INTEGER PRIMARY KEY AUTOINCREMENT,
    "f0" CHAR(512),
    "f1" CHAR(512),
    "f2" CHAR(512),
    "f3" CHAR(512),
    "f4" CHAR(512),
    "f5" CHAR(512)
);
success!
timestamp: 2020-08-11T11:56:08.388442
CREATE TABLE "tbuttons1"(
    "id" INTEGER PRIMARY KEY AUTOINCREMENT,
    "f0" CHAR(512),
    "f1" CHAR(512),
    "f2" CHAR(512),
    "f3" CHAR(512)
);
success!
timestamp: 2020-08-11T11:56:08.407711
CREATE TABLE "tbuttons2"(
    "id" INTEGER PRIMARY KEY AUTOINCREMENT,
    "f0" CHAR(512),
    "f1" CHAR(512),
    "f2" CHAR(512),
    "f3" CHAR(512)
);
success!
timestamp: 2020-08-11T11:56:08.426620
CREATE TABLE "tsimple0"(
    "id" INTEGER PRIMARY KEY AUTOINCREMENT,
    "f0" CHAR(512),
    "f1" CHAR(512),
    "f2" CHAR(512),
    "f3" CHAR(512)
);
success!
timestamp: 2020-08-11T11:56:08.445515
CREATE TABLE "tsimple1"(
    "id" INTEGER PRIMARY KEY AUTOINCREMENT,
    "f0" CHAR(512),
    "f1" CHAR(512),
    "f2" CHAR(512),
    "f3" CHAR(512)
);
success!
timestamp: 2020-08-11T11:56:08.467034
CREATE TABLE "tsimple2"(
    "id" INTEGER PRIMARY KEY AUTOINCREMENT,
    "f0" CHAR(512),
    "f1" CHAR(512),
    "f2" CHAR(512),
    "f3" CHAR(512)
);
success!
timestamp: 2020-08-11T11:56:08.488019
CREATE TABLE "tsimple3"(
    "id" INTEGER PRIMARY KEY AUTOINCREMENT,
    "f0" CHAR(512),
    "f1" CHAR(512),
    "f2" CHAR(512),
    "f3" CHAR(512)
);
success!
timestamp: 2020-08-11T11:56:08.512882
CREATE TABLE "tsimple4"(
    "id" INTEGER PRIMARY KEY AUTOINCREMENT,
    "f0" CHAR(512),
    "f1" CHAR(512),
    "f2" CHAR(512),
    "f3" CHAR(512),
    "f4" CHAR(512)
);
success!
timestamp: 2020-08-11T11:56:08.536792
CREATE TABLE "tdata0"(
    "id" INTEGER PRIMARY KEY AUTOINCREMENT,
    "f0" CHAR(512),
    "f1" CHAR(512),
    "f2" CHAR(512),
    "f3" CHAR(512),
    "f4" CHAR(512)
);
success!
timestamp: 2020-08-11T11:56:08.562748
CREATE TABLE "tdata1"(
    "id" INTEGER PRIMARY KEY AUTOINCREMENT,
    "f0" CHAR(512),
    "f1" CHAR(512),
    "f2" CHAR(512),
    "f3" CHAR(512),
    "f4" CHAR(512)
);
success!
timestamp: 2020-08-11T11:56:08.583212
CREATE TABLE "tmailbox0"(
    "id" INTEGER PRIMARY KEY AUTOINCREMENT,
    "f0" CHAR(512),
    "f1" CHAR(512),
    "f2" CHAR(512),
    "f3" CHAR(512),
    "f4" CHAR(512),
    "f5" CHAR(512)
);
success!
timestamp: 2020-08-11T11:56:08.608876
CREATE TABLE "tinvoice0"(
    "id" INTEGER PRIMARY KEY AUTOINCREMENT,
    "f0" CHAR(512),
    "f1" CHAR(512),
    "f2" CHAR(512),
    "f3" CHAR(512),
    "f4" CHAR(512)
);
success!
timestamp: 2020-08-11T11:56:08.635392
CREATE TABLE "tinvoice1"(
    "id" INTEGER PRIMARY KEY AUTOINCREMENT,
    "f0" CHAR(512),
    "f1" CHAR(512)
);
success!
timestamp: 2020-08-11T11:56:08.656147
CREATE TABLE "tinvoiceXprint0"(
    "id" INTEGER PRIMARY KEY AUTOINCREMENT,
    "f0" CHAR(512),
    "f1" CHAR(512),
    "f2" CHAR(512),
    "f3" CHAR(512),
    "f4" CHAR(512)
);
success!
timestamp: 2020-08-11T11:56:08.681553
CREATE TABLE "tinvoiceXprint1"(
    "id" INTEGER PRIMARY KEY AUTOINCREMENT,
    "f0" CHAR(512),
    "f1" CHAR(512)
);
success!
