timestamp: 2020-08-03T11:38:32.103015
CREATE TABLE "auth_user"(
    "id" INTEGER PRIMARY KEY AUTOINCREMENT,
    "username" CHAR(512) UNIQUE,
    "email" CHAR(512) UNIQUE,
    "password" CHAR(512),
    "first_name" CHAR(512),
    "last_name" CHAR(512),
    "sso_id" CHAR(512),
    "action_token" CHAR(512),
    "last_password_change" TIMESTAMP,
    "past_passwords_hash" TEXT
);
success!
timestamp: 2020-08-03T11:38:32.119243
CREATE TABLE "auth_user_tag_groups"(
    "id" INTEGER PRIMARY KEY AUTOINCREMENT,
    "path" CHAR(512),
    "record_id" INTEGER REFERENCES "auth_user" ("id") ON DELETE CASCADE  
);
success!
timestamp: 2020-08-11T12:03:14.622903
CREATE TABLE "dfindex0"(
    "id" INTEGER PRIMARY KEY AUTOINCREMENT,
    "f0" CHAR(512)
);
success!
timestamp: 2020-08-11T12:03:14.641845
CREATE TABLE "dfindex1"(
    "id" INTEGER PRIMARY KEY AUTOINCREMENT,
    "f0" CHAR(512),
    "f1" CHAR(512),
    "f2" TEXT
);
success!
timestamp: 2020-08-11T12:03:14.661964
CREATE TABLE "dfwidgets0"(
    "id" INTEGER PRIMARY KEY AUTOINCREMENT,
    "f0" CHAR(512)
);
success!
timestamp: 2020-08-11T12:03:14.682511
CREATE TABLE "dfmorris0"(
    "id" INTEGER PRIMARY KEY AUTOINCREMENT,
    "f0" CHAR(512)
);
success!
timestamp: 2020-08-11T12:03:14.699984
CREATE TABLE "dfflot0"(
    "id" INTEGER PRIMARY KEY AUTOINCREMENT,
    "f0" CHAR(512)
);
success!
timestamp: 2020-08-11T12:03:14.718180
CREATE TABLE "dfinline0"(
    "id" INTEGER PRIMARY KEY AUTOINCREMENT,
    "f0" CHAR(512)
);
success!
timestamp: 2020-08-11T12:03:14.736218
CREATE TABLE "dfgeneral0"(
    "id" INTEGER PRIMARY KEY AUTOINCREMENT,
    "f0" CHAR(512)
);
success!
timestamp: 2020-08-11T12:03:14.755255
CREATE TABLE "dficons0"(
    "id" INTEGER PRIMARY KEY AUTOINCREMENT,
    "f0" CHAR(512)
);
success!
timestamp: 2020-08-11T12:03:14.780039
CREATE TABLE "dfbuttons0"(
    "id" INTEGER PRIMARY KEY AUTOINCREMENT,
    "f0" CHAR(512)
);
success!
timestamp: 2020-08-11T12:03:14.805461
CREATE TABLE "dfsliders0"(
    "id" INTEGER PRIMARY KEY AUTOINCREMENT,
    "f0" CHAR(512)
);
success!
timestamp: 2020-08-11T12:03:14.829230
CREATE TABLE "dftimeline0"(
    "id" INTEGER PRIMARY KEY AUTOINCREMENT,
    "f0" CHAR(512)
);
success!
timestamp: 2020-08-11T12:03:14.851519
CREATE TABLE "dfadvanced0"(
    "id" INTEGER PRIMARY KEY AUTOINCREMENT,
    "f0" CHAR(512)
);
success!
timestamp: 2020-08-11T12:03:14.870139
CREATE TABLE "dfeditors0"(
    "id" INTEGER PRIMARY KEY AUTOINCREMENT,
    "f0" CHAR(512)
);
success!
timestamp: 2020-08-11T12:03:14.887196
CREATE TABLE "dfeditors1"(
    "id" INTEGER PRIMARY KEY AUTOINCREMENT,
    "f0" TEXT
);
success!
timestamp: 2020-08-11T12:03:14.904596
CREATE TABLE "dfeditors2"(
    "id" INTEGER PRIMARY KEY AUTOINCREMENT,
    "f0" TEXT
);
success!
timestamp: 2020-08-11T12:03:14.922062
CREATE TABLE "dfsimple0"(
    "id" INTEGER PRIMARY KEY AUTOINCREMENT,
    "f0" CHAR(512)
);
success!
timestamp: 2020-08-11T12:03:14.964690
CREATE TABLE "dfdata0"(
    "id" INTEGER PRIMARY KEY AUTOINCREMENT,
    "f0" CHAR(512)
);
success!
timestamp: 2020-08-11T12:03:14.984126
CREATE TABLE "dfcalendar0"(
    "id" INTEGER PRIMARY KEY AUTOINCREMENT,
    "f0" CHAR(512)
);
success!
timestamp: 2020-08-11T12:03:15.020299
CREATE TABLE "dfmailbox0"(
    "id" INTEGER PRIMARY KEY AUTOINCREMENT,
    "f0" CHAR(512)
);
success!
timestamp: 2020-08-11T12:03:15.039479
CREATE TABLE "dfmailbox1"(
    "id" INTEGER PRIMARY KEY AUTOINCREMENT,
    "f0" CHAR(512)
);
success!
timestamp: 2020-08-11T12:03:15.058352
CREATE TABLE "dfmailbox2"(
    "id" INTEGER PRIMARY KEY AUTOINCREMENT,
    "f0" CHAR(512),
    "f1" CHAR(512),
    "f2" CHAR(512),
    "f3" TEXT
);
success!
timestamp: 2020-08-11T12:03:15.077112
CREATE TABLE "dfinvoice0"(
    "id" INTEGER PRIMARY KEY AUTOINCREMENT,
    "f0" CHAR(512)
);
success!
timestamp: 2020-08-11T12:03:15.095214
CREATE TABLE "dflogin0"(
    "id" INTEGER PRIMARY KEY AUTOINCREMENT,
    "f0" CHAR(512),
    "f1" CHAR(512),
    "f2" CHAR(1)
);
success!
timestamp: 2020-08-11T12:03:15.111287
CREATE TABLE "dfregister0"(
    "id" INTEGER PRIMARY KEY AUTOINCREMENT,
    "f0" CHAR(512),
    "f1" CHAR(512),
    "f2" CHAR(512),
    "f3" CHAR(512)
);
success!
timestamp: 2020-08-11T12:03:15.140040
CREATE TABLE "dfX4040"(
    "id" INTEGER PRIMARY KEY AUTOINCREMENT,
    "f0" CHAR(512)
);
success!
timestamp: 2020-08-11T12:03:15.159420
CREATE TABLE "dfX4041"(
    "id" INTEGER PRIMARY KEY AUTOINCREMENT,
    "f0" CHAR(512)
);
success!
timestamp: 2020-08-11T12:03:15.182615
CREATE TABLE "dfX5000"(
    "id" INTEGER PRIMARY KEY AUTOINCREMENT,
    "f0" CHAR(512)
);
success!
timestamp: 2020-08-11T12:03:15.209245
CREATE TABLE "dfX5001"(
    "id" INTEGER PRIMARY KEY AUTOINCREMENT,
    "f0" CHAR(512)
);
success!
timestamp: 2020-08-11T12:03:15.235952
CREATE TABLE "dfblank0"(
    "id" INTEGER PRIMARY KEY AUTOINCREMENT,
    "f0" CHAR(512)
);
success!
timestamp: 2020-08-11T12:03:15.263350
CREATE TABLE "tbuttons0"(
    "id" INTEGER PRIMARY KEY AUTOINCREMENT,
    "f0" CHAR(512),
    "f1" CHAR(512),
    "f2" CHAR(512),
    "f3" CHAR(512),
    "f4" CHAR(512)
);
success!
timestamp: 2020-08-11T12:03:15.290920
CREATE TABLE "tbuttons1"(
    "id" INTEGER PRIMARY KEY AUTOINCREMENT,
    "f0" CHAR(512),
    "f1" CHAR(512),
    "f2" CHAR(512),
    "f3" CHAR(512)
);
success!
timestamp: 2020-08-11T12:03:15.313389
CREATE TABLE "tbuttons2"(
    "id" INTEGER PRIMARY KEY AUTOINCREMENT,
    "f0" CHAR(512),
    "f1" CHAR(512),
    "f2" CHAR(512),
    "f3" CHAR(512)
);
success!
timestamp: 2020-08-11T12:03:15.334530
CREATE TABLE "tsimple0"(
    "id" INTEGER PRIMARY KEY AUTOINCREMENT,
    "f0" CHAR(512),
    "f1" CHAR(512),
    "f2" CHAR(512),
    "f3" CHAR(512)
);
success!
timestamp: 2020-08-11T12:03:15.355704
CREATE TABLE "tsimple1"(
    "id" INTEGER PRIMARY KEY AUTOINCREMENT,
    "f0" CHAR(512),
    "f1" CHAR(512),
    "f2" CHAR(512),
    "f3" CHAR(512)
);
success!
timestamp: 2020-08-11T12:03:15.380167
CREATE TABLE "tsimple2"(
    "id" INTEGER PRIMARY KEY AUTOINCREMENT,
    "f0" CHAR(512),
    "f1" CHAR(512),
    "f2" CHAR(512),
    "f3" CHAR(512)
);
success!
timestamp: 2020-08-11T12:03:15.400767
CREATE TABLE "tsimple3"(
    "id" INTEGER PRIMARY KEY AUTOINCREMENT,
    "f0" CHAR(512),
    "f1" CHAR(512),
    "f2" CHAR(512),
    "f3" CHAR(512)
);
success!
timestamp: 2020-08-11T12:03:15.421359
CREATE TABLE "tsimple4"(
    "id" INTEGER PRIMARY KEY AUTOINCREMENT,
    "f0" CHAR(512),
    "f1" CHAR(512),
    "f2" CHAR(512),
    "f3" CHAR(512),
    "f4" CHAR(512)
);
success!
timestamp: 2020-08-11T12:03:15.443604
CREATE TABLE "tdata0"(
    "id" INTEGER PRIMARY KEY AUTOINCREMENT,
    "f0" CHAR(512),
    "f1" CHAR(512),
    "f2" CHAR(512),
    "f3" CHAR(512),
    "f4" CHAR(512)
);
success!
timestamp: 2020-08-11T12:03:15.504281
CREATE TABLE "tdata1"(
    "id" INTEGER PRIMARY KEY AUTOINCREMENT,
    "f0" CHAR(512),
    "f1" CHAR(512),
    "f2" CHAR(512),
    "f3" CHAR(512),
    "f4" CHAR(512)
);
success!
timestamp: 2020-08-11T12:03:15.523664
CREATE TABLE "tmailbox0"(
    "id" INTEGER PRIMARY KEY AUTOINCREMENT,
    "f0" CHAR(512),
    "f1" CHAR(512),
    "f2" CHAR(512),
    "f3" CHAR(512),
    "f4" CHAR(512)
);
success!
timestamp: 2020-08-11T12:03:15.546635
CREATE TABLE "tinvoice0"(
    "id" INTEGER PRIMARY KEY AUTOINCREMENT,
    "f0" CHAR(512),
    "f1" CHAR(512),
    "f2" CHAR(512),
    "f3" CHAR(512),
    "f4" CHAR(512)
);
success!
timestamp: 2020-08-11T12:03:15.574785
CREATE TABLE "tinvoice1"(
    "id" INTEGER PRIMARY KEY AUTOINCREMENT,
    "f0" CHAR(512),
    "f1" CHAR(512)
);
success!
