timestamp: 2021-05-03T13:44:20.385631
CREATE TABLE "auth_user"(
    "id" INTEGER PRIMARY KEY AUTOINCREMENT,
    "username" CHAR(512) UNIQUE,
    "email" CHAR(512) UNIQUE,
    "password" CHAR(512),
    "first_name" CHAR(512),
    "last_name" CHAR(512),
    "sso_id" CHAR(512),
    "action_token" CHAR(512),
    "last_password_change" TIMESTAMP
);
success!
timestamp: 2021-05-03T13:44:20.396611
CREATE TABLE "auth_user_tag_groups"(
    "id" INTEGER PRIMARY KEY AUTOINCREMENT,
    "path" CHAR(512),
    "record_id" INTEGER REFERENCES "auth_user" ("id") ON DELETE CASCADE  
);
success!
timestamp: 2021-05-03T13:44:20.684180
CREATE TABLE "test_table"(
    "id" INTEGER PRIMARY KEY AUTOINCREMENT,
    "f0" CHAR(512),
    "f1" CHAR(512),
    "f2" CHAR(512)
);
success!
timestamp: 2021-05-03T13:44:20.718115
CREATE TABLE "dfindex0"(
    "id" INTEGER PRIMARY KEY AUTOINCREMENT,
    "f0" CHAR(1024)
);
success!
timestamp: 2021-05-03T13:44:20.728375
CREATE TABLE "dfindex1"(
    "id" INTEGER PRIMARY KEY AUTOINCREMENT,
    "f0" CHAR(1024)
);
success!
timestamp: 2021-05-03T13:44:20.741933
CREATE TABLE "dfindex2"(
    "id" INTEGER PRIMARY KEY AUTOINCREMENT,
    "f0" CHAR(1024)
);
success!
timestamp: 2021-05-03T13:44:20.752496
CREATE TABLE "dfindex3"(
    "id" INTEGER PRIMARY KEY AUTOINCREMENT,
    "f0" CHAR(1024)
);
success!
timestamp: 2021-05-03T13:44:20.762817
CREATE TABLE "dfindex4"(
    "id" INTEGER PRIMARY KEY AUTOINCREMENT,
    "f0" CHAR(1024)
);
success!
timestamp: 2021-05-03T13:44:20.772845
CREATE TABLE "dfindex5"(
    "id" INTEGER PRIMARY KEY AUTOINCREMENT,
    "f0" CHAR(1024)
);
success!
timestamp: 2021-05-03T13:44:20.783147
CREATE TABLE "dfindex6"(
    "id" INTEGER PRIMARY KEY AUTOINCREMENT,
    "f0" CHAR(1024)
);
success!
timestamp: 2021-05-03T13:44:20.793469
CREATE TABLE "dfindex7"(
    "id" INTEGER PRIMARY KEY AUTOINCREMENT,
    "f0" CHAR(1024)
);
success!
timestamp: 2021-05-03T13:44:20.804090
CREATE TABLE "dfindexX20"(
    "id" INTEGER PRIMARY KEY AUTOINCREMENT,
    "f0" CHAR(1024)
);
success!
timestamp: 2021-05-03T13:44:20.813888
CREATE TABLE "dfindexX21"(
    "id" INTEGER PRIMARY KEY AUTOINCREMENT,
    "f0" CHAR(1024)
);
success!
timestamp: 2021-05-03T13:44:20.834896
CREATE TABLE "dfindexX22"(
    "id" INTEGER PRIMARY KEY AUTOINCREMENT,
    "f0" CHAR(1024)
);
success!
timestamp: 2021-05-03T13:44:20.845684
CREATE TABLE "dfindexX23"(
    "id" INTEGER PRIMARY KEY AUTOINCREMENT,
    "f0" CHAR(1024)
);
success!
timestamp: 2021-05-03T13:44:20.856617
CREATE TABLE "dfindexX24"(
    "id" INTEGER PRIMARY KEY AUTOINCREMENT,
    "f0" CHAR(1024)
);
success!
timestamp: 2021-05-03T13:44:20.867438
CREATE TABLE "dfindexX25"(
    "id" INTEGER PRIMARY KEY AUTOINCREMENT,
    "f0" CHAR(1024)
);
success!
timestamp: 2021-05-03T13:44:20.878359
CREATE TABLE "dfindexX26"(
    "id" INTEGER PRIMARY KEY AUTOINCREMENT,
    "f0" CHAR(1024)
);
success!
timestamp: 2021-05-03T13:44:20.889453
CREATE TABLE "dfindexX27"(
    "id" INTEGER PRIMARY KEY AUTOINCREMENT,
    "f0" CHAR(1024)
);
success!
timestamp: 2021-05-03T13:44:20.900309
CREATE TABLE "dfindexX30"(
    "id" INTEGER PRIMARY KEY AUTOINCREMENT,
    "f0" CHAR(1024)
);
success!
timestamp: 2021-05-03T13:44:20.913943
CREATE TABLE "dfindexX31"(
    "id" INTEGER PRIMARY KEY AUTOINCREMENT,
    "f0" CHAR(1024)
);
success!
timestamp: 2021-05-03T13:44:20.925347
CREATE TABLE "dfindexX32"(
    "id" INTEGER PRIMARY KEY AUTOINCREMENT,
    "f0" CHAR(1024)
);
success!
timestamp: 2021-05-03T13:44:20.936704
CREATE TABLE "dfindexX33"(
    "id" INTEGER PRIMARY KEY AUTOINCREMENT,
    "f0" CHAR(1024)
);
success!
timestamp: 2021-05-03T13:44:20.947659
CREATE TABLE "dfindexX34"(
    "id" INTEGER PRIMARY KEY AUTOINCREMENT,
    "f0" CHAR(1024)
);
success!
timestamp: 2021-05-03T13:44:20.958514
CREATE TABLE "dfindexX35"(
    "id" INTEGER PRIMARY KEY AUTOINCREMENT,
    "f0" CHAR(1024)
);
success!
timestamp: 2021-05-03T13:44:20.969392
CREATE TABLE "dfindexX36"(
    "id" INTEGER PRIMARY KEY AUTOINCREMENT,
    "f0" CHAR(1024)
);
success!
timestamp: 2021-05-03T13:44:20.988232
CREATE TABLE "dfindexX37"(
    "id" INTEGER PRIMARY KEY AUTOINCREMENT,
    "f0" CHAR(1024)
);
success!
timestamp: 2021-05-03T13:44:20.999167
CREATE TABLE "dfindexX40"(
    "id" INTEGER PRIMARY KEY AUTOINCREMENT,
    "f0" CHAR(1024)
);
success!
timestamp: 2021-05-03T13:44:21.010075
CREATE TABLE "dfindexX41"(
    "id" INTEGER PRIMARY KEY AUTOINCREMENT,
    "f0" CHAR(1024)
);
success!
timestamp: 2021-05-03T13:44:21.020369
CREATE TABLE "dfindexX42"(
    "id" INTEGER PRIMARY KEY AUTOINCREMENT,
    "f0" CHAR(1024)
);
success!
timestamp: 2021-05-03T13:44:21.030872
CREATE TABLE "dfindexX43"(
    "id" INTEGER PRIMARY KEY AUTOINCREMENT,
    "f0" CHAR(1024)
);
success!
timestamp: 2021-05-03T13:44:21.047146
CREATE TABLE "dfindexX44"(
    "id" INTEGER PRIMARY KEY AUTOINCREMENT,
    "f0" CHAR(1024)
);
success!
timestamp: 2021-05-03T13:44:21.057941
CREATE TABLE "dfindexX45"(
    "id" INTEGER PRIMARY KEY AUTOINCREMENT,
    "f0" CHAR(1024)
);
success!
timestamp: 2021-05-03T13:44:21.068818
CREATE TABLE "dfindexX46"(
    "id" INTEGER PRIMARY KEY AUTOINCREMENT,
    "f0" CHAR(1024)
);
success!
timestamp: 2021-05-03T13:44:21.079644
CREATE TABLE "dfindexX47"(
    "id" INTEGER PRIMARY KEY AUTOINCREMENT,
    "f0" CHAR(1024)
);
success!
timestamp: 2021-05-03T13:44:21.090100
CREATE TABLE "dfanalytics0"(
    "id" INTEGER PRIMARY KEY AUTOINCREMENT,
    "f0" CHAR(1024)
);
success!
timestamp: 2021-05-03T13:44:21.101568
CREATE TABLE "dfanalytics1"(
    "id" INTEGER PRIMARY KEY AUTOINCREMENT,
    "f0" CHAR(1024)
);
success!
timestamp: 2021-05-03T13:44:21.113773
CREATE TABLE "dfwidgets0"(
    "id" INTEGER PRIMARY KEY AUTOINCREMENT,
    "f0" CHAR(1024)
);
success!
timestamp: 2021-05-03T13:44:21.125156
CREATE TABLE "dfwidgets1"(
    "id" INTEGER PRIMARY KEY AUTOINCREMENT,
    "f0" CHAR(1024)
);
success!
timestamp: 2021-05-03T13:44:21.136263
CREATE TABLE "dfwidgets2"(
    "id" INTEGER PRIMARY KEY AUTOINCREMENT,
    "f0" CHAR(1024)
);
success!
timestamp: 2021-05-03T13:44:21.147563
CREATE TABLE "dfwidgets3"(
    "id" INTEGER PRIMARY KEY AUTOINCREMENT,
    "f0" CHAR(1024)
);
success!
timestamp: 2021-05-03T13:44:21.158467
CREATE TABLE "dfwidgets4"(
    "id" INTEGER PRIMARY KEY AUTOINCREMENT,
    "f0" CHAR(1024)
);
success!
timestamp: 2021-05-03T13:44:21.169480
CREATE TABLE "dfwidgets5"(
    "id" INTEGER PRIMARY KEY AUTOINCREMENT,
    "f0" CHAR(1024)
);
success!
timestamp: 2021-05-03T13:44:21.181071
CREATE TABLE "dfwidgets6"(
    "id" INTEGER PRIMARY KEY AUTOINCREMENT,
    "f0" TEXT
);
success!
timestamp: 2021-05-03T13:44:21.192012
CREATE TABLE "dfinbox0"(
    "id" INTEGER PRIMARY KEY AUTOINCREMENT,
    "f0" CHAR(1024)
);
success!
timestamp: 2021-05-03T13:44:21.202670
CREATE TABLE "dfinbox1"(
    "id" INTEGER PRIMARY KEY AUTOINCREMENT,
    "f0" CHAR(1024)
);
success!
timestamp: 2021-05-03T13:44:21.213680
CREATE TABLE "dfinbox2"(
    "id" INTEGER PRIMARY KEY AUTOINCREMENT,
    "f0" CHAR(1024)
);
success!
timestamp: 2021-05-03T13:44:21.225750
CREATE TABLE "dfinbox3"(
    "id" INTEGER PRIMARY KEY AUTOINCREMENT,
    "f0" CHAR(1)
);
success!
timestamp: 2021-05-03T13:44:21.237193
CREATE TABLE "dfinbox4"(
    "id" INTEGER PRIMARY KEY AUTOINCREMENT,
    "f0" CHAR(1)
);
success!
timestamp: 2021-05-03T13:44:21.248374
CREATE TABLE "dfinbox5"(
    "id" INTEGER PRIMARY KEY AUTOINCREMENT,
    "f0" CHAR(1)
);
success!
timestamp: 2021-05-03T13:44:21.259128
CREATE TABLE "dfinbox6"(
    "id" INTEGER PRIMARY KEY AUTOINCREMENT,
    "f0" CHAR(1)
);
success!
timestamp: 2021-05-03T13:44:21.270016
CREATE TABLE "dfinbox7"(
    "id" INTEGER PRIMARY KEY AUTOINCREMENT,
    "f0" CHAR(1)
);
success!
timestamp: 2021-05-03T13:44:21.280898
CREATE TABLE "dfinbox8"(
    "id" INTEGER PRIMARY KEY AUTOINCREMENT,
    "f0" CHAR(1)
);
success!
timestamp: 2021-05-03T13:44:21.291762
CREATE TABLE "dfinbox9"(
    "id" INTEGER PRIMARY KEY AUTOINCREMENT,
    "f0" CHAR(1)
);
success!
timestamp: 2021-05-03T13:44:21.303012
CREATE TABLE "dfinbox10"(
    "id" INTEGER PRIMARY KEY AUTOINCREMENT,
    "f0" CHAR(1)
);
success!
timestamp: 2021-05-03T13:44:21.314271
CREATE TABLE "dfviewXemail0"(
    "id" INTEGER PRIMARY KEY AUTOINCREMENT,
    "f0" CHAR(1024)
);
success!
timestamp: 2021-05-03T13:44:21.325406
CREATE TABLE "dfviewXemail1"(
    "id" INTEGER PRIMARY KEY AUTOINCREMENT,
    "f0" CHAR(1024)
);
success!
timestamp: 2021-05-03T13:44:21.336454
CREATE TABLE "dfcomposeXemail0"(
    "id" INTEGER PRIMARY KEY AUTOINCREMENT
);
success!
timestamp: 2021-05-03T13:44:21.346923
CREATE TABLE "dfanimations0"(
    "id" INTEGER PRIMARY KEY AUTOINCREMENT,
    "f0" CHAR(1024)
);
success!
timestamp: 2021-05-03T13:44:21.357927
CREATE TABLE "dfanimations1"(
    "id" INTEGER PRIMARY KEY AUTOINCREMENT,
    "f0" CHAR(1024)
);
success!
timestamp: 2021-05-03T13:44:21.368671
CREATE TABLE "dfgoogleXmap0"(
    "id" INTEGER PRIMARY KEY AUTOINCREMENT,
    "f0" CHAR(1024)
);
success!
timestamp: 2021-05-03T13:44:21.378942
CREATE TABLE "dfgoogleXmap1"(
    "id" INTEGER PRIMARY KEY AUTOINCREMENT,
    "f0" CHAR(1024)
);
success!
timestamp: 2021-05-03T13:44:21.389751
CREATE TABLE "dfdataXmap0"(
    "id" INTEGER PRIMARY KEY AUTOINCREMENT,
    "f0" CHAR(1024)
);
success!
timestamp: 2021-05-03T13:44:21.400624
CREATE TABLE "dfdataXmap1"(
    "id" INTEGER PRIMARY KEY AUTOINCREMENT,
    "f0" CHAR(1024)
);
success!
timestamp: 2021-05-03T13:44:21.411294
CREATE TABLE "dfcodeXeditor0"(
    "id" INTEGER PRIMARY KEY AUTOINCREMENT,
    "f0" CHAR(1024)
);
success!
timestamp: 2021-05-03T13:44:21.421771
CREATE TABLE "dfcodeXeditor1"(
    "id" INTEGER PRIMARY KEY AUTOINCREMENT,
    "f0" CHAR(1024)
);
success!
timestamp: 2021-05-03T13:44:21.432849
CREATE TABLE "dfimageXcropper0"(
    "id" INTEGER PRIMARY KEY AUTOINCREMENT,
    "f0" CHAR(1024)
);
success!
timestamp: 2021-05-03T13:44:21.443713
CREATE TABLE "dfimageXcropper1"(
    "id" INTEGER PRIMARY KEY AUTOINCREMENT,
    "f0" CHAR(1024)
);
success!
timestamp: 2021-05-03T13:44:21.454603
CREATE TABLE "dfwizard0"(
    "id" INTEGER PRIMARY KEY AUTOINCREMENT,
    "f0" CHAR(1024)
);
success!
timestamp: 2021-05-03T13:44:21.470612
CREATE TABLE "dfwizard1"(
    "id" INTEGER PRIMARY KEY AUTOINCREMENT,
    "f0" CHAR(1024)
);
success!
timestamp: 2021-05-03T13:44:21.482115
CREATE TABLE "dfflotXcharts0"(
    "id" INTEGER PRIMARY KEY AUTOINCREMENT,
    "f0" CHAR(1024)
);
success!
timestamp: 2021-05-03T13:44:21.493841
CREATE TABLE "dfflotXcharts1"(
    "id" INTEGER PRIMARY KEY AUTOINCREMENT,
    "f0" CHAR(1024)
);
success!
timestamp: 2021-05-03T13:44:21.505594
CREATE TABLE "dfbarXcharts0"(
    "id" INTEGER PRIMARY KEY AUTOINCREMENT,
    "f0" CHAR(1024)
);
success!
timestamp: 2021-05-03T13:44:21.517548
CREATE TABLE "dfbarXcharts1"(
    "id" INTEGER PRIMARY KEY AUTOINCREMENT,
    "f0" CHAR(1024)
);
success!
timestamp: 2021-05-03T13:44:21.529422
CREATE TABLE "dflineXcharts0"(
    "id" INTEGER PRIMARY KEY AUTOINCREMENT,
    "f0" CHAR(1024)
);
success!
timestamp: 2021-05-03T13:44:21.542556
CREATE TABLE "dflineXcharts1"(
    "id" INTEGER PRIMARY KEY AUTOINCREMENT,
    "f0" CHAR(1024)
);
success!
timestamp: 2021-05-03T13:44:21.554801
CREATE TABLE "dfareaXcharts0"(
    "id" INTEGER PRIMARY KEY AUTOINCREMENT,
    "f0" CHAR(1024)
);
success!
timestamp: 2021-05-03T13:44:21.575726
CREATE TABLE "dfareaXcharts1"(
    "id" INTEGER PRIMARY KEY AUTOINCREMENT,
    "f0" CHAR(1024)
);
success!
timestamp: 2021-05-03T13:44:21.588804
CREATE TABLE "dfnormalXtable0"(
    "id" INTEGER PRIMARY KEY AUTOINCREMENT,
    "f0" CHAR(1024)
);
success!
timestamp: 2021-05-03T13:44:21.601447
CREATE TABLE "dfnormalXtable1"(
    "id" INTEGER PRIMARY KEY AUTOINCREMENT,
    "f0" CHAR(1024)
);
success!
timestamp: 2021-05-03T13:44:21.614154
CREATE TABLE "dfdataXtable0"(
    "id" INTEGER PRIMARY KEY AUTOINCREMENT,
    "f0" CHAR(1024)
);
success!
timestamp: 2021-05-03T13:44:21.626245
CREATE TABLE "dfdataXtable1"(
    "id" INTEGER PRIMARY KEY AUTOINCREMENT,
    "f0" CHAR(1024)
);
success!
timestamp: 2021-05-03T13:44:21.638557
CREATE TABLE "dfformXelements0"(
    "id" INTEGER PRIMARY KEY AUTOINCREMENT,
    "f0" CHAR(1024)
);
success!
timestamp: 2021-05-03T13:44:21.651248
CREATE TABLE "dfformXelements1"(
    "id" INTEGER PRIMARY KEY AUTOINCREMENT,
    "f0" CHAR(1024)
);
success!
timestamp: 2021-05-03T13:44:21.663501
CREATE TABLE "dfformXelements2"(
    "id" INTEGER PRIMARY KEY AUTOINCREMENT,
    "f0" CHAR(1024)
);
success!
timestamp: 2021-05-03T13:44:21.675889
CREATE TABLE "dfformXelements3"(
    "id" INTEGER PRIMARY KEY AUTOINCREMENT,
    "f0" CHAR(1024)
);
success!
timestamp: 2021-05-03T13:44:21.688233
CREATE TABLE "dfformXelements4"(
    "id" INTEGER PRIMARY KEY AUTOINCREMENT,
    "f0" CHAR(1024)
);
success!
timestamp: 2021-05-03T13:44:21.700354
CREATE TABLE "dfformXelements5"(
    "id" INTEGER PRIMARY KEY AUTOINCREMENT,
    "f0" CHAR(1024)
);
success!
timestamp: 2021-05-03T13:44:21.712642
CREATE TABLE "dfformXelements6"(
    "id" INTEGER PRIMARY KEY AUTOINCREMENT,
    "f0" CHAR(1024)
);
success!
timestamp: 2021-05-03T13:44:21.723867
CREATE TABLE "dfformXelements7"(
    "id" INTEGER PRIMARY KEY AUTOINCREMENT,
    "f0" CHAR(1024)
);
success!
timestamp: 2021-05-03T13:44:21.736184
CREATE TABLE "dfformXelements8"(
    "id" INTEGER PRIMARY KEY AUTOINCREMENT,
    "f0" CHAR(1024)
);
success!
timestamp: 2021-05-03T13:44:21.752481
CREATE TABLE "dfformXelements9"(
    "id" INTEGER PRIMARY KEY AUTOINCREMENT,
    "f0" CHAR(1024)
);
success!
timestamp: 2021-05-03T13:44:21.764876
CREATE TABLE "dfformXelements10"(
    "id" INTEGER PRIMARY KEY AUTOINCREMENT,
    "f0" CHAR(1024)
);
success!
timestamp: 2021-05-03T13:44:21.777781
CREATE TABLE "dfformXelements11"(
    "id" INTEGER PRIMARY KEY AUTOINCREMENT,
    "f0" CHAR(1024)
);
success!
timestamp: 2021-05-03T13:44:21.790503
CREATE TABLE "dfformXelements12"(
    "id" INTEGER PRIMARY KEY AUTOINCREMENT,
    "f0" CHAR(1024)
);
success!
timestamp: 2021-05-03T13:44:21.803303
CREATE TABLE "dfformXelements13"(
    "id" INTEGER PRIMARY KEY AUTOINCREMENT,
    "f0" CHAR(1024)
);
success!
timestamp: 2021-05-03T13:44:21.815719
CREATE TABLE "dfformXelements14"(
    "id" INTEGER PRIMARY KEY AUTOINCREMENT,
    "f0" CHAR(1024)
);
success!
timestamp: 2021-05-03T13:44:21.828286
CREATE TABLE "dfformXelements15"(
    "id" INTEGER PRIMARY KEY AUTOINCREMENT,
    "f0" CHAR(1024)
);
success!
timestamp: 2021-05-03T13:44:21.840757
CREATE TABLE "dfformXelements16"(
    "id" INTEGER PRIMARY KEY AUTOINCREMENT,
    "f0" CHAR(1024)
);
success!
timestamp: 2021-05-03T13:44:21.853261
CREATE TABLE "dfformXelements17"(
    "id" INTEGER PRIMARY KEY AUTOINCREMENT,
    "f0" CHAR(1024)
);
success!
timestamp: 2021-05-03T13:44:21.865680
CREATE TABLE "dfformXelements18"(
    "id" INTEGER PRIMARY KEY AUTOINCREMENT,
    "f0" CHAR(1024)
);
success!
timestamp: 2021-05-03T13:44:21.878241
CREATE TABLE "dfformXelements19"(
    "id" INTEGER PRIMARY KEY AUTOINCREMENT,
    "f0" TEXT
);
success!
timestamp: 2021-05-03T13:44:21.891430
CREATE TABLE "dfformXelements20"(
    "id" INTEGER PRIMARY KEY AUTOINCREMENT,
    "f0" TEXT
);
success!
timestamp: 2021-05-03T13:44:21.904198
CREATE TABLE "dfformXelements21"(
    "id" INTEGER PRIMARY KEY AUTOINCREMENT,
    "f0" TEXT
);
success!
timestamp: 2021-05-03T13:44:21.921649
CREATE TABLE "dfformXelements22"(
    "id" INTEGER PRIMARY KEY AUTOINCREMENT,
    "f0" CHAR(1)
);
success!
timestamp: 2021-05-03T13:44:21.934169
CREATE TABLE "dfformXelements23"(
    "id" INTEGER PRIMARY KEY AUTOINCREMENT,
    "f0" CHAR(1)
);
success!
timestamp: 2021-05-03T13:44:21.946527
CREATE TABLE "dfformXelements24"(
    "id" INTEGER PRIMARY KEY AUTOINCREMENT,
    "f0" CHAR(1)
);
success!
timestamp: 2021-05-03T13:44:21.959055
CREATE TABLE "dfformXelements25"(
    "id" INTEGER PRIMARY KEY AUTOINCREMENT,
    "f0" CHAR(1024)
);
success!
timestamp: 2021-05-03T13:44:21.972315
CREATE TABLE "dfformXelements26"(
    "id" INTEGER PRIMARY KEY AUTOINCREMENT,
    "f0" CHAR(1024)
);
success!
timestamp: 2021-05-03T13:44:21.992306
CREATE TABLE "dfformXelements27"(
    "id" INTEGER PRIMARY KEY AUTOINCREMENT,
    "f0" CHAR(1024)
);
success!
timestamp: 2021-05-03T13:44:22.009624
CREATE TABLE "dfformXcomponents0"(
    "id" INTEGER PRIMARY KEY AUTOINCREMENT
);
success!
timestamp: 2021-05-03T13:44:22.022572
CREATE TABLE "dfformXexamples0"(
    "id" INTEGER PRIMARY KEY AUTOINCREMENT,
    "f0" CHAR(1024)
);
success!
timestamp: 2021-05-03T13:44:22.034930
CREATE TABLE "dfformXexamples1"(
    "id" INTEGER PRIMARY KEY AUTOINCREMENT,
    "f0" CHAR(1024)
);
success!
timestamp: 2021-05-03T13:44:22.047701
CREATE TABLE "dfformXexamples2"(
    "id" INTEGER PRIMARY KEY AUTOINCREMENT,
    "f0" CHAR(1024)
);
success!
timestamp: 2021-05-03T13:44:22.061891
CREATE TABLE "dfformXexamples3"(
    "id" INTEGER PRIMARY KEY AUTOINCREMENT,
    "f0" CHAR(1024)
);
success!
timestamp: 2021-05-03T13:44:22.074115
CREATE TABLE "dfformXexamples4"(
    "id" INTEGER PRIMARY KEY AUTOINCREMENT,
    "f0" CHAR(1)
);
success!
timestamp: 2021-05-03T13:44:22.086361
CREATE TABLE "dfformXexamples5"(
    "id" INTEGER PRIMARY KEY AUTOINCREMENT,
    "f0" CHAR(1024)
);
success!
timestamp: 2021-05-03T13:44:22.098589
CREATE TABLE "dfformXexamples6"(
    "id" INTEGER PRIMARY KEY AUTOINCREMENT,
    "f0" CHAR(1024)
);
success!
timestamp: 2021-05-03T13:44:22.111066
CREATE TABLE "dfformXexamples7"(
    "id" INTEGER PRIMARY KEY AUTOINCREMENT,
    "f0" CHAR(1)
);
success!
timestamp: 2021-05-03T13:44:22.123555
CREATE TABLE "dfformXexamples8"(
    "id" INTEGER PRIMARY KEY AUTOINCREMENT,
    "f0" CHAR(1024)
);
success!
timestamp: 2021-05-03T13:44:22.135602
CREATE TABLE "dfformXexamples9"(
    "id" INTEGER PRIMARY KEY AUTOINCREMENT,
    "f0" CHAR(1024)
);
success!
timestamp: 2021-05-03T13:44:22.147916
CREATE TABLE "dfformXexamples10"(
    "id" INTEGER PRIMARY KEY AUTOINCREMENT,
    "f0" CHAR(1)
);
success!
timestamp: 2021-05-03T13:44:22.160624
CREATE TABLE "dfnotification0"(
    "id" INTEGER PRIMARY KEY AUTOINCREMENT,
    "f0" CHAR(1024)
);
success!
timestamp: 2021-05-03T13:44:22.172838
CREATE TABLE "dfnotification1"(
    "id" INTEGER PRIMARY KEY AUTOINCREMENT,
    "f0" CHAR(1024)
);
success!
timestamp: 2021-05-03T13:44:22.185911
CREATE TABLE "dfalert0"(
    "id" INTEGER PRIMARY KEY AUTOINCREMENT,
    "f0" CHAR(1024)
);
success!
timestamp: 2021-05-03T13:44:22.200406
CREATE TABLE "dfalert1"(
    "id" INTEGER PRIMARY KEY AUTOINCREMENT,
    "f0" CHAR(1024)
);
success!
timestamp: 2021-05-03T13:44:22.212657
CREATE TABLE "dfmodals0"(
    "id" INTEGER PRIMARY KEY AUTOINCREMENT,
    "f0" CHAR(1024)
);
success!
timestamp: 2021-05-03T13:44:22.224897
CREATE TABLE "dfmodals1"(
    "id" INTEGER PRIMARY KEY AUTOINCREMENT,
    "f0" CHAR(1024)
);
success!
timestamp: 2021-05-03T13:44:22.242877
CREATE TABLE "dfbuttons0"(
    "id" INTEGER PRIMARY KEY AUTOINCREMENT,
    "f0" CHAR(1024)
);
success!
timestamp: 2021-05-03T13:44:22.255167
CREATE TABLE "dfbuttons1"(
    "id" INTEGER PRIMARY KEY AUTOINCREMENT,
    "f0" CHAR(1024)
);
success!
timestamp: 2021-05-03T13:44:22.267634
CREATE TABLE "dftabs0"(
    "id" INTEGER PRIMARY KEY AUTOINCREMENT,
    "f0" CHAR(1024)
);
success!
timestamp: 2021-05-03T13:44:22.279596
CREATE TABLE "dftabs1"(
    "id" INTEGER PRIMARY KEY AUTOINCREMENT,
    "f0" CHAR(1024)
);
success!
timestamp: 2021-05-03T13:44:22.291669
CREATE TABLE "dfaccordion0"(
    "id" INTEGER PRIMARY KEY AUTOINCREMENT,
    "f0" CHAR(1024)
);
success!
timestamp: 2021-05-03T13:44:22.304430
CREATE TABLE "dfaccordion1"(
    "id" INTEGER PRIMARY KEY AUTOINCREMENT,
    "f0" CHAR(1024)
);
success!
timestamp: 2021-05-03T13:44:22.316945
CREATE TABLE "dfdialog0"(
    "id" INTEGER PRIMARY KEY AUTOINCREMENT,
    "f0" CHAR(1024)
);
success!
timestamp: 2021-05-03T13:44:22.329730
CREATE TABLE "dfdialog1"(
    "id" INTEGER PRIMARY KEY AUTOINCREMENT,
    "f0" CHAR(1024)
);
success!
timestamp: 2021-05-03T13:44:22.342223
CREATE TABLE "dfpopovers0"(
    "id" INTEGER PRIMARY KEY AUTOINCREMENT,
    "f0" CHAR(1024)
);
success!
timestamp: 2021-05-03T13:44:22.354475
CREATE TABLE "dfpopovers1"(
    "id" INTEGER PRIMARY KEY AUTOINCREMENT,
    "f0" CHAR(1024)
);
success!
timestamp: 2021-05-03T13:44:22.366826
CREATE TABLE "dftooltips0"(
    "id" INTEGER PRIMARY KEY AUTOINCREMENT,
    "f0" CHAR(1024)
);
success!
timestamp: 2021-05-03T13:44:22.379513
CREATE TABLE "dftooltips1"(
    "id" INTEGER PRIMARY KEY AUTOINCREMENT,
    "f0" CHAR(1024)
);
success!
timestamp: 2021-05-03T13:44:22.391634
CREATE TABLE "dfdropdown0"(
    "id" INTEGER PRIMARY KEY AUTOINCREMENT,
    "f0" CHAR(1024)
);
success!
timestamp: 2021-05-03T13:44:22.404130
CREATE TABLE "dfdropdown1"(
    "id" INTEGER PRIMARY KEY AUTOINCREMENT,
    "f0" CHAR(1024)
);
success!
timestamp: 2021-05-03T13:44:22.416832
CREATE TABLE "dfcontact0"(
    "id" INTEGER PRIMARY KEY AUTOINCREMENT,
    "f0" CHAR(1024)
);
success!
timestamp: 2021-05-03T13:44:22.429253
CREATE TABLE "dfcontact1"(
    "id" INTEGER PRIMARY KEY AUTOINCREMENT,
    "f0" CHAR(1024)
);
success!
timestamp: 2021-05-03T13:44:22.441348
CREATE TABLE "dfinvoice0"(
    "id" INTEGER PRIMARY KEY AUTOINCREMENT,
    "f0" CHAR(1024)
);
success!
timestamp: 2021-05-03T13:44:22.453357
CREATE TABLE "dfinvoice1"(
    "id" INTEGER PRIMARY KEY AUTOINCREMENT,
    "f0" CHAR(1024)
);
success!
timestamp: 2021-05-03T13:44:22.465434
CREATE TABLE "dftypography0"(
    "id" INTEGER PRIMARY KEY AUTOINCREMENT,
    "f0" CHAR(1024)
);
success!
timestamp: 2021-05-03T13:44:22.477380
CREATE TABLE "dftypography1"(
    "id" INTEGER PRIMARY KEY AUTOINCREMENT,
    "f0" CHAR(1024)
);
success!
timestamp: 2021-05-03T13:44:22.489547
CREATE TABLE "dfcolor0"(
    "id" INTEGER PRIMARY KEY AUTOINCREMENT,
    "f0" CHAR(1024)
);
success!
timestamp: 2021-05-03T13:44:22.501470
CREATE TABLE "dfcolor1"(
    "id" INTEGER PRIMARY KEY AUTOINCREMENT,
    "f0" CHAR(1024)
);
success!
timestamp: 2021-05-03T13:44:22.513476
CREATE TABLE "dfloginXregister0"(
    "id" INTEGER PRIMARY KEY AUTOINCREMENT,
    "f0" CHAR(1024)
);
success!
timestamp: 2021-05-03T13:44:22.525378
CREATE TABLE "dfloginXregister1"(
    "id" INTEGER PRIMARY KEY AUTOINCREMENT,
    "f0" CHAR(1024)
);
success!
timestamp: 2021-05-03T13:44:22.537464
CREATE TABLE "dfloginXregister2"(
    "id" INTEGER PRIMARY KEY AUTOINCREMENT,
    "f0" CHAR(1)
);
success!
timestamp: 2021-05-03T13:44:22.549419
CREATE TABLE "dfloginXregister3"(
    "id" INTEGER PRIMARY KEY AUTOINCREMENT,
    "f0" CHAR(1024)
);
success!
timestamp: 2021-05-03T13:44:22.561660
CREATE TABLE "dfloginXregister4"(
    "id" INTEGER PRIMARY KEY AUTOINCREMENT,
    "f0" CHAR(1024)
);
success!
timestamp: 2021-05-03T13:44:22.574346
CREATE TABLE "dfloginXregister5"(
    "id" INTEGER PRIMARY KEY AUTOINCREMENT,
    "f0" CHAR(1024)
);
success!
timestamp: 2021-05-03T13:44:22.590736
CREATE TABLE "dfloginXregister6"(
    "id" INTEGER PRIMARY KEY AUTOINCREMENT,
    "f0" CHAR(1024)
);
success!
timestamp: 2021-05-03T13:44:22.604055
CREATE TABLE "tindex0"(
    "id" INTEGER PRIMARY KEY AUTOINCREMENT,
    "f0" CHAR(1024),
    "f1" CHAR(1024),
    "f2" CHAR(1024)
);
success!
timestamp: 2021-05-03T13:44:22.616852
CREATE TABLE "tindexX20"(
    "id" INTEGER PRIMARY KEY AUTOINCREMENT,
    "f0" CHAR(1024),
    "f1" CHAR(1024),
    "f2" CHAR(1024)
);
success!
timestamp: 2021-05-03T13:44:22.637497
CREATE TABLE "tindexX30"(
    "id" INTEGER PRIMARY KEY AUTOINCREMENT,
    "f0" CHAR(1024),
    "f1" CHAR(1024),
    "f2" CHAR(1024)
);
success!
timestamp: 2021-05-03T13:44:22.650468
CREATE TABLE "tindexX40"(
    "id" INTEGER PRIMARY KEY AUTOINCREMENT,
    "f0" CHAR(1024),
    "f1" CHAR(1024),
    "f2" CHAR(1024)
);
success!
timestamp: 2021-05-03T13:44:22.663256
CREATE TABLE "tanalytics0"(
    "id" INTEGER PRIMARY KEY AUTOINCREMENT,
    "f0" CHAR(1024),
    "f1" CHAR(1024)
);
success!
timestamp: 2021-05-03T13:44:22.676241
CREATE TABLE "tanalytics1"(
    "id" INTEGER PRIMARY KEY AUTOINCREMENT,
    "f0" CHAR(1024),
    "f1" CHAR(1024)
);
success!
timestamp: 2021-05-03T13:44:22.689292
CREATE TABLE "tanalytics2"(
    "id" INTEGER PRIMARY KEY AUTOINCREMENT,
    "f0" CHAR(1024),
    "f1" CHAR(1024)
);
success!
timestamp: 2021-05-03T13:44:22.703060
CREATE TABLE "tinbox0"(
    "id" INTEGER PRIMARY KEY AUTOINCREMENT,
    "f0" CHAR(1024),
    "f1" CHAR(1024),
    "f2" CHAR(1024),
    "f3" CHAR(1024),
    "f4" CHAR(1024)
);
success!
timestamp: 2021-05-03T13:44:22.715608
CREATE TABLE "tnormalXtable0"(
    "id" INTEGER PRIMARY KEY AUTOINCREMENT,
    "f0" CHAR(1024),
    "f1" CHAR(1024),
    "f2" CHAR(1024),
    "f3" CHAR(1024),
    "f4" CHAR(1024)
);
success!
timestamp: 2021-05-03T13:44:22.728591
CREATE TABLE "tnormalXtable1"(
    "id" INTEGER PRIMARY KEY AUTOINCREMENT,
    "f0" CHAR(1024),
    "f1" CHAR(1024),
    "f2" CHAR(1024),
    "f3" CHAR(1024),
    "f4" CHAR(1024)
);
success!
timestamp: 2021-05-03T13:44:22.741368
CREATE TABLE "tnormalXtable2"(
    "id" INTEGER PRIMARY KEY AUTOINCREMENT,
    "f0" CHAR(1024),
    "f1" CHAR(1024),
    "f2" CHAR(1024),
    "f3" CHAR(1024),
    "f4" CHAR(1024)
);
success!
timestamp: 2021-05-03T13:44:22.761481
CREATE TABLE "tnormalXtable3"(
    "id" INTEGER PRIMARY KEY AUTOINCREMENT,
    "f0" CHAR(1024),
    "f1" CHAR(1024),
    "f2" CHAR(1024),
    "f3" CHAR(1024),
    "f4" CHAR(1024)
);
success!
timestamp: 2021-05-03T13:44:22.774451
CREATE TABLE "tnormalXtable4"(
    "id" INTEGER PRIMARY KEY AUTOINCREMENT,
    "f0" CHAR(1024),
    "f1" CHAR(1024),
    "f2" CHAR(1024),
    "f3" CHAR(1024),
    "f4" CHAR(1024)
);
success!
timestamp: 2021-05-03T13:44:22.787468
CREATE TABLE "tnormalXtable5"(
    "id" INTEGER PRIMARY KEY AUTOINCREMENT,
    "f0" CHAR(1024),
    "f1" CHAR(1024),
    "f2" CHAR(1024),
    "f3" CHAR(1024),
    "f4" CHAR(1024)
);
success!
timestamp: 2021-05-03T13:44:22.800801
CREATE TABLE "tdataXtable0"(
    "id" INTEGER PRIMARY KEY AUTOINCREMENT,
    "f0" CHAR(1024),
    "f1" CHAR(1024),
    "f2" CHAR(1024),
    "f3" CHAR(1024),
    "f4" CHAR(1024),
    "f5" CHAR(1024)
);
success!
timestamp: 2021-05-03T13:44:22.813373
CREATE TABLE "tinvoice0"(
    "id" INTEGER PRIMARY KEY AUTOINCREMENT,
    "f0" CHAR(1024),
    "f1" CHAR(1024),
    "f2" CHAR(1024),
    "f3" CHAR(1024),
    "f4" CHAR(1024)
);
success!
