favicon.ico
sr_in_html.yml
app.2d7a2cf3933d22402d65.js
app.2d7a2cf3933d22402d65.css
vendors~app.2d7a2cf3933d22402d65.js
bulma-admin-dashboard-template/LICENSE
bulma-admin-dashboard-template/.babelrc
bulma-admin-dashboard-template/README.md
bulma-admin-dashboard-template/src/main.js
bulma-admin-dashboard-template/.travis.yml
bulma-admin-dashboard-template/src/logo.png
bulma-admin-dashboard-template/renovate.json
bulma-admin-dashboard-template/src/main.scss
bulma-admin-dashboard-template/src/index.ejs
bulma-admin-dashboard-template/src/forms.ejs
bulma-admin-dashboard-template/src/tables.ejs
bulma-admin-dashboard-template/CONTRIBUTING.md
bulma-admin-dashboard-template/screenshoot.png
bulma-admin-dashboard-template/publish-demo.js
vendors~app.2d7a2cf3933d22402d65.js.LICENSE.txt
bulma-admin-dashboard-template/CODE_OF_CONDUCT.md
bulma-admin-dashboard-template/src/module-event.js
bulma-admin-dashboard-template/src/module-chart.js
bulma-admin-dashboard-template/src/ui-elements.ejs
bulma-admin-dashboard-template/src/presentations.ejs
bulma-admin-dashboard-template/inspiration-dashboard.jpg
