vendors/styles/style.css.un
src/scripts/jquery.min.js.un
vendors/styles/core.min.css.un
vendors/scripts/core.min.js.un
vendors/styles/style.min.css.un
src/scripts/clipboard.min.js.un
vendors/scripts/script.min.js.un
src/plugins/plyr/dist/plyr.js.un
src/plugins/slick/slick.min.js.un
src/plugins/plyr/dist/plyr.css.un
vendors/styles/icon-font.min.css.un
deskapp/vendors/styles/style.css.un
deskapp/src/scripts/jquery.min.js.un
src/plugins/bootstrap/popper.min.js.un
deskapp/vendors/styles/core.min.css.un
deskapp/vendors/scripts/core.min.js.un
deskapp/vendors/styles/style.min.css.un
deskapp/src/scripts/clipboard.min.js.un
deskapp/vendors/scripts/script.min.js.un
deskapp/src/plugins/plyr/dist/plyr.js.un
src/plugins/bootstrap/bootstrap.min.js.un
src/plugins/switchery/switchery.min.js.un
src/plugins/select2/dist/js/i18n/sv.js.un
src/plugins/select2/dist/js/i18n/sr.js.un
src/plugins/select2/dist/js/i18n/sl.js.un
src/plugins/select2/dist/js/i18n/tk.js.un
src/plugins/select2/dist/js/i18n/sk.js.un
src/plugins/select2/dist/js/i18n/uk.js.un
src/plugins/select2/dist/js/i18n/vi.js.un
src/plugins/select2/dist/js/i18n/th.js.un
src/plugins/select2/dist/js/i18n/hr.js.un
src/plugins/select2/dist/js/i18n/lv.js.un
src/plugins/select2/dist/js/i18n/fr.js.un
src/plugins/select2/dist/js/i18n/ja.js.un
src/plugins/select2/dist/js/i18n/it.js.un
src/plugins/select2/dist/js/i18n/ro.js.un
src/plugins/select2/dist/js/i18n/tr.js.un
src/plugins/select2/dist/js/i18n/he.js.un
src/plugins/select2/dist/js/i18n/ms.js.un
src/plugins/select2/dist/js/i18n/ko.js.un
src/plugins/select2/dist/js/i18n/id.js.un
src/plugins/select2/dist/js/i18n/nl.js.un
src/plugins/select2/dist/js/i18n/pt.js.un
src/plugins/select2/dist/js/i18n/hu.js.un
src/plugins/select2/dist/js/i18n/ps.js.un
src/plugins/select2/dist/js/i18n/hy.js.un
src/plugins/select2/dist/js/i18n/ru.js.un
src/plugins/select2/dist/js/i18n/pl.js.un
src/plugins/select2/dist/js/i18n/lt.js.un
src/plugins/select2/dist/js/i18n/mk.js.un
src/plugins/select2/dist/js/i18n/nb.js.un
src/plugins/select2/dist/js/i18n/km.js.un
src/plugins/select2/dist/js/i18n/gl.js.un
src/plugins/select2/dist/js/i18n/hi.js.un
src/plugins/select2/dist/js/i18n/ca.js.un
src/plugins/select2/dist/js/i18n/en.js.un
src/plugins/select2/dist/js/i18n/fi.js.un
src/plugins/select2/dist/js/i18n/bs.js.un
src/plugins/select2/dist/js/i18n/fa.js.un
src/plugins/select2/dist/js/i18n/cs.js.un
src/plugins/select2/dist/js/i18n/is.js.un
src/plugins/select2/dist/js/i18n/de.js.un
src/plugins/select2/dist/js/i18n/et.js.un
src/plugins/select2/dist/js/i18n/eu.js.un
src/plugins/select2/dist/js/i18n/el.js.un
src/plugins/select2/dist/js/i18n/ar.js.un
src/plugins/select2/dist/js/i18n/es.js.un
src/plugins/select2/dist/js/i18n/af.js.un
src/plugins/select2/dist/js/i18n/az.js.un
src/plugins/select2/dist/js/i18n/bg.js.un
src/plugins/select2/dist/js/i18n/da.js.un
src/plugins/datatables/js/vfs_fonts.js.un
src/plugins/datatables/js/jszip.min.js.un
deskapp/src/plugins/slick/slick.min.js.un
deskapp/src/plugins/plyr/dist/plyr.css.un
src/plugins/bootstrap/bootstrap.min.css.un
src/plugins/switchery/switchery.min.css.un
src/plugins/select2/dist/js/i18n/hsb.js.un
src/plugins/select2/dist/js/i18n/dsb.js.un
src/plugins/apexcharts/apexcharts.min.js.un
src/plugins/datatables/js/pdfmake.min.js.un
deskapp/vendors/styles/icon-font.min.css.un
src/plugins/select2/dist/js/i18n/zh-CN.js.un
src/plugins/select2/dist/js/i18n/zh-TW.js.un
src/plugins/select2/dist/js/i18n/pt-BR.js.un
src/plugins/cropperjs/dist/cropper.min.js.un
src/plugins/timedropper/timedropper.min.js.un
src/plugins/select2/dist/js/select2.min.js.un
src/plugins/cropperjs/dist/cropper.min.css.un
src/plugins/timedropper/timedropper.min.css.un
src/plugins/select2/dist/js/i18n/sr-Cyrl.js.un
deskapp/src/plugins/bootstrap/popper.min.js.un
src/plugins/fullcalendar/fullcalendar.min.js.un
src/plugins/select2/dist/css/select2.min.css.un
src/plugins/highlight.js/src/highlight.pack.js.un
src/plugins/datatables/js/buttons.html5.min.js.un
src/plugins/datatables/js/buttons.flash.min.js.un
src/plugins/datatables/js/buttons.print.min.js.un
src/fonts/ionicons-master/css/ionicons.min.css.un
deskapp/src/plugins/switchery/switchery.min.js.un
deskapp/src/plugins/select2/dist/js/i18n/sv.js.un
deskapp/src/plugins/select2/dist/js/i18n/sr.js.un
deskapp/src/plugins/select2/dist/js/i18n/sl.js.un
deskapp/src/plugins/select2/dist/js/i18n/tk.js.un
deskapp/src/plugins/select2/dist/js/i18n/sk.js.un
deskapp/src/plugins/select2/dist/js/i18n/uk.js.un
deskapp/src/plugins/select2/dist/js/i18n/vi.js.un
deskapp/src/plugins/select2/dist/js/i18n/th.js.un
deskapp/src/plugins/select2/dist/js/i18n/tr.js.un
deskapp/src/plugins/select2/dist/js/i18n/hr.js.un
deskapp/src/plugins/select2/dist/js/i18n/lv.js.un
deskapp/src/plugins/select2/dist/js/i18n/fr.js.un
deskapp/src/plugins/select2/dist/js/i18n/ja.js.un
deskapp/src/plugins/select2/dist/js/i18n/it.js.un
deskapp/src/plugins/select2/dist/js/i18n/ro.js.un
deskapp/src/plugins/select2/dist/js/i18n/he.js.un
deskapp/src/plugins/select2/dist/js/i18n/ms.js.un
deskapp/src/plugins/select2/dist/js/i18n/ko.js.un
deskapp/src/plugins/select2/dist/js/i18n/id.js.un
deskapp/src/plugins/select2/dist/js/i18n/nl.js.un
deskapp/src/plugins/select2/dist/js/i18n/pt.js.un
deskapp/src/plugins/select2/dist/js/i18n/hu.js.un
deskapp/src/plugins/select2/dist/js/i18n/ps.js.un
deskapp/src/plugins/select2/dist/js/i18n/hy.js.un
deskapp/src/plugins/select2/dist/js/i18n/ru.js.un
deskapp/src/plugins/select2/dist/js/i18n/pl.js.un
deskapp/src/plugins/select2/dist/js/i18n/lt.js.un
deskapp/src/plugins/select2/dist/js/i18n/mk.js.un
deskapp/src/plugins/select2/dist/js/i18n/nb.js.un
deskapp/src/plugins/select2/dist/js/i18n/km.js.un
deskapp/src/plugins/select2/dist/js/i18n/gl.js.un
deskapp/src/plugins/select2/dist/js/i18n/hi.js.un
deskapp/src/plugins/select2/dist/js/i18n/is.js.un
deskapp/src/plugins/select2/dist/js/i18n/ca.js.un
deskapp/src/plugins/select2/dist/js/i18n/en.js.un
deskapp/src/plugins/select2/dist/js/i18n/fi.js.un
deskapp/src/plugins/select2/dist/js/i18n/bs.js.un
deskapp/src/plugins/select2/dist/js/i18n/fa.js.un
deskapp/src/plugins/select2/dist/js/i18n/cs.js.un
deskapp/src/plugins/select2/dist/js/i18n/de.js.un
deskapp/src/plugins/select2/dist/js/i18n/et.js.un
deskapp/src/plugins/select2/dist/js/i18n/eu.js.un
deskapp/src/plugins/select2/dist/js/i18n/el.js.un
deskapp/src/plugins/select2/dist/js/i18n/ar.js.un
deskapp/src/plugins/select2/dist/js/i18n/es.js.un
deskapp/src/plugins/select2/dist/js/i18n/af.js.un
deskapp/src/plugins/select2/dist/js/i18n/az.js.un
deskapp/src/plugins/select2/dist/js/i18n/bg.js.un
deskapp/src/plugins/select2/dist/js/i18n/da.js.un
deskapp/src/plugins/datatables/js/vfs_fonts.js.un
deskapp/src/plugins/datatables/js/jszip.min.js.un
deskapp/src/plugins/bootstrap/bootstrap.min.js.un
src/plugins/select2/dist/js/select2.full.min.js.un
src/plugins/highcharts-6.0.7/code/highcharts.js.un
src/fonts/font-awesome/css/font-awesome.min.css.un
deskapp/src/plugins/switchery/switchery.min.css.un
deskapp/src/plugins/select2/dist/js/i18n/hsb.js.un
deskapp/src/plugins/select2/dist/js/i18n/dsb.js.un
deskapp/src/plugins/bootstrap/bootstrap.min.css.un
src/plugins/fancybox/dist/jquery.fancybox.min.js.un
deskapp/src/plugins/datatables/js/pdfmake.min.js.un
deskapp/src/plugins/apexcharts/apexcharts.min.js.un
src/plugins/jQuery-Knob-master/jquery.knob.min.js.un
src/plugins/fancybox/dist/jquery.fancybox.min.css.un
deskapp/src/plugins/select2/dist/js/i18n/zh-CN.js.un
deskapp/src/plugins/select2/dist/js/i18n/zh-TW.js.un
deskapp/src/plugins/select2/dist/js/i18n/pt-BR.js.un
deskapp/src/plugins/cropperjs/dist/cropper.min.js.un
vendors/fonts/ionicons-master/css/ionicons.min.css.un
src/plugins/highcharts-6.0.7/code/highcharts-3d.js.un
src/plugins/datatables/js/jquery.dataTables.min.js.un
deskapp/src/plugins/timedropper/timedropper.min.js.un
deskapp/src/plugins/select2/dist/js/select2.min.js.un
deskapp/src/plugins/cropperjs/dist/cropper.min.css.un
vendors/fonts/font-awesome/css/font-awesome.min.css.un
src/plugins/datatables/js/dataTables.buttons.min.js.un
src/plugins/datatables/js/buttons.bootstrap4.min.js.un
deskapp/src/plugins/timedropper/timedropper.min.css.un
deskapp/src/plugins/select2/dist/js/i18n/sr-Cyrl.js.un
src/plugins/bootstrap-select/bootstrap-select.min.js.un
src/plugins/highcharts-6.0.7/code/highcharts-more.js.un
src/plugins/datatables/css/jquery.dataTables.min.css.un
src/plugins/air-datepicker/dist/js/datepicker.min.js.un
deskapp/src/plugins/select2/dist/css/select2.min.css.un
deskapp/src/plugins/fullcalendar/fullcalendar.min.js.un
src/plugins/jvectormap/jquery-jvectormap-2.0.3.min.js.un
src/plugins/bootstrap-select/bootstrap-select.min.css.un
src/plugins/ion-rangeslider/js/ion.rangeSlider.min.js.un
src/plugins/datatables/js/responsive.bootstrap4.min.js.un
src/plugins/datatables/js/dataTables.responsive.min.js.un
src/plugins/datatables/js/dataTables.bootstrap4.min.js.un
src/plugins/air-datepicker/dist/css/datepicker.min.css.un
deskapp/src/plugins/highlight.js/src/highlight.pack.js.un
deskapp/src/plugins/datatables/js/buttons.html5.min.js.un
deskapp/src/plugins/datatables/js/buttons.flash.min.js.un
deskapp/src/plugins/datatables/js/buttons.print.min.js.un
deskapp/src/fonts/ionicons-master/css/ionicons.min.css.un
deskapp/src/plugins/select2/dist/js/select2.full.min.js.un
deskapp/src/plugins/highcharts-6.0.7/code/highcharts.js.un
deskapp/src/fonts/font-awesome/css/font-awesome.min.css.un
src/plugins/datatables/css/responsive.bootstrap4.min.css.un
src/plugins/datatables/css/dataTables.bootstrap4.min.css.un
src/plugins/datatables/css/responsive.dataTables.min.css.un
deskapp/src/plugins/fancybox/dist/jquery.fancybox.min.js.un
src/plugins/jvectormap/jquery-jvectormap-world-mill-en.js.un
deskapp/src/plugins/jQuery-Knob-master/jquery.knob.min.js.un
deskapp/src/plugins/fancybox/dist/jquery.fancybox.min.css.un
deskapp/vendors/fonts/ionicons-master/css/ionicons.min.css.un
deskapp/src/plugins/highcharts-6.0.7/code/highcharts-3d.js.un
deskapp/src/plugins/datatables/js/jquery.dataTables.min.js.un
deskapp/vendors/fonts/font-awesome/css/font-awesome.min.css.un
deskapp/src/plugins/datatables/js/dataTables.buttons.min.js.un
deskapp/src/plugins/datatables/js/buttons.bootstrap4.min.js.un
src/plugins/bootstrap-select/dist/js/i18n/defaults-eu.min.js.un
src/plugins/bootstrap-select/dist/js/bootstrap-select.min.js.un
deskapp/src/plugins/highcharts-6.0.7/code/highcharts-more.js.un
deskapp/src/plugins/datatables/css/jquery.dataTables.min.css.un
deskapp/src/plugins/bootstrap-select/bootstrap-select.min.js.un
deskapp/src/plugins/air-datepicker/dist/js/datepicker.min.js.un
deskapp/src/plugins/jvectormap/jquery-jvectormap-2.0.3.min.js.un
deskapp/src/plugins/ion-rangeslider/js/ion.rangeSlider.min.js.un
deskapp/src/plugins/bootstrap-select/bootstrap-select.min.css.un
src/plugins/bootstrap-select/dist/css/bootstrap-select.min.css.un
deskapp/src/plugins/datatables/js/responsive.bootstrap4.min.js.un
deskapp/src/plugins/datatables/js/dataTables.responsive.min.js.un
deskapp/src/plugins/datatables/js/dataTables.bootstrap4.min.js.un
deskapp/src/plugins/air-datepicker/dist/css/datepicker.min.css.un
src/plugins/bootstrap-select/dist/js/i18n/defaults-vi_VN.min.js.un
src/plugins/bootstrap-select/dist/js/i18n/defaults-zh_TW.min.js.un
src/plugins/bootstrap-select/dist/js/i18n/defaults-tr_TR.min.js.un
src/plugins/bootstrap-select/dist/js/i18n/defaults-ua_UA.min.js.un
src/plugins/bootstrap-select/dist/js/i18n/defaults-zh_CN.min.js.un
src/plugins/bootstrap-select/dist/js/i18n/defaults-sk_SK.min.js.un
src/plugins/bootstrap-select/dist/js/i18n/defaults-pt_BR.min.js.un
src/plugins/bootstrap-select/dist/js/i18n/defaults-pt_PT.min.js.un
src/plugins/bootstrap-select/dist/js/i18n/defaults-sl_SI.min.js.un
src/plugins/bootstrap-select/dist/js/i18n/defaults-sv_SE.min.js.un
src/plugins/bootstrap-select/dist/js/i18n/defaults-ru_RU.min.js.un
src/plugins/bootstrap-select/dist/js/i18n/defaults-ro_RO.min.js.un
src/plugins/bootstrap-select/dist/js/i18n/defaults-pl_PL.min.js.un
src/plugins/bootstrap-select/dist/js/i18n/defaults-lv_LV.min.js.un
src/plugins/bootstrap-select/dist/js/i18n/defaults-lt_LT.min.js.un
src/plugins/bootstrap-select/dist/js/i18n/defaults-nl_NL.min.js.un
src/plugins/bootstrap-select/dist/js/i18n/defaults-nb_NO.min.js.un
src/plugins/bootstrap-select/dist/js/i18n/defaults-ko_KR.min.js.un
src/plugins/bootstrap-select/dist/js/i18n/defaults-kh_KM.min.js.un
src/plugins/bootstrap-select/dist/js/i18n/defaults-ja_JP.min.js.un
src/plugins/bootstrap-select/dist/js/i18n/defaults-id_ID.min.js.un
src/plugins/bootstrap-select/dist/js/i18n/defaults-hu_HU.min.js.un
src/plugins/bootstrap-select/dist/js/i18n/defaults-it_IT.min.js.un
src/plugins/bootstrap-select/dist/js/i18n/defaults-fr_FR.min.js.un
src/plugins/bootstrap-select/dist/js/i18n/defaults-hr_HR.min.js.un
src/plugins/bootstrap-select/dist/js/i18n/defaults-fi_FI.min.js.un
src/plugins/bootstrap-select/dist/js/i18n/defaults-fa_IR.min.js.un
src/plugins/bootstrap-select/dist/js/i18n/defaults-et_EE.min.js.un
src/plugins/bootstrap-select/dist/js/i18n/defaults-es_ES.min.js.un
src/plugins/bootstrap-select/dist/js/i18n/defaults-en_US.min.js.un
src/plugins/bootstrap-select/dist/js/i18n/defaults-es_CL.min.js.un
src/plugins/bootstrap-select/dist/js/i18n/defaults-de_DE.min.js.un
src/plugins/bootstrap-select/dist/js/i18n/defaults-da_DK.min.js.un
src/plugins/bootstrap-select/dist/js/i18n/defaults-bg_BG.min.js.un
src/plugins/bootstrap-select/dist/js/i18n/defaults-cs_CZ.min.js.un
src/plugins/bootstrap-select/dist/js/i18n/defaults-ar_AR.min.js.un
src/plugins/bootstrap-select/dist/js/i18n/defaults-am_ET.min.js.un
deskapp/src/plugins/datatables/css/responsive.dataTables.min.css.un
deskapp/src/plugins/datatables/css/responsive.bootstrap4.min.css.un
deskapp/src/plugins/datatables/css/dataTables.bootstrap4.min.css.un
deskapp/src/plugins/jvectormap/jquery-jvectormap-world-mill-en.js.un
deskapp/src/plugins/bootstrap-select/dist/js/i18n/defaults-eu.min.js.un
deskapp/src/plugins/bootstrap-select/dist/js/bootstrap-select.min.js.un
deskapp/src/plugins/bootstrap-select/dist/css/bootstrap-select.min.css.un
deskapp/src/plugins/bootstrap-select/dist/js/i18n/defaults-zh_TW.min.js.un
deskapp/src/plugins/bootstrap-select/dist/js/i18n/defaults-vi_VN.min.js.un
deskapp/src/plugins/bootstrap-select/dist/js/i18n/defaults-tr_TR.min.js.un
deskapp/src/plugins/bootstrap-select/dist/js/i18n/defaults-ua_UA.min.js.un
deskapp/src/plugins/bootstrap-select/dist/js/i18n/defaults-zh_CN.min.js.un
deskapp/src/plugins/bootstrap-select/dist/js/i18n/defaults-sk_SK.min.js.un
deskapp/src/plugins/bootstrap-select/dist/js/i18n/defaults-sl_SI.min.js.un
deskapp/src/plugins/bootstrap-select/dist/js/i18n/defaults-sv_SE.min.js.un
deskapp/src/plugins/bootstrap-select/dist/js/i18n/defaults-ru_RU.min.js.un
deskapp/src/plugins/bootstrap-select/dist/js/i18n/defaults-pt_BR.min.js.un
deskapp/src/plugins/bootstrap-select/dist/js/i18n/defaults-pt_PT.min.js.un
deskapp/src/plugins/bootstrap-select/dist/js/i18n/defaults-ro_RO.min.js.un
deskapp/src/plugins/bootstrap-select/dist/js/i18n/defaults-pl_PL.min.js.un
deskapp/src/plugins/bootstrap-select/dist/js/i18n/defaults-lv_LV.min.js.un
deskapp/src/plugins/bootstrap-select/dist/js/i18n/defaults-lt_LT.min.js.un
deskapp/src/plugins/bootstrap-select/dist/js/i18n/defaults-nl_NL.min.js.un
deskapp/src/plugins/bootstrap-select/dist/js/i18n/defaults-nb_NO.min.js.un
deskapp/src/plugins/bootstrap-select/dist/js/i18n/defaults-ko_KR.min.js.un
deskapp/src/plugins/bootstrap-select/dist/js/i18n/defaults-kh_KM.min.js.un
deskapp/src/plugins/bootstrap-select/dist/js/i18n/defaults-ja_JP.min.js.un
deskapp/src/plugins/bootstrap-select/dist/js/i18n/defaults-id_ID.min.js.un
deskapp/src/plugins/bootstrap-select/dist/js/i18n/defaults-hu_HU.min.js.un
deskapp/src/plugins/bootstrap-select/dist/js/i18n/defaults-it_IT.min.js.un
deskapp/src/plugins/bootstrap-select/dist/js/i18n/defaults-fr_FR.min.js.un
deskapp/src/plugins/bootstrap-select/dist/js/i18n/defaults-hr_HR.min.js.un
deskapp/src/plugins/bootstrap-select/dist/js/i18n/defaults-fi_FI.min.js.un
deskapp/src/plugins/bootstrap-select/dist/js/i18n/defaults-fa_IR.min.js.un
deskapp/src/plugins/bootstrap-select/dist/js/i18n/defaults-et_EE.min.js.un
deskapp/src/plugins/bootstrap-select/dist/js/i18n/defaults-es_ES.min.js.un
deskapp/src/plugins/bootstrap-select/dist/js/i18n/defaults-en_US.min.js.un
deskapp/src/plugins/bootstrap-select/dist/js/i18n/defaults-es_CL.min.js.un
deskapp/src/plugins/bootstrap-select/dist/js/i18n/defaults-de_DE.min.js.un
deskapp/src/plugins/bootstrap-select/dist/js/i18n/defaults-da_DK.min.js.un
deskapp/src/plugins/bootstrap-select/dist/js/i18n/defaults-cs_CZ.min.js.un
deskapp/src/plugins/bootstrap-select/dist/js/i18n/defaults-bg_BG.min.js.un
deskapp/src/plugins/bootstrap-select/dist/js/i18n/defaults-ar_AR.min.js.un
deskapp/src/plugins/bootstrap-select/dist/js/i18n/defaults-am_ET.min.js.un
src/plugins/malihu-custom-scrollbar-plugin-master/jquery.mousewheel.min.js.un
src/plugins/malihu-custom-scrollbar-plugin-master/jquery.mCustomScrollbar.min.css.un
deskapp/src/plugins/malihu-custom-scrollbar-plugin-master/jquery.mousewheel.min.js.un
src/plugins/malihu-custom-scrollbar-plugin-master/jquery.mCustomScrollbar.concat.min.js.un
deskapp/src/plugins/malihu-custom-scrollbar-plugin-master/jquery.mCustomScrollbar.min.css.un
deskapp/src/plugins/malihu-custom-scrollbar-plugin-master/jquery.mCustomScrollbar.concat.min.js.un
