vendors/images/apple-touch-icon.png
vendors/images/favicon-32x32.png
vendors/images/favicon-16x16.png
vendors/images/deskapp-logo.svg
vendors/images/img.jpg
vendors/images/photo1.jpg
vendors/images/photo2.jpg
vendors/images/photo3.jpg
vendors/images/photo4.jpg
vendors/images/github.svg
vendors/images/deskapp-logo-white.svg
vendors/images/coming-soon.png
vendors/images/banner-img.png
vendors/images/product-1.jpg
vendors/images/product-2.jpg
vendors/images/product-3.jpg
vendors/images/product-4.jpg
vendors/images/product-5.jpg
vendors/images/login-page-img.png
vendors/images/briefcase.svg
vendors/images/person.svg
vendors/images/chrome.png
vendors/images/firefox.png
vendors/images/safari.png
vendors/images/edge.png
vendors/images/opera.png
vendors/images/upgrade.svg
vendors/images/photo5.jpg
vendors/images/photo6.jpg
vendors/images/photo9.jpg
vendors/images/photo8.jpg
vendors/images/medicine-bro.svg
vendors/images/remedy-amico.svg
vendors/images/paper-map-cuate.svg
vendors/images/success.png
vendors/images/img3.jpg
vendors/images/img2.jpg
vendors/images/img1.jpg
vendors/images/img4.jpg
vendors/images/img5.jpg
vendors/images/modal-img1.jpg
vendors/images/modal-img2.jpg
vendors/images/modal-img3.jpg
vendors/images/forgot-password.png
vendors/images/product-img1.jpg
vendors/images/product-img2.jpg
vendors/images/product-img3.jpg
vendors/images/product-img4.jpg
vendors/images/icon-Cash.png
vendors/images/icon-debit.png
vendors/images/icon-online-wallet.png
vendors/images/profile-photo.jpg
vendors/images/chat-img2.jpg
vendors/images/chat-img1.jpg
vendors/images/upload-file-img.jpg
vendors/images/layout/sidebar-dark.png
vendors/images/layout/sidebar-white.png
vendors/images/layout/header-white.png
vendors/images/layout/header-dark.png
vendors/images/register-page-img.png
