test.html
fonts/preview.html
readme.txt
credits.txt
license.txt
img/favicon.png
img/avatar-5.jpg
css/style.red.css
css/style.sea.css
css/style.blue.css
css/style.pink.css
fonts/iconfont.css
css/style.green.css
css/style.violet.css
img/template-mac.png
vendor/jquery/core.js
vendor/jquery/jquery.js
vendor/chart.js/Chart.js
vendor/popper.js/popper.js
vendor/jquery/jquery.slim.js
vendor/popper.js/esm/popper.js
vendor/popper.js/popper.min.js
vendor/popper.js/umd/popper.js
vendor/chart.js/Chart.bundle.js
vendor/bootstrap/js/bootstrap.js
vendor/jquery/jquery.slim.min.js
vendor/popper.js/popper-utils.js
vendor/bootstrap/css/bootstrap.css
vendor/popper.js/esm/popper.min.js
vendor/chart.js/Chart.bundle.min.js
vendor/jquery.cookie/component.json
vendor/jquery.cookie/MIT-LICENSE.txt
vendor/popper.js/esm/popper-utils.js
vendor/popper.js/popper-utils.min.js
vendor/popper.js/umd/popper-utils.js
vendor/bootstrap/css/bootstrap-grid.css
vendor/bootstrap/js/bootstrap.bundle.js
vendor/jquery.cookie/cookie.jquery.json
vendor/popper.js/esm/popper-utils.min.js
vendor/popper.js/umd/popper-utils.min.js
vendor/bootstrap/css/bootstrap-reboot.css
vendor/bootstrap/css/bootstrap-grid.min.css
vendor/bootstrap/js/bootstrap.bundle.min.js
vendor/jquery-validation/jquery.validate.js
vendor/bootstrap/css/bootstrap-reboot.min.css
vendor/jquery-validation/additional-methods.js
vendor/jquery-validation/jquery.validate.min.js
vendor/jquery-validation/additional-methods.min.js
vendor/jquery-validation/localization/methods_de.js
vendor/jquery-validation/localization/methods_it.js
vendor/jquery-validation/localization/methods_fi.js
vendor/jquery-validation/localization/methods_pt.js
vendor/jquery-validation/localization/methods_nl.js
vendor/jquery-validation/localization/messages_bg.js
vendor/jquery-validation/localization/messages_ar.js
vendor/jquery-validation/localization/messages_az.js
vendor/jquery-validation/localization/messages_ca.js
vendor/jquery-validation/localization/messages_cs.js
vendor/jquery-validation/localization/messages_de.js
vendor/jquery-validation/localization/messages_es.js
vendor/jquery-validation/localization/messages_el.js
vendor/jquery-validation/localization/messages_da.js
vendor/jquery-validation/localization/messages_eu.js
vendor/jquery-validation/localization/messages_et.js
vendor/jquery-validation/localization/messages_fa.js
vendor/jquery-validation/localization/messages_fi.js
vendor/jquery-validation/localization/messages_ge.js
vendor/jquery-validation/localization/messages_gl.js
vendor/jquery-validation/localization/messages_fr.js
vendor/jquery-validation/localization/messages_he.js
vendor/jquery-validation/localization/messages_hr.js
vendor/jquery-validation/localization/messages_hu.js
vendor/jquery-validation/localization/messages_id.js
vendor/jquery-validation/localization/messages_is.js
vendor/jquery-validation/localization/messages_it.js
vendor/jquery-validation/localization/messages_ka.js
vendor/jquery-validation/localization/messages_ja.js
vendor/jquery-validation/localization/messages_kk.js
vendor/jquery-validation/localization/messages_ko.js
vendor/jquery-validation/localization/messages_lt.js
vendor/jquery-validation/localization/messages_lv.js
vendor/jquery-validation/localization/messages_mk.js
vendor/jquery-validation/localization/messages_my.js
vendor/jquery-validation/localization/messages_no.js
vendor/jquery-validation/localization/messages_nl.js
vendor/jquery-validation/localization/messages_pl.js
vendor/jquery-validation/localization/messages_ru.js
vendor/jquery-validation/localization/messages_sd.js
vendor/jquery-validation/localization/messages_ro.js
vendor/jquery-validation/localization/messages_si.js
vendor/jquery-validation/localization/messages_sk.js
vendor/jquery-validation/localization/messages_sl.js
vendor/jquery-validation/localization/messages_sr.js
vendor/jquery-validation/localization/messages_th.js
vendor/jquery-validation/localization/messages_sv.js
vendor/jquery-validation/localization/messages_tr.js
vendor/jquery-validation/localization/messages_tj.js
vendor/jquery-validation/localization/messages_uk.js
vendor/jquery-validation/localization/messages_vi.js
vendor/jquery-validation/localization/messages_zh.js
vendor/jquery-validation/localization/messages_ur.js
vendor/jquery-validation/localization/methods_es_CL.js
vendor/jquery-validation/localization/messages_bn_BD.js
vendor/jquery-validation/localization/messages_es_AR.js
vendor/jquery-validation/localization/messages_es_PE.js
vendor/jquery-validation/localization/messages_hy_AM.js
vendor/jquery-validation/localization/messages_pt_PT.js
vendor/jquery-validation/localization/messages_pt_BR.js
vendor/jquery-validation/localization/messages_zh_TW.js
vendor/jquery-validation/localization/methods_de.min.js
vendor/jquery-validation/localization/methods_fi.min.js
vendor/jquery-validation/localization/methods_pt.min.js
vendor/jquery-validation/localization/methods_it.min.js
vendor/jquery-validation/localization/methods_nl.min.js
vendor/jquery-validation/localization/messages_bg.min.js
vendor/jquery-validation/localization/messages_ar.min.js
vendor/jquery-validation/localization/messages_az.min.js
vendor/jquery-validation/localization/messages_ca.min.js
vendor/jquery-validation/localization/messages_es.min.js
vendor/jquery-validation/localization/messages_cs.min.js
vendor/jquery-validation/localization/messages_el.min.js
vendor/jquery-validation/localization/messages_de.min.js
vendor/jquery-validation/localization/messages_da.min.js
vendor/jquery-validation/localization/messages_et.min.js
vendor/jquery-validation/localization/messages_fi.min.js
vendor/jquery-validation/localization/messages_eu.min.js
vendor/jquery-validation/localization/messages_fa.min.js
vendor/jquery-validation/localization/messages_fr.min.js
vendor/jquery-validation/localization/messages_ge.min.js
vendor/jquery-validation/localization/messages_gl.min.js
vendor/jquery-validation/localization/messages_hr.min.js
vendor/jquery-validation/localization/messages_hu.min.js
vendor/jquery-validation/localization/messages_he.min.js
vendor/jquery-validation/localization/messages_id.min.js
vendor/jquery-validation/localization/messages_is.min.js
vendor/jquery-validation/localization/messages_ja.min.js
vendor/jquery-validation/localization/messages_ka.min.js
vendor/jquery-validation/localization/messages_it.min.js
vendor/jquery-validation/localization/messages_kk.min.js
vendor/jquery-validation/localization/messages_ko.min.js
vendor/jquery-validation/localization/messages_lt.min.js
vendor/jquery-validation/localization/messages_lv.min.js
vendor/jquery-validation/localization/messages_mk.min.js
vendor/jquery-validation/localization/messages_nl.min.js
vendor/jquery-validation/localization/messages_my.min.js
vendor/jquery-validation/localization/messages_no.min.js
vendor/jquery-validation/localization/messages_pl.min.js
vendor/jquery-validation/localization/messages_ru.min.js
vendor/jquery-validation/localization/messages_ro.min.js
vendor/jquery-validation/localization/messages_sd.min.js
vendor/jquery-validation/localization/messages_si.min.js
vendor/jquery-validation/localization/messages_sk.min.js
vendor/jquery-validation/localization/messages_sr.min.js
vendor/jquery-validation/localization/messages_sl.min.js
vendor/jquery-validation/localization/messages_sr_lat.js
vendor/jquery-validation/localization/messages_sv.min.js
vendor/jquery-validation/localization/messages_th.min.js
vendor/jquery-validation/localization/messages_tr.min.js
vendor/jquery-validation/localization/messages_uk.min.js
vendor/jquery-validation/localization/messages_tj.min.js
vendor/jquery-validation/localization/messages_vi.min.js
vendor/jquery-validation/localization/messages_ur.min.js
vendor/jquery-validation/localization/messages_zh.min.js
vendor/jquery-validation/localization/methods_es_CL.min.js
vendor/jquery-validation/localization/messages_bn_BD.min.js
vendor/jquery-validation/localization/messages_es_AR.min.js
vendor/jquery-validation/localization/messages_es_PE.min.js
vendor/jquery-validation/localization/messages_hy_AM.min.js
vendor/jquery-validation/localization/messages_pt_BR.min.js
vendor/jquery-validation/localization/messages_pt_PT.min.js
vendor/jquery-validation/localization/messages_zh_TW.min.js
vendor/jquery-validation/localization/messages_sr_lat.min.js
