timestamp: 2020-11-26T14:42:39.290279
CREATE TABLE "auth_user"(
    "id" INTEGER PRIMARY KEY AUTOINCREMENT,
    "username" CHAR(512) UNIQUE,
    "email" CHAR(512) UNIQUE,
    "password" CHAR(512),
    "first_name" CHAR(512),
    "last_name" CHAR(512),
    "sso_id" CHAR(512),
    "action_token" CHAR(512),
    "last_password_change" TIMESTAMP
);
success!
timestamp: 2020-11-26T14:42:39.311790
CREATE TABLE "auth_user_tag_groups"(
    "id" INTEGER PRIMARY KEY AUTOINCREMENT,
    "path" CHAR(512),
    "record_id" INTEGER REFERENCES "auth_user" ("id") ON DELETE CASCADE  
);
success!
timestamp: 2020-11-26T14:42:39.361449
CREATE TABLE "test_table"(
    "id" INTEGER PRIMARY KEY AUTOINCREMENT,
    "f0" CHAR(512),
    "f1" CHAR(512),
    "f2" CHAR(512)
);
success!
timestamp: 2020-11-26T14:42:39.396801
CREATE TABLE "dfindex0"(
    "id" INTEGER PRIMARY KEY AUTOINCREMENT,
    "f0" CHAR(1024)
);
success!
timestamp: 2020-11-26T14:42:39.419125
CREATE TABLE "dfindex1"(
    "id" INTEGER PRIMARY KEY AUTOINCREMENT,
    "f0" CHAR(1024)
);
success!
timestamp: 2020-11-26T14:42:39.438688
CREATE TABLE "dfpagesXsearchXresults0"(
    "id" INTEGER PRIMARY KEY AUTOINCREMENT,
    "f0" CHAR(1024)
);
success!
timestamp: 2020-11-26T14:42:39.459049
CREATE TABLE "dfpagesXsearchXresults1"(
    "id" INTEGER PRIMARY KEY AUTOINCREMENT,
    "f0" CHAR(1024)
);
success!
timestamp: 2020-11-26T14:42:39.478719
CREATE TABLE "dfpagesXuserXprofile0"(
    "id" INTEGER PRIMARY KEY AUTOINCREMENT,
    "f0" CHAR(1024)
);
success!
timestamp: 2020-11-26T14:42:39.497475
CREATE TABLE "dfpagesXuserXprofile1"(
    "id" INTEGER PRIMARY KEY AUTOINCREMENT,
    "f0" TEXT
);
success!
timestamp: 2020-11-26T14:42:39.517470
CREATE TABLE "dfpagesXuserXprofile2"(
    "id" INTEGER PRIMARY KEY AUTOINCREMENT,
    "f0" CHAR(1024),
    "f1" CHAR(1024),
    "f2" CHAR(1024),
    "f3" CHAR(1024),
    "f4" TEXT
);
success!
timestamp: 2020-11-26T14:42:39.534750
CREATE TABLE "dfpagesXsignin0"(
    "id" INTEGER PRIMARY KEY AUTOINCREMENT,
    "f0" CHAR(1024),
    "f1" CHAR(1024),
    "f2" CHAR(1)
);
success!
timestamp: 2020-11-26T14:42:39.552639
CREATE TABLE "dfmailboxXfolder0"(
    "id" INTEGER PRIMARY KEY AUTOINCREMENT,
    "f0" CHAR(1024)
);
success!
timestamp: 2020-11-26T14:42:39.570689
CREATE TABLE "dfpagesXsignup0"(
    "id" INTEGER PRIMARY KEY AUTOINCREMENT,
    "f0" CHAR(1024),
    "f1" CHAR(1024),
    "f2" CHAR(1024),
    "f3" CHAR(1024),
    "f4" CHAR(1)
);
success!
timestamp: 2020-11-26T14:42:39.587716
CREATE TABLE "dfpagesXrecoverXpassword0"(
    "id" INTEGER PRIMARY KEY AUTOINCREMENT,
    "f0" CHAR(1024)
);
success!
timestamp: 2020-11-26T14:42:39.604952
CREATE TABLE "dfpagesXlockXscreen0"(
    "id" INTEGER PRIMARY KEY AUTOINCREMENT,
    "f0" CHAR(1024)
);
success!
timestamp: 2020-11-26T14:42:39.622301
CREATE TABLE "dfpagesXsessionXtimeout0"(
    "id" INTEGER PRIMARY KEY AUTOINCREMENT,
    "f0" CHAR(1024)
);
success!
timestamp: 2020-11-26T14:42:39.639075
CREATE TABLE "dfpagesXcalendar0"(
    "id" INTEGER PRIMARY KEY AUTOINCREMENT,
    "f0" CHAR(1024)
);
success!
timestamp: 2020-11-26T14:42:39.655760
CREATE TABLE "dfpagesXtimeline0"(
    "id" INTEGER PRIMARY KEY AUTOINCREMENT,
    "f0" CHAR(1024)
);
success!
timestamp: 2020-11-26T14:42:39.675396
CREATE TABLE "dfpagesXmediaXgallery0"(
    "id" INTEGER PRIMARY KEY AUTOINCREMENT,
    "f0" CHAR(1024)
);
success!
timestamp: 2020-11-26T14:42:39.693763
CREATE TABLE "dfpagesXinvoice0"(
    "id" INTEGER PRIMARY KEY AUTOINCREMENT,
    "f0" CHAR(1024)
);
success!
timestamp: 2020-11-26T14:42:39.711279
CREATE TABLE "dfpagesXblank0"(
    "id" INTEGER PRIMARY KEY AUTOINCREMENT,
    "f0" CHAR(1024)
);
success!
timestamp: 2020-11-26T14:42:39.726911
CREATE TABLE "dfpagesX4040"(
    "id" INTEGER PRIMARY KEY AUTOINCREMENT,
    "f0" CHAR(1024)
);
success!
timestamp: 2020-11-26T14:42:39.744222
CREATE TABLE "dfpagesXlogXviewer0"(
    "id" INTEGER PRIMARY KEY AUTOINCREMENT,
    "f0" CHAR(1024)
);
success!
timestamp: 2020-11-26T14:42:39.761765
CREATE TABLE "dfuiXelementsXtypography0"(
    "id" INTEGER PRIMARY KEY AUTOINCREMENT,
    "f0" CHAR(1024)
);
success!
timestamp: 2020-11-26T14:42:39.778824
CREATE TABLE "dfuiXelementsXicons0"(
    "id" INTEGER PRIMARY KEY AUTOINCREMENT,
    "f0" CHAR(1024)
);
success!
timestamp: 2020-11-26T14:42:39.796510
CREATE TABLE "dfuiXelementsXtabs0"(
    "id" INTEGER PRIMARY KEY AUTOINCREMENT,
    "f0" CHAR(1024)
);
success!
timestamp: 2020-11-26T14:42:39.813437
CREATE TABLE "dfuiXelementsXpanels0"(
    "id" INTEGER PRIMARY KEY AUTOINCREMENT,
    "f0" CHAR(1024)
);
success!
timestamp: 2020-11-26T14:42:39.832640
CREATE TABLE "dfuiXelementsXwidgets0"(
    "id" INTEGER PRIMARY KEY AUTOINCREMENT,
    "f0" CHAR(1024)
);
success!
timestamp: 2020-11-26T14:42:39.852673
CREATE TABLE "dfuiXelementsXportlets0"(
    "id" INTEGER PRIMARY KEY AUTOINCREMENT,
    "f0" CHAR(1024)
);
success!
timestamp: 2020-11-26T14:42:39.872898
CREATE TABLE "dfuiXelementsXbuttons0"(
    "id" INTEGER PRIMARY KEY AUTOINCREMENT,
    "f0" CHAR(1024)
);
success!
timestamp: 2020-11-26T14:42:39.891901
CREATE TABLE "dfuiXelementsXalerts0"(
    "id" INTEGER PRIMARY KEY AUTOINCREMENT,
    "f0" CHAR(1024)
);
success!
timestamp: 2020-11-26T14:42:39.910650
CREATE TABLE "dfuiXelementsXnotifications0"(
    "id" INTEGER PRIMARY KEY AUTOINCREMENT,
    "f0" CHAR(1024)
);
success!
timestamp: 2020-11-26T14:42:39.929550
CREATE TABLE "dfuiXelementsXmodals0"(
    "id" INTEGER PRIMARY KEY AUTOINCREMENT,
    "f0" CHAR(1024)
);
success!
timestamp: 2020-11-26T14:42:39.948068
CREATE TABLE "dfuiXelementsXmodals1"(
    "id" INTEGER PRIMARY KEY AUTOINCREMENT,
    "f0" CHAR(1024),
    "f1" CHAR(1024),
    "f2" CHAR(1024),
    "f3" TEXT
);
success!
timestamp: 2020-11-26T14:42:39.967447
CREATE TABLE "dfuiXelementsXlightbox0"(
    "id" INTEGER PRIMARY KEY AUTOINCREMENT,
    "f0" CHAR(1024)
);
success!
timestamp: 2020-11-26T14:42:39.989914
CREATE TABLE "dfuiXelementsXlightbox1"(
    "id" INTEGER PRIMARY KEY AUTOINCREMENT,
    "f0" CHAR(1024),
    "f1" CHAR(1024),
    "f2" CHAR(1024),
    "f3" TEXT
);
success!
timestamp: 2020-11-26T14:42:40.014253
CREATE TABLE "dfuiXelementsXprogressbars0"(
    "id" INTEGER PRIMARY KEY AUTOINCREMENT,
    "f0" CHAR(1024)
);
success!
timestamp: 2020-11-26T14:42:40.031796
CREATE TABLE "dfuiXelementsXsliders0"(
    "id" INTEGER PRIMARY KEY AUTOINCREMENT,
    "f0" CHAR(1024)
);
success!
timestamp: 2020-11-26T14:42:40.051313
CREATE TABLE "dfuiXelementsXcarousels0"(
    "id" INTEGER PRIMARY KEY AUTOINCREMENT,
    "f0" CHAR(1024)
);
success!
timestamp: 2020-11-26T14:42:40.072662
CREATE TABLE "dfuiXelementsXaccordions0"(
    "id" INTEGER PRIMARY KEY AUTOINCREMENT,
    "f0" CHAR(1024)
);
success!
timestamp: 2020-11-26T14:42:40.093014
CREATE TABLE "dfuiXelementsXnestable0"(
    "id" INTEGER PRIMARY KEY AUTOINCREMENT,
    "f0" CHAR(1024)
);
success!
timestamp: 2020-11-26T14:42:40.114108
CREATE TABLE "dfuiXelementsXtreeXview0"(
    "id" INTEGER PRIMARY KEY AUTOINCREMENT,
    "f0" CHAR(1024)
);
success!
timestamp: 2020-11-26T14:42:40.135453
CREATE TABLE "dfuiXelementsXgridXsystem0"(
    "id" INTEGER PRIMARY KEY AUTOINCREMENT,
    "f0" CHAR(1024)
);
success!
timestamp: 2020-11-26T14:42:40.155373
CREATE TABLE "dfuiXelementsXcharts0"(
    "id" INTEGER PRIMARY KEY AUTOINCREMENT,
    "f0" CHAR(1024)
);
success!
timestamp: 2020-11-26T14:42:40.177758
CREATE TABLE "dfuiXelementsXanimations0"(
    "id" INTEGER PRIMARY KEY AUTOINCREMENT,
    "f0" CHAR(1024)
);
success!
timestamp: 2020-11-26T14:42:40.197565
CREATE TABLE "dfuiXelementsXextra0"(
    "id" INTEGER PRIMARY KEY AUTOINCREMENT,
    "f0" CHAR(1024)
);
success!
timestamp: 2020-11-26T14:42:40.221711
CREATE TABLE "dfformsXbasic0"(
    "id" INTEGER PRIMARY KEY AUTOINCREMENT,
    "f0" CHAR(1024)
);
success!
timestamp: 2020-11-26T14:42:40.244133
CREATE TABLE "dfformsXbasic1"(
    "id" INTEGER PRIMARY KEY AUTOINCREMENT,
    "f0" CHAR(1024),
    "f1" CHAR(1024),
    "f2" CHAR(1024),
    "f3" CHAR(1024),
    "f4" CHAR(1024),
    "f5" CHAR(1024),
    "f6" CHAR(1024),
    "f7" CHAR(1024),
    "f8" CHAR(1024),
    "f9" CHAR(1024),
    "f10" CHAR(1024),
    "f11" CHAR(1024),
    "f12" CHAR(1024),
    "f13" CHAR(1024),
    "f14" CHAR(1024),
    "f15" CHAR(1024),
    "f16" CHAR(1024),
    "f17" CHAR(1024),
    "f18" CHAR(1024),
    "f19" CHAR(1024),
    "f20" CHAR(1024),
    "f21" CHAR(1024),
    "f22" CHAR(1024),
    "f23" CHAR(1024),
    "f24" CHAR(1024)
);
success!
timestamp: 2020-11-26T14:42:40.263871
CREATE TABLE "dfformsXbasic2"(
    "id" INTEGER PRIMARY KEY AUTOINCREMENT,
    "f0" CHAR(1024),
    "f1" CHAR(1024),
    "f2" CHAR(1024),
    "f3" CHAR(1024),
    "f4" CHAR(1024),
    "f5" CHAR(1024)
);
success!
timestamp: 2020-11-26T14:42:40.284056
CREATE TABLE "dfformsXbasic3"(
    "id" INTEGER PRIMARY KEY AUTOINCREMENT,
    "f0" CHAR(1),
    "f1" CHAR(1),
    "f2" CHAR(1024),
    "f3" CHAR(1024),
    "f4" CHAR(1),
    "f5" CHAR(1),
    "f6" CHAR(1),
    "f7" CHAR(1024),
    "f8" CHAR(1024)
);
success!
timestamp: 2020-11-26T14:42:40.306133
CREATE TABLE "dfformsXbasic4"(
    "id" INTEGER PRIMARY KEY AUTOINCREMENT,
    "f0" CHAR(1024),
    "f1" CHAR(1024),
    "f2" CHAR(1024),
    "f3" CHAR(1024),
    "f4" CHAR(1024),
    "f5" CHAR(1024),
    "f6" CHAR(1024),
    "f7" CHAR(1024),
    "f8" CHAR(1),
    "f9" CHAR(1024),
    "f10" CHAR(1024),
    "f11" CHAR(1024),
    "f12" CHAR(1024),
    "f13" CHAR(1024),
    "f14" CHAR(1024),
    "f15" CHAR(1024)
);
success!
timestamp: 2020-11-26T14:42:40.327413
CREATE TABLE "dfformsXbasic5"(
    "id" INTEGER PRIMARY KEY AUTOINCREMENT,
    "f0" CHAR(1),
    "f1" CHAR(1),
    "f2" CHAR(1),
    "f3" CHAR(1),
    "f4" CHAR(1),
    "f5" CHAR(1),
    "f6" CHAR(1)
);
success!
timestamp: 2020-11-26T14:42:40.347083
CREATE TABLE "dfformsXbasic6"(
    "id" INTEGER PRIMARY KEY AUTOINCREMENT,
    "f0" CHAR(1024),
    "f1" CHAR(1024),
    "f2" CHAR(1024),
    "f3" CHAR(1024),
    "f4" CHAR(1024),
    "f5" CHAR(1024),
    "f6" CHAR(1024)
);
success!
timestamp: 2020-11-26T14:42:40.371611
CREATE TABLE "dfformsXbasic7"(
    "id" INTEGER PRIMARY KEY AUTOINCREMENT,
    "f0" TEXT
);
success!
timestamp: 2020-11-26T14:42:40.392933
CREATE TABLE "dfformsXadvanced0"(
    "id" INTEGER PRIMARY KEY AUTOINCREMENT,
    "f0" CHAR(1024)
);
success!
timestamp: 2020-11-26T14:42:40.413606
CREATE TABLE "dfformsXadvanced1"(
    "id" INTEGER PRIMARY KEY AUTOINCREMENT,
    "f0" CHAR(1024),
    "f1" CHAR(1024),
    "f2" CHAR(1024),
    "f3" CHAR(1024)
);
success!
timestamp: 2020-11-26T14:42:40.434575
CREATE TABLE "dfformsXadvanced2"(
    "id" INTEGER PRIMARY KEY AUTOINCREMENT,
    "f0" CHAR(1024),
    "f1" CHAR(1024),
    "f2" CHAR(1024),
    "f3" CHAR(1024),
    "f4" CHAR(1024),
    "f5" CHAR(1024),
    "f6" CHAR(1024),
    "f7" CHAR(1024)
);
success!
timestamp: 2020-11-26T14:42:40.455448
CREATE TABLE "dfformsXadvanced3"(
    "id" INTEGER PRIMARY KEY AUTOINCREMENT,
    "f0" CHAR(1024),
    "f1" CHAR(1024)
);
success!
timestamp: 2020-11-26T14:42:40.481340
CREATE TABLE "dfformsXadvanced4"(
    "id" INTEGER PRIMARY KEY AUTOINCREMENT,
    "f0" CHAR(1),
    "f1" CHAR(1),
    "f2" CHAR(1),
    "f3" CHAR(1),
    "f4" CHAR(1),
    "f5" CHAR(1),
    "f6" CHAR(1),
    "f7" CHAR(1),
    "f8" CHAR(1),
    "f9" CHAR(1),
    "f10" CHAR(1),
    "f11" CHAR(1),
    "f12" CHAR(1),
    "f13" CHAR(1),
    "f14" CHAR(1),
    "f15" CHAR(1),
    "f16" CHAR(1),
    "f17" CHAR(1)
);
success!
timestamp: 2020-11-26T14:42:40.500197
CREATE TABLE "dfformsXadvanced5"(
    "id" INTEGER PRIMARY KEY AUTOINCREMENT,
    "f0" CHAR(1024),
    "f1" CHAR(1024)
);
success!
timestamp: 2020-11-26T14:42:40.522296
CREATE TABLE "dfformsXadvanced6"(
    "id" INTEGER PRIMARY KEY AUTOINCREMENT,
    "f0" CHAR(1024),
    "f1" CHAR(1024),
    "f2" CHAR(1024),
    "f3" CHAR(1024)
);
success!
timestamp: 2020-11-26T14:42:40.545231
CREATE TABLE "dfformsXadvanced7"(
    "id" INTEGER PRIMARY KEY AUTOINCREMENT,
    "f0" CHAR(1024),
    "f1" CHAR(1024),
    "f2" CHAR(1024)
);
success!
timestamp: 2020-11-26T14:42:40.562392
CREATE TABLE "dfformsXadvanced8"(
    "id" INTEGER PRIMARY KEY AUTOINCREMENT,
    "f0" CHAR(1024),
    "f1" CHAR(1024),
    "f2" CHAR(1024),
    "f3" CHAR(1024)
);
success!
timestamp: 2020-11-26T14:42:40.581279
CREATE TABLE "dfformsXadvanced9"(
    "id" INTEGER PRIMARY KEY AUTOINCREMENT,
    "f0" CHAR(1024),
    "f1" TEXT
);
success!
timestamp: 2020-11-26T14:42:40.600175
CREATE TABLE "dfformsXadvanced10"(
    "id" INTEGER PRIMARY KEY AUTOINCREMENT
);
success!
timestamp: 2020-11-26T14:42:40.619224
CREATE TABLE "dfformsXadvanced11"(
    "id" INTEGER PRIMARY KEY AUTOINCREMENT
);
success!
timestamp: 2020-11-26T14:42:40.650261
CREATE TABLE "dfformsXadvanced12"(
    "id" INTEGER PRIMARY KEY AUTOINCREMENT,
    "f0" TEXT
);
success!
timestamp: 2020-11-26T14:42:40.669832
CREATE TABLE "dfformsXvalidation0"(
    "id" INTEGER PRIMARY KEY AUTOINCREMENT,
    "f0" CHAR(1024)
);
success!
timestamp: 2020-11-26T14:42:40.689638
CREATE TABLE "dfformsXvalidation1"(
    "id" INTEGER PRIMARY KEY AUTOINCREMENT,
    "f0" CHAR(1024),
    "f1" CHAR(1024),
    "f2" CHAR(1024),
    "f3" TEXT
);
success!
timestamp: 2020-11-26T14:42:40.725908
CREATE TABLE "dfformsXvalidation2"(
    "id" INTEGER PRIMARY KEY AUTOINCREMENT,
    "f0" CHAR(1024),
    "f1" CHAR(1024),
    "f2" CHAR(1024),
    "f3" CHAR(1),
    "f4" CHAR(1),
    "f5" CHAR(1)
);
success!
timestamp: 2020-11-26T14:42:40.746448
CREATE TABLE "dfformsXvalidation3"(
    "id" INTEGER PRIMARY KEY AUTOINCREMENT,
    "f0" CHAR(1024),
    "f1" CHAR(1024),
    "f2" CHAR(1024),
    "f3" TEXT
);
success!
timestamp: 2020-11-26T14:42:40.764513
CREATE TABLE "dfformsXvalidation4"(
    "id" INTEGER PRIMARY KEY AUTOINCREMENT,
    "f0" CHAR(1024),
    "f1" CHAR(1024)
);
success!
timestamp: 2020-11-26T14:42:40.786461
CREATE TABLE "dfformsXlayouts0"(
    "id" INTEGER PRIMARY KEY AUTOINCREMENT,
    "f0" CHAR(1024)
);
success!
timestamp: 2020-11-26T14:42:40.806793
CREATE TABLE "dfformsXlayouts1"(
    "id" INTEGER PRIMARY KEY AUTOINCREMENT,
    "f0" CHAR(1024),
    "f1" CHAR(1024)
);
success!
timestamp: 2020-11-26T14:42:40.827805
CREATE TABLE "dfformsXlayouts2"(
    "id" INTEGER PRIMARY KEY AUTOINCREMENT,
    "f0" CHAR(1024),
    "f1" CHAR(1024)
);
success!
timestamp: 2020-11-26T14:42:40.848256
CREATE TABLE "dfformsXlayouts3"(
    "id" INTEGER PRIMARY KEY AUTOINCREMENT,
    "f0" CHAR(1024),
    "f1" CHAR(1024),
    "f2" CHAR(1024),
    "f3" TEXT
);
success!
timestamp: 2020-11-26T14:42:40.868053
CREATE TABLE "dfformsXlayouts4"(
    "id" INTEGER PRIMARY KEY AUTOINCREMENT,
    "f0" CHAR(1024),
    "f1" CHAR(1024),
    "f2" CHAR(1)
);
success!
timestamp: 2020-11-26T14:42:40.890114
CREATE TABLE "dfformsXwizard0"(
    "id" INTEGER PRIMARY KEY AUTOINCREMENT,
    "f0" CHAR(1024)
);
success!
timestamp: 2020-11-26T14:42:40.908982
CREATE TABLE "dfformsXwizard1"(
    "id" INTEGER PRIMARY KEY AUTOINCREMENT,
    "f0" CHAR(1024),
    "f1" CHAR(1024),
    "f2" CHAR(1024),
    "f3" CHAR(1024),
    "f4" CHAR(1024),
    "f5" CHAR(1)
);
success!
timestamp: 2020-11-26T14:42:40.931009
CREATE TABLE "dfformsXwizard2"(
    "id" INTEGER PRIMARY KEY AUTOINCREMENT,
    "f0" CHAR(1024),
    "f1" CHAR(1024),
    "f2" CHAR(1024),
    "f3" CHAR(1024),
    "f4" CHAR(1024),
    "f5" CHAR(1)
);
success!
timestamp: 2020-11-26T14:42:40.948225
CREATE TABLE "dfformsXwizard3"(
    "id" INTEGER PRIMARY KEY AUTOINCREMENT,
    "f0" CHAR(1024),
    "f1" CHAR(1024),
    "f2" CHAR(1024),
    "f3" CHAR(1024),
    "f4" CHAR(1024),
    "f5" CHAR(1024),
    "f6" CHAR(1024),
    "f7" CHAR(1024),
    "f8" CHAR(1)
);
success!
timestamp: 2020-11-26T14:42:40.966550
CREATE TABLE "dfformsXwizard4"(
    "id" INTEGER PRIMARY KEY AUTOINCREMENT,
    "f0" CHAR(1024),
    "f1" CHAR(1024),
    "f2" CHAR(1024),
    "f3" CHAR(1024),
    "f4" CHAR(1024),
    "f5" CHAR(1024),
    "f6" CHAR(1024),
    "f7" CHAR(1024),
    "f8" CHAR(1)
);
success!
timestamp: 2020-11-26T14:42:40.984367
CREATE TABLE "dfformsXwizard5"(
    "id" INTEGER PRIMARY KEY AUTOINCREMENT,
    "f0" CHAR(1024),
    "f1" CHAR(1024),
    "f2" CHAR(1024),
    "f3" CHAR(1024),
    "f4" CHAR(1024),
    "f5" CHAR(1024),
    "f6" CHAR(1024),
    "f7" CHAR(1024),
    "f8" CHAR(1)
);
success!
timestamp: 2020-11-26T14:42:41.007138
CREATE TABLE "dfformsXcodeXeditor0"(
    "id" INTEGER PRIMARY KEY AUTOINCREMENT,
    "f0" CHAR(1024)
);
success!
timestamp: 2020-11-26T14:42:41.031174
CREATE TABLE "dfformsXcodeXeditor1"(
    "id" INTEGER PRIMARY KEY AUTOINCREMENT,
    "f0" TEXT
);
success!
timestamp: 2020-11-26T14:42:41.052142
CREATE TABLE "dftablesXbasic0"(
    "id" INTEGER PRIMARY KEY AUTOINCREMENT,
    "f0" CHAR(1024)
);
success!
timestamp: 2020-11-26T14:42:41.074215
CREATE TABLE "dftablesXadvanced0"(
    "id" INTEGER PRIMARY KEY AUTOINCREMENT,
    "f0" CHAR(1024)
);
success!
timestamp: 2020-11-26T14:42:41.092434
CREATE TABLE "dftablesXresponsive0"(
    "id" INTEGER PRIMARY KEY AUTOINCREMENT,
    "f0" CHAR(1024)
);
success!
timestamp: 2020-11-26T14:42:41.112263
CREATE TABLE "dftablesXeditable0"(
    "id" INTEGER PRIMARY KEY AUTOINCREMENT,
    "f0" CHAR(1024)
);
success!
timestamp: 2020-11-26T14:42:41.130761
CREATE TABLE "dftablesXajax0"(
    "id" INTEGER PRIMARY KEY AUTOINCREMENT,
    "f0" CHAR(1024)
);
success!
timestamp: 2020-11-26T14:42:41.154224
CREATE TABLE "dftablesXpricing0"(
    "id" INTEGER PRIMARY KEY AUTOINCREMENT,
    "f0" CHAR(1024)
);
success!
timestamp: 2020-11-26T14:42:41.173688
CREATE TABLE "dfmapsXgoogleXmaps0"(
    "id" INTEGER PRIMARY KEY AUTOINCREMENT,
    "f0" CHAR(1024)
);
success!
timestamp: 2020-11-26T14:42:41.193840
CREATE TABLE "dfmapsXgoogleXmapsXbuilder0"(
    "id" INTEGER PRIMARY KEY AUTOINCREMENT,
    "f0" CHAR(1024)
);
success!
timestamp: 2020-11-26T14:42:41.215009
CREATE TABLE "dfmapsXgoogleXmapsXbuilder1"(
    "id" INTEGER PRIMARY KEY AUTOINCREMENT,
    "f0" CHAR(1024),
    "f1" CHAR(1024),
    "f2" TEXT
);
success!
timestamp: 2020-11-26T14:42:41.234098
CREATE TABLE "dfmapsXvector0"(
    "id" INTEGER PRIMARY KEY AUTOINCREMENT,
    "f0" CHAR(1024)
);
success!
timestamp: 2020-11-26T14:42:41.253536
CREATE TABLE "dflayoutsXdefault0"(
    "id" INTEGER PRIMARY KEY AUTOINCREMENT,
    "f0" CHAR(1024)
);
success!
timestamp: 2020-11-26T14:42:41.277798
CREATE TABLE "dflayoutsXboxed0"(
    "id" INTEGER PRIMARY KEY AUTOINCREMENT,
    "f0" CHAR(1024)
);
success!
timestamp: 2020-11-26T14:42:41.296849
CREATE TABLE "dflayoutsXmenuXcollapsed0"(
    "id" INTEGER PRIMARY KEY AUTOINCREMENT,
    "f0" CHAR(1024)
);
success!
timestamp: 2020-11-26T14:42:41.316367
CREATE TABLE "dflayoutsXscroll0"(
    "id" INTEGER PRIMARY KEY AUTOINCREMENT,
    "f0" CHAR(1024)
);
success!
timestamp: 2020-11-26T14:42:41.340505
CREATE TABLE "dfmailboxXemail0"(
    "id" INTEGER PRIMARY KEY AUTOINCREMENT,
    "f0" CHAR(1024)
);
success!
timestamp: 2020-11-26T14:42:41.363708
CREATE TABLE "dfmailboxXcompose0"(
    "id" INTEGER PRIMARY KEY AUTOINCREMENT,
    "f0" CHAR(1024)
);
success!
timestamp: 2020-11-26T14:42:41.381410
CREATE TABLE "dfmailboxXcompose1"(
    "id" INTEGER PRIMARY KEY AUTOINCREMENT,
    "f0" CHAR(1024),
    "f1" CHAR(1024),
    "f2" CHAR(1024)
);
success!
timestamp: 2020-11-26T14:42:41.400078
CREATE TABLE "tindex0"(
    "id" INTEGER PRIMARY KEY AUTOINCREMENT,
    "f0" CHAR(1024),
    "f1" CHAR(1024),
    "f2" CHAR(1024),
    "f3" CHAR(1024)
);
success!
timestamp: 2020-11-26T14:42:41.422240
CREATE TABLE "tpagesXinvoice0"(
    "id" INTEGER PRIMARY KEY AUTOINCREMENT,
    "f0" CHAR(1024),
    "f1" CHAR(1024),
    "f2" CHAR(1024),
    "f3" CHAR(1024),
    "f4" CHAR(1024),
    "f5" CHAR(1024)
);
success!
timestamp: 2020-11-26T14:42:41.457919
CREATE TABLE "tpagesXinvoice1"(
    "id" INTEGER PRIMARY KEY AUTOINCREMENT,
    "f0" CHAR(1024),
    "f1" CHAR(1024)
);
success!
timestamp: 2020-11-26T14:42:41.479140
CREATE TABLE "tpagesXlogXviewer0"(
    "id" INTEGER PRIMARY KEY AUTOINCREMENT,
    "f0" CHAR(1024),
    "f1" CHAR(1024),
    "f2" CHAR(1024)
);
success!
timestamp: 2020-11-26T14:42:41.500459
CREATE TABLE "tpagesXlogXviewer1"(
    "id" INTEGER PRIMARY KEY AUTOINCREMENT,
    "f0" CHAR(1024),
    "f1" CHAR(1024),
    "f2" CHAR(1024)
);
success!
timestamp: 2020-11-26T14:42:41.519297
CREATE TABLE "tpagesXlogXviewer2"(
    "id" INTEGER PRIMARY KEY AUTOINCREMENT,
    "f0" CHAR(1024),
    "f1" CHAR(1024),
    "f2" CHAR(1024)
);
success!
timestamp: 2020-11-26T14:42:41.540830
CREATE TABLE "ttablesXbasic0"(
    "id" INTEGER PRIMARY KEY AUTOINCREMENT,
    "f0" CHAR(1024),
    "f1" CHAR(1024),
    "f2" CHAR(1024),
    "f3" CHAR(1024)
);
success!
timestamp: 2020-11-26T14:42:41.561193
CREATE TABLE "ttablesXbasic1"(
    "id" INTEGER PRIMARY KEY AUTOINCREMENT,
    "f0" CHAR(1024),
    "f1" CHAR(1024),
    "f2" CHAR(1024),
    "f3" CHAR(1024)
);
success!
timestamp: 2020-11-26T14:42:41.581426
CREATE TABLE "ttablesXbasic2"(
    "id" INTEGER PRIMARY KEY AUTOINCREMENT,
    "f0" CHAR(1024),
    "f1" CHAR(1024),
    "f2" CHAR(1024),
    "f3" CHAR(1024)
);
success!
timestamp: 2020-11-26T14:42:41.606790
CREATE TABLE "ttablesXbasic3"(
    "id" INTEGER PRIMARY KEY AUTOINCREMENT,
    "f0" CHAR(1024),
    "f1" CHAR(1024),
    "f2" CHAR(1024),
    "f3" CHAR(1024)
);
success!
timestamp: 2020-11-26T14:42:41.630882
CREATE TABLE "ttablesXbasic4"(
    "id" INTEGER PRIMARY KEY AUTOINCREMENT,
    "f0" CHAR(1024),
    "f1" CHAR(1024),
    "f2" CHAR(1024)
);
success!
timestamp: 2020-11-26T14:42:41.651073
CREATE TABLE "ttablesXbasic5"(
    "id" INTEGER PRIMARY KEY AUTOINCREMENT,
    "f0" CHAR(1024),
    "f1" CHAR(1024),
    "f2" CHAR(1024),
    "f3" CHAR(1024)
);
success!
timestamp: 2020-11-26T14:42:41.672712
CREATE TABLE "ttablesXbasic6"(
    "id" INTEGER PRIMARY KEY AUTOINCREMENT,
    "f0" CHAR(1024),
    "f1" CHAR(1024),
    "f2" CHAR(1024),
    "f3" CHAR(1024),
    "f4" CHAR(1024)
);
success!
timestamp: 2020-11-26T14:42:41.694399
CREATE TABLE "ttablesXbasic7"(
    "id" INTEGER PRIMARY KEY AUTOINCREMENT,
    "f0" CHAR(1024),
    "f1" CHAR(1024),
    "f2" CHAR(1024),
    "f3" CHAR(1024),
    "f4" CHAR(1024)
);
success!
timestamp: 2020-11-26T14:42:41.718976
CREATE TABLE "ttablesXbasic8"(
    "id" INTEGER PRIMARY KEY AUTOINCREMENT,
    "f0" CHAR(1024),
    "f1" CHAR(1024),
    "f2" CHAR(1024),
    "f3" CHAR(1024),
    "f4" CHAR(1024)
);
success!
timestamp: 2020-11-26T14:42:41.739526
CREATE TABLE "ttablesXbasic9"(
    "id" INTEGER PRIMARY KEY AUTOINCREMENT,
    "f0" CHAR(1024),
    "f1" CHAR(1024),
    "f2" CHAR(1024),
    "f3" CHAR(1024),
    "f4" CHAR(1024)
);
success!
timestamp: 2020-11-26T14:42:41.765512
CREATE TABLE "ttablesXadvanced0"(
    "id" INTEGER PRIMARY KEY AUTOINCREMENT,
    "f0" CHAR(1024),
    "f1" CHAR(1024),
    "f2" CHAR(1024),
    "f3" CHAR(1024),
    "f4" CHAR(1024)
);
success!
timestamp: 2020-11-26T14:42:41.784457
CREATE TABLE "ttablesXadvanced1"(
    "id" INTEGER PRIMARY KEY AUTOINCREMENT,
    "f0" CHAR(1024),
    "f1" CHAR(1024),
    "f2" CHAR(1024),
    "f3" CHAR(1024),
    "f4" CHAR(1024)
);
success!
timestamp: 2020-11-26T14:42:41.805203
CREATE TABLE "ttablesXadvanced2"(
    "id" INTEGER PRIMARY KEY AUTOINCREMENT,
    "f0" CHAR(1024),
    "f1" CHAR(1024),
    "f2" CHAR(1024),
    "f3" CHAR(1024),
    "f4" CHAR(1024)
);
success!
timestamp: 2020-11-26T14:42:41.825528
CREATE TABLE "ttablesXresponsive0"(
    "id" INTEGER PRIMARY KEY AUTOINCREMENT,
    "f0" CHAR(1024),
    "f1" CHAR(1024),
    "f2" CHAR(1024),
    "f3" CHAR(1024),
    "f4" CHAR(1024),
    "f5" CHAR(1024),
    "f6" CHAR(1024),
    "f7" CHAR(1024),
    "f8" CHAR(1024)
);
success!
timestamp: 2020-11-26T14:42:41.847065
CREATE TABLE "ttablesXresponsive1"(
    "id" INTEGER PRIMARY KEY AUTOINCREMENT,
    "f0" CHAR(1024),
    "f1" CHAR(1024),
    "f2" CHAR(1024),
    "f3" CHAR(1024),
    "f4" CHAR(1024),
    "f5" CHAR(1024),
    "f6" CHAR(1024),
    "f7" CHAR(1024),
    "f8" CHAR(1024)
);
success!
timestamp: 2020-11-26T14:42:41.868303
CREATE TABLE "ttablesXresponsive2"(
    "id" INTEGER PRIMARY KEY AUTOINCREMENT,
    "f0" CHAR(1024),
    "f1" CHAR(1024),
    "f2" CHAR(1024),
    "f3" CHAR(1024),
    "f4" CHAR(1024),
    "f5" CHAR(1024),
    "f6" CHAR(1024),
    "f7" CHAR(1024),
    "f8" CHAR(1024)
);
success!
timestamp: 2020-11-26T14:42:41.890077
CREATE TABLE "ttablesXeditable0"(
    "id" INTEGER PRIMARY KEY AUTOINCREMENT,
    "f0" CHAR(1024),
    "f1" CHAR(1024),
    "f2" CHAR(1024),
    "f3" CHAR(1024)
);
success!
timestamp: 2020-11-26T14:42:41.910495
CREATE TABLE "ttablesXajax0"(
    "id" INTEGER PRIMARY KEY AUTOINCREMENT,
    "f0" CHAR(1024),
    "f1" CHAR(1024),
    "f2" CHAR(1024),
    "f3" CHAR(1024),
    "f4" CHAR(1024)
);
success!
timestamp: 2020-11-26T14:42:41.932968
CREATE TABLE "tpagesXinvoiceXprint0"(
    "id" INTEGER PRIMARY KEY AUTOINCREMENT,
    "f0" CHAR(1024),
    "f1" CHAR(1024),
    "f2" CHAR(1024),
    "f3" CHAR(1024),
    "f4" CHAR(1024),
    "f5" CHAR(1024)
);
success!
timestamp: 2020-11-26T14:42:41.958143
CREATE TABLE "tpagesXinvoiceXprint1"(
    "id" INTEGER PRIMARY KEY AUTOINCREMENT,
    "f0" CHAR(1024),
    "f1" CHAR(1024)
);
success!
