timestamp: 2020-12-08T08:51:57.108799
CREATE TABLE "auth_user"(
    "id" INTEGER PRIMARY KEY AUTOINCREMENT,
    "username" CHAR(512) UNIQUE,
    "email" CHAR(512) UNIQUE,
    "password" CHAR(512),
    "first_name" CHAR(512),
    "last_name" CHAR(512),
    "sso_id" CHAR(512),
    "action_token" CHAR(512),
    "last_password_change" TIMESTAMP
);
success!
timestamp: 2020-12-08T08:51:57.147691
CREATE TABLE "auth_user_tag_groups"(
    "id" INTEGER PRIMARY KEY AUTOINCREMENT,
    "path" CHAR(512),
    "record_id" INTEGER REFERENCES "auth_user" ("id") ON DELETE CASCADE  
);
success!
timestamp: 2020-12-08T08:51:57.395831
CREATE TABLE "test_table"(
    "id" INTEGER PRIMARY KEY AUTOINCREMENT,
    "f0" CHAR(512),
    "f1" CHAR(512),
    "f2" CHAR(512)
);
success!
timestamp: 2020-12-08T08:51:57.443017
CREATE TABLE "dfadmin0"(
    "id" INTEGER PRIMARY KEY AUTOINCREMENT,
    "f0" CHAR(1024)
);
success!
timestamp: 2020-12-08T08:51:57.475667
CREATE TABLE "dfadmin1"(
    "id" INTEGER PRIMARY KEY AUTOINCREMENT,
    "f0" CHAR(1024)
);
success!
timestamp: 2020-12-08T08:51:57.512809
CREATE TABLE "dfband0"(
    "id" INTEGER PRIMARY KEY AUTOINCREMENT,
    "f0" CHAR(1024),
    "f1" CHAR(1024),
    "f2" TEXT
);
success!
timestamp: 2020-12-08T08:51:57.533603
CREATE TABLE "dfforum0"(
    "id" INTEGER PRIMARY KEY AUTOINCREMENT,
    "f0" CHAR(1024)
);
success!
timestamp: 2020-12-08T08:51:57.551105
CREATE TABLE "dfhelloXparallax0"(
    "id" INTEGER PRIMARY KEY AUTOINCREMENT,
    "f0" CHAR(1024)
);
success!
timestamp: 2020-12-08T08:51:57.568623
CREATE TABLE "dfhelloXparallax1"(
    "id" INTEGER PRIMARY KEY AUTOINCREMENT,
    "f0" CHAR(1024)
);
success!
timestamp: 2020-12-08T08:51:57.585963
CREATE TABLE "dfinstaAlbum0"(
    "id" INTEGER PRIMARY KEY AUTOINCREMENT,
    "f0" CHAR(1024)
);
success!
timestamp: 2020-12-08T08:51:57.604911
CREATE TABLE "dfinstaAlbum1"(
    "id" INTEGER PRIMARY KEY AUTOINCREMENT,
    "f0" CHAR(1024)
);
success!
timestamp: 2020-12-08T08:51:57.706013
CREATE TABLE "dfinstaAlbum2"(
    "id" INTEGER PRIMARY KEY AUTOINCREMENT,
    "f0" CHAR(1024)
);
success!
timestamp: 2020-12-08T08:51:57.761110
CREATE TABLE "dfinstaAlbum3"(
    "id" INTEGER PRIMARY KEY AUTOINCREMENT,
    "f0" CHAR(1024)
);
success!
timestamp: 2020-12-08T08:51:57.778548
CREATE TABLE "dfkanban0"(
    "id" INTEGER PRIMARY KEY AUTOINCREMENT,
    "f0" CHAR(1024)
);
success!
timestamp: 2020-12-08T08:51:57.970299
CREATE TABLE "dfkanbanXsearchX0"(
    "id" INTEGER PRIMARY KEY AUTOINCREMENT,
    "f0" CHAR(1024)
);
success!
timestamp: 2020-12-08T08:51:58.010717
CREATE TABLE "dflanding0"(
    "id" INTEGER PRIMARY KEY AUTOINCREMENT,
    "f0" CHAR(1024)
);
success!
timestamp: 2020-12-08T08:51:58.032364
CREATE TABLE "dflogin0"(
    "id" INTEGER PRIMARY KEY AUTOINCREMENT,
    "f0" CHAR(1024),
    "f1" CHAR(1024),
    "f2" CHAR(1)
);
success!
timestamp: 2020-12-08T08:51:58.131091
CREATE TABLE "dfneumorphicXlogin0"(
    "id" INTEGER PRIMARY KEY AUTOINCREMENT,
    "f0" CHAR(1024),
    "f1" CHAR(1024)
);
success!
timestamp: 2020-12-08T08:51:58.149069
CREATE TABLE "dfpersonal0"(
    "id" INTEGER PRIMARY KEY AUTOINCREMENT,
    "f0" CHAR(1024)
);
success!
timestamp: 2020-12-08T08:51:58.353765
CREATE TABLE "dfpersonal1"(
    "id" INTEGER PRIMARY KEY AUTOINCREMENT,
    "f0" CHAR(1024)
);
success!
timestamp: 2020-12-08T08:51:58.372208
CREATE TABLE "dfpersonal2"(
    "id" INTEGER PRIMARY KEY AUTOINCREMENT,
    "f0" TEXT
);
success!
timestamp: 2020-12-08T08:51:58.630050
CREATE TABLE "dfshowcase0"(
    "id" INTEGER PRIMARY KEY AUTOINCREMENT
);
success!
timestamp: 2020-12-08T08:51:58.650743
CREATE TABLE "dfshowcase1"(
    "id" INTEGER PRIMARY KEY AUTOINCREMENT
);
success!
timestamp: 2020-12-08T08:51:58.671968
CREATE TABLE "dfshowcase2"(
    "id" INTEGER PRIMARY KEY AUTOINCREMENT,
    "f0" CHAR(1024),
    "f1" CHAR(1024),
    "f2" TEXT
);
success!
timestamp: 2020-12-08T08:51:58.690205
CREATE TABLE "dfregister0"(
    "id" INTEGER PRIMARY KEY AUTOINCREMENT,
    "f0" CHAR(1024),
    "f1" CHAR(1024)
);
success!
timestamp: 2020-12-08T08:51:58.706994
CREATE TABLE "dfcontact0"(
    "id" INTEGER PRIMARY KEY AUTOINCREMENT,
    "f0" CHAR(1024)
);
success!
timestamp: 2020-12-08T08:51:58.724670
CREATE TABLE "dfcontact1"(
    "id" INTEGER PRIMARY KEY AUTOINCREMENT,
    "f0" CHAR(1024)
);
success!
timestamp: 2020-12-08T08:51:58.742611
CREATE TABLE "dfcontact2"(
    "id" INTEGER PRIMARY KEY AUTOINCREMENT,
    "f0" TEXT
);
success!
timestamp: 2020-12-08T08:51:58.762629
CREATE TABLE "dfblogXtailsaw0"(
    "id" INTEGER PRIMARY KEY AUTOINCREMENT,
    "f0" CHAR(1024)
);
success!
timestamp: 2020-12-08T08:51:58.784359
CREATE TABLE "dfblogXtailsaw1"(
    "id" INTEGER PRIMARY KEY AUTOINCREMENT,
    "f0" CHAR(1024)
);
success!
timestamp: 2020-12-08T08:51:58.803894
CREATE TABLE "dfsearch0"(
    "id" INTEGER PRIMARY KEY AUTOINCREMENT,
    "f0" CHAR(1024)
);
success!
timestamp: 2020-12-08T08:51:58.823666
CREATE TABLE "tadmin0"(
    "id" INTEGER PRIMARY KEY AUTOINCREMENT,
    "f0" CHAR(1024),
    "f1" CHAR(1024),
    "f2" CHAR(1024)
);
success!
timestamp: 2020-12-08T08:51:58.845536
CREATE TABLE "tpersonal0"(
    "id" INTEGER PRIMARY KEY AUTOINCREMENT,
    "f0" CHAR(1024),
    "f1" CHAR(1024)
);
success!
timestamp: 2020-12-08T08:51:58.866241
CREATE TABLE "ttabs0"(
    "id" INTEGER PRIMARY KEY AUTOINCREMENT,
    "f0" CHAR(1024),
    "f1" CHAR(1024)
);
success!
