Adminator-admin-dashboard/webpack/config.js
Adminator-admin-dashboard/webpack.config.js
Adminator-admin-dashboard/webpack/rules/js.js
Adminator-admin-dashboard/webpack/manifest.js
Adminator-admin-dashboard/webpack/rules/css.js
Adminator-admin-dashboard/webpack/devServer.js
Adminator-admin-dashboard/webpack/rules/sass.js
Adminator-admin-dashboard/webpack/rules/fonts.js
Adminator-admin-dashboard/webpack/rules/index.js
Adminator-admin-dashboard/webpack/rules/images.js
Adminator-admin-dashboard/webpack/plugins/index.js
Adminator-admin-dashboard/webpack/plugins/internal.js
Adminator-admin-dashboard/src/assets/scripts/index.js
Adminator-admin-dashboard/webpack/plugins/copyPlugin.js
Adminator-admin-dashboard/webpack/plugins/htmlPlugin.js
Adminator-admin-dashboard/webpack/plugins/extractPlugin.js
Adminator-admin-dashboard/src/assets/scripts/chat/index.js
Adminator-admin-dashboard/webpack/plugins/imageminPlugin.js
Adminator-admin-dashboard/src/assets/scripts/utils/index.js
Adminator-admin-dashboard/src/assets/scripts/email/index.js
Adminator-admin-dashboard/webpack/plugins/dashboardPlugin.js
Adminator-admin-dashboard/src/assets/scripts/search/index.js
Adminator-admin-dashboard/src/assets/scripts/charts/index.js
Adminator-admin-dashboard/src/assets/scripts/sidebar/index.js
Adminator-admin-dashboard/src/assets/scripts/skycons/index.js
Adminator-admin-dashboard/src/assets/scripts/popover/index.js
Adminator-admin-dashboard/src/assets/scripts/masonry/index.js
Adminator-admin-dashboard/src/assets/scripts/scrollbar/index.js
Adminator-admin-dashboard/src/assets/scripts/datatable/index.js
Adminator-admin-dashboard/webpack/plugins/caseSensitivePlugin.js
Adminator-admin-dashboard/src/assets/scripts/vectorMaps/index.js
Adminator-admin-dashboard/src/assets/scripts/datepicker/index.js
Adminator-admin-dashboard/src/assets/scripts/googleMaps/index.js
Adminator-admin-dashboard/src/assets/scripts/constants/colors.js
Adminator-admin-dashboard/src/assets/scripts/fullcalendar/index.js
Adminator-admin-dashboard/src/assets/styles/vendor/font-awesome.css
Adminator-admin-dashboard/src/assets/styles/vendor/themify-icons.css
Adminator-admin-dashboard/src/assets/scripts/charts/chartJS/index.js
Adminator-admin-dashboard/src/assets/scripts/charts/sparkline/index.js
Adminator-admin-dashboard/src/assets/scripts/charts/easyPieChart/index.js
