{'404.html': ['Adminator-admin-dashboard/src/404.html',
              'Adminator-admin-dashboard/build/404.html'],
 '500.html': ['Adminator-admin-dashboard/src/500.html',
              'Adminator-admin-dashboard/build/500.html'],
 'basic-table.html': ['Adminator-admin-dashboard/src/basic-table.html',
                      'Adminator-admin-dashboard/build/basic-table.html'],
 'blank.html': ['Adminator-admin-dashboard/src/blank.html',
                'Adminator-admin-dashboard/build/blank.html'],
 'calendar.html': ['Adminator-admin-dashboard/src/calendar.html',
                   'Adminator-admin-dashboard/build/calendar.html'],
 'charts.html': ['Adminator-admin-dashboard/src/charts.html',
                 'Adminator-admin-dashboard/build/charts.html'],
 'chat.html': ['Adminator-admin-dashboard/src/chat.html',
               'Adminator-admin-dashboard/build/chat.html'],
 'compose.html': ['Adminator-admin-dashboard/src/compose.html',
                  'Adminator-admin-dashboard/build/compose.html'],
 'datatable.html': ['Adminator-admin-dashboard/src/datatable.html',
                    'Adminator-admin-dashboard/build/datatable.html'],
 'email.html': ['Adminator-admin-dashboard/src/email.html',
                'Adminator-admin-dashboard/build/email.html'],
 'forms.html': ['Adminator-admin-dashboard/src/forms.html',
                'Adminator-admin-dashboard/build/forms.html'],
 'google-maps.html': ['Adminator-admin-dashboard/src/google-maps.html',
                      'Adminator-admin-dashboard/build/google-maps.html'],
 'index.html': ['Adminator-admin-dashboard/src/index.html',
                'Adminator-admin-dashboard/build/index.html'],
 'signin.html': ['Adminator-admin-dashboard/src/signin.html',
                 'Adminator-admin-dashboard/build/signin.html'],
 'signup.html': ['Adminator-admin-dashboard/src/signup.html',
                 'Adminator-admin-dashboard/build/signup.html'],
 'ui.html': ['Adminator-admin-dashboard/src/ui.html',
             'Adminator-admin-dashboard/build/ui.html'],
 'vector-maps.html': ['Adminator-admin-dashboard/src/vector-maps.html',
                      'Adminator-admin-dashboard/build/vector-maps.html']}
