buttons.html
favicon.ico
sr_in_js.yml
sr_in_html.yml
assets/static/images/logo.svg
b06871f281fee6b241d60582ae9369b9.ttf
912ec66d7572ff821749319396470bde.svg
9c8e96ecc7fa01e6ebcd196495ed2db5.svg
e23a7dcaefbde4e74e263247aa42ecd7.ttf
674f50d287a8c48dc19ba404d20fe713.eot
2c454669bdf3aebf32a1bd8ac1e0d2d6.eot
fee66e712a8a08eef5805a46892932ad.woff
a1ecc3b826d01251edddf29c3e4e1e97.woff
af7ae505a9eed503f8b8e6982036873e.woff2
assets/36d50c1381fda7c71d12b6643cbe1ee0.svg
assets/6d16f95495605c95172bc8c924720bff.svg
assets/static/images/datatables/sort_asc.png
assets/static/images/datatables/sort_desc.png
assets/static/images/datatables/sort_both.png
assets/static/fonts/icons/themify/themify.svg
assets/static/fonts/icons/themify/themify.ttf
assets/static/fonts/icons/themify/themify.eot
assets/static/fonts/icons/themify/themify.woff
assets/static/images/datatables/sort_asc_disabled.png
assets/static/fonts/icons/fontawesome/FontAwesome.otf
assets/static/images/datatables/sort_desc_disabled.png
assets/static/fonts/icons/fontawesome/fontawesome-webfont.svg
assets/static/fonts/icons/fontawesome/fontawesome-webfont.ttf
assets/static/fonts/icons/fontawesome/fontawesome-webfont.eot
assets/static/fonts/icons/fontawesome/fontawesome-webfont.woff
assets/static/fonts/icons/fontawesome/fontawesome-webfont.woff2
