tailwind-admin-template/tabs.html
tailwind-admin-template/index.html
tailwind-admin-template/forms.html
tailwind-admin-template/blank.html
tailwind-admin-template/tables.html
tailwind-admin-template/calendar.html
LICENSE
.git/HEAD
README.md
.git/index
favicon.ico
.git/config
sr_in_html.yml
.git/logs/HEAD
screenshot.png
.git/packed-refs
.git/description
.git/info/exclude
.git/refs/heads/master
.git/hooks/update.sample
.git/hooks/pre-push.sample
.git/logs/refs/heads/master
.git/hooks/pre-rebase.sample
.git/hooks/pre-commit.sample
.git/hooks/commit-msg.sample
.git/refs/remotes/origin/HEAD
.git/hooks/post-update.sample
tailwind-admin-template/LICENSE
.git/hooks/applypatch-msg.sample
.git/hooks/pre-applypatch.sample
tailwind-admin-template/.git/HEAD
tailwind-admin-template/README.md
.git/logs/refs/remotes/origin/HEAD
tailwind-admin-template/.git/index
tailwind-admin-template/.git/config
.git/hooks/prepare-commit-msg.sample
tailwind-admin-template/.git/logs/HEAD
tailwind-admin-template/screenshot.png
tailwind-admin-template/.git/packed-refs
tailwind-admin-template/.git/description
tailwind-admin-template/.git/info/exclude
tailwind-admin-template/.git/refs/heads/master
tailwind-admin-template/.git/hooks/update.sample
tailwind-admin-template/.git/hooks/pre-push.sample
tailwind-admin-template/.git/logs/refs/heads/master
tailwind-admin-template/.git/hooks/pre-rebase.sample
tailwind-admin-template/.git/hooks/pre-commit.sample
tailwind-admin-template/.git/hooks/commit-msg.sample
tailwind-admin-template/.git/refs/remotes/origin/HEAD
tailwind-admin-template/.git/hooks/post-update.sample
.git/objects/8b/9bc0dc52c9514db51d3afad6fc1d80b1d9fd28
.git/objects/8b/f04536ac75aae8f6bf6b934d1b80c0681f5dd1
.git/objects/ed/6ba44cd66cbcc4b74325232eebdad9006557a3
.git/objects/0e/b3270e42b1e66b295cd0822ad5ca454393dc11
.git/objects/0e/9db1d5cf88d98e6cabb2942d3ddc7169c43fe1
.git/objects/2d/fec0496b4a5ba27d68821c5f2c219bd4a98739
.git/objects/90/2b65aaac99acf2ae8e2bdc1c50c16042139d3b
.git/objects/45/3f526644256289fbfab36e9ca9a383333910bd
.git/objects/28/57458b77fa3fd2528ef1f1eb48bda5d12aa614
.git/objects/34/e8073d673e48ea25f8f0d1ce11a14719ca0c64
.git/objects/34/5609e89cc1d3614d4c54416ab4f7d6ef79bed6
.git/objects/ab/60433c14523dffa2d43c687ce5111394df3fe9
.git/objects/26/b3e62ad46cee58332d12af6394a0de0d80557e
.git/objects/26/a811ba56219cae69ac9cb9f7a8c8104bf18c95
.git/objects/25/20f4ff49d7cf88157fd445e916793583a7ec7a
.git/objects/f0/4a23ad1d261790cfd648407e8d725247715b25
.git/objects/f0/84d9ede57b9aebb072123b94c4fd4029a78618
.git/objects/33/be3065f6219d0f01472bfaf53d3ac8ad399f38
.git/objects/b4/c8d78def8ef95cf13834cfc83526aca77396d2
.git/objects/80/2e8052aff69aac55d745d5dc327a2eb18fab1f
.git/objects/20/ab6021edf21c8fcf5e1f9989ff06da29d3ae52
.git/objects/20/60886616c3dbe3d3a762ab2c322560e41beac8
.git/objects/31/fe71da45006435f2d3f158062fa5e0f5dc16b3
.git/objects/e2/123d1def1d493a803acbec82308c378156f659
.git/objects/55/fa5cf19f41a59b04b4dcab85dcbf4bda991078
.git/objects/fc/3889751146efee2edcef147c9b57e5e6f4e702
.git/objects/ff/9a4eed9c6715c1bec7a7c255cf9577719d0cfb
.git/objects/e6/9243b4539a6b0c869d69222e2b39f4cbf3705e
.git/objects/e4/e80e19e57727315282691c9c4996aec0a11abb
.git/objects/d6/c2f0b94b814c224aa2b751a8256c88fd53bf84
.git/objects/3c/80b88ca42767986b7df10fb182583dfc954347
.git/objects/86/531def637d5343ed58a7a9ad74afaf98d7bdef
.git/objects/8d/284bf5ba944165a87562cfb21b9897418f1d4f
.git/objects/eb/91d806b2649dc58db9ce474624e32debc28938
.git/objects/eb/a9f6ee00770737bceeefb279a87c775181a5a8
.git/objects/18/85604e581d59e5e26488dabcfa243bc5461577
.git/objects/04/662ac9f2ba50b58253de6a1fc27ff091d2748b
.git/objects/bc/5daf7dd1f18b4ea4c31256f6ba69cecc210924
.git/objects/08/5711a5142f0293260e7910ddbb67eb1923a5d5
.git/objects/03/00a996565c2d8eca098ec54007b2ec98bab75a
.git/objects/61/d56f64ac68652c72eb6cfcc4837755d1cd2e4a
.git/objects/92/a69582fb48f43dc8886ff84c3c6d185cc96d2d
.git/objects/3d/a832660f09f2abc14d10f229e18e6e2d96b923
.git/objects/93/195ed617f3838adc01110c5b7fb29566a6d921
.git/objects/87/cbe5c43e409af6243247a3175b9c747d778d13
.git/objects/fd/69f597cead9bdf4b443cbfdda084e9e834251f
.git/objects/d4/a2afc7d63ad31389f8b41b83e0abd32e20a21f
.git/objects/95/4259f05b5ce6f4cb45f24d3c9002f806e0041b
.git/objects/a1/08ed0ad56f12766212893407e65fa1b39ade64
.git/objects/6e/58cc2cdf2386ef46e956af4f7f7ffb16baeba6
.git/objects/a4/137993e594bf87c4de08d6e8829c79ac4324a7
.git/objects/6a/9835c148253a96777ec88ab0bab50fcbca1ed4
tailwind-admin-template/.git/hooks/pre-applypatch.sample
tailwind-admin-template/.git/hooks/applypatch-msg.sample
tailwind-admin-template/.git/logs/refs/remotes/origin/HEAD
tailwind-admin-template/.git/hooks/prepare-commit-msg.sample
tailwind-admin-template/.git/objects/8b/9bc0dc52c9514db51d3afad6fc1d80b1d9fd28
tailwind-admin-template/.git/objects/8b/f04536ac75aae8f6bf6b934d1b80c0681f5dd1
tailwind-admin-template/.git/objects/ed/6ba44cd66cbcc4b74325232eebdad9006557a3
tailwind-admin-template/.git/objects/2d/fec0496b4a5ba27d68821c5f2c219bd4a98739
tailwind-admin-template/.git/objects/90/2b65aaac99acf2ae8e2bdc1c50c16042139d3b
tailwind-admin-template/.git/objects/45/3f526644256289fbfab36e9ca9a383333910bd
tailwind-admin-template/.git/objects/0e/9db1d5cf88d98e6cabb2942d3ddc7169c43fe1
tailwind-admin-template/.git/objects/0e/b3270e42b1e66b295cd0822ad5ca454393dc11
tailwind-admin-template/.git/objects/28/57458b77fa3fd2528ef1f1eb48bda5d12aa614
tailwind-admin-template/.git/objects/34/5609e89cc1d3614d4c54416ab4f7d6ef79bed6
tailwind-admin-template/.git/objects/34/e8073d673e48ea25f8f0d1ce11a14719ca0c64
tailwind-admin-template/.git/objects/ab/60433c14523dffa2d43c687ce5111394df3fe9
tailwind-admin-template/.git/objects/26/b3e62ad46cee58332d12af6394a0de0d80557e
tailwind-admin-template/.git/objects/26/a811ba56219cae69ac9cb9f7a8c8104bf18c95
tailwind-admin-template/.git/objects/33/be3065f6219d0f01472bfaf53d3ac8ad399f38
tailwind-admin-template/.git/objects/25/20f4ff49d7cf88157fd445e916793583a7ec7a
tailwind-admin-template/.git/objects/f0/4a23ad1d261790cfd648407e8d725247715b25
tailwind-admin-template/.git/objects/f0/84d9ede57b9aebb072123b94c4fd4029a78618
tailwind-admin-template/.git/objects/80/2e8052aff69aac55d745d5dc327a2eb18fab1f
tailwind-admin-template/.git/objects/b4/c8d78def8ef95cf13834cfc83526aca77396d2
tailwind-admin-template/.git/objects/20/ab6021edf21c8fcf5e1f9989ff06da29d3ae52
tailwind-admin-template/.git/objects/20/60886616c3dbe3d3a762ab2c322560e41beac8
tailwind-admin-template/.git/objects/e2/123d1def1d493a803acbec82308c378156f659
tailwind-admin-template/.git/objects/31/fe71da45006435f2d3f158062fa5e0f5dc16b3
tailwind-admin-template/.git/objects/fc/3889751146efee2edcef147c9b57e5e6f4e702
tailwind-admin-template/.git/objects/55/fa5cf19f41a59b04b4dcab85dcbf4bda991078
tailwind-admin-template/.git/objects/ff/9a4eed9c6715c1bec7a7c255cf9577719d0cfb
tailwind-admin-template/.git/objects/e4/e80e19e57727315282691c9c4996aec0a11abb
tailwind-admin-template/.git/objects/e6/9243b4539a6b0c869d69222e2b39f4cbf3705e
tailwind-admin-template/.git/objects/3c/80b88ca42767986b7df10fb182583dfc954347
tailwind-admin-template/.git/objects/d6/c2f0b94b814c224aa2b751a8256c88fd53bf84
tailwind-admin-template/.git/objects/86/531def637d5343ed58a7a9ad74afaf98d7bdef
tailwind-admin-template/.git/objects/8d/284bf5ba944165a87562cfb21b9897418f1d4f
tailwind-admin-template/.git/objects/eb/a9f6ee00770737bceeefb279a87c775181a5a8
tailwind-admin-template/.git/objects/eb/91d806b2649dc58db9ce474624e32debc28938
tailwind-admin-template/.git/objects/18/85604e581d59e5e26488dabcfa243bc5461577
tailwind-admin-template/.git/objects/04/662ac9f2ba50b58253de6a1fc27ff091d2748b
tailwind-admin-template/.git/objects/bc/5daf7dd1f18b4ea4c31256f6ba69cecc210924
tailwind-admin-template/.git/objects/08/5711a5142f0293260e7910ddbb67eb1923a5d5
tailwind-admin-template/.git/objects/61/d56f64ac68652c72eb6cfcc4837755d1cd2e4a
tailwind-admin-template/.git/objects/92/a69582fb48f43dc8886ff84c3c6d185cc96d2d
tailwind-admin-template/.git/objects/3d/a832660f09f2abc14d10f229e18e6e2d96b923
tailwind-admin-template/.git/objects/03/00a996565c2d8eca098ec54007b2ec98bab75a
tailwind-admin-template/.git/objects/fd/69f597cead9bdf4b443cbfdda084e9e834251f
tailwind-admin-template/.git/objects/d4/a2afc7d63ad31389f8b41b83e0abd32e20a21f
tailwind-admin-template/.git/objects/93/195ed617f3838adc01110c5b7fb29566a6d921
tailwind-admin-template/.git/objects/87/cbe5c43e409af6243247a3175b9c747d778d13
tailwind-admin-template/.git/objects/95/4259f05b5ce6f4cb45f24d3c9002f806e0041b
tailwind-admin-template/.git/objects/a1/08ed0ad56f12766212893407e65fa1b39ade64
tailwind-admin-template/.git/objects/6e/58cc2cdf2386ef46e956af4f7f7ffb16baeba6
tailwind-admin-template/.git/objects/a4/137993e594bf87c4de08d6e8829c79ac4324a7
tailwind-admin-template/.git/objects/6a/9835c148253a96777ec88ab0bab50fcbca1ed4
