admin/ui.html
admin/404.html
admin/index.html
admin/login.html
admin/forms.html
admin/tables.html
admin/modals.html
admin/buttons.html
admin/register.html
LICENSE
theme.js
index.js
.git/HEAD
yarn.lock
README.md
.git/index
.gitignore
favicon.ico
.git/config
src/graph.js
src/chart.js
package.json
admin/main.js
admin/LICENSE
sr_in_html.yml
.git/logs/HEAD
src/styles.css
admin/theme.js
admin/index.js
CONTRIBUTING.md
admin/.git/HEAD
admin/yarn.lock
admin/README.md
.git/packed-refs
.git/description
admin/.git/index
admin/.gitignore
.git/info/exclude
webpack.config.js
package-lock.json
postcss.config.js
admin/.git/config
tailwind.config.js
CODE_OF_CONDUCT.md
admin/src/graph.js
admin/src/chart.js
admin/package.json
admin/dist/all.css
admin/.git/logs/HEAD
admin/src/styles.css
dist/images/login.png
admin/dist/styles.css
admin/CONTRIBUTING.md
.git/refs/heads/master
dist/images/login.jpeg
admin/.git/packed-refs
admin/.git/description
src/jquery-3.3.1.min.js
admin/.git/info/exclude
admin/webpack.config.js
admin/package-lock.json
admin/postcss.config.js
.git/hooks/update.sample
admin/tailwind.config.js
admin/CODE_OF_CONDUCT.md
dist/images/dashboard.png
.git/hooks/pre-push.sample
.git/logs/refs/heads/master
admin/dist/images/login.png
.git/hooks/pre-rebase.sample
.git/hooks/pre-commit.sample
.git/hooks/commit-msg.sample
admin/.git/refs/heads/master
admin/dist/images/login.jpeg
.git/refs/remotes/origin/HEAD
.git/hooks/post-update.sample
admin/src/jquery-3.3.1.min.js
admin/.git/hooks/update.sample
admin/webfonts/fa-solid-900.ttf
admin/webfonts/fa-solid-900.svg
admin/webfonts/fa-solid-900.eot
admin/dist/images/dashboard.png
.git/hooks/applypatch-msg.sample
.git/hooks/pre-applypatch.sample
admin/.git/hooks/pre-push.sample
admin/webfonts/fa-solid-900.woff
admin/webfonts/fa-brands-400.ttf
admin/webfonts/fa-brands-400.svg
admin/webfonts/fa-brands-400.eot
admin/dist/images/login-new.jpeg
admin/.git/logs/refs/heads/master
admin/webfonts/fa-solid-900.woff2
admin/webfonts/fa-regular-400.ttf
admin/webfonts/fa-regular-400.svg
admin/webfonts/fa-regular-400.eot
admin/webfonts/fa-brands-400.woff
.git/logs/refs/remotes/origin/HEAD
admin/.git/hooks/pre-rebase.sample
admin/.git/hooks/pre-commit.sample
admin/.git/hooks/commit-msg.sample
admin/webfonts/fa-regular-400.woff
admin/webfonts/fa-brands-400.woff2
admin/.git/refs/remotes/origin/HEAD
admin/.git/hooks/post-update.sample
admin/webfonts/fa-regular-400.woff2
.git/hooks/prepare-commit-msg.sample
.github/ISSUE_TEMPLATE/bug_report.md
admin/.git/hooks/applypatch-msg.sample
admin/.git/hooks/pre-applypatch.sample
admin/.git/logs/refs/remotes/origin/HEAD
.github/ISSUE_TEMPLATE/feature_request.md
admin/.git/hooks/prepare-commit-msg.sample
admin/.github/ISSUE_TEMPLATE/bug_report.md
admin/.github/ISSUE_TEMPLATE/feature_request.md
.git/objects/pack/pack-1186d10ff3da8fa0be8cdb274fdc66245e4f12f0.idx
.git/objects/pack/pack-1186d10ff3da8fa0be8cdb274fdc66245e4f12f0.pack
admin/.git/objects/pack/pack-1186d10ff3da8fa0be8cdb274fdc66245e4f12f0.idx
admin/.git/objects/pack/pack-1186d10ff3da8fa0be8cdb274fdc66245e4f12f0.pack
