timestamp: 2020-11-26T10:31:24.226593
CREATE TABLE "auth_user"(
    "id" INTEGER PRIMARY KEY AUTOINCREMENT,
    "username" CHAR(512) UNIQUE,
    "email" CHAR(512) UNIQUE,
    "password" CHAR(512),
    "first_name" CHAR(512),
    "last_name" CHAR(512),
    "sso_id" CHAR(512),
    "action_token" CHAR(512),
    "last_password_change" TIMESTAMP
);
success!
timestamp: 2020-11-26T10:31:24.243857
CREATE TABLE "auth_user_tag_groups"(
    "id" INTEGER PRIMARY KEY AUTOINCREMENT,
    "path" CHAR(512),
    "record_id" INTEGER REFERENCES "auth_user" ("id") ON DELETE CASCADE  
);
success!
timestamp: 2020-11-26T10:31:24.500172
CREATE TABLE "test_table"(
    "id" INTEGER PRIMARY KEY AUTOINCREMENT,
    "f0" CHAR(512),
    "f1" CHAR(512),
    "f2" CHAR(512)
);
success!
timestamp: 2020-11-26T10:31:24.533018
CREATE TABLE "dfindex0"(
    "id" INTEGER PRIMARY KEY AUTOINCREMENT,
    "f0" CHAR(1024)
);
success!
timestamp: 2020-11-26T10:31:24.549611
CREATE TABLE "dflogin0"(
    "id" INTEGER PRIMARY KEY AUTOINCREMENT,
    "f0" CHAR(1024),
    "f1" CHAR(1024),
    "f2" CHAR(1)
);
success!
timestamp: 2020-11-26T10:31:24.566248
CREATE TABLE "dfregister0"(
    "id" INTEGER PRIMARY KEY AUTOINCREMENT,
    "f0" CHAR(1024),
    "f1" CHAR(1024),
    "f2" CHAR(1024),
    "f3" CHAR(1024),
    "f4" CHAR(1024)
);
success!
timestamp: 2020-11-26T10:31:24.584014
CREATE TABLE "dfforgotXpassword0"(
    "id" INTEGER PRIMARY KEY AUTOINCREMENT,
    "f0" CHAR(1024)
);
success!
timestamp: 2020-11-26T10:31:24.602273
CREATE TABLE "dfX4040"(
    "id" INTEGER PRIMARY KEY AUTOINCREMENT,
    "f0" CHAR(1024)
);
success!
timestamp: 2020-11-26T10:31:24.620875
CREATE TABLE "dfblank0"(
    "id" INTEGER PRIMARY KEY AUTOINCREMENT,
    "f0" CHAR(1024)
);
success!
timestamp: 2020-11-26T10:31:24.638210
CREATE TABLE "dfcharts0"(
    "id" INTEGER PRIMARY KEY AUTOINCREMENT,
    "f0" CHAR(1024)
);
success!
timestamp: 2020-11-26T10:31:24.654517
CREATE TABLE "dftables0"(
    "id" INTEGER PRIMARY KEY AUTOINCREMENT,
    "f0" CHAR(1024)
);
success!
timestamp: 2020-11-26T10:31:24.673362
CREATE TABLE "tindex0"(
    "id" INTEGER PRIMARY KEY AUTOINCREMENT,
    "f0" CHAR(1024),
    "f1" CHAR(1024),
    "f2" CHAR(1024),
    "f3" CHAR(1024),
    "f4" CHAR(1024),
    "f5" CHAR(1024)
);
success!
timestamp: 2020-11-26T10:31:24.691864
CREATE TABLE "ttables0"(
    "id" INTEGER PRIMARY KEY AUTOINCREMENT,
    "f0" CHAR(1024),
    "f1" CHAR(1024),
    "f2" CHAR(1024),
    "f3" CHAR(1024),
    "f4" CHAR(1024),
    "f5" CHAR(1024)
);
success!
