tab.html
map.html
form.html
typo.html
grid.html
card.html
inbox.html
table.html
index.html
modal.html
login.html
chart.html
badge.html
alert.html
switch.html
button.html
index4.html
index3.html
index2.html
register.html
calendar.html
fontawesome.html
forget-pass.html
progress-bar.html
js/main.js
css/theme.css
css/font-face.css
images/icon/logo.png
vendor/wow/wow.min.js
vendor/slick/slick.css
vendor/wow/animate.css
images/bg-title-01.jpg
images/bg-title-02.jpg
vendor/wow/wow.min.js.un
vendor/slick/slick.min.js
images/icon/logo-blue.png
images/icon/avatar-01.jpg
images/icon/avatar-06.jpg
images/icon/avatar-04.jpg
images/icon/avatar-05.jpg
images/icon/avatar-03.jpg
images/icon/avatar-02.jpg
vendor/jquery-ui.min.js.un
vendor/jquery-3.2.1.min.js
images/icon/logo-white.png
vendor/slick/slick.min.js.un
vendor/select2/select2.min.js
vendor/jquery-3.2.1.min.js.un
images/icon/avatar-big-01.jpg
vendor/select2/select2.min.css
vendor/vector-map/jqvmap.min.css
vendor/vector-map/jquery.vmap.js
vendor/select2/select2.min.js.un
vendor/countdown/moment.min.js.un
vendor/select2/select2.min.css.un
vendor/bootstrap-4.1/popper.min.js
vendor/chartjs/Chart.bundle.min.js
CoolAdmin/vendor/wow/wow.min.js.un
vendor/animsition/animsition.min.js
vendor/vector-map/jqvmap.min.css.un
vendor/animsition/animsition.min.css
vendor/vector-map/jquery.vmap.usa.js
vendor/vector-map/jquery.vmap.min.js
vendor/lightbox2/src/images/prev.png
vendor/lightbox2/src/images/next.png
CoolAdmin/vendor/jquery-ui.min.js.un
vendor/counter-up/waypoints.min.js.un
vendor/bootstrap-4.1/popper.min.js.un
vendor/bootstrap-4.1/bootstrap.min.js
vendor/chartjs/Chart.bundle.min.js.un
vendor/lightbox2/src/images/close.png
vendor/bootstrap-4.1/bootstrap.min.css
vendor/animsition/animsition.min.js.un
vendor/vector-map/jquery.vmap.world.js
vendor/sweetalert/sweetalert.min.js.un
fonts/poppins/poppins-v5-latin-900.ttf
fonts/poppins/poppins-v5-latin-900.eot
fonts/poppins/poppins-v5-latin-900.svg
fonts/poppins/poppins-v5-latin-800.ttf
fonts/poppins/poppins-v5-latin-800.eot
fonts/poppins/poppins-v5-latin-800.svg
fonts/poppins/poppins-v5-latin-700.ttf
fonts/poppins/poppins-v5-latin-700.svg
fonts/poppins/poppins-v5-latin-700.eot
fonts/poppins/poppins-v5-latin-600.ttf
fonts/poppins/poppins-v5-latin-600.svg
fonts/poppins/poppins-v5-latin-600.eot
fonts/poppins/poppins-v5-latin-500.ttf
fonts/poppins/poppins-v5-latin-500.svg
fonts/poppins/poppins-v5-latin-300.svg
fonts/poppins/poppins-v5-latin-500.eot
fonts/poppins/poppins-v5-latin-300.ttf
fonts/poppins/poppins-v5-latin-300.eot
fonts/poppins/poppins-v5-latin-200.svg
fonts/poppins/poppins-v5-latin-200.ttf
fonts/poppins/poppins-v5-latin-200.eot
fonts/poppins/poppins-v5-latin-100.ttf
fonts/poppins/poppins-v5-latin-100.eot
fonts/poppins/poppins-v5-latin-100.svg
CoolAdmin/vendor/slick/slick.min.js.un
css/bootstrap-datetimepicker.min.css.un
vendor/animsition/animsition.min.css.un
vendor/vector-map/jquery.vmap.min.js.un
vendor/vector-map/jquery.vmap.russia.js
vendor/vector-map/jquery.vmap.europe.js
vendor/vector-map/jquery.vmap.france.js
vendor/vector-map/jquery.vmap.brazil.js
vendor/lightbox2/src/images/loading.gif
fonts/poppins/poppins-v5-latin-900.woff
fonts/poppins/poppins-v5-latin-800.woff
fonts/poppins/poppins-v5-latin-700.woff
fonts/poppins/poppins-v5-latin-600.woff
fonts/poppins/poppins-v5-latin-500.woff
fonts/poppins/poppins-v5-latin-300.woff
fonts/poppins/poppins-v5-latin-200.woff
fonts/poppins/poppins-v5-latin-100.woff
CoolAdmin/vendor/jquery-3.2.1.min.js.un
vendor/css-hamburgers/hamburgers.min.css
vendor/bootstrap-4.1/bootstrap.min.js.un
vendor/progressbar/progressbar.min.js.un
vendor/smk-accordion/accordion.min.js.un
vendor/vector-map/jquery.vmap.germany.js
fonts/poppins/poppins-v5-latin-900.woff2
fonts/poppins/poppins-v5-latin-800.woff2
fonts/poppins/poppins-v5-latin-700.woff2
fonts/poppins/poppins-v5-latin-600.woff2
fonts/poppins/poppins-v5-latin-500.woff2
fonts/poppins/poppins-v5-latin-300.woff2
fonts/poppins/poppins-v5-latin-200.woff2
fonts/poppins/poppins-v5-latin-100.woff2
vendor/fullcalendar-3.10.0/gcal.min.js.un
vendor/counter-up/jquery.counterup.min.js
vendor/counter-up/jquery.waypoints.min.js
vendor/bootstrap-4.1/bootstrap.min.css.un
fonts/poppins/poppins-v5-latin-italic.ttf
fonts/poppins/poppins-v5-latin-italic.svg
fonts/poppins/poppins-v5-latin-italic.eot
vendor/fullcalendar-3.10.0/fullcalendar.js
vendor/countdown/moment-timezone.min.js.un
fonts/poppins/poppins-v5-latin-regular.ttf
fonts/poppins/poppins-v5-latin-regular.svg
fonts/poppins/poppins-v5-latin-regular.eot
fonts/poppins/poppins-v5-latin-italic.woff
CoolAdmin/vendor/select2/select2.min.js.un
vendor/fullcalendar-3.10.0/fullcalendar.css
vendor/countdown/jquery.countdown.min.js.un
vendor/css-hamburgers/hamburgers.min.css.un
vendor/vector-map/jquery.vmap.sampledata.js
vendor/lightbox2/dist/js/lightbox.min.js.un
fonts/poppins/poppins-v5-latin-regular.woff
fonts/poppins/poppins-v5-latin-italic.woff2
CoolAdmin/vendor/countdown/moment.min.js.un
CoolAdmin/vendor/select2/select2.min.css.un
vendor/fullcalendar-3.10.0/lib/moment.min.js
vendor/counter-up/jquery.waypoints.min.js.un
vendor/counter-up/jquery.counterup.min.js.un
fonts/poppins/poppins-v5-latin-regular.woff2
fonts/poppins/poppins-v5-latin-900italic.svg
fonts/poppins/poppins-v5-latin-900italic.eot
fonts/poppins/poppins-v5-latin-900italic.ttf
fonts/poppins/poppins-v5-latin-800italic.svg
fonts/poppins/poppins-v5-latin-800italic.ttf
fonts/poppins/poppins-v5-latin-800italic.eot
fonts/poppins/poppins-v5-latin-700italic.ttf
fonts/poppins/poppins-v5-latin-700italic.svg
fonts/poppins/poppins-v5-latin-700italic.eot
fonts/poppins/poppins-v5-latin-600italic.svg
fonts/poppins/poppins-v5-latin-600italic.ttf
fonts/poppins/poppins-v5-latin-600italic.eot
fonts/poppins/poppins-v5-latin-500italic.ttf
fonts/poppins/poppins-v5-latin-500italic.svg
fonts/poppins/poppins-v5-latin-500italic.eot
fonts/poppins/poppins-v5-latin-300italic.svg
fonts/poppins/poppins-v5-latin-300italic.eot
fonts/poppins/poppins-v5-latin-300italic.ttf
fonts/poppins/poppins-v5-latin-200italic.ttf
fonts/poppins/poppins-v5-latin-200italic.svg
fonts/poppins/poppins-v5-latin-200italic.eot
fonts/poppins/poppins-v5-latin-100italic.ttf
fonts/poppins/poppins-v5-latin-100italic.svg
fonts/poppins/poppins-v5-latin-100italic.eot
vendor/perfect-scrollbar/perfect-scrollbar.js
vendor/circle-progress/circle-progress.min.js
fonts/poppins/poppins-v5-latin-900italic.woff
fonts/poppins/poppins-v5-latin-800italic.woff
fonts/poppins/poppins-v5-latin-700italic.woff
fonts/poppins/poppins-v5-latin-600italic.woff
fonts/poppins/poppins-v5-latin-500italic.woff
fonts/poppins/poppins-v5-latin-300italic.woff
fonts/poppins/poppins-v5-latin-200italic.woff
fonts/poppins/poppins-v5-latin-100italic.woff
CoolAdmin/vendor/vector-map/jqvmap.min.css.un
vendor/perfect-scrollbar/perfect-scrollbar.css
fonts/poppins/poppins-v5-latin-900italic.woff2
fonts/poppins/poppins-v5-latin-800italic.woff2
fonts/poppins/poppins-v5-latin-700italic.woff2
fonts/poppins/poppins-v5-latin-600italic.woff2
fonts/poppins/poppins-v5-latin-500italic.woff2
fonts/poppins/poppins-v5-latin-300italic.woff2
fonts/poppins/poppins-v5-latin-200italic.woff2
fonts/poppins/poppins-v5-latin-100italic.woff2
vendor/fullcalendar-3.10.0/lib/moment.min.js.un
vendor/font-awesome-5/webfonts/fa-solid-900.ttf
vendor/font-awesome-5/webfonts/fa-solid-900.svg
vendor/font-awesome-5/webfonts/fa-solid-900.eot
CoolAdmin/vendor/counter-up/waypoints.min.js.un
CoolAdmin/vendor/bootstrap-4.1/popper.min.js.un
CoolAdmin/vendor/chartjs/Chart.bundle.min.js.un
vendor/circle-progress/circle-progress.min.js.un
vendor/font-awesome-5/webfonts/fa-solid-900.woff
vendor/font-awesome-5/webfonts/fa-brands-400.ttf
vendor/font-awesome-5/webfonts/fa-brands-400.svg
vendor/font-awesome-5/webfonts/fa-brands-400.eot
vendor/font-awesome-4.7/css/font-awesome.min.css
CoolAdmin/vendor/animsition/animsition.min.js.un
CoolAdmin/vendor/sweetalert/sweetalert.min.js.un
vendor/fullcalendar-3.10.0/fullcalendar.min.js.un
vendor/font-awesome-5/css/fontawesome-all.min.css
vendor/font-awesome-5/webfonts/fa-solid-900.woff2
vendor/font-awesome-5/webfonts/fa-regular-400.ttf
vendor/font-awesome-5/webfonts/fa-regular-400.svg
vendor/font-awesome-5/webfonts/fa-regular-400.eot
vendor/font-awesome-5/webfonts/fa-brands-400.woff
CoolAdmin/css/bootstrap-datetimepicker.min.css.un
CoolAdmin/vendor/animsition/animsition.min.css.un
CoolAdmin/vendor/vector-map/jquery.vmap.min.js.un
vendor/fullcalendar-3.10.0/fullcalendar.min.css.un
vendor/font-awesome-5/webfonts/fa-brands-400.woff2
vendor/font-awesome-5/webfonts/fa-regular-400.woff
CoolAdmin/vendor/bootstrap-4.1/bootstrap.min.js.un
CoolAdmin/vendor/progressbar/progressbar.min.js.un
CoolAdmin/vendor/smk-accordion/accordion.min.js.un
vendor/font-awesome-5/webfonts/fa-regular-400.woff2
vendor/font-awesome-4.7/css/font-awesome.min.css.un
CoolAdmin/vendor/fullcalendar-3.10.0/gcal.min.js.un
CoolAdmin/vendor/bootstrap-4.1/bootstrap.min.css.un
vendor/countdown/moment-timezone-with-data.min.js.un
vendor/perfect-scrollbar/perfect-scrollbar.min.js.un
vendor/font-awesome-5/css/fontawesome-all.min.css.un
CoolAdmin/vendor/countdown/moment-timezone.min.js.un
vendor/mdi-font/fonts/Material-Design-Iconic-Font.ttf
vendor/font-awesome-4.7/fonts/fontawesome-webfont.ttf
vendor/font-awesome-4.7/fonts/fontawesome-webfont.svg
vendor/font-awesome-4.7/fonts/fontawesome-webfont.eot
CoolAdmin/vendor/countdown/jquery.countdown.min.js.un
CoolAdmin/vendor/css-hamburgers/hamburgers.min.css.un
CoolAdmin/vendor/lightbox2/dist/js/lightbox.min.js.un
vendor/mdi-font/fonts/Material-Design-Iconic-Font.woff
vendor/font-awesome-4.7/fonts/fontawesome-webfont.woff
CoolAdmin/vendor/counter-up/jquery.waypoints.min.js.un
CoolAdmin/vendor/counter-up/jquery.counterup.min.js.un
vendor/mdi-font/css/material-design-iconic-font.min.css
vendor/mdi-font/fonts/Material-Design-Iconic-Font.woff2
vendor/lightbox2/dist/js/lightbox-plus-jquery.min.js.un
vendor/font-awesome-4.7/fonts/fontawesome-webfont.woff2
vendor/fullcalendar-3.10.0/fullcalendar.print.min.css.un
vendor/bootstrap-progressbar/bootstrap-progressbar.min.js
CoolAdmin/vendor/fullcalendar-3.10.0/lib/moment.min.js.un
vendor/mdi-font/css/material-design-iconic-font.min.css.un
CoolAdmin/vendor/circle-progress/circle-progress.min.js.un
CoolAdmin/vendor/fullcalendar-3.10.0/fullcalendar.min.js.un
vendor/bootstrap-progressbar/bootstrap-progressbar.min.js.un
CoolAdmin/vendor/fullcalendar-3.10.0/fullcalendar.min.css.un
CoolAdmin/vendor/font-awesome-4.7/css/font-awesome.min.css.un
CoolAdmin/vendor/countdown/moment-timezone-with-data.min.js.un
CoolAdmin/vendor/perfect-scrollbar/perfect-scrollbar.min.js.un
CoolAdmin/vendor/font-awesome-5/css/fontawesome-all.min.css.un
vendor/bootstrap-progressbar/bootstrap-progressbar-3.3.4.min.css
CoolAdmin/vendor/lightbox2/dist/js/lightbox-plus-jquery.min.js.un
CoolAdmin/vendor/fullcalendar-3.10.0/fullcalendar.print.min.css.un
vendor/bootstrap-progressbar/bootstrap-progressbar-3.3.4.min.css.un
CoolAdmin/vendor/mdi-font/css/material-design-iconic-font.min.css.un
CoolAdmin/vendor/bootstrap-progressbar/bootstrap-progressbar.min.js.un
CoolAdmin/vendor/bootstrap-progressbar/bootstrap-progressbar-3.3.4.min.css.un
