CoolAdmin/tab.html
CoolAdmin/map.html
CoolAdmin/typo.html
CoolAdmin/form.html
CoolAdmin/grid.html
CoolAdmin/card.html
CoolAdmin/table.html
CoolAdmin/modal.html
CoolAdmin/login.html
CoolAdmin/index.html
CoolAdmin/inbox.html
CoolAdmin/chart.html
CoolAdmin/badge.html
CoolAdmin/alert.html
CoolAdmin/switch.html
CoolAdmin/index4.html
CoolAdmin/index3.html
CoolAdmin/index2.html
CoolAdmin/button.html
CoolAdmin/register.html
CoolAdmin/calendar.html
CoolAdmin/forget-pass.html
CoolAdmin/fontawesome.html
CoolAdmin/progress-bar.html
README.md
favicon.ico
~$README.md
js/moment.js
sr_in_html.yml
CoolAdmin/README.md
switch.html.tidy-bad
CoolAdmin/js/main.js
vendor/slick/slick.js
CoolAdmin/~$README.md
vendor/slick/config.rb
CoolAdmin/js/moment.js
vendor/slick/slick.less
vendor/slick/slick.scss
vendor/jquery-ui.min.js
CoolAdmin/css/theme.css
images/icon/logo-mini.png
images/icon/Untitled-1.jpg
CoolAdmin/css/font-face.css
vendor/slick/slick-theme.css
vendor/slick/fonts/slick.ttf
vendor/slick/fonts/slick.eot
vendor/slick/fonts/slick.svg
vendor/slick/ajax-loader.gif
vendor/slick/fonts/slick.woff
vendor/slick/slick-theme.less
vendor/slick/slick-theme.scss
vendor/countdown/moment.min.js
js/bootstrap-datetimepicker.js
CoolAdmin/images/icon/logo.png
CoolAdmin/vendor/slick/slick.js
CoolAdmin/vendor/wow/wow.min.js
CoolAdmin/vendor/slick/slick.css
CoolAdmin/vendor/slick/config.rb
CoolAdmin/vendor/wow/animate.css
CoolAdmin/images/bg-title-02.jpg
CoolAdmin/images/bg-title-01.jpg
vendor/countdown/countdowntime.js
vendor/progressbar/progressbar.js
vendor/smk-accordion/accordion.js
CoolAdmin/vendor/slick/slick.scss
CoolAdmin/vendor/slick/slick.less
CoolAdmin/vendor/jquery-ui.min.js
vendor/fullcalendar-3.10.0/gcal.js
vendor/counter-up/waypoints.min.js
vendor/smk-accordion/accordion.css
vendor/sweetalert/sweetalert.min.js
vendor/lightbox2/src/js/lightbox.js
CoolAdmin/vendor/slick/slick.min.js
CoolAdmin/images/icon/logo-blue.png
CoolAdmin/images/icon/logo-mini.png
CoolAdmin/images/icon/avatar-01.jpg
CoolAdmin/images/icon/avatar-06.jpg
CoolAdmin/images/icon/avatar-04.jpg
CoolAdmin/images/icon/avatar-05.jpg
CoolAdmin/images/icon/avatar-03.jpg
CoolAdmin/images/icon/avatar-02.jpg
css/bootstrap-datetimepicker.min.css
vendor/css-hamburgers/hamburgers.css
vendor/lightbox2/dist/js/lightbox.js
CoolAdmin/vendor/jquery-3.2.1.min.js
CoolAdmin/images/icon/logo-white.png
CoolAdmin/images/icon/Untitled-1.jpg
vendor/fullcalendar-3.10.0/README.txt
vendor/progressbar/progressbar.min.js
vendor/smk-accordion/accordion.min.js
vendor/lightbox2/src/css/lightbox.css
vendor/lightbox2/dist/images/prev.png
vendor/lightbox2/dist/images/next.png
vendor/fullcalendar-3.10.0/gcal.min.js
vendor/fullcalendar-3.10.0/LICENSE.txt
vendor/lightbox2/dist/images/close.png
vendor/lightbox2/dist/css/lightbox.css
CoolAdmin/vendor/slick/slick-theme.css
CoolAdmin/vendor/slick/fonts/slick.ttf
CoolAdmin/vendor/slick/fonts/slick.eot
CoolAdmin/vendor/slick/fonts/slick.svg
CoolAdmin/vendor/slick/ajax-loader.gif
vendor/fullcalendar-3.10.0/locale/sv.js
vendor/fullcalendar-3.10.0/locale/sr.js
vendor/fullcalendar-3.10.0/locale/uk.js
vendor/fullcalendar-3.10.0/locale/vi.js
vendor/fullcalendar-3.10.0/locale/th.js
vendor/fullcalendar-3.10.0/locale/tr.js
vendor/fullcalendar-3.10.0/locale/sl.js
vendor/fullcalendar-3.10.0/locale/ro.js
vendor/fullcalendar-3.10.0/locale/sk.js
vendor/fullcalendar-3.10.0/locale/pt.js
vendor/fullcalendar-3.10.0/locale/nn.js
vendor/fullcalendar-3.10.0/locale/sq.js
vendor/fullcalendar-3.10.0/locale/ru.js
vendor/fullcalendar-3.10.0/locale/ms.js
vendor/fullcalendar-3.10.0/locale/nl.js
vendor/fullcalendar-3.10.0/locale/lv.js
vendor/fullcalendar-3.10.0/locale/pl.js
vendor/fullcalendar-3.10.0/locale/mk.js
vendor/fullcalendar-3.10.0/locale/nb.js
vendor/fullcalendar-3.10.0/locale/ja.js
vendor/fullcalendar-3.10.0/locale/it.js
vendor/fullcalendar-3.10.0/locale/kk.js
vendor/fullcalendar-3.10.0/locale/ko.js
vendor/fullcalendar-3.10.0/locale/hr.js
vendor/fullcalendar-3.10.0/locale/ka.js
vendor/fullcalendar-3.10.0/locale/lt.js
vendor/fullcalendar-3.10.0/locale/lb.js
vendor/fullcalendar-3.10.0/locale/fr.js
vendor/fullcalendar-3.10.0/locale/he.js
vendor/fullcalendar-3.10.0/locale/id.js
vendor/fullcalendar-3.10.0/locale/hu.js
vendor/fullcalendar-3.10.0/locale/gl.js
vendor/fullcalendar-3.10.0/locale/hi.js
vendor/fullcalendar-3.10.0/locale/fi.js
vendor/fullcalendar-3.10.0/locale/fa.js
vendor/fullcalendar-3.10.0/locale/is.js
vendor/fullcalendar-3.10.0/locale/et.js
vendor/fullcalendar-3.10.0/locale/eu.js
vendor/fullcalendar-3.10.0/locale/es.js
vendor/fullcalendar-3.10.0/locale/de.js
vendor/fullcalendar-3.10.0/locale/el.js
vendor/fullcalendar-3.10.0/locale/ca.js
vendor/fullcalendar-3.10.0/locale/bs.js
vendor/fullcalendar-3.10.0/locale/cs.js
vendor/fullcalendar-3.10.0/locale/ar.js
vendor/fullcalendar-3.10.0/locale/be.js
vendor/fullcalendar-3.10.0/locale/bg.js
vendor/fullcalendar-3.10.0/locale/da.js
vendor/fullcalendar-3.10.0/locale/af.js
vendor/countdown/moment-timezone.min.js
vendor/font-awesome-4.7/HELP-US-OUT.txt
CoolAdmin/vendor/select2/select2.min.js
CoolAdmin/vendor/slick/fonts/slick.woff
CoolAdmin/vendor/slick/slick-theme.less
CoolAdmin/vendor/slick/slick-theme.scss
CoolAdmin/images/icon/avatar-big-01.jpg
vendor/fullcalendar-3.10.0/locale-all.js
vendor/fullcalendar-3.10.0/CHANGELOG.txt
vendor/countdown/jquery.countdown.min.js
vendor/lightbox2/dist/js/lightbox.min.js
vendor/lightbox2/dist/images/loading.gif
CoolAdmin/vendor/countdown/moment.min.js
CoolAdmin/vendor/select2/select2.min.css
CoolAdmin/js/bootstrap-datetimepicker.js
vendor/circle-progress/circle-progress.js
vendor/lightbox2/dist/js/lightbox.min.map
vendor/fullcalendar-3.10.0/locale/zh-tw.js
vendor/fullcalendar-3.10.0/locale/zh-cn.js
vendor/fullcalendar-3.10.0/locale/zh-hk.js
vendor/fullcalendar-3.10.0/locale/pt-br.js
vendor/fullcalendar-3.10.0/locale/nl-be.js
vendor/fullcalendar-3.10.0/locale/ms-my.js
vendor/fullcalendar-3.10.0/locale/fr-ch.js
vendor/fullcalendar-3.10.0/locale/fr-ca.js
vendor/fullcalendar-3.10.0/locale/es-do.js
vendor/fullcalendar-3.10.0/locale/en-gb.js
vendor/fullcalendar-3.10.0/locale/en-nz.js
vendor/fullcalendar-3.10.0/locale/en-ie.js
vendor/fullcalendar-3.10.0/locale/es-us.js
vendor/fullcalendar-3.10.0/locale/en-ca.js
vendor/fullcalendar-3.10.0/locale/en-au.js
vendor/fullcalendar-3.10.0/locale/de-ch.js
vendor/fullcalendar-3.10.0/locale/de-at.js
vendor/fullcalendar-3.10.0/locale/ar-ly.js
vendor/fullcalendar-3.10.0/locale/ar-ma.js
vendor/fullcalendar-3.10.0/locale/ar-sa.js
vendor/fullcalendar-3.10.0/locale/ar-dz.js
vendor/fullcalendar-3.10.0/locale/ar-tn.js
vendor/fullcalendar-3.10.0/locale/ar-kw.js
media/9606031aabebde32fa96edeff071a132.jpg
CoolAdmin/vendor/vector-map/jqvmap.min.css
CoolAdmin/vendor/vector-map/jquery.vmap.js
vendor/fullcalendar-3.10.0/CONTRIBUTING.txt
CoolAdmin/vendor/countdown/countdowntime.js
CoolAdmin/vendor/progressbar/progressbar.js
CoolAdmin/vendor/smk-accordion/accordion.js
vendor/fullcalendar-3.10.0/locale/sr-cyrl.js
vendor/font-awesome-4.7/css/font-awesome.css
CoolAdmin/vendor/fullcalendar-3.10.0/gcal.js
CoolAdmin/vendor/counter-up/waypoints.min.js
CoolAdmin/vendor/bootstrap-4.1/popper.min.js
CoolAdmin/vendor/smk-accordion/accordion.css
CoolAdmin/vendor/chartjs/Chart.bundle.min.js
vendor/font-awesome-4.7/fonts/FontAwesome.otf
CoolAdmin/vendor/animsition/animsition.min.js
CoolAdmin/vendor/sweetalert/sweetalert.min.js
CoolAdmin/vendor/lightbox2/src/js/lightbox.js
vendor/fullcalendar-3.10.0/fullcalendar.min.js
CoolAdmin/css/bootstrap-datetimepicker.min.css
CoolAdmin/vendor/css-hamburgers/hamburgers.css
CoolAdmin/vendor/animsition/animsition.min.css
CoolAdmin/vendor/vector-map/jquery.vmap.usa.js
CoolAdmin/vendor/vector-map/jquery.vmap.min.js
CoolAdmin/vendor/lightbox2/src/images/prev.png
CoolAdmin/vendor/lightbox2/src/images/next.png
CoolAdmin/vendor/lightbox2/dist/js/lightbox.js
vendor/fullcalendar-3.10.0/fullcalendar.min.css
CoolAdmin/vendor/fullcalendar-3.10.0/README.txt
CoolAdmin/vendor/bootstrap-4.1/bootstrap.min.js
CoolAdmin/vendor/progressbar/progressbar.min.js
CoolAdmin/vendor/smk-accordion/accordion.min.js
CoolAdmin/vendor/lightbox2/src/images/close.png
CoolAdmin/vendor/lightbox2/src/css/lightbox.css
CoolAdmin/vendor/lightbox2/dist/images/prev.png
CoolAdmin/vendor/lightbox2/dist/images/next.png
vendor/lightbox2/dist/js/lightbox-plus-jquery.js
CoolAdmin/vendor/fullcalendar-3.10.0/gcal.min.js
CoolAdmin/vendor/fullcalendar-3.10.0/LICENSE.txt
CoolAdmin/vendor/bootstrap-4.1/bootstrap.min.css
CoolAdmin/vendor/vector-map/jquery.vmap.world.js
CoolAdmin/vendor/lightbox2/dist/images/close.png
CoolAdmin/vendor/lightbox2/dist/css/lightbox.css
CoolAdmin/fonts/poppins/poppins-v5-latin-900.ttf
CoolAdmin/fonts/poppins/poppins-v5-latin-900.eot
CoolAdmin/fonts/poppins/poppins-v5-latin-900.svg
CoolAdmin/fonts/poppins/poppins-v5-latin-800.ttf
CoolAdmin/fonts/poppins/poppins-v5-latin-800.svg
CoolAdmin/fonts/poppins/poppins-v5-latin-800.eot
CoolAdmin/fonts/poppins/poppins-v5-latin-700.ttf
CoolAdmin/fonts/poppins/poppins-v5-latin-700.svg
CoolAdmin/fonts/poppins/poppins-v5-latin-700.eot
CoolAdmin/fonts/poppins/poppins-v5-latin-600.ttf
CoolAdmin/fonts/poppins/poppins-v5-latin-600.svg
CoolAdmin/fonts/poppins/poppins-v5-latin-600.eot
CoolAdmin/fonts/poppins/poppins-v5-latin-500.ttf
CoolAdmin/fonts/poppins/poppins-v5-latin-500.svg
CoolAdmin/fonts/poppins/poppins-v5-latin-500.eot
CoolAdmin/fonts/poppins/poppins-v5-latin-300.svg
CoolAdmin/fonts/poppins/poppins-v5-latin-300.ttf
CoolAdmin/fonts/poppins/poppins-v5-latin-300.eot
CoolAdmin/fonts/poppins/poppins-v5-latin-200.ttf
CoolAdmin/fonts/poppins/poppins-v5-latin-200.svg
CoolAdmin/fonts/poppins/poppins-v5-latin-200.eot
CoolAdmin/fonts/poppins/poppins-v5-latin-100.ttf
CoolAdmin/fonts/poppins/poppins-v5-latin-100.svg
CoolAdmin/fonts/poppins/poppins-v5-latin-100.eot
vendor/fullcalendar-3.10.0/fullcalendar.print.css
vendor/countdown/moment-timezone-with-data.min.js
vendor/perfect-scrollbar/perfect-scrollbar.min.js
CoolAdmin/vendor/fullcalendar-3.10.0/locale/sv.js
CoolAdmin/vendor/fullcalendar-3.10.0/locale/sr.js
CoolAdmin/vendor/fullcalendar-3.10.0/locale/uk.js
CoolAdmin/vendor/fullcalendar-3.10.0/locale/vi.js
CoolAdmin/vendor/fullcalendar-3.10.0/locale/th.js
CoolAdmin/vendor/fullcalendar-3.10.0/locale/tr.js
CoolAdmin/vendor/fullcalendar-3.10.0/locale/sl.js
CoolAdmin/vendor/fullcalendar-3.10.0/locale/ro.js
CoolAdmin/vendor/fullcalendar-3.10.0/locale/sk.js
CoolAdmin/vendor/fullcalendar-3.10.0/locale/pt.js
CoolAdmin/vendor/fullcalendar-3.10.0/locale/sq.js
CoolAdmin/vendor/fullcalendar-3.10.0/locale/ru.js
CoolAdmin/vendor/fullcalendar-3.10.0/locale/nn.js
CoolAdmin/vendor/fullcalendar-3.10.0/locale/ms.js
CoolAdmin/vendor/fullcalendar-3.10.0/locale/nl.js
CoolAdmin/vendor/fullcalendar-3.10.0/locale/pl.js
CoolAdmin/vendor/fullcalendar-3.10.0/locale/mk.js
CoolAdmin/vendor/fullcalendar-3.10.0/locale/nb.js
CoolAdmin/vendor/fullcalendar-3.10.0/locale/lv.js
CoolAdmin/vendor/fullcalendar-3.10.0/locale/ja.js
CoolAdmin/vendor/fullcalendar-3.10.0/locale/it.js
CoolAdmin/vendor/fullcalendar-3.10.0/locale/kk.js
CoolAdmin/vendor/fullcalendar-3.10.0/locale/ko.js
CoolAdmin/vendor/fullcalendar-3.10.0/locale/ka.js
CoolAdmin/vendor/fullcalendar-3.10.0/locale/lt.js
CoolAdmin/vendor/fullcalendar-3.10.0/locale/lb.js
CoolAdmin/vendor/fullcalendar-3.10.0/locale/hr.js
CoolAdmin/vendor/fullcalendar-3.10.0/locale/fr.js
CoolAdmin/vendor/fullcalendar-3.10.0/locale/he.js
CoolAdmin/vendor/fullcalendar-3.10.0/locale/id.js
CoolAdmin/vendor/fullcalendar-3.10.0/locale/hu.js
CoolAdmin/vendor/fullcalendar-3.10.0/locale/gl.js
CoolAdmin/vendor/fullcalendar-3.10.0/locale/hi.js
CoolAdmin/vendor/fullcalendar-3.10.0/locale/is.js
CoolAdmin/vendor/fullcalendar-3.10.0/locale/fi.js
CoolAdmin/vendor/fullcalendar-3.10.0/locale/fa.js
CoolAdmin/vendor/fullcalendar-3.10.0/locale/et.js
CoolAdmin/vendor/fullcalendar-3.10.0/locale/eu.js
CoolAdmin/vendor/fullcalendar-3.10.0/locale/es.js
CoolAdmin/vendor/fullcalendar-3.10.0/locale/de.js
CoolAdmin/vendor/fullcalendar-3.10.0/locale/el.js
CoolAdmin/vendor/fullcalendar-3.10.0/locale/ca.js
CoolAdmin/vendor/fullcalendar-3.10.0/locale/bs.js
CoolAdmin/vendor/fullcalendar-3.10.0/locale/cs.js
CoolAdmin/vendor/fullcalendar-3.10.0/locale/ar.js
CoolAdmin/vendor/fullcalendar-3.10.0/locale/be.js
CoolAdmin/vendor/fullcalendar-3.10.0/locale/bg.js
CoolAdmin/vendor/fullcalendar-3.10.0/locale/da.js
CoolAdmin/vendor/fullcalendar-3.10.0/locale/af.js
CoolAdmin/vendor/countdown/moment-timezone.min.js
CoolAdmin/vendor/vector-map/jquery.vmap.russia.js
CoolAdmin/vendor/vector-map/jquery.vmap.france.js
CoolAdmin/vendor/vector-map/jquery.vmap.europe.js
CoolAdmin/vendor/vector-map/jquery.vmap.brazil.js
CoolAdmin/vendor/lightbox2/src/images/loading.gif
CoolAdmin/vendor/font-awesome-4.7/HELP-US-OUT.txt
CoolAdmin/fonts/poppins/poppins-v5-latin-900.woff
CoolAdmin/fonts/poppins/poppins-v5-latin-800.woff
CoolAdmin/fonts/poppins/poppins-v5-latin-700.woff
CoolAdmin/fonts/poppins/poppins-v5-latin-600.woff
CoolAdmin/fonts/poppins/poppins-v5-latin-500.woff
CoolAdmin/fonts/poppins/poppins-v5-latin-300.woff
CoolAdmin/fonts/poppins/poppins-v5-latin-200.woff
CoolAdmin/fonts/poppins/poppins-v5-latin-100.woff
CoolAdmin/vendor/fullcalendar-3.10.0/locale-all.js
CoolAdmin/vendor/fullcalendar-3.10.0/CHANGELOG.txt
CoolAdmin/vendor/countdown/jquery.countdown.min.js
CoolAdmin/vendor/css-hamburgers/hamburgers.min.css
CoolAdmin/vendor/vector-map/jquery.vmap.germany.js
CoolAdmin/vendor/lightbox2/dist/js/lightbox.min.js
CoolAdmin/vendor/lightbox2/dist/images/loading.gif
CoolAdmin/fonts/poppins/poppins-v5-latin-900.woff2
CoolAdmin/fonts/poppins/poppins-v5-latin-800.woff2
CoolAdmin/fonts/poppins/poppins-v5-latin-700.woff2
CoolAdmin/fonts/poppins/poppins-v5-latin-600.woff2
CoolAdmin/fonts/poppins/poppins-v5-latin-500.woff2
CoolAdmin/fonts/poppins/poppins-v5-latin-300.woff2
CoolAdmin/fonts/poppins/poppins-v5-latin-200.woff2
CoolAdmin/fonts/poppins/poppins-v5-latin-100.woff2
vendor/mdi-font/css/material-design-iconic-font.css
CoolAdmin/vendor/circle-progress/circle-progress.js
CoolAdmin/vendor/counter-up/jquery.counterup.min.js
CoolAdmin/vendor/counter-up/jquery.waypoints.min.js
CoolAdmin/vendor/lightbox2/dist/js/lightbox.min.map
CoolAdmin/fonts/poppins/poppins-v5-latin-italic.ttf
CoolAdmin/fonts/poppins/poppins-v5-latin-italic.svg
CoolAdmin/fonts/poppins/poppins-v5-latin-italic.eot
vendor/lightbox2/dist/js/lightbox-plus-jquery.min.js
CoolAdmin/vendor/fullcalendar-3.10.0/locale/zh-tw.js
CoolAdmin/vendor/fullcalendar-3.10.0/locale/zh-cn.js
CoolAdmin/vendor/fullcalendar-3.10.0/locale/zh-hk.js
CoolAdmin/vendor/fullcalendar-3.10.0/locale/pt-br.js
CoolAdmin/vendor/fullcalendar-3.10.0/locale/nl-be.js
CoolAdmin/vendor/fullcalendar-3.10.0/locale/ms-my.js
CoolAdmin/vendor/fullcalendar-3.10.0/locale/fr-ch.js
CoolAdmin/vendor/fullcalendar-3.10.0/locale/fr-ca.js
CoolAdmin/vendor/fullcalendar-3.10.0/locale/es-do.js
CoolAdmin/vendor/fullcalendar-3.10.0/locale/es-us.js
CoolAdmin/vendor/fullcalendar-3.10.0/locale/en-gb.js
CoolAdmin/vendor/fullcalendar-3.10.0/locale/en-nz.js
CoolAdmin/vendor/fullcalendar-3.10.0/locale/en-ie.js
CoolAdmin/vendor/fullcalendar-3.10.0/locale/en-ca.js
CoolAdmin/vendor/fullcalendar-3.10.0/locale/en-au.js
CoolAdmin/vendor/fullcalendar-3.10.0/locale/de-ch.js
CoolAdmin/vendor/fullcalendar-3.10.0/locale/de-at.js
CoolAdmin/vendor/fullcalendar-3.10.0/locale/ar-ly.js
CoolAdmin/vendor/fullcalendar-3.10.0/locale/ar-ma.js
CoolAdmin/vendor/fullcalendar-3.10.0/locale/ar-sa.js
CoolAdmin/vendor/fullcalendar-3.10.0/locale/ar-dz.js
CoolAdmin/vendor/fullcalendar-3.10.0/locale/ar-tn.js
CoolAdmin/vendor/fullcalendar-3.10.0/locale/ar-kw.js
CoolAdmin/vendor/fullcalendar-3.10.0/fullcalendar.js
CoolAdmin/media/9606031aabebde32fa96edeff071a132.jpg
CoolAdmin/fonts/poppins/poppins-v5-latin-regular.ttf
CoolAdmin/fonts/poppins/poppins-v5-latin-regular.svg
CoolAdmin/fonts/poppins/poppins-v5-latin-regular.eot
CoolAdmin/fonts/poppins/poppins-v5-latin-italic.woff
vendor/fullcalendar-3.10.0/fullcalendar.print.min.css
vendor/mdi-font/fonts/Material-Design-Iconic-Font.svg
vendor/mdi-font/fonts/Material-Design-Iconic-Font.eot
vendor/lightbox2/dist/js/lightbox-plus-jquery.min.map
CoolAdmin/vendor/fullcalendar-3.10.0/CONTRIBUTING.txt
CoolAdmin/vendor/fullcalendar-3.10.0/fullcalendar.css
CoolAdmin/vendor/vector-map/jquery.vmap.sampledata.js
CoolAdmin/fonts/poppins/poppins-v5-latin-regular.woff
CoolAdmin/fonts/poppins/poppins-v5-latin-italic.woff2
CoolAdmin/vendor/fullcalendar-3.10.0/lib/moment.min.js
CoolAdmin/vendor/fullcalendar-3.10.0/locale/sr-cyrl.js
CoolAdmin/vendor/font-awesome-4.7/css/font-awesome.css
CoolAdmin/fonts/poppins/poppins-v5-latin-regular.woff2
CoolAdmin/fonts/poppins/poppins-v5-latin-900italic.svg
CoolAdmin/fonts/poppins/poppins-v5-latin-900italic.ttf
CoolAdmin/fonts/poppins/poppins-v5-latin-900italic.eot
CoolAdmin/fonts/poppins/poppins-v5-latin-800italic.svg
CoolAdmin/fonts/poppins/poppins-v5-latin-800italic.ttf
CoolAdmin/fonts/poppins/poppins-v5-latin-800italic.eot
CoolAdmin/fonts/poppins/poppins-v5-latin-700italic.ttf
CoolAdmin/fonts/poppins/poppins-v5-latin-700italic.svg
CoolAdmin/fonts/poppins/poppins-v5-latin-700italic.eot
CoolAdmin/fonts/poppins/poppins-v5-latin-600italic.svg
CoolAdmin/fonts/poppins/poppins-v5-latin-600italic.ttf
CoolAdmin/fonts/poppins/poppins-v5-latin-600italic.eot
CoolAdmin/fonts/poppins/poppins-v5-latin-500italic.ttf
CoolAdmin/fonts/poppins/poppins-v5-latin-500italic.svg
CoolAdmin/fonts/poppins/poppins-v5-latin-500italic.eot
CoolAdmin/fonts/poppins/poppins-v5-latin-300italic.svg
CoolAdmin/fonts/poppins/poppins-v5-latin-300italic.ttf
CoolAdmin/fonts/poppins/poppins-v5-latin-300italic.eot
CoolAdmin/fonts/poppins/poppins-v5-latin-200italic.ttf
CoolAdmin/fonts/poppins/poppins-v5-latin-200italic.svg
CoolAdmin/fonts/poppins/poppins-v5-latin-200italic.eot
CoolAdmin/fonts/poppins/poppins-v5-latin-100italic.ttf
CoolAdmin/fonts/poppins/poppins-v5-latin-100italic.svg
CoolAdmin/fonts/poppins/poppins-v5-latin-100italic.eot
CoolAdmin/vendor/perfect-scrollbar/perfect-scrollbar.js
CoolAdmin/vendor/circle-progress/circle-progress.min.js
CoolAdmin/vendor/font-awesome-4.7/fonts/FontAwesome.otf
CoolAdmin/fonts/poppins/poppins-v5-latin-900italic.woff
CoolAdmin/fonts/poppins/poppins-v5-latin-800italic.woff
CoolAdmin/fonts/poppins/poppins-v5-latin-700italic.woff
CoolAdmin/fonts/poppins/poppins-v5-latin-600italic.woff
CoolAdmin/fonts/poppins/poppins-v5-latin-500italic.woff
CoolAdmin/fonts/poppins/poppins-v5-latin-300italic.woff
CoolAdmin/fonts/poppins/poppins-v5-latin-200italic.woff
CoolAdmin/fonts/poppins/poppins-v5-latin-100italic.woff
CoolAdmin/vendor/fullcalendar-3.10.0/fullcalendar.min.js
CoolAdmin/vendor/perfect-scrollbar/perfect-scrollbar.css
CoolAdmin/fonts/poppins/poppins-v5-latin-900italic.woff2
CoolAdmin/fonts/poppins/poppins-v5-latin-800italic.woff2
CoolAdmin/fonts/poppins/poppins-v5-latin-700italic.woff2
CoolAdmin/fonts/poppins/poppins-v5-latin-600italic.woff2
CoolAdmin/fonts/poppins/poppins-v5-latin-500italic.woff2
CoolAdmin/fonts/poppins/poppins-v5-latin-300italic.woff2
CoolAdmin/fonts/poppins/poppins-v5-latin-200italic.woff2
CoolAdmin/fonts/poppins/poppins-v5-latin-100italic.woff2
CoolAdmin/vendor/fullcalendar-3.10.0/fullcalendar.min.css
CoolAdmin/vendor/font-awesome-5/webfonts/fa-solid-900.ttf
CoolAdmin/vendor/font-awesome-5/webfonts/fa-solid-900.svg
CoolAdmin/vendor/font-awesome-5/webfonts/fa-solid-900.eot
CoolAdmin/vendor/lightbox2/dist/js/lightbox-plus-jquery.js
CoolAdmin/vendor/font-awesome-5/webfonts/fa-solid-900.woff
CoolAdmin/vendor/font-awesome-5/webfonts/fa-brands-400.ttf
CoolAdmin/vendor/font-awesome-5/webfonts/fa-brands-400.svg
CoolAdmin/vendor/font-awesome-5/webfonts/fa-brands-400.eot
CoolAdmin/vendor/font-awesome-4.7/css/font-awesome.min.css
CoolAdmin/vendor/fullcalendar-3.10.0/fullcalendar.print.css
CoolAdmin/vendor/countdown/moment-timezone-with-data.min.js
CoolAdmin/vendor/perfect-scrollbar/perfect-scrollbar.min.js
CoolAdmin/vendor/font-awesome-5/css/fontawesome-all.min.css
CoolAdmin/vendor/font-awesome-5/webfonts/fa-solid-900.woff2
CoolAdmin/vendor/font-awesome-5/webfonts/fa-regular-400.ttf
CoolAdmin/vendor/font-awesome-5/webfonts/fa-regular-400.svg
CoolAdmin/vendor/font-awesome-5/webfonts/fa-regular-400.eot
CoolAdmin/vendor/font-awesome-5/webfonts/fa-brands-400.woff
CoolAdmin/vendor/font-awesome-5/webfonts/fa-regular-400.woff
CoolAdmin/vendor/font-awesome-5/webfonts/fa-brands-400.woff2
CoolAdmin/vendor/mdi-font/css/material-design-iconic-font.css
CoolAdmin/vendor/font-awesome-5/webfonts/fa-regular-400.woff2
CoolAdmin/vendor/lightbox2/dist/js/lightbox-plus-jquery.min.js
CoolAdmin/vendor/fullcalendar-3.10.0/fullcalendar.print.min.css
CoolAdmin/vendor/mdi-font/fonts/Material-Design-Iconic-Font.ttf
CoolAdmin/vendor/mdi-font/fonts/Material-Design-Iconic-Font.svg
CoolAdmin/vendor/mdi-font/fonts/Material-Design-Iconic-Font.eot
CoolAdmin/vendor/lightbox2/dist/js/lightbox-plus-jquery.min.map
CoolAdmin/vendor/font-awesome-4.7/fonts/fontawesome-webfont.ttf
CoolAdmin/vendor/font-awesome-4.7/fonts/fontawesome-webfont.svg
CoolAdmin/vendor/font-awesome-4.7/fonts/fontawesome-webfont.eot
CoolAdmin/vendor/mdi-font/fonts/Material-Design-Iconic-Font.woff
CoolAdmin/vendor/font-awesome-4.7/fonts/fontawesome-webfont.woff
CoolAdmin/vendor/mdi-font/css/material-design-iconic-font.min.css
CoolAdmin/vendor/mdi-font/fonts/Material-Design-Iconic-Font.woff2
CoolAdmin/vendor/font-awesome-4.7/fonts/fontawesome-webfont.woff2
CoolAdmin/vendor/bootstrap-progressbar/bootstrap-progressbar.min.js
CoolAdmin/vendor/bootstrap-progressbar/bootstrap-progressbar-3.3.4.min.css
