switch.html
line 869 column 25 - Warning: missing <tr>
line 879 column 29 - Warning: <basix-switch> attribute name ":checked" (value="true") is invalid
line 879 column 29 - Error: <basix-switch> is not recognized!
line 879 column 29 - Warning: discarding unexpected <basix-switch>
line 891 column 29 - Warning: <basix-switch> attribute name ":checked" (value="true") is invalid
line 891 column 29 - Error: <basix-switch> is not recognized!
line 891 column 29 - Warning: discarding unexpected <basix-switch>
line 902 column 29 - Warning: <basix-switch> attribute name ":checked" (value="true") is invalid
line 902 column 29 - Error: <basix-switch> is not recognized!
line 902 column 29 - Warning: discarding unexpected <basix-switch>
line 914 column 29 - Warning: <basix-switch> attribute name ":checked" (value="true") is invalid
line 914 column 29 - Error: <basix-switch> is not recognized!
line 914 column 29 - Warning: discarding unexpected <basix-switch>
line 50 column 17 - Warning: trimming empty <span>
line 49 column 15 - Warning: trimming empty <span>
line 48 column 13 - Warning: trimming empty <button>
line 61 column 17 - Warning: trimming empty <i>
line 79 column 17 - Warning: trimming empty <i>
line 83 column 17 - Warning: trimming empty <i>
line 87 column 17 - Warning: trimming empty <i>
line 91 column 17 - Warning: trimming empty <i>
line 95 column 17 - Warning: trimming empty <i>
line 99 column 17 - Warning: trimming empty <i>
line 114 column 17 - Warning: trimming empty <i>
line 169 column 17 - Warning: trimming empty <i>
line 187 column 17 - Warning: trimming empty <i>
line 191 column 17 - Warning: trimming empty <i>
line 195 column 17 - Warning: trimming empty <i>
line 199 column 17 - Warning: trimming empty <i>
line 203 column 17 - Warning: trimming empty <i>
line 207 column 17 - Warning: trimming empty <i>
line 222 column 17 - Warning: trimming empty <i>
line 275 column 19 - Warning: trimming empty <i>
line 274 column 17 - Warning: trimming empty <button>
line 281 column 21 - Warning: trimming empty <i>
line 313 column 21 - Warning: trimming empty <i>
line 352 column 21 - Warning: trimming empty <i>
line 360 column 27 - Warning: trimming empty <i>
line 369 column 27 - Warning: trimming empty <i>
line 378 column 27 - Warning: trimming empty <i>
line 416 column 29 - Warning: trimming empty <i>
line 420 column 29 - Warning: trimming empty <i>
line 424 column 29 - Warning: trimming empty <i>
line 429 column 27 - Warning: trimming empty <i>
line 454 column 23 - Warning: trimming empty <span>
line 455 column 23 - Warning: trimming empty <span>
line 459 column 23 - Warning: trimming empty <span>
line 460 column 23 - Warning: trimming empty <span>
line 464 column 23 - Warning: trimming empty <span>
line 465 column 23 - Warning: trimming empty <span>
line 469 column 23 - Warning: trimming empty <span>
line 470 column 23 - Warning: trimming empty <span>
line 474 column 23 - Warning: trimming empty <span>
line 475 column 23 - Warning: trimming empty <span>
line 479 column 23 - Warning: trimming empty <span>
line 480 column 23 - Warning: trimming empty <span>
line 496 column 23 - Warning: trimming empty <span>
line 497 column 23 - Warning: trimming empty <span>
line 501 column 23 - Warning: trimming empty <span>
line 502 column 23 - Warning: trimming empty <span>
line 506 column 23 - Warning: trimming empty <span>
line 507 column 23 - Warning: trimming empty <span>
line 511 column 23 - Warning: trimming empty <span>
line 512 column 23 - Warning: trimming empty <span>
line 516 column 23 - Warning: trimming empty <span>
line 517 column 23 - Warning: trimming empty <span>
line 521 column 23 - Warning: trimming empty <span>
line 522 column 23 - Warning: trimming empty <span>
line 538 column 23 - Warning: trimming empty <span>
line 539 column 23 - Warning: trimming empty <span>
line 544 column 23 - Warning: trimming empty <span>
line 545 column 23 - Warning: trimming empty <span>
line 550 column 23 - Warning: trimming empty <span>
line 551 column 23 - Warning: trimming empty <span>
line 556 column 23 - Warning: trimming empty <span>
line 557 column 23 - Warning: trimming empty <span>
line 562 column 23 - Warning: trimming empty <span>
line 563 column 23 - Warning: trimming empty <span>
line 568 column 23 - Warning: trimming empty <span>
line 569 column 23 - Warning: trimming empty <span>
line 585 column 23 - Warning: trimming empty <span>
line 586 column 23 - Warning: trimming empty <span>
line 591 column 23 - Warning: trimming empty <span>
line 592 column 23 - Warning: trimming empty <span>
line 597 column 23 - Warning: trimming empty <span>
line 598 column 23 - Warning: trimming empty <span>
line 603 column 23 - Warning: trimming empty <span>
line 604 column 23 - Warning: trimming empty <span>
line 609 column 23 - Warning: trimming empty <span>
line 610 column 23 - Warning: trimming empty <span>
line 615 column 23 - Warning: trimming empty <span>
line 616 column 23 - Warning: trimming empty <span>
line 632 column 23 - Warning: trimming empty <span>
line 633 column 23 - Warning: trimming empty <span>
line 638 column 23 - Warning: trimming empty <span>
line 639 column 23 - Warning: trimming empty <span>
line 644 column 23 - Warning: trimming empty <span>
line 645 column 23 - Warning: trimming empty <span>
line 650 column 23 - Warning: trimming empty <span>
line 651 column 23 - Warning: trimming empty <span>
line 656 column 23 - Warning: trimming empty <span>
line 657 column 23 - Warning: trimming empty <span>
line 662 column 23 - Warning: trimming empty <span>
line 663 column 23 - Warning: trimming empty <span>
line 678 column 23 - Warning: trimming empty <span>
line 679 column 23 - Warning: trimming empty <span>
line 684 column 23 - Warning: trimming empty <span>
line 685 column 23 - Warning: trimming empty <span>
line 690 column 23 - Warning: trimming empty <span>
line 691 column 23 - Warning: trimming empty <span>
line 696 column 23 - Warning: trimming empty <span>
line 697 column 23 - Warning: trimming empty <span>
line 702 column 23 - Warning: trimming empty <span>
line 703 column 23 - Warning: trimming empty <span>
line 708 column 23 - Warning: trimming empty <span>
line 709 column 23 - Warning: trimming empty <span>
line 725 column 23 - Warning: trimming empty <span>
line 726 column 23 - Warning: trimming empty <span>
line 731 column 23 - Warning: trimming empty <span>
line 732 column 23 - Warning: trimming empty <span>
line 737 column 23 - Warning: trimming empty <span>
line 738 column 23 - Warning: trimming empty <span>
line 743 column 23 - Warning: trimming empty <span>
line 744 column 23 - Warning: trimming empty <span>
line 749 column 23 - Warning: trimming empty <span>
line 750 column 23 - Warning: trimming empty <span>
line 755 column 23 - Warning: trimming empty <span>
line 756 column 23 - Warning: trimming empty <span>
line 772 column 23 - Warning: trimming empty <span>
line 773 column 23 - Warning: trimming empty <span>
line 778 column 23 - Warning: trimming empty <span>
line 779 column 23 - Warning: trimming empty <span>
line 784 column 23 - Warning: trimming empty <span>
line 785 column 23 - Warning: trimming empty <span>
line 790 column 23 - Warning: trimming empty <span>
line 791 column 23 - Warning: trimming empty <span>
line 796 column 23 - Warning: trimming empty <span>
line 797 column 23 - Warning: trimming empty <span>
line 802 column 23 - Warning: trimming empty <span>
line 803 column 23 - Warning: trimming empty <span>
line 821 column 23 - Warning: trimming empty <span>
line 822 column 23 - Warning: trimming empty <span>
line 827 column 23 - Warning: trimming empty <span>
line 828 column 23 - Warning: trimming empty <span>
line 833 column 23 - Warning: trimming empty <span>
line 834 column 23 - Warning: trimming empty <span>
line 839 column 23 - Warning: trimming empty <span>
line 840 column 23 - Warning: trimming empty <span>
line 845 column 23 - Warning: trimming empty <span>
line 846 column 23 - Warning: trimming empty <span>
line 851 column 23 - Warning: trimming empty <span>
line 852 column 23 - Warning: trimming empty <span>
line 864 column 21 - Warning: <strong> proprietary attribute "v-if"

