vendor/wow/wow.min.js.un
vendor/jquery-ui.min.js.un
vendor/slick/slick.min.js.un
vendor/jquery-3.2.1.min.js.un
vendor/select2/select2.min.js.un
vendor/countdown/moment.min.js.un
vendor/select2/select2.min.css.un
CoolAdmin/vendor/wow/wow.min.js.un
vendor/vector-map/jqvmap.min.css.un
CoolAdmin/vendor/jquery-ui.min.js.un
vendor/counter-up/waypoints.min.js.un
vendor/bootstrap-4.1/popper.min.js.un
vendor/chartjs/Chart.bundle.min.js.un
vendor/animsition/animsition.min.js.un
vendor/sweetalert/sweetalert.min.js.un
CoolAdmin/vendor/slick/slick.min.js.un
css/bootstrap-datetimepicker.min.css.un
vendor/animsition/animsition.min.css.un
vendor/vector-map/jquery.vmap.min.js.un
CoolAdmin/vendor/jquery-3.2.1.min.js.un
vendor/bootstrap-4.1/bootstrap.min.js.un
vendor/progressbar/progressbar.min.js.un
vendor/smk-accordion/accordion.min.js.un
vendor/fullcalendar-3.10.0/gcal.min.js.un
vendor/bootstrap-4.1/bootstrap.min.css.un
vendor/countdown/moment-timezone.min.js.un
CoolAdmin/vendor/select2/select2.min.js.un
vendor/countdown/jquery.countdown.min.js.un
vendor/css-hamburgers/hamburgers.min.css.un
vendor/lightbox2/dist/js/lightbox.min.js.un
CoolAdmin/vendor/countdown/moment.min.js.un
CoolAdmin/vendor/select2/select2.min.css.un
vendor/counter-up/jquery.counterup.min.js.un
vendor/counter-up/jquery.waypoints.min.js.un
CoolAdmin/vendor/vector-map/jqvmap.min.css.un
vendor/fullcalendar-3.10.0/lib/moment.min.js.un
CoolAdmin/vendor/counter-up/waypoints.min.js.un
CoolAdmin/vendor/bootstrap-4.1/popper.min.js.un
CoolAdmin/vendor/chartjs/Chart.bundle.min.js.un
vendor/circle-progress/circle-progress.min.js.un
CoolAdmin/vendor/animsition/animsition.min.js.un
CoolAdmin/vendor/sweetalert/sweetalert.min.js.un
vendor/fullcalendar-3.10.0/fullcalendar.min.js.un
CoolAdmin/css/bootstrap-datetimepicker.min.css.un
CoolAdmin/vendor/animsition/animsition.min.css.un
CoolAdmin/vendor/vector-map/jquery.vmap.min.js.un
vendor/fullcalendar-3.10.0/fullcalendar.min.css.un
CoolAdmin/vendor/bootstrap-4.1/bootstrap.min.js.un
CoolAdmin/vendor/progressbar/progressbar.min.js.un
CoolAdmin/vendor/smk-accordion/accordion.min.js.un
vendor/font-awesome-4.7/css/font-awesome.min.css.un
CoolAdmin/vendor/fullcalendar-3.10.0/gcal.min.js.un
CoolAdmin/vendor/bootstrap-4.1/bootstrap.min.css.un
vendor/countdown/moment-timezone-with-data.min.js.un
vendor/perfect-scrollbar/perfect-scrollbar.min.js.un
vendor/font-awesome-5/css/fontawesome-all.min.css.un
CoolAdmin/vendor/countdown/moment-timezone.min.js.un
CoolAdmin/vendor/countdown/jquery.countdown.min.js.un
CoolAdmin/vendor/css-hamburgers/hamburgers.min.css.un
CoolAdmin/vendor/lightbox2/dist/js/lightbox.min.js.un
CoolAdmin/vendor/counter-up/jquery.counterup.min.js.un
CoolAdmin/vendor/counter-up/jquery.waypoints.min.js.un
vendor/lightbox2/dist/js/lightbox-plus-jquery.min.js.un
vendor/fullcalendar-3.10.0/fullcalendar.print.min.css.un
CoolAdmin/vendor/fullcalendar-3.10.0/lib/moment.min.js.un
vendor/mdi-font/css/material-design-iconic-font.min.css.un
CoolAdmin/vendor/circle-progress/circle-progress.min.js.un
CoolAdmin/vendor/fullcalendar-3.10.0/fullcalendar.min.js.un
vendor/bootstrap-progressbar/bootstrap-progressbar.min.js.un
CoolAdmin/vendor/fullcalendar-3.10.0/fullcalendar.min.css.un
CoolAdmin/vendor/font-awesome-4.7/css/font-awesome.min.css.un
CoolAdmin/vendor/countdown/moment-timezone-with-data.min.js.un
CoolAdmin/vendor/perfect-scrollbar/perfect-scrollbar.min.js.un
CoolAdmin/vendor/font-awesome-5/css/fontawesome-all.min.css.un
CoolAdmin/vendor/lightbox2/dist/js/lightbox-plus-jquery.min.js.un
CoolAdmin/vendor/fullcalendar-3.10.0/fullcalendar.print.min.css.un
vendor/bootstrap-progressbar/bootstrap-progressbar-3.3.4.min.css.un
CoolAdmin/vendor/mdi-font/css/material-design-iconic-font.min.css.un
CoolAdmin/vendor/bootstrap-progressbar/bootstrap-progressbar.min.js.un
CoolAdmin/vendor/bootstrap-progressbar/bootstrap-progressbar-3.3.4.min.css.un
