http://daneden.me/animate
http://opensource.org/licenses/MIT
https://github.com/nickpettit/glide
https://github.com/Eonasdan/bootstrap-datetimepicker/
https://jonsuh.com/hamburgers
https://github.com/jonsuh/hamburgers
http://blivesta.github.io/animsition
http://blivesta.com/
https://getbootstrap.com/
https://github.com/twbs/bootstrap/blob/master/LICENSE
http://www.w3.org/2000/svg
https://fullcalendar.io/
http://twitter.github.com/bootstrap/
http://fontawesome.io
http://fontawesome.io/license
https://fontawesome.com
https://fontawesome.com/license
http://zavoloklom.github.io/material-design-iconic-font/
http://zavoloklom.github.io/material-design-iconic-font/license
http://www.minddust.com
