{'additional.html': ['additional/additional.html',
                     'bulma-admin-dashboard-template/dist/additional/additional.html'],
 'extras.html': ['extras/extras.html',
                 'bulma-admin-dashboard-template/dist/extras/extras.html'],
 'forms.html': ['forms/forms.html',
                'bulma-admin-dashboard-template/dist/forms/forms.html'],
 'index.html': ['forms/index.html',
                'tables/index.html',
                'extras/index.html',
                'additional/index.html',
                'ui-elements/index.html',
                'presentations/index.html',
                'bulma-admin-dashboard-template/dist/index.html',
                'bulma-admin-dashboard-template/dist/forms/index.html',
                'bulma-admin-dashboard-template/dist/extras/index.html',
                'bulma-admin-dashboard-template/dist/tables/index.html',
                'bulma-admin-dashboard-template/dist/additional/index.html',
                'bulma-admin-dashboard-template/dist/ui-elements/index.html',
                'bulma-admin-dashboard-template/dist/presentations/index.html'],
 'presentations.html': ['presentations/presentations.html',
                        'bulma-admin-dashboard-template/dist/presentations/presentations.html'],
 'tables.html': ['tables/tables.html',
                 'bulma-admin-dashboard-template/dist/tables/tables.html'],
 'ui-elements.html': ['ui-elements/ui-elements.html',
                      'bulma-admin-dashboard-template/dist/ui-elements/ui-elements.html']}
