forms/index.html
forms/forms.html
tables/index.html
extras/index.html
tables/tables.html
extras/extras.html
additional/index.html
ui-elements/index.html
presentations/index.html
additional/additional.html
ui-elements/ui-elements.html
presentations/presentations.html
bulma-admin-dashboard-template/dist/index.html
bulma-admin-dashboard-template/dist/forms/forms.html
bulma-admin-dashboard-template/dist/forms/index.html
bulma-admin-dashboard-template/dist/extras/index.html
bulma-admin-dashboard-template/dist/tables/index.html
bulma-admin-dashboard-template/dist/extras/extras.html
bulma-admin-dashboard-template/dist/tables/tables.html
bulma-admin-dashboard-template/dist/additional/index.html
bulma-admin-dashboard-template/dist/ui-elements/index.html
bulma-admin-dashboard-template/dist/presentations/index.html
bulma-admin-dashboard-template/dist/additional/additional.html
bulma-admin-dashboard-template/dist/ui-elements/ui-elements.html
bulma-admin-dashboard-template/dist/presentations/presentations.html
favicon.ico
sr_in_html.yml
bulma-admin-dashboard-template/LICENSE
bulma-admin-dashboard-template/.babelrc
bulma-admin-dashboard-template/.git/HEAD
bulma-admin-dashboard-template/README.md
bulma-admin-dashboard-template/.git/index
bulma-admin-dashboard-template/.gitignore
bulma-admin-dashboard-template/.git/config
bulma-admin-dashboard-template/.travis.yml
bulma-admin-dashboard-template/package.json
bulma-admin-dashboard-template/.eleventy.js
bulma-admin-dashboard-template/src/index.ejs
bulma-admin-dashboard-template/src/forms.ejs
bulma-admin-dashboard-template/renovate.json
bulma-admin-dashboard-template/pnpm-lock.yaml
bulma-admin-dashboard-template/.git/logs/HEAD
bulma-admin-dashboard-template/src/tables.ejs
bulma-admin-dashboard-template/src/extras.ejs
bulma-admin-dashboard-template/.prettierrc.js
bulma-admin-dashboard-template/screenshoot.png
bulma-admin-dashboard-template/publish-demo.js
bulma-admin-dashboard-template/CONTRIBUTING.md
bulma-admin-dashboard-template/.git/packed-refs
bulma-admin-dashboard-template/.git/description
bulma-admin-dashboard-template/src/img/logo.png
bulma-admin-dashboard-template/dist/img/logo.png
bulma-admin-dashboard-template/dist/css/main.css
bulma-admin-dashboard-template/.git/info/exclude
bulma-admin-dashboard-template/src/_data/data.js
bulma-admin-dashboard-template/webpack.config.js
bulma-admin-dashboard-template/src/scss/main.scss
bulma-admin-dashboard-template/src/additional.ejs
bulma-admin-dashboard-template/CODE_OF_CONDUCT.md
bulma-admin-dashboard-template/src/ui-elements.ejs
bulma-admin-dashboard-template/src/presentations.ejs
bulma-admin-dashboard-template/.git/refs/heads/master
bulma-admin-dashboard-template/src/js/module-event.js
bulma-admin-dashboard-template/src/js/module-chart.js
bulma-admin-dashboard-template/dist/js/module-event.js
bulma-admin-dashboard-template/dist/js/module-chart.js
bulma-admin-dashboard-template/.git/hooks/update.sample
bulma-admin-dashboard-template/src/_includes/jsonLd.ejs
bulma-admin-dashboard-template/src/_includes/header.ejs
bulma-admin-dashboard-template/src/_includes/sidebar.ejs
bulma-admin-dashboard-template/inspiration-dashboard.jpg
bulma-admin-dashboard-template/.git/hooks/pre-push.sample
bulma-admin-dashboard-template/src/_includes/metaTags.ejs
bulma-admin-dashboard-template/.git/logs/refs/heads/master
bulma-admin-dashboard-template/.git/hooks/pre-commit.sample
bulma-admin-dashboard-template/.git/hooks/pre-rebase.sample
bulma-admin-dashboard-template/.git/hooks/commit-msg.sample
bulma-admin-dashboard-template/src/_includes/breadcrumb.ejs
bulma-admin-dashboard-template/.git/refs/remotes/origin/HEAD
bulma-admin-dashboard-template/.git/hooks/post-update.sample
bulma-admin-dashboard-template/src/_includes/horizontalAds.ejs
bulma-admin-dashboard-template/.git/hooks/pre-applypatch.sample
bulma-admin-dashboard-template/.git/hooks/applypatch-msg.sample
bulma-admin-dashboard-template/.github/pull_request_template.md
bulma-admin-dashboard-template/.git/logs/refs/remotes/origin/HEAD
bulma-admin-dashboard-template/.git/hooks/prepare-commit-msg.sample
bulma-admin-dashboard-template/.github/ISSUE_TEMPLATE/bug_report.md
bulma-admin-dashboard-template/.github/ISSUE_TEMPLATE/feature_request.md
bulma-admin-dashboard-template/.git/objects/pack/pack-b8ca6ea0c5a7955624b1281c2ebfd4b992e2c526.idx
bulma-admin-dashboard-template/.git/objects/pack/pack-b8ca6ea0c5a7955624b1281c2ebfd4b992e2c526.pack
