timestamp: 2021-06-25T21:12:40.129544
CREATE TABLE "auth_user"(
    "id" INTEGER PRIMARY KEY AUTOINCREMENT,
    "username" CHAR(512) UNIQUE,
    "email" CHAR(512) UNIQUE,
    "password" CHAR(512),
    "first_name" CHAR(512),
    "last_name" CHAR(512),
    "sso_id" CHAR(512),
    "action_token" CHAR(512),
    "last_password_change" TIMESTAMP,
    "past_passwords_hash" TEXT
);
success!
timestamp: 2021-06-25T21:12:40.141902
CREATE TABLE "auth_user_tag_groups"(
    "id" INTEGER PRIMARY KEY AUTOINCREMENT,
    "path" CHAR(512),
    "record_id" INTEGER REFERENCES "auth_user" ("id") ON DELETE CASCADE  
);
success!
timestamp: 2021-06-25T21:12:40.181311
CREATE TABLE "test_table"(
    "id" INTEGER PRIMARY KEY AUTOINCREMENT,
    "f0" CHAR(512),
    "f1" CHAR(512),
    "f2" CHAR(512)
);
success!
timestamp: 2021-06-25T21:12:40.231852
CREATE TABLE "uploaded_files"(
    "id" INTEGER PRIMARY KEY AUTOINCREMENT,
    "orig_file_name" CHAR(512),
    "remark" TEXT,
    "uniq_file_name" CHAR(512),
    "time" TIMESTAMP
);
success!
timestamp: 2021-06-25T21:12:40.242292
CREATE TABLE "app_images"(
    "id" INTEGER PRIMARY KEY AUTOINCREMENT,
    "f0" CHAR(512)
);
success!
timestamp: 2021-06-25T21:12:40.259673
CREATE TABLE "css_js_files"(
    "id" INTEGER PRIMARY KEY AUTOINCREMENT,
    "orig_file_path" CHAR(512),
    "found_in_file" CHAR(512),
    "app_name" CHAR(512)
);
success!
timestamp: 2021-06-25T21:12:40.269999
CREATE TABLE "dfforms0"(
    "id" INTEGER PRIMARY KEY AUTOINCREMENT,
    "f0" CHAR(1024),
    "f1" CHAR(1024),
    "f2" CHAR(1)
);
success!
timestamp: 2021-06-25T21:12:40.280720
CREATE TABLE "dfforms1"(
    "id" INTEGER PRIMARY KEY AUTOINCREMENT,
    "f0" CHAR(1024),
    "f1" CHAR(1024),
    "f2" CHAR(1024)
);
success!
timestamp: 2021-06-25T21:12:40.290937
CREATE TABLE "dfforms2"(
    "id" INTEGER PRIMARY KEY AUTOINCREMENT,
    "f0" CHAR(1024),
    "f1" CHAR(1024),
    "f2" CHAR(1024),
    "f3" CHAR(1024),
    "f4" CHAR(1024),
    "f5" CHAR(1024)
);
success!
timestamp: 2021-06-25T21:12:40.301401
CREATE TABLE "dfmodals0"(
    "id" INTEGER PRIMARY KEY AUTOINCREMENT,
    "f0" CHAR(1024),
    "f1" CHAR(1024),
    "f2" CHAR(1024),
    "f3" CHAR(1024),
    "f4" CHAR(1024),
    "f5" CHAR(1024)
);
success!
timestamp: 2021-06-25T21:12:40.311424
CREATE TABLE "dfloginA0"(
    "id" INTEGER PRIMARY KEY AUTOINCREMENT,
    "f0" CHAR(1024),
    "f1" CHAR(1024)
);
success!
timestamp: 2021-06-25T21:12:40.321934
CREATE TABLE "dfregisterA0"(
    "id" INTEGER PRIMARY KEY AUTOINCREMENT,
    "f0" CHAR(1024),
    "f1" CHAR(1024),
    "f2" CHAR(1024),
    "f3" CHAR(1024),
    "f4" CHAR(1024),
    "f5" CHAR(1024)
);
success!
timestamp: 2021-06-25T21:12:40.332249
CREATE TABLE "tindex0"(
    "id" INTEGER PRIMARY KEY AUTOINCREMENT,
    "f0" CHAR(1024),
    "f1" CHAR(1024),
    "f2" CHAR(1024),
    "f3" CHAR(1024),
    "f4" CHAR(1024)
);
success!
timestamp: 2021-06-25T21:12:40.342708
CREATE TABLE "ttables0"(
    "id" INTEGER PRIMARY KEY AUTOINCREMENT,
    "f0" CHAR(1024),
    "f1" CHAR(1024),
    "f2" CHAR(1024)
);
success!
timestamp: 2021-06-25T21:12:40.352853
CREATE TABLE "ttables1"(
    "id" INTEGER PRIMARY KEY AUTOINCREMENT,
    "f0" CHAR(1024),
    "f1" CHAR(1024),
    "f2" CHAR(1024)
);
success!
timestamp: 2021-06-25T21:12:40.363344
CREATE TABLE "ttables2"(
    "id" INTEGER PRIMARY KEY AUTOINCREMENT,
    "f0" CHAR(1024),
    "f1" CHAR(1024),
    "f2" CHAR(1024),
    "f3" CHAR(1024),
    "f4" CHAR(1024),
    "f5" CHAR(1024)
);
success!
