vendor/jquery/jquery.min.js.un
vendor/chart.js/Chart.min.js.un
vendor/popper.js/popper.min.js.un
vendor/jquery/jquery.slim.min.js.un
vendor/popper.js/esm/popper.min.js.un
vendor/popper.js/umd/popper.min.js.un
vendor/chart.js/Chart.bundle.min.js.un
vendor/popper.js/popper-utils.min.js.un
vendor/bootstrap/js/bootstrap.min.js.un
vendor/bootstrap/css/bootstrap.min.css.un
vendor/popper.js/esm/popper-utils.min.js.un
vendor/popper.js/umd/popper-utils.min.js.un
vendor/bootstrap/css/bootstrap-grid.min.css.un
vendor/bootstrap/js/bootstrap.bundle.min.js.un
vendor/bootstrap/css/bootstrap-reboot.min.css.un
vendor/jquery-validation/jquery.validate.min.js.un
vendor/jquery-validation/additional-methods.min.js.un
vendor/jquery-validation/localization/methods_pt.min.js.un
vendor/jquery-validation/localization/methods_it.min.js.un
vendor/jquery-validation/localization/methods_de.min.js.un
vendor/jquery-validation/localization/methods_fi.min.js.un
vendor/jquery-validation/localization/methods_nl.min.js.un
vendor/jquery-validation/localization/messages_fr.min.js.un
vendor/jquery-validation/localization/messages_kk.min.js.un
vendor/jquery-validation/localization/messages_hr.min.js.un
vendor/jquery-validation/localization/messages_bg.min.js.un
vendor/jquery-validation/localization/messages_mk.min.js.un
vendor/jquery-validation/localization/messages_ar.min.js.un
vendor/jquery-validation/localization/messages_sr.min.js.un
vendor/jquery-validation/localization/messages_es.min.js.un
vendor/jquery-validation/localization/messages_zh.min.js.un
vendor/jquery-validation/localization/messages_no.min.js.un
vendor/jquery-validation/localization/messages_hu.min.js.un
vendor/jquery-validation/localization/messages_ja.min.js.un
vendor/jquery-validation/localization/messages_ca.min.js.un
vendor/jquery-validation/localization/messages_fi.min.js.un
vendor/jquery-validation/localization/messages_tr.min.js.un
vendor/jquery-validation/localization/messages_pl.min.js.un
vendor/jquery-validation/localization/messages_eu.min.js.un
vendor/jquery-validation/localization/messages_sv.min.js.un
vendor/jquery-validation/localization/messages_ru.min.js.un
vendor/jquery-validation/localization/messages_sd.min.js.un
vendor/jquery-validation/localization/messages_he.min.js.un
vendor/jquery-validation/localization/messages_si.min.js.un
vendor/jquery-validation/localization/messages_uk.min.js.un
vendor/jquery-validation/localization/messages_lt.min.js.un
vendor/jquery-validation/localization/messages_cs.min.js.un
vendor/jquery-validation/localization/messages_sl.min.js.un
vendor/jquery-validation/localization/messages_ka.min.js.un
vendor/jquery-validation/localization/messages_tj.min.js.un
vendor/jquery-validation/localization/messages_it.min.js.un
vendor/jquery-validation/localization/messages_lv.min.js.un
vendor/jquery-validation/localization/messages_vi.min.js.un
vendor/jquery-validation/localization/messages_ge.min.js.un
vendor/jquery-validation/localization/messages_id.min.js.un
vendor/jquery-validation/localization/messages_th.min.js.un
vendor/jquery-validation/localization/messages_ro.min.js.un
vendor/jquery-validation/localization/messages_et.min.js.un
vendor/jquery-validation/localization/messages_sk.min.js.un
vendor/jquery-validation/localization/messages_fa.min.js.un
vendor/jquery-validation/localization/messages_el.min.js.un
vendor/jquery-validation/localization/messages_is.min.js.un
vendor/jquery-validation/localization/messages_nl.min.js.un
vendor/jquery-validation/localization/messages_az.min.js.un
vendor/jquery-validation/localization/messages_ur.min.js.un
vendor/jquery-validation/localization/messages_ko.min.js.un
vendor/jquery-validation/localization/messages_de.min.js.un
vendor/jquery-validation/localization/messages_my.min.js.un
vendor/jquery-validation/localization/messages_gl.min.js.un
vendor/jquery-validation/localization/messages_da.min.js.un
vendor/jquery-validation/localization/methods_es_CL.min.js.un
vendor/jquery-validation/localization/messages_zh_TW.min.js.un
vendor/jquery-validation/localization/messages_bn_BD.min.js.un
vendor/jquery-validation/localization/messages_pt_BR.min.js.un
vendor/jquery-validation/localization/messages_es_AR.min.js.un
vendor/jquery-validation/localization/messages_es_PE.min.js.un
vendor/jquery-validation/localization/messages_hy_AM.min.js.un
vendor/jquery-validation/localization/messages_pt_PT.min.js.un
vendor/jquery-validation/localization/messages_sr_lat.min.js.un
