https://themesberg.com/product/admin-dashboard/volt-bootstrap-5-dashboard
https://demo.themesberg.com/volt
https://themesberg.s3.us-east-2.amazonaws.com/public/products/volt-bootstrap-5-dashboard/volt-bootstrap-5-dashboard-preview.jpg
https://themesberg.com/docs/volt-bootstrap-5-dashboard/getting-started/quick-start/
https://github.com/themesberg/volt-bootstrap-5-dashboard
https://themesberg.com
http://www.w3.org/2000/svg
https://themesberg.com/docs/volt-bootstrap-5-dashboard/getting-started/file-structure/
https://themesberg.com/product/admin-dashboard/volt-premium-bootstrap-5-dashboard
https://twitter.com/themesberg
https://www.facebook.com/themesberg/
https://github.com/themesberg
https://dribbble.com/themesberg
https://themesberg.com/blog
https://themesberg.com/products
https://themesberg.com/about
https://themesberg.com/contact
https://themesberg.com/docs/volt-bootstrap-5-dashboard/getting-started/changelog/
https://themesberg.com/licensing
https://github.com/themesberg/volt-bootstrap-5-dashboard/issues
https://buttons.github.io/buttons.js
https://themesberg.com/themes
https://themesberg.com/docs/volt-bootstrap-5-dashboard/components/tables/
https://themesberg.com/docs/volt-bootstrap-5-dashboard/components/buttons/
https://themesberg.com/docs/volt-bootstrap-5-dashboard/plugins/notifications/
https://themesberg.com/docs/volt-bootstrap-5-dashboard/components/forms/
https://themesberg.com/docs/volt-bootstrap-5-dashboard/components/modals/
https://themesberg.com/docs/volt-bootstrap-5-dashboard/foundation/typography/
