pages/settings.html
pages/examples/404.html
pages/examples/500.html
pages/transactions.html
pages/examples/lock.html
pages/upgrade-to-pro.html
pages/examples/sign-in.html
pages/examples/sign-up.html
pages/components/forms.html
pages/components/modals.html
pages/components/buttons.html
pages/dashboard/dashboard.html
pages/components/typography.html
pages/tables/bootstrap-tables.html
pages/examples/reset-password.html
pages/examples/forgot-password.html
pages/components/notifications.html
volt-bootstrap-5-dashboard/src/index.html
volt-bootstrap-5-dashboard/.temp/index.html
volt-bootstrap-5-dashboard/src/partials/_head.html
volt-bootstrap-5-dashboard/src/pages/settings.html
volt-bootstrap-5-dashboard/.temp/pages/settings.html
volt-bootstrap-5-dashboard/src/partials/_footer.html
volt-bootstrap-5-dashboard/src/partials/_scripts.html
volt-bootstrap-5-dashboard/src/pages/transactions.html
volt-bootstrap-5-dashboard/src/pages/examples/404.html
volt-bootstrap-5-dashboard/src/pages/examples/500.html
volt-bootstrap-5-dashboard/src/partials/_analytics.html
volt-bootstrap-5-dashboard/src/pages/examples/lock.html
volt-bootstrap-5-dashboard/.temp/pages/examples/404.html
volt-bootstrap-5-dashboard/.temp/pages/examples/500.html
volt-bootstrap-5-dashboard/.temp/pages/transactions.html
volt-bootstrap-5-dashboard/src/partials/_navigation.html
volt-bootstrap-5-dashboard/src/pages/upgrade-to-pro.html
volt-bootstrap-5-dashboard/.temp/pages/examples/lock.html
volt-bootstrap-5-dashboard/.temp/pages/upgrade-to-pro.html
volt-bootstrap-5-dashboard/src/pages/examples/sign-in.html
volt-bootstrap-5-dashboard/src/pages/examples/sign-up.html
volt-bootstrap-5-dashboard/src/pages/components/forms.html
volt-bootstrap-5-dashboard/src/partials/dashboard/_nav.html
volt-bootstrap-5-dashboard/src/partials/_pages-preview.html
volt-bootstrap-5-dashboard/src/pages/components/modals.html
volt-bootstrap-5-dashboard/.temp/pages/examples/sign-in.html
volt-bootstrap-5-dashboard/.temp/pages/examples/sign-up.html
volt-bootstrap-5-dashboard/.temp/pages/components/forms.html
volt-bootstrap-5-dashboard/src/partials/_analytics_body.html
volt-bootstrap-5-dashboard/src/pages/components/buttons.html
volt-bootstrap-5-dashboard/.temp/pages/components/modals.html
volt-bootstrap-5-dashboard/src/pages/dashboard/dashboard.html
volt-bootstrap-5-dashboard/.temp/pages/components/buttons.html
volt-bootstrap-5-dashboard/src/partials/dashboard/_topbar.html
volt-bootstrap-5-dashboard/src/partials/dashboard/_footer.html
volt-bootstrap-5-dashboard/.temp/pages/dashboard/dashboard.html
volt-bootstrap-5-dashboard/src/partials/dashboard/_sidenav.html
volt-bootstrap-5-dashboard/src/pages/components/typography.html
volt-bootstrap-5-dashboard/.temp/pages/components/typography.html
volt-bootstrap-5-dashboard/src/pages/tables/bootstrap-tables.html
volt-bootstrap-5-dashboard/src/pages/examples/reset-password.html
volt-bootstrap-5-dashboard/src/pages/examples/forgot-password.html
volt-bootstrap-5-dashboard/src/pages/components/notifications.html
volt-bootstrap-5-dashboard/.temp/pages/tables/bootstrap-tables.html
volt-bootstrap-5-dashboard/.temp/pages/examples/reset-password.html
volt-bootstrap-5-dashboard/.temp/pages/examples/forgot-password.html
volt-bootstrap-5-dashboard/.temp/pages/components/notifications.html
favicon.ico
sr_in_js.yml
sr_in_html.yml
css/volt.css.map
assets/img/marker.svg
vendor/notyf/notyf.es.js
vendor/notyf/notyf.umd.js
assets/img/flags/peru.svg
assets/img/flags/iraq.svg
assets/img/flags/iran.svg
assets/img/flags/cuba.svg
assets/img/flags/spain.svg
assets/img/flags/nauru.svg
assets/img/flags/italy.svg
assets/img/flags/india.svg
assets/img/flags/haiti.svg
assets/img/flags/egypt.svg
assets/img/flags/china.svg
assets/img/flags/chile.svg
assets/img/paypal-logo.svg
assets/img/icons/github.svg
assets/img/flags/turkey.svg
assets/img/flags/sweden.svg
assets/img/flags/taiwan.svg
assets/img/flags/serbia.svg
assets/img/flags/russia.svg
assets/img/flags/panama.svg
assets/img/flags/norway.svg
assets/img/flags/mexico.svg
assets/img/flags/kuwait.svg
assets/img/flags/latvia.svg
assets/img/flags/israel.svg
assets/img/flags/greece.svg
assets/img/flags/cyprus.svg
assets/img/flags/brazil.svg
vendor/waypoints/testem.json
assets/img/flags/uruguay.svg
assets/img/flags/vietnam.svg
assets/img/flags/ukraine.svg
assets/img/flags/tunisia.svg
assets/img/flags/romania.svg
assets/img/flags/nigeria.svg
assets/img/flags/ireland.svg
assets/img/flags/iceland.svg
assets/img/flags/hungary.svg
assets/img/flags/estonia.svg
assets/img/flags/denmark.svg
assets/img/flags/ecuador.svg
assets/img/flags/georgia.svg
assets/img/flags/finland.svg
assets/img/flags/croatia.svg
assets/img/flags/austria.svg
assets/img/flags/bahrain.svg
assets/img/flags/bolivia.svg
assets/img/flags/belarus.svg
assets/img/flags/belgium.svg
assets/img/flags/armenia.svg
assets/img/flags/algeria.svg
assets/img/flags/albania.svg
vendor/waypoints/licenses.txt
vendor/onscreen/dist/index.js
assets/img/flags/thailand.svg
assets/img/flags/slovenia.svg
assets/img/flags/portugal.svg
assets/img/flags/paraguay.svg
assets/img/flags/pakistan.svg
assets/img/flags/slovakia.svg
assets/img/flags/mongolia.svg
assets/img/flags/malaysia.svg
assets/img/flags/ethiopia.svg
assets/img/flags/cameroon.svg
assets/img/flags/colombia.svg
assets/img/flags/cambodia.svg
assets/img/flags/botswana.svg
assets/img/flags/bulgaria.svg
assets/img/flags/anguilla.svg
assets/img/flags/venezuela.svg
assets/img/flags/sri-lanka.svg
assets/img/flags/singapore.svg
assets/img/flags/nicaragua.svg
assets/img/flags/lithuania.svg
assets/img/flags/indonesia.svg
assets/img/flags/hong-kong.svg
assets/img/flags/argentina.svg
assets/img/flags/australia.svg
assets/img/favicon/favicon.ico
assets/img/flags/montenegro.svg
assets/img/flags/luxembourg.svg
assets/img/flags/kazakhstan.svg
assets/img/flags/costa-rica.svg
assets/img/flags/azerbaijan.svg
assets/img/flags/south-korea.svg
assets/img/flags/switzerland.svg
assets/img/flags/puerto-rico.svg
assets/img/flags/philippines.svg
assets/img/flags/netherlands.svg
assets/img/flags/ivory-coast.svg
assets/img/favicon/manifest.json
assets/img/themesberg-mockup.jpg
assets/img/flags/south-africa.svg
assets/img/flags/united-states.svg
assets/img/flags/liechtenstein.svg
assets/img/flags/aland-islands.svg
assets/img/flags/czech-republic.svg
assets/img/flags/american-samoa.svg
assets/img/favicon/browserconfig.xml
volt-bootstrap-5-dashboard/README.md
vendor/nouislider/dist/nouislider.mjs
vendor/onscreen/dist/on-screen.es6.js
vendor/chartist/dist/chartist.min.css
assets/img/team/profile-picture-6.jpg
assets/img/icons/google_analytics.svg
assets/img/favicon/mstile-150x150.png
volt-bootstrap-5-dashboard/LICENSE.md
vendor/simplebar/dist/simplebar.umd.js
vendor/simplebar/dist/simplebar.esm.js
assets/img/technologies/vuejs-logo.svg
volt-bootstrap-5-dashboard/gulpfile.js
vendor/waypoints/lib/waypoints.debug.js
vendor/simplebar/dist/simplebar.min.css
vendor/@popperjs/core/dist/esm/types.js
vendor/@popperjs/core/dist/esm/enums.js
vendor/@popperjs/core/dist/esm/index.js
vendor/@popperjs/core/dist/cjs/enums.js
assets/img/icons/google-tag-manager.svg
assets/img/flags/republic-of-poland.svg
volt-bootstrap-5-dashboard/package.json
vendor/nouislider/dist/nouislider.min.js
vendor/@popperjs/core/dist/esm/popper.js
vendor/@popperjs/core/dist/cjs/popper.js
assets/img/pages/mockup-presentation.png
volt-bootstrap-5-dashboard/src/.DS_Store
vendor/nouislider/dist/nouislider.min.css
vendor/nouislider/dist/nouislider.min.mjs
assets/img/flags/united-arab-emirates.svg
vendor/sweetalert2/dist/sweetalert2.min.js
assets/img/flags/republic-of-macedonia.svg
vendor/waypoints/lib/zepto.waypoints.min.js
vendor/simplebar/dist/simplebar-core.esm.js
vendor/bootstrap/dist/css/bootstrap.min.css
vendor/@popperjs/core/dist/umd/enums.min.js
assets/img/flags/bosnia-and-herzegovina.svg
vendor/waypoints/lib/shortcuts/sticky.min.js
vendor/waypoints/lib/shortcuts/inview.min.js
vendor/waypoints/lib/jquery.waypoints.min.js
vendor/@popperjs/core/dist/esm/utils/math.js
vendor/@popperjs/core/dist/cjs/enums.js.flow
volt-bootstrap-5-dashboard/package-lock.json
vendor/bootstrap/dist/js/bootstrap.esm.min.js
vendor/@popperjs/core/dist/esm/popper-base.js
vendor/@popperjs/core/dist/esm/popper-lite.js
vendor/@popperjs/core/dist/cjs/popper.js.flow
vendor/@popperjs/core/dist/cjs/popper-base.js
vendor/@popperjs/core/dist/cjs/popper-lite.js
assets/img/favicon/android-chrome-512x512.png
assets/img/favicon/android-chrome-192x192.png
volt-bootstrap-5-dashboard/.temp/css/volt.css
volt-bootstrap-5-dashboard/src/scss/.DS_Store
volt-bootstrap-5-dashboard/src/scss/volt.scss
vendor/waypoints/lib/shortcuts/infinite.min.js
vendor/smooth-scroll/dist/smooth-scroll.min.js
vendor/@popperjs/core/dist/esm/utils/format.js
vendor/@popperjs/core/dist/esm/utils/within.js
vendor/@popperjs/core/dist/esm/createPopper.js
assets/img/technologies/react-logo-primary.svg
volt-bootstrap-5-dashboard/src/pages/.DS_Store
vendor/bootstrap/dist/css/bootstrap.rtl.min.css
vendor/bootstrap/dist/css/bootstrap-grid.min.css
vendor/bootstrap/dist/js/bootstrap.bundle.min.js
vendor/@popperjs/core/dist/umd/enums.min.js.flow
vendor/@popperjs/core/dist/esm/utils/uniqueBy.js
vendor/@popperjs/core/dist/esm/utils/debounce.js
vendor/@popperjs/core/dist/esm/modifiers/flip.js
vendor/@popperjs/core/dist/esm/modifiers/hide.js
volt-bootstrap-5-dashboard/src/assets/js/volt.js
vendor/waypoints/lib/noframework.waypoints.min.js
vendor/vanillajs-datepicker/dist/js/locales/ca.js
vendor/vanillajs-datepicker/dist/js/locales/hr.js
vendor/vanillajs-datepicker/dist/js/locales/fi.js
vendor/vanillajs-datepicker/dist/js/locales/sv.js
vendor/vanillajs-datepicker/dist/js/locales/lv.js
vendor/vanillajs-datepicker/dist/js/locales/tg.js
vendor/vanillajs-datepicker/dist/js/locales/fr.js
vendor/vanillajs-datepicker/dist/js/locales/ja.js
vendor/vanillajs-datepicker/dist/js/locales/sr.js
vendor/vanillajs-datepicker/dist/js/locales/cy.js
vendor/vanillajs-datepicker/dist/js/locales/it.js
vendor/vanillajs-datepicker/dist/js/locales/br.js
vendor/vanillajs-datepicker/dist/js/locales/bs.js
vendor/vanillajs-datepicker/dist/js/locales/sl.js
vendor/vanillajs-datepicker/dist/js/locales/fa.js
vendor/vanillajs-datepicker/dist/js/locales/tk.js
vendor/vanillajs-datepicker/dist/js/locales/ro.js
vendor/vanillajs-datepicker/dist/js/locales/he.js
vendor/vanillajs-datepicker/dist/js/locales/ms.js
vendor/vanillajs-datepicker/dist/js/locales/kk.js
vendor/vanillajs-datepicker/dist/js/locales/ko.js
vendor/vanillajs-datepicker/dist/js/locales/mn.js
vendor/vanillajs-datepicker/dist/js/locales/id.js
vendor/vanillajs-datepicker/dist/js/locales/nl.js
vendor/vanillajs-datepicker/dist/js/locales/sk.js
vendor/vanillajs-datepicker/dist/js/locales/fo.js
vendor/vanillajs-datepicker/dist/js/locales/oc.js
vendor/vanillajs-datepicker/dist/js/locales/cs.js
vendor/vanillajs-datepicker/dist/js/locales/uk.js
vendor/vanillajs-datepicker/dist/js/locales/pt.js
vendor/vanillajs-datepicker/dist/js/locales/bn.js
vendor/vanillajs-datepicker/dist/js/locales/hu.js
vendor/vanillajs-datepicker/dist/js/locales/vi.js
vendor/vanillajs-datepicker/dist/js/locales/ta.js
vendor/vanillajs-datepicker/dist/js/locales/sq.js
vendor/vanillajs-datepicker/dist/js/locales/de.js
vendor/vanillajs-datepicker/dist/js/locales/hy.js
vendor/vanillajs-datepicker/dist/js/locales/et.js
vendor/vanillajs-datepicker/dist/js/locales/eu.js
vendor/vanillajs-datepicker/dist/js/locales/ru.js
vendor/vanillajs-datepicker/dist/js/locales/el.js
vendor/vanillajs-datepicker/dist/js/locales/bm.js
vendor/vanillajs-datepicker/dist/js/locales/ka.js
vendor/vanillajs-datepicker/dist/js/locales/me.js
vendor/vanillajs-datepicker/dist/js/locales/ar.js
vendor/vanillajs-datepicker/dist/js/locales/es.js
vendor/vanillajs-datepicker/dist/js/locales/no.js
vendor/vanillajs-datepicker/dist/js/locales/pl.js
vendor/vanillajs-datepicker/dist/js/locales/lt.js
vendor/vanillajs-datepicker/dist/js/locales/mr.js
vendor/vanillajs-datepicker/dist/js/locales/th.js
vendor/vanillajs-datepicker/dist/js/locales/eo.js
vendor/vanillajs-datepicker/dist/js/locales/mk.js
vendor/vanillajs-datepicker/dist/js/locales/tr.js
vendor/vanillajs-datepicker/dist/js/locales/az.js
vendor/vanillajs-datepicker/dist/js/locales/km.js
vendor/vanillajs-datepicker/dist/js/locales/gl.js
vendor/vanillajs-datepicker/dist/js/locales/sw.js
vendor/vanillajs-datepicker/dist/js/locales/si.js
vendor/vanillajs-datepicker/dist/js/locales/hi.js
vendor/vanillajs-datepicker/dist/js/locales/bg.js
vendor/vanillajs-datepicker/dist/js/locales/da.js
vendor/vanillajs-datepicker/dist/js/locales/is.js
vendor/@popperjs/core/dist/umd/popper.min.js.flow
vendor/@popperjs/core/dist/umd/popper-lite.min.js
vendor/@popperjs/core/dist/umd/popper-base.min.js
vendor/@popperjs/core/dist/esm/utils/getAltLen.js
vendor/@popperjs/core/dist/esm/modifiers/arrow.js
vendor/@popperjs/core/dist/esm/modifiers/index.js
volt-bootstrap-5-dashboard/.temp/css/volt.css.map
vendor/bootstrap/dist/css/bootstrap-reboot.min.css
vendor/@popperjs/core/dist/esm/utils/getAltAxis.js
vendor/@popperjs/core/dist/esm/modifiers/offset.js
vendor/@popperjs/core/dist/cjs/popper-lite.js.flow
vendor/@popperjs/core/dist/cjs/popper-base.js.flow
volt-bootstrap-5-dashboard/.temp/assets/js/volt.js
vendor/@popperjs/core/dist/esm/utils/mergeByName.js
vendor/vanillajs-datepicker/dist/js/locales/en-ZA.js
vendor/vanillajs-datepicker/dist/js/locales/en-IE.js
vendor/vanillajs-datepicker/dist/js/locales/nl-BE.js
vendor/vanillajs-datepicker/dist/js/locales/it-CH.js
vendor/vanillajs-datepicker/dist/js/locales/en-CA.js
vendor/vanillajs-datepicker/dist/js/locales/zh-CN.js
vendor/vanillajs-datepicker/dist/js/locales/en-GB.js
vendor/vanillajs-datepicker/dist/js/locales/fr-CH.js
vendor/vanillajs-datepicker/dist/js/locales/zh-TW.js
vendor/vanillajs-datepicker/dist/js/locales/en-NZ.js
vendor/vanillajs-datepicker/dist/js/locales/en-AU.js
vendor/vanillajs-datepicker/dist/js/locales/ar-tn.js
vendor/vanillajs-datepicker/dist/js/locales/pt-BR.js
vendor/bootstrap/dist/css/bootstrap-grid.rtl.min.css
vendor/@popperjs/core/dist/esm/utils/getVariation.js
vendor/@popperjs/core/dist/esm/dom-utils/contains.js
volt-bootstrap-5-dashboard/src/scss/volt/_forms.scss
volt-bootstrap-5-dashboard/src/assets/img/marker.svg
vendor/bootstrap/dist/css/bootstrap-utilities.min.css
vendor/@popperjs/core/dist/esm/dom-utils/getWindow.js
volt-bootstrap-5-dashboard/src/scss/volt/_vendor.scss
volt-bootstrap-5-dashboard/src/scss/volt/_layout.scss
volt-bootstrap-5-dashboard/src/scss/volt/_mixins.scss
vendor/vanillajs-datepicker/dist/js/locales/sr-latn.js
vendor/vanillajs-datepicker/dist/js/locales/uz-cyrl.js
vendor/vanillajs-datepicker/dist/js/locales/uz-latn.js
vendor/bootstrap/dist/css/bootstrap-reboot.rtl.min.css
vendor/@popperjs/core/dist/umd/popper-lite.min.js.flow
vendor/@popperjs/core/dist/umd/popper-base.min.js.flow
vendor/@popperjs/core/dist/esm/utils/detectOverflow.js
vendor/@popperjs/core/dist/esm/utils/computeOffsets.js
vendor/@popperjs/core/dist/esm/utils/orderModifiers.js
vendor/@popperjs/core/dist/esm/dom-utils/instanceOf.js
volt-bootstrap-5-dashboard/.temp/assets/img/marker.svg
vendor/vanillajs-datepicker/dist/css/datepicker.min.css
vendor/@popperjs/core/dist/esm/utils/expandToHashMap.js
vendor/@popperjs/core/dist/esm/dom-utils/getNodeName.js
vendor/@popperjs/core/dist/esm/modifiers/applyStyles.js
volt-bootstrap-5-dashboard/src/pages/examples/.DS_Store
volt-bootstrap-5-dashboard/src/assets/img/pages/500.jpg
volt-bootstrap-5-dashboard/src/assets/img/pages/404.jpg
vendor/@popperjs/core/dist/esm/utils/rectToClientRect.js
vendor/@popperjs/core/dist/esm/utils/getBasePlacement.js
volt-bootstrap-5-dashboard/src/scss/volt/_variables.scss
volt-bootstrap-5-dashboard/src/scss/volt/_utilities.scss
volt-bootstrap-5-dashboard/src/scss/volt/_functions.scss
volt-bootstrap-5-dashboard/src/assets/img/themesberg.svg
volt-bootstrap-5-dashboard/src/assets/img/pages/lock.jpg
volt-bootstrap-5-dashboard/src/assets/img/flags/peru.svg
volt-bootstrap-5-dashboard/src/assets/img/flags/iraq.svg
volt-bootstrap-5-dashboard/src/assets/img/flags/iran.svg
volt-bootstrap-5-dashboard/src/assets/img/flags/cuba.svg
volt-bootstrap-5-dashboard/src/assets/img/brand/dark.svg
vendor/bootstrap/dist/css/bootstrap-utilities.rtl.min.css
vendor/@popperjs/core/dist/esm/utils/validateModifiers.js
vendor/@popperjs/core/dist/esm/dom-utils/getParentNode.js
vendor/@popperjs/core/dist/esm/dom-utils/getLayoutRect.js
vendor/@popperjs/core/dist/esm/dom-utils/getNodeScroll.js
vendor/@popperjs/core/dist/esm/modifiers/popperOffsets.js
vendor/@popperjs/core/dist/esm/modifiers/computeStyles.js
volt-bootstrap-5-dashboard/.temp/vendor/notyf/notyf.es.js
volt-bootstrap-5-dashboard/.temp/assets/img/pages/500.jpg
volt-bootstrap-5-dashboard/.temp/assets/img/pages/404.jpg
volt-bootstrap-5-dashboard/src/scss/volt/_components.scss
volt-bootstrap-5-dashboard/src/assets/img/paypal-logo.svg
volt-bootstrap-5-dashboard/src/assets/img/flags/spain.svg
volt-bootstrap-5-dashboard/src/assets/img/flags/nauru.svg
volt-bootstrap-5-dashboard/src/assets/img/flags/japan.svg
volt-bootstrap-5-dashboard/src/assets/img/flags/italy.svg
volt-bootstrap-5-dashboard/src/assets/img/flags/india.svg
volt-bootstrap-5-dashboard/src/assets/img/flags/haiti.svg
volt-bootstrap-5-dashboard/src/assets/img/flags/egypt.svg
volt-bootstrap-5-dashboard/src/assets/img/flags/china.svg
volt-bootstrap-5-dashboard/src/assets/img/flags/chile.svg
volt-bootstrap-5-dashboard/src/assets/img/brand/light.svg
vendor/vanillajs-datepicker/dist/js/datepicker-full.min.js
vendor/@popperjs/core/dist/esm/utils/getFreshSideObject.js
vendor/@popperjs/core/dist/esm/utils/mergePaddingObject.js
vendor/@popperjs/core/dist/esm/dom-utils/isScrollParent.js
vendor/@popperjs/core/dist/esm/dom-utils/isTableElement.js
vendor/@popperjs/core/dist/esm/modifiers/eventListeners.js
volt-bootstrap-5-dashboard/.temp/vendor/notyf/notyf.umd.js
volt-bootstrap-5-dashboard/.temp/vendor/notyf/notyf.min.js
volt-bootstrap-5-dashboard/.temp/assets/img/pages/lock.jpg
volt-bootstrap-5-dashboard/.temp/assets/img/flags/peru.svg
volt-bootstrap-5-dashboard/.temp/assets/img/flags/iraq.svg
volt-bootstrap-5-dashboard/.temp/assets/img/flags/iran.svg
volt-bootstrap-5-dashboard/.temp/assets/img/flags/cuba.svg
volt-bootstrap-5-dashboard/.temp/assets/img/brand/dark.svg
volt-bootstrap-5-dashboard/.temp/assets/img/themesberg.svg
volt-bootstrap-5-dashboard/src/scss/volt/mixins/_icon.scss
volt-bootstrap-5-dashboard/src/scss/custom/_variables.scss
volt-bootstrap-5-dashboard/src/assets/img/icons/github.svg
volt-bootstrap-5-dashboard/src/assets/img/flags/turkey.svg
volt-bootstrap-5-dashboard/src/assets/img/flags/sweden.svg
volt-bootstrap-5-dashboard/src/assets/img/flags/taiwan.svg
volt-bootstrap-5-dashboard/src/assets/img/flags/serbia.svg
volt-bootstrap-5-dashboard/src/assets/img/flags/russia.svg
volt-bootstrap-5-dashboard/src/assets/img/flags/panama.svg
volt-bootstrap-5-dashboard/src/assets/img/flags/norway.svg
volt-bootstrap-5-dashboard/src/assets/img/flags/mexico.svg
volt-bootstrap-5-dashboard/src/assets/img/flags/kuwait.svg
volt-bootstrap-5-dashboard/src/assets/img/flags/latvia.svg
volt-bootstrap-5-dashboard/src/assets/img/flags/israel.svg
volt-bootstrap-5-dashboard/src/assets/img/flags/greece.svg
volt-bootstrap-5-dashboard/src/assets/img/flags/france.svg
volt-bootstrap-5-dashboard/src/assets/img/flags/cyprus.svg
volt-bootstrap-5-dashboard/src/assets/img/flags/canada.svg
volt-bootstrap-5-dashboard/src/assets/img/flags/brazil.svg
vendor/vanillajs-datepicker/dist/css/datepicker-bs4.min.css
vendor/@popperjs/core/dist/esm/dom-utils/getWindowScroll.js
vendor/@popperjs/core/dist/esm/dom-utils/getDocumentRect.js
vendor/@popperjs/core/dist/esm/dom-utils/getOffsetParent.js
vendor/@popperjs/core/dist/esm/dom-utils/getViewportRect.js
vendor/@popperjs/core/dist/esm/dom-utils/getScrollParent.js
vendor/@popperjs/core/dist/esm/dom-utils/getClippingRect.js
vendor/@popperjs/core/dist/esm/modifiers/preventOverflow.js
volt-bootstrap-5-dashboard/.temp/vendor/notyf/notyf.min.css
volt-bootstrap-5-dashboard/.temp/assets/img/flags/spain.svg
volt-bootstrap-5-dashboard/.temp/assets/img/flags/nauru.svg
volt-bootstrap-5-dashboard/.temp/assets/img/flags/japan.svg
volt-bootstrap-5-dashboard/.temp/assets/img/flags/italy.svg
volt-bootstrap-5-dashboard/.temp/assets/img/flags/india.svg
volt-bootstrap-5-dashboard/.temp/assets/img/flags/haiti.svg
volt-bootstrap-5-dashboard/.temp/assets/img/flags/egypt.svg
volt-bootstrap-5-dashboard/.temp/assets/img/flags/china.svg
volt-bootstrap-5-dashboard/.temp/assets/img/flags/chile.svg
volt-bootstrap-5-dashboard/.temp/assets/img/brand/light.svg
volt-bootstrap-5-dashboard/.temp/assets/img/paypal-logo.svg
volt-bootstrap-5-dashboard/src/assets/img/profile-cover.jpg
volt-bootstrap-5-dashboard/src/assets/img/pages/sign-up.jpg
volt-bootstrap-5-dashboard/src/assets/img/pages/sign-in.jpg
volt-bootstrap-5-dashboard/src/assets/img/flags/uruguay.svg
volt-bootstrap-5-dashboard/src/assets/img/flags/vietnam.svg
volt-bootstrap-5-dashboard/src/assets/img/flags/ukraine.svg
volt-bootstrap-5-dashboard/src/assets/img/flags/tunisia.svg
volt-bootstrap-5-dashboard/src/assets/img/flags/romania.svg
volt-bootstrap-5-dashboard/src/assets/img/flags/nigeria.svg
volt-bootstrap-5-dashboard/src/assets/img/flags/ireland.svg
volt-bootstrap-5-dashboard/src/assets/img/flags/iceland.svg
volt-bootstrap-5-dashboard/src/assets/img/flags/germany.svg
volt-bootstrap-5-dashboard/src/assets/img/flags/hungary.svg
volt-bootstrap-5-dashboard/src/assets/img/flags/estonia.svg
volt-bootstrap-5-dashboard/src/assets/img/flags/denmark.svg
volt-bootstrap-5-dashboard/src/assets/img/flags/ecuador.svg
volt-bootstrap-5-dashboard/src/assets/img/flags/georgia.svg
volt-bootstrap-5-dashboard/src/assets/img/flags/finland.svg
volt-bootstrap-5-dashboard/src/assets/img/flags/croatia.svg
volt-bootstrap-5-dashboard/src/assets/img/flags/austria.svg
volt-bootstrap-5-dashboard/src/assets/img/flags/bahrain.svg
volt-bootstrap-5-dashboard/src/assets/img/flags/bolivia.svg
volt-bootstrap-5-dashboard/src/assets/img/flags/belarus.svg
volt-bootstrap-5-dashboard/src/assets/img/flags/belgium.svg
volt-bootstrap-5-dashboard/src/assets/img/flags/armenia.svg
volt-bootstrap-5-dashboard/src/assets/img/flags/algeria.svg
volt-bootstrap-5-dashboard/src/assets/img/flags/albania.svg
vendor/@popperjs/core/dist/esm/utils/getOppositePlacement.js
vendor/@popperjs/core/dist/esm/utils/computeAutoPlacement.js
vendor/@popperjs/core/dist/esm/dom-utils/getCompositeRect.js
vendor/@popperjs/core/dist/esm/dom-utils/getComputedStyle.js
volt-bootstrap-5-dashboard/.temp/assets/img/icons/github.svg
volt-bootstrap-5-dashboard/.temp/assets/img/flags/turkey.svg
volt-bootstrap-5-dashboard/.temp/assets/img/flags/sweden.svg
volt-bootstrap-5-dashboard/.temp/assets/img/flags/taiwan.svg
volt-bootstrap-5-dashboard/.temp/assets/img/flags/serbia.svg
volt-bootstrap-5-dashboard/.temp/assets/img/flags/russia.svg
volt-bootstrap-5-dashboard/.temp/assets/img/flags/panama.svg
volt-bootstrap-5-dashboard/.temp/assets/img/flags/norway.svg
volt-bootstrap-5-dashboard/.temp/assets/img/flags/mexico.svg
volt-bootstrap-5-dashboard/.temp/assets/img/flags/kuwait.svg
volt-bootstrap-5-dashboard/.temp/assets/img/flags/latvia.svg
volt-bootstrap-5-dashboard/.temp/assets/img/flags/israel.svg
volt-bootstrap-5-dashboard/.temp/assets/img/flags/greece.svg
volt-bootstrap-5-dashboard/.temp/assets/img/flags/france.svg
volt-bootstrap-5-dashboard/.temp/assets/img/flags/cyprus.svg
volt-bootstrap-5-dashboard/.temp/assets/img/flags/canada.svg
volt-bootstrap-5-dashboard/.temp/assets/img/flags/brazil.svg
volt-bootstrap-5-dashboard/src/scss/volt/layout/_navbar.scss
volt-bootstrap-5-dashboard/src/scss/volt/layout/_footer.scss
volt-bootstrap-5-dashboard/src/scss/volt/mixins/_modals.scss
volt-bootstrap-5-dashboard/src/assets/img/pages/overview.jpg
volt-bootstrap-5-dashboard/src/assets/img/pages/settings.jpg
volt-bootstrap-5-dashboard/src/assets/img/flags/thailand.svg
volt-bootstrap-5-dashboard/src/assets/img/flags/slovenia.svg
volt-bootstrap-5-dashboard/src/assets/img/flags/portugal.svg
volt-bootstrap-5-dashboard/src/assets/img/flags/slovakia.svg
volt-bootstrap-5-dashboard/src/assets/img/flags/paraguay.svg
volt-bootstrap-5-dashboard/src/assets/img/flags/pakistan.svg
volt-bootstrap-5-dashboard/src/assets/img/flags/mongolia.svg
volt-bootstrap-5-dashboard/src/assets/img/flags/malaysia.svg
volt-bootstrap-5-dashboard/src/assets/img/flags/ethiopia.svg
volt-bootstrap-5-dashboard/src/assets/img/flags/cameroon.svg
volt-bootstrap-5-dashboard/src/assets/img/flags/colombia.svg
volt-bootstrap-5-dashboard/src/assets/img/flags/cambodia.svg
volt-bootstrap-5-dashboard/src/assets/img/flags/botswana.svg
volt-bootstrap-5-dashboard/src/assets/img/flags/bulgaria.svg
volt-bootstrap-5-dashboard/src/assets/img/flags/anguilla.svg
vendor/vanillajs-datepicker/dist/css/datepicker-bulma.min.css
vendor/@popperjs/core/dist/esm/dom-utils/listScrollParents.js
volt-bootstrap-5-dashboard/.temp/vendor/waypoints/testem.json
volt-bootstrap-5-dashboard/.temp/assets/img/pages/sign-up.jpg
volt-bootstrap-5-dashboard/.temp/assets/img/pages/sign-in.jpg
volt-bootstrap-5-dashboard/.temp/assets/img/flags/uruguay.svg
volt-bootstrap-5-dashboard/.temp/assets/img/flags/vietnam.svg
volt-bootstrap-5-dashboard/.temp/assets/img/flags/ukraine.svg
volt-bootstrap-5-dashboard/.temp/assets/img/flags/tunisia.svg
volt-bootstrap-5-dashboard/.temp/assets/img/flags/romania.svg
volt-bootstrap-5-dashboard/.temp/assets/img/flags/nigeria.svg
volt-bootstrap-5-dashboard/.temp/assets/img/flags/ireland.svg
volt-bootstrap-5-dashboard/.temp/assets/img/flags/iceland.svg
volt-bootstrap-5-dashboard/.temp/assets/img/flags/germany.svg
volt-bootstrap-5-dashboard/.temp/assets/img/flags/hungary.svg
volt-bootstrap-5-dashboard/.temp/assets/img/flags/estonia.svg
volt-bootstrap-5-dashboard/.temp/assets/img/flags/denmark.svg
volt-bootstrap-5-dashboard/.temp/assets/img/flags/ecuador.svg
volt-bootstrap-5-dashboard/.temp/assets/img/flags/georgia.svg
volt-bootstrap-5-dashboard/.temp/assets/img/flags/finland.svg
volt-bootstrap-5-dashboard/.temp/assets/img/flags/croatia.svg
volt-bootstrap-5-dashboard/.temp/assets/img/flags/austria.svg
volt-bootstrap-5-dashboard/.temp/assets/img/flags/bahrain.svg
volt-bootstrap-5-dashboard/.temp/assets/img/flags/bolivia.svg
volt-bootstrap-5-dashboard/.temp/assets/img/flags/belarus.svg
volt-bootstrap-5-dashboard/.temp/assets/img/flags/belgium.svg
volt-bootstrap-5-dashboard/.temp/assets/img/flags/armenia.svg
volt-bootstrap-5-dashboard/.temp/assets/img/flags/algeria.svg
volt-bootstrap-5-dashboard/.temp/assets/img/flags/albania.svg
volt-bootstrap-5-dashboard/.temp/assets/img/profile-cover.jpg
volt-bootstrap-5-dashboard/src/scss/volt/layout/_sidebar.scss
volt-bootstrap-5-dashboard/src/scss/volt/layout/_sidenav.scss
volt-bootstrap-5-dashboard/src/scss/volt/layout/_section.scss
volt-bootstrap-5-dashboard/src/scss/volt/mixins/_popover.scss
volt-bootstrap-5-dashboard/src/scss/volt/components/_nav.scss
volt-bootstrap-5-dashboard/src/assets/img/flags/venezuela.svg
volt-bootstrap-5-dashboard/src/assets/img/flags/sri-lanka.svg
volt-bootstrap-5-dashboard/src/assets/img/flags/singapore.svg
volt-bootstrap-5-dashboard/src/assets/img/flags/nicaragua.svg
volt-bootstrap-5-dashboard/src/assets/img/flags/lithuania.svg
volt-bootstrap-5-dashboard/src/assets/img/flags/indonesia.svg
volt-bootstrap-5-dashboard/src/assets/img/flags/hong-kong.svg
volt-bootstrap-5-dashboard/src/assets/img/flags/argentina.svg
volt-bootstrap-5-dashboard/src/assets/img/flags/australia.svg
volt-bootstrap-5-dashboard/src/assets/img/favicon/favicon.ico
vendor/@popperjs/core/dist/esm/dom-utils/getDocumentElement.js
volt-bootstrap-5-dashboard/.temp/vendor/waypoints/licenses.txt
volt-bootstrap-5-dashboard/.temp/vendor/onscreen/dist/index.js
volt-bootstrap-5-dashboard/.temp/assets/img/pages/overview.jpg
volt-bootstrap-5-dashboard/.temp/assets/img/pages/settings.jpg
volt-bootstrap-5-dashboard/.temp/assets/img/flags/thailand.svg
volt-bootstrap-5-dashboard/.temp/assets/img/flags/slovenia.svg
volt-bootstrap-5-dashboard/.temp/assets/img/flags/portugal.svg
volt-bootstrap-5-dashboard/.temp/assets/img/flags/slovakia.svg
volt-bootstrap-5-dashboard/.temp/assets/img/flags/paraguay.svg
volt-bootstrap-5-dashboard/.temp/assets/img/flags/pakistan.svg
volt-bootstrap-5-dashboard/.temp/assets/img/flags/mongolia.svg
volt-bootstrap-5-dashboard/.temp/assets/img/flags/malaysia.svg
volt-bootstrap-5-dashboard/.temp/assets/img/flags/ethiopia.svg
volt-bootstrap-5-dashboard/.temp/assets/img/flags/cameroon.svg
volt-bootstrap-5-dashboard/.temp/assets/img/flags/colombia.svg
volt-bootstrap-5-dashboard/.temp/assets/img/flags/cambodia.svg
volt-bootstrap-5-dashboard/.temp/assets/img/flags/botswana.svg
volt-bootstrap-5-dashboard/.temp/assets/img/flags/bulgaria.svg
volt-bootstrap-5-dashboard/.temp/assets/img/flags/anguilla.svg
volt-bootstrap-5-dashboard/src/scss/volt/components/_type.scss
volt-bootstrap-5-dashboard/src/scss/volt/components/_card.scss
volt-bootstrap-5-dashboard/src/scss/volt/components/_body.scss
volt-bootstrap-5-dashboard/src/assets/img/flags/montenegro.svg
volt-bootstrap-5-dashboard/src/assets/img/flags/luxembourg.svg
volt-bootstrap-5-dashboard/src/assets/img/flags/kazakhstan.svg
volt-bootstrap-5-dashboard/src/assets/img/flags/costa-rica.svg
volt-bootstrap-5-dashboard/src/assets/img/flags/azerbaijan.svg
vendor/@popperjs/core/dist/esm/dom-utils/getWindowScrollBarX.js
volt-bootstrap-5-dashboard/.temp/assets/img/flags/venezuela.svg
volt-bootstrap-5-dashboard/.temp/assets/img/flags/sri-lanka.svg
volt-bootstrap-5-dashboard/.temp/assets/img/flags/singapore.svg
volt-bootstrap-5-dashboard/.temp/assets/img/flags/nicaragua.svg
volt-bootstrap-5-dashboard/.temp/assets/img/flags/lithuania.svg
volt-bootstrap-5-dashboard/.temp/assets/img/flags/indonesia.svg
volt-bootstrap-5-dashboard/.temp/assets/img/flags/hong-kong.svg
volt-bootstrap-5-dashboard/.temp/assets/img/flags/argentina.svg
volt-bootstrap-5-dashboard/.temp/assets/img/flags/australia.svg
volt-bootstrap-5-dashboard/.temp/assets/img/favicon/favicon.ico
volt-bootstrap-5-dashboard/src/scss/volt/mixins/_utilities.scss
volt-bootstrap-5-dashboard/src/scss/volt/mixins/_transform.scss
volt-bootstrap-5-dashboard/src/scss/volt/forms/_form-check.scss
volt-bootstrap-5-dashboard/src/scss/volt/components/_steps.scss
volt-bootstrap-5-dashboard/src/scss/volt/components/_modal.scss
volt-bootstrap-5-dashboard/src/scss/volt/components/_close.scss
volt-bootstrap-5-dashboard/src/scss/volt/components/_badge.scss
volt-bootstrap-5-dashboard/src/scss/volt/components/_icons.scss
volt-bootstrap-5-dashboard/src/assets/img/themesberg-mockup.jpg
volt-bootstrap-5-dashboard/src/assets/img/illustrations/500.svg
volt-bootstrap-5-dashboard/src/assets/img/illustrations/404.svg
volt-bootstrap-5-dashboard/src/assets/img/flags/south-korea.svg
volt-bootstrap-5-dashboard/src/assets/img/flags/switzerland.svg
volt-bootstrap-5-dashboard/src/assets/img/flags/puerto-rico.svg
volt-bootstrap-5-dashboard/src/assets/img/flags/philippines.svg
volt-bootstrap-5-dashboard/src/assets/img/flags/netherlands.svg
volt-bootstrap-5-dashboard/src/assets/img/flags/ivory-coast.svg
volt-bootstrap-5-dashboard/src/assets/img/favicon/manifest.json
vendor/chartist-plugin-tooltips/dist/chartist-plugin-tooltip.css
vendor/@popperjs/core/dist/esm/utils/getMainAxisFromPlacement.js
vendor/@popperjs/core/dist/esm/dom-utils/getHTMLElementScroll.js
volt-bootstrap-5-dashboard/.temp/assets/img/flags/montenegro.svg
volt-bootstrap-5-dashboard/.temp/assets/img/flags/luxembourg.svg
volt-bootstrap-5-dashboard/.temp/assets/img/flags/kazakhstan.svg
volt-bootstrap-5-dashboard/.temp/assets/img/flags/costa-rica.svg
volt-bootstrap-5-dashboard/.temp/assets/img/flags/azerbaijan.svg
volt-bootstrap-5-dashboard/src/scss/volt/mixins/_animations.scss
volt-bootstrap-5-dashboard/src/scss/volt/forms/_input-group.scss
volt-bootstrap-5-dashboard/src/scss/volt/forms/_form-select.scss
volt-bootstrap-5-dashboard/src/scss/volt/components/_tables.scss
volt-bootstrap-5-dashboard/src/scss/volt/components/_shapes.scss
volt-bootstrap-5-dashboard/src/scss/volt/components/_images.scss
volt-bootstrap-5-dashboard/src/scss/volt/components/_charts.scss
volt-bootstrap-5-dashboard/src/scss/volt/components/_alerts.scss
volt-bootstrap-5-dashboard/src/assets/img/pages/transactions.jpg
volt-bootstrap-5-dashboard/src/assets/img/flags/south-africa.svg
vendor/@popperjs/core/dist/esm/dom-utils/getBoundingClientRect.js
volt-bootstrap-5-dashboard/.temp/assets/img/illustrations/500.svg
volt-bootstrap-5-dashboard/.temp/assets/img/illustrations/404.svg
volt-bootstrap-5-dashboard/.temp/assets/img/flags/south-korea.svg
volt-bootstrap-5-dashboard/.temp/assets/img/flags/switzerland.svg
volt-bootstrap-5-dashboard/.temp/assets/img/flags/puerto-rico.svg
volt-bootstrap-5-dashboard/.temp/assets/img/flags/philippines.svg
volt-bootstrap-5-dashboard/.temp/assets/img/flags/netherlands.svg
volt-bootstrap-5-dashboard/.temp/assets/img/flags/ivory-coast.svg
volt-bootstrap-5-dashboard/.temp/assets/img/favicon/manifest.json
volt-bootstrap-5-dashboard/.temp/assets/img/themesberg-mockup.jpg
volt-bootstrap-5-dashboard/src/scss/volt/forms/_form-control.scss
volt-bootstrap-5-dashboard/src/scss/volt/components/_tooltip.scss
volt-bootstrap-5-dashboard/src/scss/volt/components/_popover.scss
volt-bootstrap-5-dashboard/src/scss/volt/components/_buttons.scss
volt-bootstrap-5-dashboard/src/scss/volt/components/_avatars.scss
volt-bootstrap-5-dashboard/src/assets/img/themesberg-logo-alt.svg
volt-bootstrap-5-dashboard/src/assets/img/mockup-presentation.png
volt-bootstrap-5-dashboard/src/assets/img/flags/united-states.svg
volt-bootstrap-5-dashboard/src/assets/img/flags/liechtenstein.svg
volt-bootstrap-5-dashboard/src/assets/img/flags/aland-islands.svg
vendor/vanillajs-datepicker/dist/css/datepicker-foundation.min.css
volt-bootstrap-5-dashboard/.temp/assets/img/pages/transactions.jpg
volt-bootstrap-5-dashboard/.temp/assets/img/flags/south-africa.svg
volt-bootstrap-5-dashboard/src/scss/volt/components/_progress.scss
volt-bootstrap-5-dashboard/src/scss/volt/components/_carousel.scss
volt-bootstrap-5-dashboard/src/scss/volt/components/_dropdown.scss
volt-bootstrap-5-dashboard/src/assets/img/pages/reset-password.jpg
volt-bootstrap-5-dashboard/src/assets/img/illustrations/signin.svg
volt-bootstrap-5-dashboard/src/assets/img/flags/united-kingdom.svg
volt-bootstrap-5-dashboard/src/assets/img/flags/czech-republic.svg
volt-bootstrap-5-dashboard/src/assets/img/flags/american-samoa.svg
volt-bootstrap-5-dashboard/src/assets/img/favicon/site.webmanifest
volt-bootstrap-5-dashboard/.temp/assets/img/flags/united-states.svg
volt-bootstrap-5-dashboard/.temp/assets/img/flags/liechtenstein.svg
volt-bootstrap-5-dashboard/.temp/assets/img/flags/aland-islands.svg
volt-bootstrap-5-dashboard/.temp/assets/img/themesberg-logo-alt.svg
volt-bootstrap-5-dashboard/.temp/assets/img/mockup-presentation.png
volt-bootstrap-5-dashboard/src/scss/volt/components/_timelines.scss
volt-bootstrap-5-dashboard/src/scss/volt/components/_scrollbar.scss
volt-bootstrap-5-dashboard/src/assets/img/pages/forgot-password.jpg
volt-bootstrap-5-dashboard/src/assets/img/favicon/favicon-16x16.png
volt-bootstrap-5-dashboard/src/assets/img/favicon/favicon-32x32.png
volt-bootstrap-5-dashboard/src/assets/img/favicon/browserconfig.xml
volt-bootstrap-5-dashboard/.temp/assets/img/pages/reset-password.jpg
volt-bootstrap-5-dashboard/.temp/assets/img/illustrations/signin.svg
volt-bootstrap-5-dashboard/.temp/assets/img/flags/united-kingdom.svg
volt-bootstrap-5-dashboard/.temp/assets/img/flags/czech-republic.svg
volt-bootstrap-5-dashboard/.temp/assets/img/flags/american-samoa.svg
volt-bootstrap-5-dashboard/.temp/assets/img/favicon/site.webmanifest
volt-bootstrap-5-dashboard/src/scss/volt/components/_pagination.scss
volt-bootstrap-5-dashboard/src/scss/volt/components/_list-group.scss
volt-bootstrap-5-dashboard/src/scss/volt/components/_datepicker.scss
volt-bootstrap-5-dashboard/src/scss/volt/components/_breadcrumb.scss
volt-bootstrap-5-dashboard/src/scss/volt/components/_accordions.scss
volt-bootstrap-5-dashboard/src/scss/volt/components/_animations.scss
volt-bootstrap-5-dashboard/src/assets/img/team/profile-picture-6.jpg
volt-bootstrap-5-dashboard/src/assets/img/team/profile-picture-5.jpg
volt-bootstrap-5-dashboard/src/assets/img/team/profile-picture-4.jpg
volt-bootstrap-5-dashboard/src/assets/img/team/profile-picture-3.jpg
volt-bootstrap-5-dashboard/src/assets/img/team/profile-picture-2.jpg
volt-bootstrap-5-dashboard/src/assets/img/team/profile-picture-1.jpg
volt-bootstrap-5-dashboard/src/assets/img/icons/google_analytics.svg
volt-bootstrap-5-dashboard/src/assets/img/favicon/mstile-150x150.png
vendor/@popperjs/core/dist/esm/utils/getOppositeVariationPlacement.js
volt-bootstrap-5-dashboard/.temp/vendor/chartist/dist/chartist.min.js
volt-bootstrap-5-dashboard/.temp/assets/img/pages/forgot-password.jpg
volt-bootstrap-5-dashboard/.temp/assets/img/favicon/favicon-16x16.png
volt-bootstrap-5-dashboard/.temp/assets/img/favicon/favicon-32x32.png
volt-bootstrap-5-dashboard/.temp/assets/img/favicon/browserconfig.xml
volt-bootstrap-5-dashboard/src/assets/img/technologies/vuejs-logo.svg
volt-bootstrap-5-dashboard/src/assets/img/technologies/react-logo.svg
volt-bootstrap-5-dashboard/src/assets/img/mockup-map-presentation.png
volt-bootstrap-5-dashboard/.temp/vendor/onscreen/dist/on-screen.es6.js
volt-bootstrap-5-dashboard/.temp/vendor/nouislider/dist/nouislider.mjs
volt-bootstrap-5-dashboard/.temp/vendor/chartist/dist/chartist.min.css
volt-bootstrap-5-dashboard/.temp/assets/img/team/profile-picture-6.jpg
volt-bootstrap-5-dashboard/.temp/assets/img/team/profile-picture-5.jpg
volt-bootstrap-5-dashboard/.temp/assets/img/team/profile-picture-4.jpg
volt-bootstrap-5-dashboard/.temp/assets/img/team/profile-picture-3.jpg
volt-bootstrap-5-dashboard/.temp/assets/img/team/profile-picture-2.jpg
volt-bootstrap-5-dashboard/.temp/assets/img/team/profile-picture-1.jpg
volt-bootstrap-5-dashboard/.temp/assets/img/icons/google_analytics.svg
volt-bootstrap-5-dashboard/.temp/assets/img/favicon/mstile-150x150.png
volt-bootstrap-5-dashboard/src/scss/volt/components/_custom-forms.scss
volt-bootstrap-5-dashboard/src/assets/img/icons/google-tag-manager.svg
volt-bootstrap-5-dashboard/src/assets/img/flags/republic-of-poland.svg
volt-bootstrap-5-dashboard/src/assets/img/favicon/apple-touch-icon.png
volt-bootstrap-5-dashboard/.temp/vendor/simplebar/dist/simplebar.min.js
volt-bootstrap-5-dashboard/.temp/vendor/simplebar/dist/simplebar.umd.js
volt-bootstrap-5-dashboard/.temp/vendor/simplebar/dist/simplebar.esm.js
volt-bootstrap-5-dashboard/.temp/assets/img/technologies/vuejs-logo.svg
volt-bootstrap-5-dashboard/.temp/assets/img/technologies/react-logo.svg
volt-bootstrap-5-dashboard/.temp/assets/img/mockup-map-presentation.png
volt-bootstrap-5-dashboard/src/assets/img/pages/mockup-presentation.png
volt-bootstrap-5-dashboard/src/assets/img/favicon/safari-pinned-tab.svg
volt-bootstrap-5-dashboard/.temp/vendor/waypoints/lib/waypoints.debug.js
volt-bootstrap-5-dashboard/.temp/vendor/simplebar/dist/simplebar.min.css
volt-bootstrap-5-dashboard/.temp/vendor/@popperjs/core/dist/esm/types.js
volt-bootstrap-5-dashboard/.temp/vendor/@popperjs/core/dist/esm/enums.js
volt-bootstrap-5-dashboard/.temp/vendor/@popperjs/core/dist/esm/index.js
volt-bootstrap-5-dashboard/.temp/vendor/@popperjs/core/dist/cjs/enums.js
volt-bootstrap-5-dashboard/.temp/assets/img/icons/google-tag-manager.svg
volt-bootstrap-5-dashboard/.temp/assets/img/flags/republic-of-poland.svg
volt-bootstrap-5-dashboard/.temp/assets/img/favicon/apple-touch-icon.png
volt-bootstrap-5-dashboard/src/scss/volt/mixins/_background-variant.scss
volt-bootstrap-5-dashboard/src/assets/img/mockup-kanban-presentation.png
volt-bootstrap-5-dashboard/src/assets/img/flags/united-arab-emirates.svg
volt-bootstrap-5-dashboard/.temp/vendor/nouislider/dist/nouislider.min.js
volt-bootstrap-5-dashboard/.temp/vendor/@popperjs/core/dist/esm/popper.js
volt-bootstrap-5-dashboard/.temp/vendor/@popperjs/core/dist/cjs/popper.js
volt-bootstrap-5-dashboard/.temp/assets/img/pages/mockup-presentation.png
volt-bootstrap-5-dashboard/.temp/assets/img/favicon/safari-pinned-tab.svg
volt-bootstrap-5-dashboard/src/assets/img/flags/republic-of-macedonia.svg
volt-bootstrap-5-dashboard/.temp/vendor/onscreen/dist/on-screen.umd.min.js
volt-bootstrap-5-dashboard/.temp/vendor/nouislider/dist/nouislider.min.css
volt-bootstrap-5-dashboard/.temp/vendor/nouislider/dist/nouislider.min.mjs
volt-bootstrap-5-dashboard/.temp/vendor/bootstrap/dist/js/bootstrap.min.js
volt-bootstrap-5-dashboard/.temp/assets/img/flags/united-arab-emirates.svg
volt-bootstrap-5-dashboard/.temp/assets/img/mockup-kanban-presentation.png
volt-bootstrap-5-dashboard/src/assets/img/mockup-calendar-presentation.png
volt-bootstrap-5-dashboard/src/assets/img/flags/bosnia-and-herzegovina.svg
volt-bootstrap-5-dashboard/.temp/vendor/sweetalert2/dist/sweetalert2.min.js
volt-bootstrap-5-dashboard/.temp/assets/img/flags/republic-of-macedonia.svg
volt-bootstrap-5-dashboard/src/assets/img/technologies/bootstrap-5-logo.svg
volt-bootstrap-5-dashboard/.temp/vendor/waypoints/lib/zepto.waypoints.min.js
volt-bootstrap-5-dashboard/.temp/vendor/sweetalert2/dist/sweetalert2.min.css
volt-bootstrap-5-dashboard/.temp/vendor/simplebar/dist/simplebar-core.esm.js
volt-bootstrap-5-dashboard/.temp/vendor/bootstrap/dist/css/bootstrap.min.css
volt-bootstrap-5-dashboard/.temp/vendor/@popperjs/core/dist/umd/enums.min.js
volt-bootstrap-5-dashboard/.temp/assets/img/flags/bosnia-and-herzegovina.svg
volt-bootstrap-5-dashboard/.temp/assets/img/mockup-calendar-presentation.png
volt-bootstrap-5-dashboard/src/assets/img/flags/united-states-of-america.svg
volt-bootstrap-5-dashboard/src/assets/img/favicon/android-chrome-512x512.png
volt-bootstrap-5-dashboard/src/assets/img/favicon/android-chrome-192x192.png
volt-bootstrap-5-dashboard/.temp/vendor/waypoints/lib/shortcuts/sticky.min.js
volt-bootstrap-5-dashboard/.temp/vendor/waypoints/lib/shortcuts/inview.min.js
volt-bootstrap-5-dashboard/.temp/vendor/waypoints/lib/jquery.waypoints.min.js
volt-bootstrap-5-dashboard/.temp/vendor/@popperjs/core/dist/umd/popper.min.js
volt-bootstrap-5-dashboard/.temp/vendor/@popperjs/core/dist/esm/utils/math.js
volt-bootstrap-5-dashboard/.temp/vendor/@popperjs/core/dist/cjs/enums.js.flow
volt-bootstrap-5-dashboard/.temp/assets/img/technologies/bootstrap-5-logo.svg
volt-bootstrap-5-dashboard/src/assets/img/technologies/react-logo-primary.svg
volt-bootstrap-5-dashboard/src/assets/img/illustrations/bs5-illustrations.svg
volt-bootstrap-5-dashboard/.temp/vendor/bootstrap/dist/js/bootstrap.esm.min.js
volt-bootstrap-5-dashboard/.temp/vendor/@popperjs/core/dist/esm/popper-base.js
volt-bootstrap-5-dashboard/.temp/vendor/@popperjs/core/dist/esm/popper-lite.js
volt-bootstrap-5-dashboard/.temp/vendor/@popperjs/core/dist/cjs/popper.js.flow
volt-bootstrap-5-dashboard/.temp/vendor/@popperjs/core/dist/cjs/popper-base.js
volt-bootstrap-5-dashboard/.temp/vendor/@popperjs/core/dist/cjs/popper-lite.js
volt-bootstrap-5-dashboard/.temp/assets/img/flags/united-states-of-america.svg
volt-bootstrap-5-dashboard/.temp/assets/img/favicon/android-chrome-512x512.png
volt-bootstrap-5-dashboard/.temp/assets/img/favicon/android-chrome-192x192.png
volt-bootstrap-5-dashboard/.temp/vendor/waypoints/lib/shortcuts/infinite.min.js
volt-bootstrap-5-dashboard/.temp/vendor/sweetalert2/dist/sweetalert2.all.min.js
volt-bootstrap-5-dashboard/.temp/vendor/smooth-scroll/dist/smooth-scroll.min.js
volt-bootstrap-5-dashboard/.temp/vendor/@popperjs/core/dist/esm/utils/format.js
volt-bootstrap-5-dashboard/.temp/vendor/@popperjs/core/dist/esm/utils/within.js
volt-bootstrap-5-dashboard/.temp/vendor/@popperjs/core/dist/esm/createPopper.js
volt-bootstrap-5-dashboard/.temp/assets/img/technologies/react-logo-primary.svg
volt-bootstrap-5-dashboard/.temp/assets/img/illustrations/bs5-illustrations.svg
volt-bootstrap-5-dashboard/.temp/vendor/bootstrap/dist/css/bootstrap.rtl.min.css
volt-bootstrap-5-dashboard/.temp/vendor/bootstrap/dist/css/bootstrap-grid.min.css
volt-bootstrap-5-dashboard/.temp/vendor/bootstrap/dist/js/bootstrap.bundle.min.js
volt-bootstrap-5-dashboard/.temp/vendor/@popperjs/core/dist/umd/enums.min.js.flow
volt-bootstrap-5-dashboard/.temp/vendor/@popperjs/core/dist/esm/utils/uniqueBy.js
volt-bootstrap-5-dashboard/.temp/vendor/@popperjs/core/dist/esm/utils/debounce.js
volt-bootstrap-5-dashboard/.temp/vendor/@popperjs/core/dist/esm/modifiers/flip.js
volt-bootstrap-5-dashboard/.temp/vendor/@popperjs/core/dist/esm/modifiers/hide.js
volt-bootstrap-5-dashboard/.temp/vendor/waypoints/lib/noframework.waypoints.min.js
volt-bootstrap-5-dashboard/.temp/vendor/vanillajs-datepicker/dist/js/locales/ca.js
volt-bootstrap-5-dashboard/.temp/vendor/vanillajs-datepicker/dist/js/locales/hr.js
volt-bootstrap-5-dashboard/.temp/vendor/vanillajs-datepicker/dist/js/locales/fi.js
volt-bootstrap-5-dashboard/.temp/vendor/vanillajs-datepicker/dist/js/locales/sv.js
volt-bootstrap-5-dashboard/.temp/vendor/vanillajs-datepicker/dist/js/locales/lv.js
volt-bootstrap-5-dashboard/.temp/vendor/vanillajs-datepicker/dist/js/locales/tg.js
volt-bootstrap-5-dashboard/.temp/vendor/vanillajs-datepicker/dist/js/locales/fr.js
volt-bootstrap-5-dashboard/.temp/vendor/vanillajs-datepicker/dist/js/locales/ja.js
volt-bootstrap-5-dashboard/.temp/vendor/vanillajs-datepicker/dist/js/locales/sr.js
volt-bootstrap-5-dashboard/.temp/vendor/vanillajs-datepicker/dist/js/locales/cy.js
volt-bootstrap-5-dashboard/.temp/vendor/vanillajs-datepicker/dist/js/locales/it.js
volt-bootstrap-5-dashboard/.temp/vendor/vanillajs-datepicker/dist/js/locales/br.js
volt-bootstrap-5-dashboard/.temp/vendor/vanillajs-datepicker/dist/js/locales/bs.js
volt-bootstrap-5-dashboard/.temp/vendor/vanillajs-datepicker/dist/js/locales/sl.js
volt-bootstrap-5-dashboard/.temp/vendor/vanillajs-datepicker/dist/js/locales/fa.js
volt-bootstrap-5-dashboard/.temp/vendor/vanillajs-datepicker/dist/js/locales/tk.js
volt-bootstrap-5-dashboard/.temp/vendor/vanillajs-datepicker/dist/js/locales/ro.js
volt-bootstrap-5-dashboard/.temp/vendor/vanillajs-datepicker/dist/js/locales/he.js
volt-bootstrap-5-dashboard/.temp/vendor/vanillajs-datepicker/dist/js/locales/ms.js
volt-bootstrap-5-dashboard/.temp/vendor/vanillajs-datepicker/dist/js/locales/kk.js
volt-bootstrap-5-dashboard/.temp/vendor/vanillajs-datepicker/dist/js/locales/ko.js
volt-bootstrap-5-dashboard/.temp/vendor/vanillajs-datepicker/dist/js/locales/mn.js
volt-bootstrap-5-dashboard/.temp/vendor/vanillajs-datepicker/dist/js/locales/id.js
volt-bootstrap-5-dashboard/.temp/vendor/vanillajs-datepicker/dist/js/locales/nl.js
volt-bootstrap-5-dashboard/.temp/vendor/vanillajs-datepicker/dist/js/locales/sk.js
volt-bootstrap-5-dashboard/.temp/vendor/vanillajs-datepicker/dist/js/locales/fo.js
volt-bootstrap-5-dashboard/.temp/vendor/vanillajs-datepicker/dist/js/locales/oc.js
volt-bootstrap-5-dashboard/.temp/vendor/vanillajs-datepicker/dist/js/locales/cs.js
volt-bootstrap-5-dashboard/.temp/vendor/vanillajs-datepicker/dist/js/locales/uk.js
volt-bootstrap-5-dashboard/.temp/vendor/vanillajs-datepicker/dist/js/locales/pt.js
volt-bootstrap-5-dashboard/.temp/vendor/vanillajs-datepicker/dist/js/locales/bn.js
volt-bootstrap-5-dashboard/.temp/vendor/vanillajs-datepicker/dist/js/locales/hu.js
volt-bootstrap-5-dashboard/.temp/vendor/vanillajs-datepicker/dist/js/locales/vi.js
volt-bootstrap-5-dashboard/.temp/vendor/vanillajs-datepicker/dist/js/locales/ta.js
volt-bootstrap-5-dashboard/.temp/vendor/vanillajs-datepicker/dist/js/locales/sq.js
volt-bootstrap-5-dashboard/.temp/vendor/vanillajs-datepicker/dist/js/locales/de.js
volt-bootstrap-5-dashboard/.temp/vendor/vanillajs-datepicker/dist/js/locales/hy.js
volt-bootstrap-5-dashboard/.temp/vendor/vanillajs-datepicker/dist/js/locales/et.js
volt-bootstrap-5-dashboard/.temp/vendor/vanillajs-datepicker/dist/js/locales/eu.js
volt-bootstrap-5-dashboard/.temp/vendor/vanillajs-datepicker/dist/js/locales/ru.js
volt-bootstrap-5-dashboard/.temp/vendor/vanillajs-datepicker/dist/js/locales/el.js
volt-bootstrap-5-dashboard/.temp/vendor/vanillajs-datepicker/dist/js/locales/bm.js
volt-bootstrap-5-dashboard/.temp/vendor/vanillajs-datepicker/dist/js/locales/ka.js
volt-bootstrap-5-dashboard/.temp/vendor/vanillajs-datepicker/dist/js/locales/me.js
volt-bootstrap-5-dashboard/.temp/vendor/vanillajs-datepicker/dist/js/locales/ar.js
volt-bootstrap-5-dashboard/.temp/vendor/vanillajs-datepicker/dist/js/locales/es.js
volt-bootstrap-5-dashboard/.temp/vendor/vanillajs-datepicker/dist/js/locales/no.js
volt-bootstrap-5-dashboard/.temp/vendor/vanillajs-datepicker/dist/js/locales/pl.js
volt-bootstrap-5-dashboard/.temp/vendor/vanillajs-datepicker/dist/js/locales/lt.js
volt-bootstrap-5-dashboard/.temp/vendor/vanillajs-datepicker/dist/js/locales/mr.js
volt-bootstrap-5-dashboard/.temp/vendor/vanillajs-datepicker/dist/js/locales/th.js
volt-bootstrap-5-dashboard/.temp/vendor/vanillajs-datepicker/dist/js/locales/eo.js
volt-bootstrap-5-dashboard/.temp/vendor/vanillajs-datepicker/dist/js/locales/mk.js
volt-bootstrap-5-dashboard/.temp/vendor/vanillajs-datepicker/dist/js/locales/tr.js
volt-bootstrap-5-dashboard/.temp/vendor/vanillajs-datepicker/dist/js/locales/az.js
volt-bootstrap-5-dashboard/.temp/vendor/vanillajs-datepicker/dist/js/locales/km.js
volt-bootstrap-5-dashboard/.temp/vendor/vanillajs-datepicker/dist/js/locales/gl.js
volt-bootstrap-5-dashboard/.temp/vendor/vanillajs-datepicker/dist/js/locales/sw.js
volt-bootstrap-5-dashboard/.temp/vendor/vanillajs-datepicker/dist/js/locales/si.js
volt-bootstrap-5-dashboard/.temp/vendor/vanillajs-datepicker/dist/js/locales/hi.js
volt-bootstrap-5-dashboard/.temp/vendor/vanillajs-datepicker/dist/js/locales/bg.js
volt-bootstrap-5-dashboard/.temp/vendor/vanillajs-datepicker/dist/js/locales/da.js
volt-bootstrap-5-dashboard/.temp/vendor/vanillajs-datepicker/dist/js/locales/is.js
volt-bootstrap-5-dashboard/.temp/vendor/@popperjs/core/dist/umd/popper.min.js.flow
volt-bootstrap-5-dashboard/.temp/vendor/@popperjs/core/dist/umd/popper-lite.min.js
volt-bootstrap-5-dashboard/.temp/vendor/@popperjs/core/dist/umd/popper-base.min.js
volt-bootstrap-5-dashboard/.temp/vendor/@popperjs/core/dist/esm/utils/getAltLen.js
volt-bootstrap-5-dashboard/.temp/vendor/@popperjs/core/dist/esm/modifiers/arrow.js
volt-bootstrap-5-dashboard/.temp/vendor/@popperjs/core/dist/esm/modifiers/index.js
volt-bootstrap-5-dashboard/.temp/vendor/bootstrap/dist/css/bootstrap-reboot.min.css
volt-bootstrap-5-dashboard/.temp/vendor/@popperjs/core/dist/esm/utils/getAltAxis.js
volt-bootstrap-5-dashboard/.temp/vendor/@popperjs/core/dist/esm/modifiers/offset.js
volt-bootstrap-5-dashboard/.temp/vendor/@popperjs/core/dist/cjs/popper-lite.js.flow
volt-bootstrap-5-dashboard/.temp/vendor/@popperjs/core/dist/cjs/popper-base.js.flow
volt-bootstrap-5-dashboard/.temp/vendor/@popperjs/core/dist/esm/utils/mergeByName.js
volt-bootstrap-5-dashboard/.temp/vendor/vanillajs-datepicker/dist/js/locales/en-ZA.js
volt-bootstrap-5-dashboard/.temp/vendor/vanillajs-datepicker/dist/js/locales/en-IE.js
volt-bootstrap-5-dashboard/.temp/vendor/vanillajs-datepicker/dist/js/locales/nl-BE.js
volt-bootstrap-5-dashboard/.temp/vendor/vanillajs-datepicker/dist/js/locales/it-CH.js
volt-bootstrap-5-dashboard/.temp/vendor/vanillajs-datepicker/dist/js/locales/en-CA.js
volt-bootstrap-5-dashboard/.temp/vendor/vanillajs-datepicker/dist/js/locales/zh-CN.js
volt-bootstrap-5-dashboard/.temp/vendor/vanillajs-datepicker/dist/js/locales/en-GB.js
volt-bootstrap-5-dashboard/.temp/vendor/vanillajs-datepicker/dist/js/locales/fr-CH.js
volt-bootstrap-5-dashboard/.temp/vendor/vanillajs-datepicker/dist/js/locales/zh-TW.js
volt-bootstrap-5-dashboard/.temp/vendor/vanillajs-datepicker/dist/js/locales/en-NZ.js
volt-bootstrap-5-dashboard/.temp/vendor/vanillajs-datepicker/dist/js/locales/en-AU.js
volt-bootstrap-5-dashboard/.temp/vendor/vanillajs-datepicker/dist/js/locales/ar-tn.js
volt-bootstrap-5-dashboard/.temp/vendor/vanillajs-datepicker/dist/js/locales/pt-BR.js
volt-bootstrap-5-dashboard/.temp/vendor/bootstrap/dist/css/bootstrap-grid.rtl.min.css
volt-bootstrap-5-dashboard/.temp/vendor/@popperjs/core/dist/esm/utils/getVariation.js
volt-bootstrap-5-dashboard/.temp/vendor/@popperjs/core/dist/esm/dom-utils/contains.js
volt-bootstrap-5-dashboard/.temp/vendor/vanillajs-datepicker/dist/js/datepicker.min.js
volt-bootstrap-5-dashboard/.temp/vendor/bootstrap/dist/css/bootstrap-utilities.min.css
volt-bootstrap-5-dashboard/.temp/vendor/@popperjs/core/dist/esm/dom-utils/getWindow.js
volt-bootstrap-5-dashboard/.temp/vendor/vanillajs-datepicker/dist/js/locales/sr-latn.js
volt-bootstrap-5-dashboard/.temp/vendor/vanillajs-datepicker/dist/js/locales/uz-cyrl.js
volt-bootstrap-5-dashboard/.temp/vendor/vanillajs-datepicker/dist/js/locales/uz-latn.js
volt-bootstrap-5-dashboard/.temp/vendor/bootstrap/dist/css/bootstrap-reboot.rtl.min.css
volt-bootstrap-5-dashboard/.temp/vendor/@popperjs/core/dist/umd/popper-lite.min.js.flow
volt-bootstrap-5-dashboard/.temp/vendor/@popperjs/core/dist/umd/popper-base.min.js.flow
volt-bootstrap-5-dashboard/.temp/vendor/@popperjs/core/dist/esm/utils/detectOverflow.js
volt-bootstrap-5-dashboard/.temp/vendor/@popperjs/core/dist/esm/utils/computeOffsets.js
volt-bootstrap-5-dashboard/.temp/vendor/@popperjs/core/dist/esm/utils/orderModifiers.js
volt-bootstrap-5-dashboard/.temp/vendor/@popperjs/core/dist/esm/dom-utils/instanceOf.js
volt-bootstrap-5-dashboard/.temp/vendor/vanillajs-datepicker/dist/css/datepicker.min.css
volt-bootstrap-5-dashboard/.temp/vendor/@popperjs/core/dist/esm/utils/expandToHashMap.js
volt-bootstrap-5-dashboard/.temp/vendor/@popperjs/core/dist/esm/dom-utils/getNodeName.js
volt-bootstrap-5-dashboard/.temp/vendor/@popperjs/core/dist/esm/modifiers/applyStyles.js
volt-bootstrap-5-dashboard/.temp/vendor/smooth-scroll/dist/smooth-scroll.polyfills.min.js
volt-bootstrap-5-dashboard/.temp/vendor/@popperjs/core/dist/esm/utils/rectToClientRect.js
volt-bootstrap-5-dashboard/.temp/vendor/@popperjs/core/dist/esm/utils/getBasePlacement.js
volt-bootstrap-5-dashboard/.temp/vendor/bootstrap/dist/css/bootstrap-utilities.rtl.min.css
volt-bootstrap-5-dashboard/.temp/vendor/@popperjs/core/dist/esm/utils/validateModifiers.js
volt-bootstrap-5-dashboard/.temp/vendor/@popperjs/core/dist/esm/dom-utils/getParentNode.js
volt-bootstrap-5-dashboard/.temp/vendor/@popperjs/core/dist/esm/dom-utils/getLayoutRect.js
volt-bootstrap-5-dashboard/.temp/vendor/@popperjs/core/dist/esm/dom-utils/getNodeScroll.js
volt-bootstrap-5-dashboard/.temp/vendor/@popperjs/core/dist/esm/modifiers/popperOffsets.js
volt-bootstrap-5-dashboard/.temp/vendor/@popperjs/core/dist/esm/modifiers/computeStyles.js
volt-bootstrap-5-dashboard/.temp/vendor/vanillajs-datepicker/dist/js/datepicker-full.min.js
volt-bootstrap-5-dashboard/.temp/vendor/@popperjs/core/dist/esm/utils/getFreshSideObject.js
volt-bootstrap-5-dashboard/.temp/vendor/@popperjs/core/dist/esm/utils/mergePaddingObject.js
volt-bootstrap-5-dashboard/.temp/vendor/@popperjs/core/dist/esm/dom-utils/isScrollParent.js
volt-bootstrap-5-dashboard/.temp/vendor/@popperjs/core/dist/esm/dom-utils/isTableElement.js
volt-bootstrap-5-dashboard/.temp/vendor/@popperjs/core/dist/esm/modifiers/eventListeners.js
volt-bootstrap-5-dashboard/.temp/vendor/vanillajs-datepicker/dist/css/datepicker-bs4.min.css
volt-bootstrap-5-dashboard/.temp/vendor/@popperjs/core/dist/esm/dom-utils/getWindowScroll.js
volt-bootstrap-5-dashboard/.temp/vendor/@popperjs/core/dist/esm/dom-utils/getDocumentRect.js
volt-bootstrap-5-dashboard/.temp/vendor/@popperjs/core/dist/esm/dom-utils/getOffsetParent.js
volt-bootstrap-5-dashboard/.temp/vendor/@popperjs/core/dist/esm/dom-utils/getViewportRect.js
volt-bootstrap-5-dashboard/.temp/vendor/@popperjs/core/dist/esm/dom-utils/getScrollParent.js
volt-bootstrap-5-dashboard/.temp/vendor/@popperjs/core/dist/esm/dom-utils/getClippingRect.js
volt-bootstrap-5-dashboard/.temp/vendor/@popperjs/core/dist/esm/modifiers/preventOverflow.js
volt-bootstrap-5-dashboard/.temp/vendor/@popperjs/core/dist/esm/utils/getOppositePlacement.js
volt-bootstrap-5-dashboard/.temp/vendor/@popperjs/core/dist/esm/utils/computeAutoPlacement.js
volt-bootstrap-5-dashboard/.temp/vendor/@popperjs/core/dist/esm/dom-utils/getCompositeRect.js
volt-bootstrap-5-dashboard/.temp/vendor/@popperjs/core/dist/esm/dom-utils/getComputedStyle.js
volt-bootstrap-5-dashboard/.temp/vendor/vanillajs-datepicker/dist/css/datepicker-bulma.min.css
volt-bootstrap-5-dashboard/.temp/vendor/@popperjs/core/dist/esm/dom-utils/listScrollParents.js
volt-bootstrap-5-dashboard/.temp/vendor/@popperjs/core/dist/esm/dom-utils/getDocumentElement.js
volt-bootstrap-5-dashboard/.temp/vendor/@popperjs/core/dist/esm/dom-utils/getWindowScrollBarX.js
volt-bootstrap-5-dashboard/.temp/vendor/chartist-plugin-tooltips/dist/chartist-plugin-tooltip.css
volt-bootstrap-5-dashboard/.temp/vendor/@popperjs/core/dist/esm/utils/getMainAxisFromPlacement.js
volt-bootstrap-5-dashboard/.temp/vendor/@popperjs/core/dist/esm/dom-utils/getHTMLElementScroll.js
volt-bootstrap-5-dashboard/.temp/vendor/@popperjs/core/dist/esm/dom-utils/getBoundingClientRect.js
volt-bootstrap-5-dashboard/.temp/vendor/vanillajs-datepicker/dist/css/datepicker-foundation.min.css
volt-bootstrap-5-dashboard/.temp/vendor/chartist-plugin-tooltips/dist/chartist-plugin-tooltip.min.js
volt-bootstrap-5-dashboard/.temp/vendor/@popperjs/core/dist/esm/utils/getOppositeVariationPlacement.js
