vendor/notyf/notyf.min.js.un
vendor/notyf/notyf.min.css.un
vendor/onscreen/dist/index.js.un
vendor/chartist/dist/chartist.min.js.un
vendor/chartist/dist/chartist.min.css.un
vendor/simplebar/dist/simplebar.min.js.un
vendor/simplebar/dist/simplebar.min.css.un
vendor/@popperjs/core/dist/esm/index.js.un
vendor/nouislider/dist/nouislider.min.js.un
vendor/nouislider/dist/nouislider.min.css.un
vendor/onscreen/dist/on-screen.umd.min.js.un
vendor/bootstrap/dist/js/bootstrap.min.js.un
vendor/sweetalert2/dist/sweetalert2.min.js.un
vendor/waypoints/lib/zepto.waypoints.min.js.un
vendor/sweetalert2/dist/sweetalert2.min.css.un
vendor/bootstrap/dist/css/bootstrap.min.css.un
vendor/@popperjs/core/dist/umd/enums.min.js.un
vendor/waypoints/lib/shortcuts/sticky.min.js.un
vendor/waypoints/lib/shortcuts/inview.min.js.un
vendor/waypoints/lib/jquery.waypoints.min.js.un
vendor/@popperjs/core/dist/umd/popper.min.js.un
vendor/bootstrap/dist/js/bootstrap.esm.min.js.un
vendor/@popperjs/core/dist/esm/popper-base.js.un
vendor/@popperjs/core/dist/esm/popper-lite.js.un
vendor/nouislider/distribute/nouislider.min.js.un
vendor/waypoints/lib/shortcuts/infinite.min.js.un
vendor/sweetalert2/dist/sweetalert2.all.min.js.un
vendor/smooth-scroll/dist/smooth-scroll.min.js.un
vendor/bootstrap/dist/css/bootstrap.rtl.min.css.un
vendor/bootstrap/dist/css/bootstrap-grid.min.css.un
vendor/bootstrap/dist/js/bootstrap.bundle.min.js.un
vendor/waypoints/lib/noframework.waypoints.min.js.un
vendor/@popperjs/core/dist/umd/popper-lite.min.js.un
vendor/@popperjs/core/dist/umd/popper-base.min.js.un
vendor/@popperjs/core/dist/esm/modifiers/index.js.un
vendor/bootstrap/dist/css/bootstrap-reboot.min.css.un
vendor/bootstrap/dist/css/bootstrap-grid.rtl.min.css.un
vendor/vanillajs-datepicker/dist/js/datepicker.min.js.un
vendor/bootstrap/dist/css/bootstrap-utilities.min.css.un
vendor/bootstrap/dist/css/bootstrap-reboot.rtl.min.css.un
vendor/vanillajs-datepicker/dist/css/datepicker.min.css.un
vendor/smooth-scroll/dist/smooth-scroll.polyfills.min.js.un
vendor/bootstrap/dist/css/bootstrap-utilities.rtl.min.css.un
vendor/vanillajs-datepicker/dist/js/datepicker-full.min.js.un
vendor/@popperjs/core/dist/esm/utils/mergePaddingObject.js.un
volt-bootstrap-5-dashboard/.temp/vendor/notyf/notyf.min.js.un
vendor/vanillajs-datepicker/dist/css/datepicker-bs4.min.css.un
volt-bootstrap-5-dashboard/.temp/vendor/notyf/notyf.min.css.un
vendor/vanillajs-datepicker/dist/css/datepicker-bulma.min.css.un
vendor/@popperjs/core/dist/esm/dom-utils/getDocumentElement.js.un
volt-bootstrap-5-dashboard/.temp/vendor/onscreen/dist/index.js.un
vendor/@popperjs/core/dist/esm/dom-utils/getWindowScrollBarX.js.un
vendor/@popperjs/core/dist/esm/utils/getMainAxisFromPlacement.js.un
vendor/vanillajs-datepicker/dist/css/datepicker-foundation.min.css.un
vendor/chartist-plugin-tooltips/dist/chartist-plugin-tooltip.min.js.un
volt-bootstrap-5-dashboard/.temp/vendor/chartist/dist/chartist.min.js.un
volt-bootstrap-5-dashboard/.temp/vendor/chartist/dist/chartist.min.css.un
volt-bootstrap-5-dashboard/.temp/vendor/simplebar/dist/simplebar.min.js.un
volt-bootstrap-5-dashboard/.temp/vendor/simplebar/dist/simplebar.min.css.un
volt-bootstrap-5-dashboard/.temp/vendor/@popperjs/core/dist/esm/index.js.un
volt-bootstrap-5-dashboard/.temp/vendor/nouislider/dist/nouislider.min.js.un
volt-bootstrap-5-dashboard/.temp/vendor/onscreen/dist/on-screen.umd.min.js.un
volt-bootstrap-5-dashboard/.temp/vendor/nouislider/dist/nouislider.min.css.un
volt-bootstrap-5-dashboard/.temp/vendor/bootstrap/dist/js/bootstrap.min.js.un
volt-bootstrap-5-dashboard/.temp/vendor/sweetalert2/dist/sweetalert2.min.js.un
volt-bootstrap-5-dashboard/.temp/vendor/waypoints/lib/zepto.waypoints.min.js.un
volt-bootstrap-5-dashboard/.temp/vendor/sweetalert2/dist/sweetalert2.min.css.un
volt-bootstrap-5-dashboard/.temp/vendor/bootstrap/dist/css/bootstrap.min.css.un
volt-bootstrap-5-dashboard/.temp/vendor/@popperjs/core/dist/umd/enums.min.js.un
volt-bootstrap-5-dashboard/.temp/vendor/waypoints/lib/shortcuts/sticky.min.js.un
volt-bootstrap-5-dashboard/.temp/vendor/waypoints/lib/shortcuts/inview.min.js.un
volt-bootstrap-5-dashboard/.temp/vendor/waypoints/lib/jquery.waypoints.min.js.un
volt-bootstrap-5-dashboard/.temp/vendor/@popperjs/core/dist/umd/popper.min.js.un
volt-bootstrap-5-dashboard/.temp/vendor/bootstrap/dist/js/bootstrap.esm.min.js.un
volt-bootstrap-5-dashboard/.temp/vendor/@popperjs/core/dist/esm/popper-base.js.un
volt-bootstrap-5-dashboard/.temp/vendor/@popperjs/core/dist/esm/popper-lite.js.un
volt-bootstrap-5-dashboard/.temp/vendor/waypoints/lib/shortcuts/infinite.min.js.un
volt-bootstrap-5-dashboard/.temp/vendor/sweetalert2/dist/sweetalert2.all.min.js.un
volt-bootstrap-5-dashboard/.temp/vendor/smooth-scroll/dist/smooth-scroll.min.js.un
volt-bootstrap-5-dashboard/.temp/vendor/bootstrap/dist/css/bootstrap.rtl.min.css.un
volt-bootstrap-5-dashboard/.temp/vendor/bootstrap/dist/css/bootstrap-grid.min.css.un
volt-bootstrap-5-dashboard/.temp/vendor/bootstrap/dist/js/bootstrap.bundle.min.js.un
volt-bootstrap-5-dashboard/.temp/vendor/waypoints/lib/noframework.waypoints.min.js.un
volt-bootstrap-5-dashboard/.temp/vendor/@popperjs/core/dist/umd/popper-lite.min.js.un
volt-bootstrap-5-dashboard/.temp/vendor/@popperjs/core/dist/umd/popper-base.min.js.un
volt-bootstrap-5-dashboard/.temp/vendor/@popperjs/core/dist/esm/modifiers/index.js.un
volt-bootstrap-5-dashboard/.temp/vendor/bootstrap/dist/css/bootstrap-reboot.min.css.un
volt-bootstrap-5-dashboard/.temp/vendor/bootstrap/dist/css/bootstrap-grid.rtl.min.css.un
volt-bootstrap-5-dashboard/.temp/vendor/vanillajs-datepicker/dist/js/datepicker.min.js.un
volt-bootstrap-5-dashboard/.temp/vendor/bootstrap/dist/css/bootstrap-utilities.min.css.un
volt-bootstrap-5-dashboard/.temp/vendor/bootstrap/dist/css/bootstrap-reboot.rtl.min.css.un
volt-bootstrap-5-dashboard/.temp/vendor/vanillajs-datepicker/dist/css/datepicker.min.css.un
volt-bootstrap-5-dashboard/.temp/vendor/smooth-scroll/dist/smooth-scroll.polyfills.min.js.un
volt-bootstrap-5-dashboard/.temp/vendor/bootstrap/dist/css/bootstrap-utilities.rtl.min.css.un
volt-bootstrap-5-dashboard/.temp/vendor/vanillajs-datepicker/dist/js/datepicker-full.min.js.un
volt-bootstrap-5-dashboard/.temp/vendor/@popperjs/core/dist/esm/utils/mergePaddingObject.js.un
volt-bootstrap-5-dashboard/.temp/vendor/vanillajs-datepicker/dist/css/datepicker-bs4.min.css.un
volt-bootstrap-5-dashboard/.temp/vendor/vanillajs-datepicker/dist/css/datepicker-bulma.min.css.un
volt-bootstrap-5-dashboard/.temp/vendor/@popperjs/core/dist/esm/dom-utils/getDocumentElement.js.un
volt-bootstrap-5-dashboard/.temp/vendor/@popperjs/core/dist/esm/dom-utils/getWindowScrollBarX.js.un
volt-bootstrap-5-dashboard/.temp/vendor/@popperjs/core/dist/esm/utils/getMainAxisFromPlacement.js.un
volt-bootstrap-5-dashboard/.temp/vendor/vanillajs-datepicker/dist/css/datepicker-foundation.min.css.un
volt-bootstrap-5-dashboard/.temp/vendor/chartist-plugin-tooltips/dist/chartist-plugin-tooltip.min.js.un
