500.html
404.html
lock.html
forms.html
index.html
modals.html
buttons.html
sign-up.html
sign-in.html
settings.html
dashboard.html
typography.html
transactions.html
notifications.html
upgrade-to-pro.html
reset-password.html
forgot-password.html
bootstrap-tables.html
css/volt.css
assets/js/volt.js
assets/img/pages/404.jpg
assets/img/pages/500.jpg
vendor/notyf/notyf.min.js
assets/img/pages/lock.jpg
assets/img/brand/dark.svg
assets/img/themesberg.svg
vendor/notyf/notyf.min.css
assets/img/flags/japan.svg
assets/img/brand/light.svg
assets/img/flags/canada.svg
assets/img/flags/france.svg
vendor/notyf/notyf.min.js.un
assets/img/pages/sign-up.jpg
assets/img/pages/sign-in.jpg
assets/img/flags/germany.svg
assets/img/profile-cover.jpg
vendor/notyf/notyf.min.css.un
assets/img/pages/overview.jpg
assets/img/pages/settings.jpg
vendor/onscreen/dist/index.js.un
assets/img/illustrations/500.svg
assets/img/illustrations/404.svg
assets/img/pages/transactions.jpg
assets/img/themesberg-logo-alt.svg
assets/img/mockup-presentation.png
assets/img/pages/reset-password.jpg
assets/img/illustrations/signin.svg
assets/img/flags/united-kingdom.svg
assets/img/favicon/site.webmanifest
vendor/chartist/dist/chartist.min.js
assets/img/pages/forgot-password.jpg
assets/img/favicon/favicon-16x16.png
assets/img/favicon/favicon-32x32.png
assets/img/team/profile-picture-5.jpg
assets/img/team/profile-picture-4.jpg
assets/img/team/profile-picture-3.jpg
assets/img/team/profile-picture-1.jpg
assets/img/team/profile-picture-2.jpg
vendor/simplebar/dist/simplebar.min.js
assets/img/technologies/react-logo.svg
assets/img/mockup-map-presentation.png
vendor/chartist/dist/chartist.min.js.un
assets/img/favicon/apple-touch-icon.png
vendor/chartist/dist/chartist.min.css.un
assets/img/favicon/safari-pinned-tab.svg
vendor/simplebar/dist/simplebar.min.js.un
vendor/onscreen/dist/on-screen.umd.min.js
vendor/bootstrap/dist/js/bootstrap.min.js
assets/img/mockup-kanban-presentation.png
vendor/simplebar/dist/simplebar.min.css.un
vendor/@popperjs/core/dist/esm/index.js.un
vendor/nouislider/dist/nouislider.min.js.un
vendor/sweetalert2/dist/sweetalert2.min.css
assets/img/mockup-calendar-presentation.png
vendor/nouislider/dist/nouislider.min.css.un
vendor/onscreen/dist/on-screen.umd.min.js.un
vendor/bootstrap/dist/js/bootstrap.min.js.un
vendor/@popperjs/core/dist/umd/popper.min.js
assets/img/technologies/bootstrap-5-logo.svg
vendor/sweetalert2/dist/sweetalert2.min.js.un
assets/img/flags/united-states-of-america.svg
vendor/nouislider/distribute/nouislider.min.js
vendor/waypoints/lib/zepto.waypoints.min.js.un
vendor/sweetalert2/dist/sweetalert2.min.css.un
vendor/sweetalert2/dist/sweetalert2.all.min.js
vendor/bootstrap/dist/css/bootstrap.min.css.un
vendor/@popperjs/core/dist/umd/enums.min.js.un
assets/img/illustrations/bs5-illustrations.svg
vendor/waypoints/lib/shortcuts/inview.min.js.un
vendor/waypoints/lib/shortcuts/sticky.min.js.un
vendor/waypoints/lib/jquery.waypoints.min.js.un
vendor/@popperjs/core/dist/umd/popper.min.js.un
vendor/bootstrap/dist/js/bootstrap.esm.min.js.un
vendor/@popperjs/core/dist/esm/popper-lite.js.un
vendor/@popperjs/core/dist/esm/popper-base.js.un
vendor/nouislider/distribute/nouislider.min.js.un
vendor/waypoints/lib/shortcuts/infinite.min.js.un
vendor/sweetalert2/dist/sweetalert2.all.min.js.un
vendor/smooth-scroll/dist/smooth-scroll.min.js.un
vendor/bootstrap/dist/css/bootstrap.rtl.min.css.un
vendor/bootstrap/dist/css/bootstrap-grid.min.css.un
vendor/bootstrap/dist/js/bootstrap.bundle.min.js.un
vendor/waypoints/lib/noframework.waypoints.min.js.un
vendor/@popperjs/core/dist/umd/popper-base.min.js.un
vendor/@popperjs/core/dist/umd/popper-lite.min.js.un
vendor/@popperjs/core/dist/esm/modifiers/index.js.un
vendor/vanillajs-datepicker/dist/js/datepicker.min.js
vendor/bootstrap/dist/css/bootstrap-reboot.min.css.un
vendor/bootstrap/dist/css/bootstrap-grid.rtl.min.css.un
vendor/vanillajs-datepicker/dist/js/datepicker.min.js.un
vendor/smooth-scroll/dist/smooth-scroll.polyfills.min.js
vendor/bootstrap/dist/css/bootstrap-utilities.min.css.un
vendor/bootstrap/dist/css/bootstrap-reboot.rtl.min.css.un
vendor/vanillajs-datepicker/dist/css/datepicker.min.css.un
vendor/smooth-scroll/dist/smooth-scroll.polyfills.min.js.un
vendor/bootstrap/dist/css/bootstrap-utilities.rtl.min.css.un
vendor/vanillajs-datepicker/dist/js/datepicker-full.min.js.un
vendor/@popperjs/core/dist/esm/utils/mergePaddingObject.js.un
volt-bootstrap-5-dashboard/.temp/vendor/notyf/notyf.min.js.un
vendor/vanillajs-datepicker/dist/css/datepicker-bs4.min.css.un
volt-bootstrap-5-dashboard/.temp/vendor/notyf/notyf.min.css.un
vendor/vanillajs-datepicker/dist/css/datepicker-bulma.min.css.un
vendor/@popperjs/core/dist/esm/dom-utils/getDocumentElement.js.un
volt-bootstrap-5-dashboard/.temp/vendor/onscreen/dist/index.js.un
vendor/@popperjs/core/dist/esm/dom-utils/getWindowScrollBarX.js.un
vendor/chartist-plugin-tooltips/dist/chartist-plugin-tooltip.min.js
vendor/@popperjs/core/dist/esm/utils/getMainAxisFromPlacement.js.un
vendor/vanillajs-datepicker/dist/css/datepicker-foundation.min.css.un
vendor/chartist-plugin-tooltips/dist/chartist-plugin-tooltip.min.js.un
volt-bootstrap-5-dashboard/.temp/vendor/chartist/dist/chartist.min.js.un
volt-bootstrap-5-dashboard/.temp/vendor/chartist/dist/chartist.min.css.un
volt-bootstrap-5-dashboard/.temp/vendor/simplebar/dist/simplebar.min.js.un
volt-bootstrap-5-dashboard/.temp/vendor/simplebar/dist/simplebar.min.css.un
volt-bootstrap-5-dashboard/.temp/vendor/@popperjs/core/dist/esm/index.js.un
volt-bootstrap-5-dashboard/.temp/vendor/nouislider/dist/nouislider.min.js.un
volt-bootstrap-5-dashboard/.temp/vendor/onscreen/dist/on-screen.umd.min.js.un
volt-bootstrap-5-dashboard/.temp/vendor/nouislider/dist/nouislider.min.css.un
volt-bootstrap-5-dashboard/.temp/vendor/bootstrap/dist/js/bootstrap.min.js.un
volt-bootstrap-5-dashboard/.temp/vendor/sweetalert2/dist/sweetalert2.min.js.un
volt-bootstrap-5-dashboard/.temp/vendor/waypoints/lib/zepto.waypoints.min.js.un
volt-bootstrap-5-dashboard/.temp/vendor/sweetalert2/dist/sweetalert2.min.css.un
volt-bootstrap-5-dashboard/.temp/vendor/bootstrap/dist/css/bootstrap.min.css.un
volt-bootstrap-5-dashboard/.temp/vendor/@popperjs/core/dist/umd/enums.min.js.un
volt-bootstrap-5-dashboard/.temp/vendor/waypoints/lib/shortcuts/inview.min.js.un
volt-bootstrap-5-dashboard/.temp/vendor/waypoints/lib/shortcuts/sticky.min.js.un
volt-bootstrap-5-dashboard/.temp/vendor/waypoints/lib/jquery.waypoints.min.js.un
volt-bootstrap-5-dashboard/.temp/vendor/@popperjs/core/dist/umd/popper.min.js.un
volt-bootstrap-5-dashboard/.temp/vendor/bootstrap/dist/js/bootstrap.esm.min.js.un
volt-bootstrap-5-dashboard/.temp/vendor/@popperjs/core/dist/esm/popper-lite.js.un
volt-bootstrap-5-dashboard/.temp/vendor/@popperjs/core/dist/esm/popper-base.js.un
volt-bootstrap-5-dashboard/.temp/vendor/waypoints/lib/shortcuts/infinite.min.js.un
volt-bootstrap-5-dashboard/.temp/vendor/sweetalert2/dist/sweetalert2.all.min.js.un
volt-bootstrap-5-dashboard/.temp/vendor/smooth-scroll/dist/smooth-scroll.min.js.un
volt-bootstrap-5-dashboard/.temp/vendor/bootstrap/dist/css/bootstrap.rtl.min.css.un
volt-bootstrap-5-dashboard/.temp/vendor/bootstrap/dist/css/bootstrap-grid.min.css.un
volt-bootstrap-5-dashboard/.temp/vendor/bootstrap/dist/js/bootstrap.bundle.min.js.un
volt-bootstrap-5-dashboard/.temp/vendor/waypoints/lib/noframework.waypoints.min.js.un
volt-bootstrap-5-dashboard/.temp/vendor/@popperjs/core/dist/umd/popper-base.min.js.un
volt-bootstrap-5-dashboard/.temp/vendor/@popperjs/core/dist/umd/popper-lite.min.js.un
volt-bootstrap-5-dashboard/.temp/vendor/@popperjs/core/dist/esm/modifiers/index.js.un
volt-bootstrap-5-dashboard/.temp/vendor/bootstrap/dist/css/bootstrap-reboot.min.css.un
volt-bootstrap-5-dashboard/.temp/vendor/bootstrap/dist/css/bootstrap-grid.rtl.min.css.un
volt-bootstrap-5-dashboard/.temp/vendor/vanillajs-datepicker/dist/js/datepicker.min.js.un
volt-bootstrap-5-dashboard/.temp/vendor/bootstrap/dist/css/bootstrap-utilities.min.css.un
volt-bootstrap-5-dashboard/.temp/vendor/bootstrap/dist/css/bootstrap-reboot.rtl.min.css.un
volt-bootstrap-5-dashboard/.temp/vendor/vanillajs-datepicker/dist/css/datepicker.min.css.un
volt-bootstrap-5-dashboard/.temp/vendor/smooth-scroll/dist/smooth-scroll.polyfills.min.js.un
volt-bootstrap-5-dashboard/.temp/vendor/bootstrap/dist/css/bootstrap-utilities.rtl.min.css.un
volt-bootstrap-5-dashboard/.temp/vendor/vanillajs-datepicker/dist/js/datepicker-full.min.js.un
volt-bootstrap-5-dashboard/.temp/vendor/@popperjs/core/dist/esm/utils/mergePaddingObject.js.un
volt-bootstrap-5-dashboard/.temp/vendor/vanillajs-datepicker/dist/css/datepicker-bs4.min.css.un
volt-bootstrap-5-dashboard/.temp/vendor/vanillajs-datepicker/dist/css/datepicker-bulma.min.css.un
volt-bootstrap-5-dashboard/.temp/vendor/@popperjs/core/dist/esm/dom-utils/getDocumentElement.js.un
volt-bootstrap-5-dashboard/.temp/vendor/@popperjs/core/dist/esm/dom-utils/getWindowScrollBarX.js.un
volt-bootstrap-5-dashboard/.temp/vendor/@popperjs/core/dist/esm/utils/getMainAxisFromPlacement.js.un
volt-bootstrap-5-dashboard/.temp/vendor/vanillajs-datepicker/dist/css/datepicker-foundation.min.css.un
volt-bootstrap-5-dashboard/.temp/vendor/chartist-plugin-tooltips/dist/chartist-plugin-tooltip.min.js.un
