timestamp: 2020-11-25T16:48:55.693915
CREATE TABLE "auth_user"(
    "id" INTEGER PRIMARY KEY AUTOINCREMENT,
    "username" CHAR(512) UNIQUE,
    "email" CHAR(512) UNIQUE,
    "password" CHAR(512),
    "first_name" CHAR(512),
    "last_name" CHAR(512),
    "sso_id" CHAR(512),
    "action_token" CHAR(512),
    "last_password_change" TIMESTAMP
);
success!
timestamp: 2020-11-25T16:48:55.713948
CREATE TABLE "auth_user_tag_groups"(
    "id" INTEGER PRIMARY KEY AUTOINCREMENT,
    "path" CHAR(512),
    "record_id" INTEGER REFERENCES "auth_user" ("id") ON DELETE CASCADE  
);
success!
timestamp: 2020-11-25T16:48:56.009091
CREATE TABLE "test_table"(
    "id" INTEGER PRIMARY KEY AUTOINCREMENT,
    "f0" CHAR(512),
    "f1" CHAR(512),
    "f2" CHAR(512)
);
success!
timestamp: 2020-11-25T16:48:56.043698
CREATE TABLE "dfform0"(
    "id" INTEGER PRIMARY KEY AUTOINCREMENT,
    "f0" CHAR(1024),
    "f1" CHAR(1024),
    "f2" CHAR(1024),
    "f3" CHAR(1024),
    "f4" CHAR(1024),
    "f5" CHAR(1024)
);
success!
timestamp: 2020-11-25T16:48:56.062130
CREATE TABLE "dfform1"(
    "id" INTEGER PRIMARY KEY AUTOINCREMENT,
    "f0" CHAR(1024),
    "f1" CHAR(1024),
    "f2" CHAR(1024),
    "f3" CHAR(1024),
    "f4" CHAR(1024),
    "f5" CHAR(1024),
    "f6" CHAR(1024),
    "f7" CHAR(1024)
);
success!
timestamp: 2020-11-25T16:48:56.079526
CREATE TABLE "dfform2"(
    "id" INTEGER PRIMARY KEY AUTOINCREMENT,
    "f0" CHAR(1024),
    "f1" CHAR(1024),
    "f2" CHAR(1024),
    "f3" CHAR(1024),
    "f4" CHAR(1),
    "f5" CHAR(1),
    "f6" CHAR(1),
    "f7" CHAR(1),
    "f8" CHAR(1024),
    "f9" TEXT
);
success!
timestamp: 2020-11-25T16:48:56.095306
CREATE TABLE "dfform3"(
    "id" INTEGER PRIMARY KEY AUTOINCREMENT,
    "f0" CHAR(1024),
    "f1" CHAR(1024),
    "f2" CHAR(1024),
    "f3" TEXT
);
success!
timestamp: 2020-11-25T16:48:56.111651
CREATE TABLE "dfform4"(
    "id" INTEGER PRIMARY KEY AUTOINCREMENT,
    "f0" CHAR(1024),
    "f1" CHAR(1024),
    "f2" CHAR(1024),
    "f3" CHAR(1024)
);
success!
timestamp: 2020-11-25T16:48:56.134072
CREATE TABLE "dfform5"(
    "id" INTEGER PRIMARY KEY AUTOINCREMENT,
    "f0" CHAR(1024),
    "f1" CHAR(1024)
);
success!
timestamp: 2020-11-25T16:48:56.152534
CREATE TABLE "dfform6"(
    "id" INTEGER PRIMARY KEY AUTOINCREMENT,
    "f0" CHAR(1024),
    "f1" CHAR(1024)
);
success!
timestamp: 2020-11-25T16:48:56.170565
CREATE TABLE "dfform7"(
    "id" INTEGER PRIMARY KEY AUTOINCREMENT,
    "f0" CHAR(1024),
    "f1" CHAR(1024),
    "f2" CHAR(1)
);
success!
timestamp: 2020-11-25T16:48:56.188586
CREATE TABLE "dfformXadvanced0"(
    "id" INTEGER PRIMARY KEY AUTOINCREMENT,
    "f0" CHAR(1024),
    "f1" CHAR(1024),
    "f2" CHAR(1024),
    "f3" CHAR(1024),
    "f4" CHAR(1024),
    "f5" CHAR(1024)
);
success!
timestamp: 2020-11-25T16:48:56.205368
CREATE TABLE "dfformXadvanced1"(
    "id" INTEGER PRIMARY KEY AUTOINCREMENT,
    "f0" CHAR(1024),
    "f1" CHAR(1024),
    "f2" CHAR(1024),
    "f3" CHAR(1024)
);
success!
timestamp: 2020-11-25T16:48:56.222579
CREATE TABLE "dfformXadvanced2"(
    "id" INTEGER PRIMARY KEY AUTOINCREMENT,
    "f0" CHAR(1024)
);
success!
timestamp: 2020-11-25T16:48:56.256204
CREATE TABLE "dfformXadvanced3"(
    "id" INTEGER PRIMARY KEY AUTOINCREMENT,
    "f0" CHAR(1024)
);
success!
timestamp: 2020-11-25T16:48:56.275376
CREATE TABLE "dfformXvalidation0"(
    "id" INTEGER PRIMARY KEY AUTOINCREMENT,
    "f0" CHAR(1024),
    "f1" CHAR(1024),
    "f2" CHAR(1024),
    "f3" CHAR(1024),
    "f4" CHAR(1024),
    "f5" CHAR(1024),
    "f6" CHAR(1024),
    "f7" CHAR(1024),
    "f8" CHAR(1024),
    "f9" CHAR(1024),
    "f10" TEXT
);
success!
timestamp: 2020-11-25T16:48:56.295197
CREATE TABLE "dfformXwizards0"(
    "id" INTEGER PRIMARY KEY AUTOINCREMENT,
    "f0" CHAR(1024),
    "f1" CHAR(1024),
    "f2" CHAR(1024),
    "f3" CHAR(1024),
    "f4" CHAR(1024),
    "f5" CHAR(1024)
);
success!
timestamp: 2020-11-25T16:48:56.317064
CREATE TABLE "dfformXwizards1"(
    "id" INTEGER PRIMARY KEY AUTOINCREMENT,
    "f0" CHAR(1024),
    "f1" CHAR(1024),
    "f2" CHAR(1024),
    "f3" CHAR(1024),
    "f4" CHAR(1024),
    "f5" CHAR(1024)
);
success!
timestamp: 2020-11-25T16:48:56.335947
CREATE TABLE "dfformXupload0"(
    "id" INTEGER PRIMARY KEY AUTOINCREMENT
);
success!
timestamp: 2020-11-25T16:48:56.352958
CREATE TABLE "dfcalendar0"(
    "id" INTEGER PRIMARY KEY AUTOINCREMENT,
    "f0" CHAR(1024),
    "f1" TEXT
);
success!
timestamp: 2020-11-25T16:48:56.374447
CREATE TABLE "dfcalendar1"(
    "id" INTEGER PRIMARY KEY AUTOINCREMENT,
    "f0" CHAR(1024),
    "f1" TEXT
);
success!
timestamp: 2020-11-25T16:48:56.393242
CREATE TABLE "dfpageX4030"(
    "id" INTEGER PRIMARY KEY AUTOINCREMENT,
    "f0" CHAR(1024)
);
success!
timestamp: 2020-11-25T16:48:56.422937
CREATE TABLE "dfpageX4040"(
    "id" INTEGER PRIMARY KEY AUTOINCREMENT,
    "f0" CHAR(1024)
);
success!
timestamp: 2020-11-25T16:48:56.443440
CREATE TABLE "dfpageX5000"(
    "id" INTEGER PRIMARY KEY AUTOINCREMENT,
    "f0" CHAR(1024)
);
success!
timestamp: 2020-11-25T16:48:56.461532
CREATE TABLE "dflogin0"(
    "id" INTEGER PRIMARY KEY AUTOINCREMENT,
    "f0" CHAR(1024),
    "f1" CHAR(1024)
);
success!
timestamp: 2020-11-25T16:48:56.481532
CREATE TABLE "dflogin1"(
    "id" INTEGER PRIMARY KEY AUTOINCREMENT,
    "f0" CHAR(1024),
    "f1" CHAR(1024),
    "f2" CHAR(1024)
);
success!
timestamp: 2020-11-25T16:48:56.500287
CREATE TABLE "tformXadvanced0"(
    "id" INTEGER PRIMARY KEY AUTOINCREMENT,
    "f0" CHAR(1024),
    "f1" CHAR(1024),
    "f2" CHAR(1024)
);
success!
timestamp: 2020-11-25T16:48:56.522426
CREATE TABLE "tformXadvanced1"(
    "id" INTEGER PRIMARY KEY AUTOINCREMENT,
    "f0" CHAR(1024),
    "f1" CHAR(1024),
    "f2" CHAR(1024)
);
success!
timestamp: 2020-11-25T16:48:56.543822
CREATE TABLE "tformXadvanced2"(
    "id" INTEGER PRIMARY KEY AUTOINCREMENT,
    "f0" CHAR(1024),
    "f1" CHAR(1024),
    "f2" CHAR(1024)
);
success!
timestamp: 2020-11-25T16:48:56.571357
CREATE TABLE "tformXadvanced3"(
    "id" INTEGER PRIMARY KEY AUTOINCREMENT,
    "f0" CHAR(1024),
    "f1" CHAR(1024),
    "f2" CHAR(1024)
);
success!
timestamp: 2020-11-25T16:48:56.592013
CREATE TABLE "tformXadvanced4"(
    "id" INTEGER PRIMARY KEY AUTOINCREMENT,
    "f0" CHAR(1024),
    "f1" CHAR(1024),
    "f2" CHAR(1024)
);
success!
timestamp: 2020-11-25T16:48:56.611317
CREATE TABLE "tformXadvanced5"(
    "id" INTEGER PRIMARY KEY AUTOINCREMENT,
    "f0" CHAR(1024),
    "f1" CHAR(1024),
    "f2" CHAR(1024)
);
success!
timestamp: 2020-11-25T16:48:56.630506
CREATE TABLE "tformXadvanced6"(
    "id" INTEGER PRIMARY KEY AUTOINCREMENT,
    "f0" CHAR(1024),
    "f1" CHAR(1024),
    "f2" CHAR(1024)
);
success!
timestamp: 2020-11-25T16:48:56.652287
CREATE TABLE "tformXadvanced7"(
    "id" INTEGER PRIMARY KEY AUTOINCREMENT,
    "f0" CHAR(1024),
    "f1" CHAR(1024),
    "f2" CHAR(1024)
);
success!
timestamp: 2020-11-25T16:48:56.673462
CREATE TABLE "tgeneralXelements0"(
    "id" INTEGER PRIMARY KEY AUTOINCREMENT,
    "f0" CHAR(1024),
    "f1" CHAR(1024),
    "f2" CHAR(1024),
    "f3" CHAR(1024)
);
success!
timestamp: 2020-11-25T16:48:56.694192
CREATE TABLE "tgeneralXelements1"(
    "id" INTEGER PRIMARY KEY AUTOINCREMENT,
    "f0" CHAR(1024),
    "f1" CHAR(1024),
    "f2" CHAR(1024),
    "f3" CHAR(1024)
);
success!
timestamp: 2020-11-25T16:48:56.714369
CREATE TABLE "tinvoice0"(
    "id" INTEGER PRIMARY KEY AUTOINCREMENT,
    "f0" CHAR(1024),
    "f1" CHAR(1024),
    "f2" CHAR(1024),
    "f3" CHAR(1024),
    "f4" CHAR(1024)
);
success!
timestamp: 2020-11-25T16:48:56.734727
CREATE TABLE "tinvoice1"(
    "id" INTEGER PRIMARY KEY AUTOINCREMENT,
    "f0" CHAR(1024),
    "f1" CHAR(1024)
);
success!
timestamp: 2020-11-25T16:48:56.753579
CREATE TABLE "ttables0"(
    "id" INTEGER PRIMARY KEY AUTOINCREMENT,
    "f0" CHAR(1024),
    "f1" CHAR(1024),
    "f2" CHAR(1024),
    "f3" CHAR(1024)
);
success!
timestamp: 2020-11-25T16:48:56.773909
CREATE TABLE "ttables1"(
    "id" INTEGER PRIMARY KEY AUTOINCREMENT,
    "f0" CHAR(1024),
    "f1" CHAR(1024),
    "f2" CHAR(1024),
    "f3" CHAR(1024)
);
success!
timestamp: 2020-11-25T16:48:56.794826
CREATE TABLE "ttables2"(
    "id" INTEGER PRIMARY KEY AUTOINCREMENT,
    "f0" CHAR(1024),
    "f1" CHAR(1024),
    "f2" CHAR(1024),
    "f3" CHAR(1024)
);
success!
timestamp: 2020-11-25T16:48:56.814997
CREATE TABLE "ttables3"(
    "id" INTEGER PRIMARY KEY AUTOINCREMENT,
    "f0" CHAR(1024),
    "f1" CHAR(1024),
    "f2" CHAR(1024),
    "f3" CHAR(1024)
);
success!
timestamp: 2020-11-25T16:48:56.834015
CREATE TABLE "ttables4"(
    "id" INTEGER PRIMARY KEY AUTOINCREMENT,
    "f0" CHAR(1024),
    "f1" CHAR(1024),
    "f2" CHAR(1024),
    "f3" CHAR(1024),
    "f4" CHAR(1024),
    "f5" CHAR(1024),
    "f6" CHAR(1024),
    "f7" CHAR(1024),
    "f8" CHAR(1024)
);
success!
timestamp: 2020-11-25T16:48:56.854601
CREATE TABLE "ttablesXdynamic0"(
    "id" INTEGER PRIMARY KEY AUTOINCREMENT,
    "f0" CHAR(1024),
    "f1" CHAR(1024),
    "f2" CHAR(1024),
    "f3" CHAR(1024),
    "f4" CHAR(1024),
    "f5" CHAR(1024)
);
success!
timestamp: 2020-11-25T16:48:56.874160
CREATE TABLE "ttablesXdynamic1"(
    "id" INTEGER PRIMARY KEY AUTOINCREMENT,
    "f0" CHAR(1024),
    "f1" CHAR(1024),
    "f2" CHAR(1024),
    "f3" CHAR(1024),
    "f4" CHAR(1024),
    "f5" CHAR(1024),
    "f6" CHAR(1024),
    "f7" CHAR(1024)
);
success!
timestamp: 2020-11-25T16:48:56.893305
CREATE TABLE "ttablesXdynamic2"(
    "id" INTEGER PRIMARY KEY AUTOINCREMENT,
    "f0" CHAR(1024),
    "f1" CHAR(1024),
    "f2" CHAR(1024),
    "f3" CHAR(1024),
    "f4" CHAR(1024),
    "f5" CHAR(1024)
);
success!
timestamp: 2020-11-25T16:48:56.913529
CREATE TABLE "ttablesXdynamic3"(
    "id" INTEGER PRIMARY KEY AUTOINCREMENT,
    "f0" CHAR(1024),
    "f1" CHAR(1024),
    "f2" CHAR(1024),
    "f3" CHAR(1024),
    "f4" CHAR(1024),
    "f5" CHAR(1024)
);
success!
timestamp: 2020-11-25T16:48:56.934784
CREATE TABLE "ttablesXdynamic4"(
    "id" INTEGER PRIMARY KEY AUTOINCREMENT,
    "f0" CHAR(1024),
    "f1" CHAR(1024),
    "f2" CHAR(1024),
    "f3" CHAR(1024),
    "f4" CHAR(1024),
    "f5" CHAR(1024)
);
success!
timestamp: 2020-11-25T16:48:56.954425
CREATE TABLE "ttablesXdynamic5"(
    "id" INTEGER PRIMARY KEY AUTOINCREMENT,
    "f0" CHAR(1024),
    "f1" CHAR(1024),
    "f2" CHAR(1024),
    "f3" CHAR(1024),
    "f4" CHAR(1024),
    "f5" CHAR(1024),
    "f6" CHAR(1024),
    "f7" CHAR(1024),
    "f8" CHAR(1024)
);
success!
timestamp: 2020-11-25T16:48:56.975661
CREATE TABLE "totherXcharts0"(
    "id" INTEGER PRIMARY KEY AUTOINCREMENT,
    "f0" CHAR(1024),
    "f1" CHAR(1024)
);
success!
timestamp: 2020-11-25T16:48:56.996011
CREATE TABLE "tprojects0"(
    "id" INTEGER PRIMARY KEY AUTOINCREMENT,
    "f0" CHAR(1024),
    "f1" CHAR(1024),
    "f2" CHAR(1024),
    "f3" CHAR(1024),
    "f4" CHAR(1024),
    "f5" CHAR(1024)
);
success!
timestamp: 2020-11-25T16:48:57.033497
CREATE TABLE "tprofile0"(
    "id" INTEGER PRIMARY KEY AUTOINCREMENT,
    "f0" CHAR(1024),
    "f1" CHAR(1024),
    "f2" CHAR(1024),
    "f3" CHAR(1024),
    "f4" CHAR(1024)
);
success!
